number,value,datetime_start,datetime_complete,duration,params_max_depth,params_min_child_samples,params_num_leaves,state
0,0.7333333333333333,2023-02-01 01:55:37.605076,2023-02-01 01:55:38.105550,0 days 00:00:00.500474,15,3,20,COMPLETE
1,0.7333333333333333,2023-02-01 01:55:38.105751,2023-02-01 01:55:38.322647,0 days 00:00:00.216896,16,3,82,COMPLETE
2,0.7555555555555554,2023-02-01 01:55:38.322809,2023-02-01 01:55:38.483061,0 days 00:00:00.160252,6,5,55,COMPLETE
3,0.7555555555555554,2023-02-01 01:55:38.483236,2023-02-01 01:55:38.643525,0 days 00:00:00.160289,12,5,34,COMPLETE
4,0.7555555555555554,2023-02-01 01:55:38.643705,2023-02-01 01:55:38.804209,0 days 00:00:00.160504,17,5,98,COMPLETE
5,0.7333333333333333,2023-02-01 01:55:38.804372,2023-02-01 01:55:39.023307,0 days 00:00:00.218935,18,2,36,COMPLETE
6,0.7333333333333333,2023-02-01 01:55:39.023450,2023-02-01 01:55:39.249112,0 days 00:00:00.225662,9,2,82,COMPLETE
7,0.7333333333333333,2023-02-01 01:55:39.249280,2023-02-01 01:55:39.426939,0 days 00:00:00.177659,11,4,97,COMPLETE
8,0.7333333333333333,2023-02-01 01:55:39.427134,2023-02-01 01:55:39.644225,0 days 00:00:00.217091,8,3,83,COMPLETE
9,0.7333333333333333,2023-02-01 01:55:39.644394,2023-02-01 01:55:39.868077,0 days 00:00:00.223683,7,4,23,COMPLETE
10,0.7555555555555554,2023-02-01 01:55:39.868291,2023-02-01 01:55:40.017798,0 days 00:00:00.149507,3,5,55,COMPLETE
11,0.7555555555555554,2023-02-01 01:55:40.018004,2023-02-01 01:55:40.191597,0 days 00:00:00.173593,4,5,52,COMPLETE
12,0.7333333333333333,2023-02-01 01:55:40.191803,2023-02-01 01:55:40.384170,0 days 00:00:00.192367,13,4,41,COMPLETE
13,0.7555555555555554,2023-02-01 01:55:40.384350,2023-02-01 01:55:40.554226,0 days 00:00:00.169876,12,5,65,COMPLETE
14,0.7555555555555554,2023-02-01 01:55:40.554397,2023-02-01 01:55:40.718602,0 days 00:00:00.164205,20,5,37,COMPLETE
15,0.7333333333333333,2023-02-01 01:55:40.718782,2023-02-01 01:55:40.906064,0 days 00:00:00.187282,6,4,62,COMPLETE
16,0.7555555555555554,2023-02-01 01:55:40.906241,2023-02-01 01:55:41.073124,0 days 00:00:00.166883,10,5,29,COMPLETE
17,0.7333333333333333,2023-02-01 01:55:41.073321,2023-02-01 01:55:41.271317,0 days 00:00:00.197996,14,4,47,COMPLETE
18,0.7555555555555554,2023-02-01 01:55:41.271517,2023-02-01 01:55:41.440749,0 days 00:00:00.169232,6,5,70,COMPLETE
19,0.7333333333333333,2023-02-01 01:55:41.440932,2023-02-01 01:55:41.619654,0 days 00:00:00.178722,5,4,46,COMPLETE
20,0.7555555555555554,2023-02-01 01:55:41.619812,2023-02-01 01:55:41.784225,0 days 00:00:00.164413,9,5,28,COMPLETE
21,0.7555555555555554,2023-02-01 01:55:41.784385,2023-02-01 01:55:41.955924,0 days 00:00:00.171539,17,5,95,COMPLETE
22,0.7555555555555554,2023-02-01 01:55:41.956115,2023-02-01 01:55:42.131541,0 days 00:00:00.175426,19,5,70,COMPLETE
23,0.7555555555555554,2023-02-01 01:55:42.131719,2023-02-01 01:55:42.297840,0 days 00:00:00.166121,13,5,15,COMPLETE
24,0.7333333333333333,2023-02-01 01:55:42.298017,2023-02-01 01:55:42.484170,0 days 00:00:00.186153,16,4,74,COMPLETE
25,0.7555555555555554,2023-02-01 01:55:42.484346,2023-02-01 01:55:42.649881,0 days 00:00:00.165535,11,5,91,COMPLETE
26,0.7333333333333333,2023-02-01 01:55:42.650041,2023-02-01 01:55:42.832275,0 days 00:00:00.182234,14,4,59,COMPLETE
27,0.7555555555555554,2023-02-01 01:55:42.832475,2023-02-01 01:55:43.003140,0 days 00:00:00.170665,18,5,49,COMPLETE
28,0.7333333333333333,2023-02-01 01:55:43.003303,2023-02-01 01:55:43.235070,0 days 00:00:00.231767,8,3,33,COMPLETE
29,0.7555555555555554,2023-02-01 01:55:43.235267,2023-02-01 01:55:43.402819,0 days 00:00:00.167552,15,5,42,COMPLETE
30,0.7333333333333333,2023-02-01 01:55:43.403008,2023-02-01 01:55:43.585277,0 days 00:00:00.182269,20,4,88,COMPLETE
31,0.7555555555555554,2023-02-01 01:55:43.585440,2023-02-01 01:55:43.734166,0 days 00:00:00.148726,3,5,54,COMPLETE
32,0.7555555555555554,2023-02-01 01:55:43.734334,2023-02-01 01:55:43.882107,0 days 00:00:00.147773,3,5,56,COMPLETE
33,0.7555555555555554,2023-02-01 01:55:43.882258,2023-02-01 01:55:44.047163,0 days 00:00:00.164905,5,5,76,COMPLETE
34,0.7333333333333333,2023-02-01 01:55:44.047356,2023-02-01 01:55:44.260694,0 days 00:00:00.213338,4,2,66,COMPLETE
35,0.7555555555555554,2023-02-01 01:55:44.260887,2023-02-01 01:55:44.432940,0 days 00:00:00.172053,16,5,60,COMPLETE
36,0.7555555555555554,2023-02-01 01:55:44.433117,2023-02-01 01:55:44.600082,0 days 00:00:00.166965,10,5,41,COMPLETE
37,0.7333333333333333,2023-02-01 01:55:44.600283,2023-02-01 01:55:44.883423,0 days 00:00:00.283140,7,3,77,COMPLETE
38,0.7333333333333333,2023-02-01 01:55:44.883631,2023-02-01 01:55:45.065582,0 days 00:00:00.181951,4,4,24,COMPLETE
39,0.7333333333333333,2023-02-01 01:55:45.065762,2023-02-01 01:55:45.250316,0 days 00:00:00.184554,3,2,100,COMPLETE
40,0.7555555555555554,2023-02-01 01:55:45.250525,2023-02-01 01:55:45.423654,0 days 00:00:00.173129,12,5,86,COMPLETE
41,0.7555555555555554,2023-02-01 01:55:45.423841,2023-02-01 01:55:45.585660,0 days 00:00:00.161819,4,5,53,COMPLETE
42,0.7555555555555554,2023-02-01 01:55:45.585820,2023-02-01 01:55:45.751729,0 days 00:00:00.165909,6,5,49,COMPLETE
43,0.7555555555555554,2023-02-01 01:55:45.751919,2023-02-01 01:55:45.923773,0 days 00:00:00.171854,5,5,52,COMPLETE
44,0.7555555555555554,2023-02-01 01:55:45.923949,2023-02-01 01:55:46.092874,0 days 00:00:00.168925,7,5,36,COMPLETE
45,0.7333333333333333,2023-02-01 01:55:46.093042,2023-02-01 01:55:46.269635,0 days 00:00:00.176593,4,4,64,COMPLETE
46,0.7555555555555554,2023-02-01 01:55:46.269815,2023-02-01 01:55:46.436946,0 days 00:00:00.167131,8,5,45,COMPLETE
47,0.7555555555555554,2023-02-01 01:55:46.437120,2023-02-01 01:55:46.604776,0 days 00:00:00.167656,5,5,57,COMPLETE
48,0.7333333333333333,2023-02-01 01:55:46.604954,2023-02-01 01:55:46.789663,0 days 00:00:00.184709,10,4,68,COMPLETE
49,0.7555555555555554,2023-02-01 01:55:46.789819,2023-02-01 01:55:46.955765,0 days 00:00:00.165946,6,5,33,COMPLETE
