number,value,datetime_start,datetime_complete,duration,params_C,params_l1_ratio,state
0,0.44444444444444436,2023-02-01 02:27:11.292563,2023-02-01 02:27:11.347793,0 days 00:00:00.055230,0.05360658619922254,0.859703727560974,COMPLETE
1,0.42222222222222217,2023-02-01 02:27:11.348205,2023-02-01 02:27:11.387823,0 days 00:00:00.039618,0.20944957041584514,0.9255676221959492,COMPLETE
2,0.39999999999999997,2023-02-01 02:27:11.388212,2023-02-01 02:27:11.430159,0 days 00:00:00.041947,0.06617896025437413,0.829017973370705,COMPLETE
3,0.42222222222222217,2023-02-01 02:27:11.430560,2023-02-01 02:27:11.467590,0 days 00:00:00.037030,0.31553581275161235,0.8223940741893431,COMPLETE
4,0.42222222222222217,2023-02-01 02:27:11.468122,2023-02-01 02:27:11.503503,0 days 00:00:00.035381,0.41021294913338224,0.2211856094648288,COMPLETE
5,0.42222222222222217,2023-02-01 02:27:11.503888,2023-02-01 02:27:11.539844,0 days 00:00:00.035956,0.16397327165799422,0.09184680164557579,COMPLETE
6,0.42222222222222217,2023-02-01 02:27:11.540240,2023-02-01 02:27:11.565217,0 days 00:00:00.024977,0.3284714291049262,0.3921498586538721,COMPLETE
7,0.4888888888888888,2023-02-01 02:27:11.565366,2023-02-01 02:27:11.577218,0 days 00:00:00.011852,0.01818048972008299,0.7106930568660013,COMPLETE
8,0.42222222222222217,2023-02-01 02:27:11.577344,2023-02-01 02:27:11.588581,0 days 00:00:00.011237,0.3328384366620423,0.5227469401192784,COMPLETE
9,0.4888888888888888,2023-02-01 02:27:11.588716,2023-02-01 02:27:11.599960,0 days 00:00:00.011244,0.015173156280648832,0.6892766288220024,COMPLETE
10,0.4444444444444445,2023-02-01 02:27:11.600091,2023-02-01 02:27:11.614681,0 days 00:00:00.014590,0.010609523000506337,0.6230012207870108,COMPLETE
11,0.4444444444444445,2023-02-01 02:27:11.614823,2023-02-01 02:27:11.628577,0 days 00:00:00.013754,0.013105742927288281,0.6613293852185149,COMPLETE
12,0.4666666666666666,2023-02-01 02:27:11.628705,2023-02-01 02:27:11.642810,0 days 00:00:00.014105,0.024815981249450045,0.6927127262656143,COMPLETE
13,0.44444444444444436,2023-02-01 02:27:11.642941,2023-02-01 02:27:11.656879,0 days 00:00:00.013938,0.027400392575506315,0.45704284572588055,COMPLETE
14,0.42222222222222217,2023-02-01 02:27:11.657009,2023-02-01 02:27:11.670569,0 days 00:00:00.013560,0.7971678122056289,0.9983093263904077,COMPLETE
15,0.4666666666666666,2023-02-01 02:27:11.670703,2023-02-01 02:27:11.685473,0 days 00:00:00.014770,0.02711211783652147,0.7183276272250555,COMPLETE
16,0.4888888888888888,2023-02-01 02:27:11.685604,2023-02-01 02:27:11.700068,0 days 00:00:00.014464,0.016118754241173084,0.7528972715485713,COMPLETE
17,0.39999999999999997,2023-02-01 02:27:11.700207,2023-02-01 02:27:11.714059,0 days 00:00:00.013852,0.04704907442317779,0.5793888573330835,COMPLETE
18,0.4444444444444445,2023-02-01 02:27:11.714198,2023-02-01 02:27:11.729910,0 days 00:00:00.015712,0.010283726657609469,0.570127265985878,COMPLETE
19,0.44444444444444436,2023-02-01 02:27:11.730067,2023-02-01 02:27:11.745895,0 days 00:00:00.015828,0.017025995635765345,0.39580539408660376,COMPLETE
20,0.44444444444444436,2023-02-01 02:27:11.746046,2023-02-01 02:27:11.761276,0 days 00:00:00.015230,0.037890576629415175,0.7695609830055716,COMPLETE
21,0.4888888888888888,2023-02-01 02:27:11.761412,2023-02-01 02:27:11.776054,0 days 00:00:00.014642,0.017570395017640714,0.736339060425706,COMPLETE
22,0.4888888888888888,2023-02-01 02:27:11.776187,2023-02-01 02:27:11.790710,0 days 00:00:00.014523,0.01782367871585512,0.622519988299731,COMPLETE
23,0.4666666666666666,2023-02-01 02:27:11.790843,2023-02-01 02:27:11.805448,0 days 00:00:00.014605,0.035391031973873825,0.7595804043030089,COMPLETE
24,0.39999999999999997,2023-02-01 02:27:11.805580,2023-02-01 02:27:11.819433,0 days 00:00:00.013853,0.08943787743058407,0.6802133082484947,COMPLETE
25,0.4444444444444445,2023-02-01 02:27:11.819562,2023-02-01 02:27:11.834221,0 days 00:00:00.014659,0.014977414828496792,0.9049046683738661,COMPLETE
26,0.4888888888888888,2023-02-01 02:27:11.834361,2023-02-01 02:27:11.850169,0 days 00:00:00.015808,0.022261784391065742,0.7819434598194716,COMPLETE
27,0.4444444444444445,2023-02-01 02:27:11.850320,2023-02-01 02:27:11.865240,0 days 00:00:00.014920,0.012920795388923533,0.6877167459381937,COMPLETE
28,0.4888888888888888,2023-02-01 02:27:11.865379,2023-02-01 02:27:11.880629,0 days 00:00:00.015250,0.020005789360119198,0.8038138386625797,COMPLETE
29,0.44444444444444436,2023-02-01 02:27:11.880771,2023-02-01 02:27:11.894899,0 days 00:00:00.014128,0.05466490289506305,0.8945495023921852,COMPLETE
30,0.4666666666666666,2023-02-01 02:27:11.895031,2023-02-01 02:27:11.909749,0 days 00:00:00.014718,0.03126621521879764,0.8398942001239704,COMPLETE
31,0.4888888888888888,2023-02-01 02:27:11.909889,2023-02-01 02:27:11.924353,0 days 00:00:00.014464,0.01873394278860617,0.7237050483327229,COMPLETE
32,0.4444444444444445,2023-02-01 02:27:11.924488,2023-02-01 02:27:11.939146,0 days 00:00:00.014658,0.014050178833152096,0.7551982528290065,COMPLETE
33,0.4888888888888888,2023-02-01 02:27:11.939279,2023-02-01 02:27:11.953474,0 days 00:00:00.014195,0.021999614484852124,0.8608578557055735,COMPLETE
34,0.5333333333333333,2023-02-01 02:27:11.953611,2023-02-01 02:27:11.968444,0 days 00:00:00.014833,0.011111206093662621,0.9497567599786236,COMPLETE
35,0.5555555555555555,2023-02-01 02:27:11.968583,2023-02-01 02:27:11.983236,0 days 00:00:00.014653,0.01008078526600027,0.9780532673597749,COMPLETE
36,0.5999999999999999,2023-02-01 02:27:11.983379,2023-02-01 02:27:11.997838,0 days 00:00:00.014459,0.010530355396209598,0.9735673069307323,COMPLETE
37,0.5555555555555555,2023-02-01 02:27:11.997973,2023-02-01 02:27:12.012055,0 days 00:00:00.014082,0.010199193886282593,0.9791989749224608,COMPLETE
38,0.5555555555555555,2023-02-01 02:27:12.012187,2023-02-01 02:27:12.027467,0 days 00:00:00.015280,0.010848701189923364,0.9750223020311157,COMPLETE
39,0.5555555555555555,2023-02-01 02:27:12.027614,2023-02-01 02:27:12.041481,0 days 00:00:00.013867,0.010280432810194336,0.9944607565119492,COMPLETE
40,0.48888888888888893,2023-02-01 02:27:12.041613,2023-02-01 02:27:12.056022,0 days 00:00:00.014409,0.012410302339437553,0.920513666946905,COMPLETE
41,0.5555555555555555,2023-02-01 02:27:12.056156,2023-02-01 02:27:12.070906,0 days 00:00:00.014750,0.011022092955715601,0.9922996834825144,COMPLETE
42,0.5555555555555555,2023-02-01 02:27:12.071044,2023-02-01 02:27:12.085366,0 days 00:00:00.014322,0.010341169363343687,0.9581742905218462,COMPLETE
43,0.5333333333333333,2023-02-01 02:27:12.085502,2023-02-01 02:27:12.101442,0 days 00:00:00.015940,0.010072177093282468,0.8713558797279831,COMPLETE
44,0.4666666666666667,2023-02-01 02:27:12.101585,2023-02-01 02:27:12.116630,0 days 00:00:00.015045,0.013458524017018426,0.9391306648285581,COMPLETE
45,0.48888888888888893,2023-02-01 02:27:12.116773,2023-02-01 02:27:12.131189,0 days 00:00:00.014416,0.01373524115954849,0.9911701874562294,COMPLETE
46,0.4888888888888888,2023-02-01 02:27:12.131321,2023-02-01 02:27:12.145930,0 days 00:00:00.014609,0.021110380651575267,0.8433193424454444,COMPLETE
47,0.4666666666666667,2023-02-01 02:27:12.146066,2023-02-01 02:27:12.160374,0 days 00:00:00.014308,0.01273304279543396,0.8969222560849814,COMPLETE
48,0.4444444444444445,2023-02-01 02:27:12.160508,2023-02-01 02:27:12.174769,0 days 00:00:00.014261,0.01582884108453492,0.9517913595793605,COMPLETE
49,0.4666666666666666,2023-02-01 02:27:12.174906,2023-02-01 02:27:12.189198,0 days 00:00:00.014292,0.02492480265640793,0.815072837943664,COMPLETE
