Trial 10 finished with value: 0.7555555555555555 and parameters: {'num_leaves': 30, 'max_depth': 15, 'learning_rate': 0.0710251100056146, 'n_estimators': 52, 'colsample_bytree': 0.47790195521366724}. Best is trial 6 with value: 0.888888888888889.
Trial 11 finished with value: 0.8444444444444444 and parameters: {'num_leaves': 29, 'max_depth': 8, 'learning_rate': 0.2682535132931398, 'n_estimators': 65, 'colsample_bytree': 0.5174887487581479}. Best is trial 6 with value: 0.888888888888889.
Trial 12 finished with value: 0.8222222222222222 and parameters: {'num_leaves': 39, 'max_depth': 13, 'learning_rate': 0.14009750669748705, 'n_estimators': 297, 'colsample_bytree': 0.5089042526965152}. Best is trial 6 with value: 0.888888888888889.
Trial 13 finished with value: 0.8222222222222223 and parameters: {'num_leaves': 15, 'max_depth': 12, 'learning_rate': 0.2843572754598314, 'n_estimators': 229, 'colsample_bytree': 0.8073876852220472}. Best is trial 6 with value: 0.888888888888889.
Trial 14 finished with value: 0.8 and parameters: {'num_leaves': 26, 'max_depth': 8, 'learning_rate': 0.12457769074991944, 'n_estimators': 95, 'colsample_bytree': 0.5654503479380891}. Best is trial 6 with value: 0.888888888888889.
Trial 15 finished with value: 0.7777777777777777 and parameters: {'num_leaves': 35, 'max_depth': 15, 'learning_rate': 0.08184921442314055, 'n_estimators': 197, 'colsample_bytree': 0.4242027235235952}. Best is trial 6 with value: 0.888888888888889.
Trial 16 finished with value: 0.8 and parameters: {'num_leaves': 46, 'max_depth': 12, 'learning_rate': 0.15617361540501626, 'n_estimators': 270, 'colsample_bytree': 0.5992561777226472}. Best is trial 6 with value: 0.888888888888889.
Trial 17 finished with value: 0.7999999999999999 and parameters: {'num_leaves': 19, 'max_depth': 5, 'learning_rate': 0.2979913186287696, 'n_estimators': 99, 'colsample_bytree': 0.6062489301348107}. Best is trial 6 with value: 0.888888888888889.
Trial 18 finished with value: 0.7333333333333333 and parameters: {'num_leaves': 28, 'max_depth': 8, 'learning_rate': 0.18579368642561364, 'n_estimators': 255, 'colsample_bytree': 0.40936159497667673}. Best is trial 6 with value: 0.888888888888889.
Trial 19 finished with value: 0.8222222222222222 and parameters: {'num_leaves': 32, 'max_depth': 11, 'learning_rate': 0.0907038424793908, 'n_estimators': 189, 'colsample_bytree': 0.7549814770249313}. Best is trial 6 with value: 0.888888888888889.
Trial 20 finished with value: 0.8444444444444444 and parameters: {'num_leaves': 43, 'max_depth': 9, 'learning_rate': 0.13242209433839908, 'n_estimators': 71, 'colsample_bytree': 0.8289956615492498}. Best is trial 6 with value: 0.888888888888889.
Trial 21 finished with value: 0.8444444444444444 and parameters: {'num_leaves': 28, 'max_depth': 7, 'learning_rate': 0.2397587527390267, 'n_estimators': 75, 'colsample_bytree': 0.5267213506826661}. Best is trial 6 with value: 0.888888888888889.
Trial 22 finished with value: 0.8222222222222223 and parameters: {'num_leaves': 33, 'max_depth': 6, 'learning_rate': 0.29312007797419104, 'n_estimators': 60, 'colsample_bytree': 0.5651015181640321}. Best is trial 6 with value: 0.888888888888889.
Trial 23 finished with value: 0.8444444444444444 and parameters: {'num_leaves': 25, 'max_depth': 8, 'learning_rate': 0.19196093412584767, 'n_estimators': 85, 'colsample_bytree': 0.47873903082245434}. Best is trial 6 with value: 0.888888888888889.
Trial 24 finished with value: 0.888888888888889 and parameters: {'num_leaves': 38, 'max_depth': 6, 'learning_rate': 0.22937330828570984, 'n_estimators': 117, 'colsample_bytree': 0.633281693655743}. Best is trial 6 with value: 0.888888888888889.
Trial 25 finished with value: 0.8444444444444444 and parameters: {'num_leaves': 39, 'max_depth': 6, 'learning_rate': 0.16939449614920318, 'n_estimators': 117, 'colsample_bytree': 0.6342022547098451}. Best is trial 6 with value: 0.888888888888889.
Trial 26 finished with value: 0.8222222222222223 and parameters: {'num_leaves': 43, 'max_depth': 7, 'learning_rate': 0.22322034483176634, 'n_estimators': 161, 'colsample_bytree': 0.6961739336147298}. Best is trial 6 with value: 0.888888888888889.
Trial 27 finished with value: 0.8444444444444444 and parameters: {'num_leaves': 36, 'max_depth': 5, 'learning_rate': 0.11796887097905015, 'n_estimators': 141, 'colsample_bytree': 0.6140720118249836}. Best is trial 6 with value: 0.888888888888889.
Trial 28 finished with value: 0.888888888888889 and parameters: {'num_leaves': 18, 'max_depth': 14, 'learning_rate': 0.1615306182411704, 'n_estimators': 208, 'colsample_bytree': 0.9947149350340581}. Best is trial 6 with value: 0.888888888888889.
Trial 29 finished with value: 0.8444444444444444 and parameters: {'num_leaves': 15, 'max_depth': 14, 'learning_rate': 0.1042204214430052, 'n_estimators': 114, 'colsample_bytree': 0.950880097588271}. Best is trial 6 with value: 0.888888888888889.
Trial 30 finished with value: 0.8666666666666666 and parameters: {'num_leaves': 42, 'max_depth': 14, 'learning_rate': 0.161310136881465, 'n_estimators': 103, 'colsample_bytree': 0.9919048469536849}. Best is trial 6 with value: 0.888888888888889.
Trial 31 finished with value: 0.8666666666666668 and parameters: {'num_leaves': 42, 'max_depth': 14, 'learning_rate': 0.15214413874375005, 'n_estimators': 100, 'colsample_bytree': 0.9901292575860428}. Best is trial 6 with value: 0.888888888888889.
Trial 32 finished with value: 0.8222222222222222 and parameters: {'num_leaves': 46, 'max_depth': 13, 'learning_rate': 0.2486897367111898, 'n_estimators': 123, 'colsample_bytree': 0.8897900208927725}. Best is trial 6 with value: 0.888888888888889.
Trial 33 finished with value: 0.8444444444444444 and parameters: {'num_leaves': 50, 'max_depth': 13, 'learning_rate': 0.22515359701908555, 'n_estimators': 86, 'colsample_bytree': 0.8794991906315154}. Best is trial 6 with value: 0.888888888888889.
Trial 34 finished with value: 0.8444444444444443 and parameters: {'num_leaves': 41, 'max_depth': 15, 'learning_rate': 0.14941162170291222, 'n_estimators': 153, 'colsample_bytree': 0.9948855199299522}. Best is trial 6 with value: 0.888888888888889.
Trial 35 finished with value: 0.8222222222222222 and parameters: {'num_leaves': 38, 'max_depth': 12, 'learning_rate': 0.10570773450549331, 'n_estimators': 245, 'colsample_bytree': 0.7489093271903035}. Best is trial 6 with value: 0.888888888888889.
Trial 36 finished with value: 0.8222222222222222 and parameters: {'num_leaves': 45, 'max_depth': 11, 'learning_rate': 0.22007276025762454, 'n_estimators': 175, 'colsample_bytree': 0.9143644937416868}. Best is trial 6 with value: 0.888888888888889.
Trial 37 finished with value: 0.8222222222222222 and parameters: {'num_leaves': 37, 'max_depth': 14, 'learning_rate': 0.18176365299368596, 'n_estimators': 129, 'colsample_bytree': 0.9470745577584605}. Best is trial 6 with value: 0.888888888888889.
Trial 38 finished with value: 0.8222222222222222 and parameters: {'num_leaves': 22, 'max_depth': 13, 'learning_rate': 0.1373505979019732, 'n_estimators': 213, 'colsample_bytree': 0.8378802066411929}. Best is trial 6 with value: 0.888888888888889.
Trial 39 finished with value: 0.8 and parameters: {'num_leaves': 32, 'max_depth': 15, 'learning_rate': 0.24225249940245128, 'n_estimators': 107, 'colsample_bytree': 0.7819475364043347}. Best is trial 6 with value: 0.888888888888889.
Trial 40 finished with value: 0.7777777777777778 and parameters: {'num_leaves': 40, 'max_depth': 11, 'learning_rate': 0.17781191674386065, 'n_estimators': 185, 'colsample_bytree': 0.7006607265486363}. Best is trial 6 with value: 0.888888888888889.
Trial 41 finished with value: 0.8444444444444444 and parameters: {'num_leaves': 43, 'max_depth': 14, 'learning_rate': 0.1611878988480524, 'n_estimators': 101, 'colsample_bytree': 0.9454910936586778}. Best is trial 6 with value: 0.888888888888889.
Trial 42 finished with value: 0.8 and parameters: {'num_leaves': 41, 'max_depth': 14, 'learning_rate': 0.20562383601079234, 'n_estimators': 89, 'colsample_bytree': 0.8701907078613741}. Best is trial 6 with value: 0.888888888888889.
Trial 43 finished with value: 0.8 and parameters: {'num_leaves': 48, 'max_depth': 14, 'learning_rate': 0.25931584231082083, 'n_estimators': 140, 'colsample_bytree': 0.9643725221856031}. Best is trial 6 with value: 0.888888888888889.
Trial 44 finished with value: 0.8666666666666666 and parameters: {'num_leaves': 34, 'max_depth': 13, 'learning_rate': 0.16175553977613696, 'n_estimators': 76, 'colsample_bytree': 0.9929528649576185}. Best is trial 6 with value: 0.888888888888889.
Trial 45 finished with value: 0.8444444444444444 and parameters: {'num_leaves': 17, 'max_depth': 15, 'learning_rate': 0.06190061868700728, 'n_estimators': 56, 'colsample_bytree': 0.9047575025469192}. Best is trial 6 with value: 0.888888888888889.
Trial 46 finished with value: 0.8666666666666666 and parameters: {'num_leaves': 42, 'max_depth': 12, 'learning_rate': 0.19827582803737745, 'n_estimators': 126, 'colsample_bytree': 0.9989553439214662}. Best is trial 6 with value: 0.888888888888889.
Trial 47 finished with value: 0.8444444444444444 and parameters: {'num_leaves': 37, 'max_depth': 9, 'learning_rate': 0.14814309874274537, 'n_estimators': 104, 'colsample_bytree': 0.6784714053811479}. Best is trial 6 with value: 0.888888888888889.
Trial 48 finished with value: 0.8444444444444444 and parameters: {'num_leaves': 30, 'max_depth': 14, 'learning_rate': 0.12060484561968876, 'n_estimators': 151, 'colsample_bytree': 0.8569609092601449}. Best is trial 6 with value: 0.888888888888889.
Trial 49 finished with value: 0.8 and parameters: {'num_leaves': 44, 'max_depth': 13, 'learning_rate': 0.26740986202849076, 'n_estimators': 113, 'colsample_bytree': 0.7951337527619449}. Best is trial 6 with value: 0.888888888888889.
Trial 50 finished with value: 0.8222222222222222 and parameters: {'num_leaves': 20, 'max_depth': 15, 'learning_rate': 0.2097935437895367, 'n_estimators': 222, 'colsample_bytree': 0.9176711039928609}. Best is trial 6 with value: 0.888888888888889.
Trial 51 finished with value: 0.8666666666666666 and parameters: {'num_leaves': 34, 'max_depth': 13, 'learning_rate': 0.1618356659871977, 'n_estimators': 74, 'colsample_bytree': 0.9802257176809704}. Best is trial 6 with value: 0.888888888888889.
Trial 52 finished with value: 0.888888888888889 and parameters: {'num_leaves': 39, 'max_depth': 14, 'learning_rate': 0.16887580342295214, 'n_estimators': 85, 'colsample_bytree': 0.9713289457556945}. Best is trial 6 with value: 0.888888888888889.
Trial 53 finished with value: 0.8444444444444444 and parameters: {'num_leaves': 40, 'max_depth': 15, 'learning_rate': 0.29456097987741137, 'n_estimators': 88, 'colsample_bytree': 0.9313188859635102}. Best is trial 6 with value: 0.888888888888889.
Trial 54 finished with value: 0.8222222222222222 and parameters: {'num_leaves': 38, 'max_depth': 14, 'learning_rate': 0.13347265101107683, 'n_estimators': 83, 'colsample_bytree': 0.9520665038553395}. Best is trial 6 with value: 0.888888888888889.
Trial 55 finished with value: 0.8666666666666668 and parameters: {'num_leaves': 24, 'max_depth': 12, 'learning_rate': 0.18478996731062372, 'n_estimators': 50, 'colsample_bytree': 0.9741600591148906}. Best is trial 6 with value: 0.888888888888889.
Trial 56 finished with value: 0.8 and parameters: {'num_leaves': 24, 'max_depth': 12, 'learning_rate': 0.23636938715880618, 'n_estimators': 64, 'colsample_bytree': 0.8890723446784256}. Best is trial 6 with value: 0.888888888888889.
Trial 57 finished with value: 0.8 and parameters: {'num_leaves': 18, 'max_depth': 9, 'learning_rate': 0.18650963090799166, 'n_estimators': 54, 'colsample_bytree': 0.7265239054865448}. Best is trial 6 with value: 0.888888888888889.
Trial 58 finished with value: 0.888888888888889 and parameters: {'num_leaves': 27, 'max_depth': 12, 'learning_rate': 0.2602077532566562, 'n_estimators': 206, 'colsample_bytree': 0.96856319483763}. Best is trial 6 with value: 0.888888888888889.
Trial 59 finished with value: 0.8222222222222222 and parameters: {'num_leaves': 27, 'max_depth': 11, 'learning_rate': 0.26441321731334244, 'n_estimators': 202, 'colsample_bytree': 0.922495155846976}. Best is trial 6 with value: 0.888888888888889.
Trial 60 finished with value: 0.8444444444444444 and parameters: {'num_leaves': 27, 'max_depth': 10, 'learning_rate': 0.21094042372814517, 'n_estimators': 229, 'colsample_bytree': 0.6495190847346729}. Best is trial 6 with value: 0.888888888888889.
Trial 61 finished with value: 0.8444444444444443 and parameters: {'num_leaves': 30, 'max_depth': 10, 'learning_rate': 0.296427528222405, 'n_estimators': 192, 'colsample_bytree': 0.9705237007021917}. Best is trial 6 with value: 0.888888888888889.
Trial 62 finished with value: 0.7777777777777778 and parameters: {'num_leaves': 22, 'max_depth': 13, 'learning_rate': 0.19237852286433318, 'n_estimators': 211, 'colsample_bytree': 0.953713511306581}. Best is trial 6 with value: 0.888888888888889.
Trial 63 finished with value: 0.888888888888889 and parameters: {'num_leaves': 26, 'max_depth': 12, 'learning_rate': 0.23640350313119166, 'n_estimators': 69, 'colsample_bytree': 0.970564931704367}. Best is trial 6 with value: 0.888888888888889.
Trial 64 finished with value: 0.8222222222222222 and parameters: {'num_leaves': 31, 'max_depth': 13, 'learning_rate': 0.23965280714617263, 'n_estimators': 69, 'colsample_bytree': 0.8521059906986665}. Best is trial 6 with value: 0.888888888888889.
Trial 65 finished with value: 0.8 and parameters: {'num_leaves': 26, 'max_depth': 14, 'learning_rate': 0.2575717379798327, 'n_estimators': 79, 'colsample_bytree': 0.8220990192729226}. Best is trial 6 with value: 0.888888888888889.
Trial 66 finished with value: 0.8 and parameters: {'num_leaves': 29, 'max_depth': 12, 'learning_rate': 0.21478366040369068, 'n_estimators': 93, 'colsample_bytree': 0.8995687612196871}. Best is trial 6 with value: 0.888888888888889.
Trial 67 finished with value: 0.8 and parameters: {'num_leaves': 25, 'max_depth': 15, 'learning_rate': 0.2645327222936506, 'n_estimators': 249, 'colsample_bytree': 0.9395111592874748}. Best is trial 6 with value: 0.888888888888889.
Trial 68 finished with value: 0.8444444444444444 and parameters: {'num_leaves': 35, 'max_depth': 14, 'learning_rate': 0.1722876540678007, 'n_estimators': 161, 'colsample_bytree': 0.5852084251043079}. Best is trial 6 with value: 0.888888888888889.
Trial 69 finished with value: 0.8222222222222222 and parameters: {'num_leaves': 28, 'max_depth': 11, 'learning_rate': 0.14458756631414965, 'n_estimators': 95, 'colsample_bytree': 0.9220237836066696}. Best is trial 6 with value: 0.888888888888889.
Trial 70 finished with value: 0.8 and parameters: {'num_leaves': 16, 'max_depth': 13, 'learning_rate': 0.23318537403545558, 'n_estimators': 270, 'colsample_bytree': 0.8799095965736354}. Best is trial 6 with value: 0.888888888888889.
Trial 71 finished with value: 0.8666666666666666 and parameters: {'num_leaves': 24, 'max_depth': 12, 'learning_rate': 0.18314926058895378, 'n_estimators': 52, 'colsample_bytree': 0.9730251111738104}. Best is trial 6 with value: 0.888888888888889.
Trial 72 finished with value: 0.8666666666666666 and parameters: {'num_leaves': 21, 'max_depth': 12, 'learning_rate': 0.2214965724844072, 'n_estimators': 61, 'colsample_bytree': 0.9682721110786682}. Best is trial 6 with value: 0.888888888888889.
Trial 73 finished with value: 0.8444444444444443 and parameters: {'num_leaves': 23, 'max_depth': 11, 'learning_rate': 0.19396917629604712, 'n_estimators': 81, 'colsample_bytree': 0.9959457382842004}. Best is trial 6 with value: 0.888888888888889.
Trial 74 finished with value: 0.8444444444444443 and parameters: {'num_leaves': 26, 'max_depth': 13, 'learning_rate': 0.29976341877318075, 'n_estimators': 68, 'colsample_bytree': 0.9726666401867673}. Best is trial 6 with value: 0.888888888888889.
Trial 75 finished with value: 0.8444444444444444 and parameters: {'num_leaves': 31, 'max_depth': 10, 'learning_rate': 0.17100779434204627, 'n_estimators': 179, 'colsample_bytree': 0.9287608507143879}. Best is trial 6 with value: 0.888888888888889.
Trial 76 finished with value: 0.8444444444444444 and parameters: {'num_leaves': 29, 'max_depth': 6, 'learning_rate': 0.1455218060858137, 'n_estimators': 202, 'colsample_bytree': 0.9130652396391331}. Best is trial 6 with value: 0.888888888888889.
Trial 77 finished with value: 0.888888888888889 and parameters: {'num_leaves': 27, 'max_depth': 12, 'learning_rate': 0.2759294412815646, 'n_estimators': 122, 'colsample_bytree': 0.9988682287434077}. Best is trial 6 with value: 0.888888888888889.
Trial 78 finished with value: 0.8444444444444444 and parameters: {'num_leaves': 33, 'max_depth': 14, 'learning_rate': 0.27286267086663785, 'n_estimators': 135, 'colsample_bytree': 0.9455492922036759}. Best is trial 6 with value: 0.888888888888889.
Trial 79 finished with value: 0.8222222222222222 and parameters: {'num_leaves': 27, 'max_depth': 15, 'learning_rate': 0.2512520904027031, 'n_estimators': 119, 'colsample_bytree': 0.8988221549516218}. Best is trial 6 with value: 0.888888888888889.
Trial 80 finished with value: 0.8666666666666666 and parameters: {'num_leaves': 36, 'max_depth': 13, 'learning_rate': 0.2275604924292757, 'n_estimators': 108, 'colsample_bytree': 0.9804698647163369}. Best is trial 6 with value: 0.888888888888889.
Trial 81 finished with value: 0.8666666666666666 and parameters: {'num_leaves': 25, 'max_depth': 12, 'learning_rate': 0.20757067290963832, 'n_estimators': 96, 'colsample_bytree': 0.9667178526079366}. Best is trial 6 with value: 0.888888888888889.
Trial 82 finished with value: 0.8444444444444443 and parameters: {'num_leaves': 28, 'max_depth': 11, 'learning_rate': 0.2827012114458051, 'n_estimators': 111, 'colsample_bytree': 0.9905953991412634}. Best is trial 6 with value: 0.888888888888889.
Trial 83 finished with value: 0.8 and parameters: {'num_leaves': 24, 'max_depth': 14, 'learning_rate': 0.2466081412579741, 'n_estimators': 61, 'colsample_bytree': 0.9376224253789004}. Best is trial 6 with value: 0.888888888888889.
Trial 84 finished with value: 0.8 and parameters: {'num_leaves': 22, 'max_depth': 12, 'learning_rate': 0.1946927878266409, 'n_estimators': 100, 'colsample_bytree': 0.9606348083041029}. Best is trial 6 with value: 0.888888888888889.
Trial 85 finished with value: 0.8222222222222222 and parameters: {'num_leaves': 30, 'max_depth': 13, 'learning_rate': 0.16916752133661592, 'n_estimators': 50, 'colsample_bytree': 0.8661976511280816}. Best is trial 6 with value: 0.888888888888889.
Trial 86 finished with value: 0.8666666666666666 and parameters: {'num_leaves': 20, 'max_depth': 11, 'learning_rate': 0.21678429818229353, 'n_estimators': 120, 'colsample_bytree': 0.9997767441680258}. Best is trial 6 with value: 0.888888888888889.
Trial 87 finished with value: 0.8444444444444444 and parameters: {'num_leaves': 40, 'max_depth': 14, 'learning_rate': 0.1556649215671176, 'n_estimators': 220, 'colsample_bytree': 0.9000650628254712}. Best is trial 6 with value: 0.888888888888889.
Trial 88 finished with value: 0.7777777777777778 and parameters: {'num_leaves': 26, 'max_depth': 7, 'learning_rate': 0.13016131267458983, 'n_estimators': 73, 'colsample_bytree': 0.6228730784967473}. Best is trial 6 with value: 0.888888888888889.
Trial 89 finished with value: 0.8222222222222222 and parameters: {'num_leaves': 23, 'max_depth': 12, 'learning_rate': 0.26791677897909816, 'n_estimators': 142, 'colsample_bytree': 0.9540745582471474}. Best is trial 6 with value: 0.888888888888889.
Trial 90 finished with value: 0.8666666666666668 and parameters: {'num_leaves': 42, 'max_depth': 9, 'learning_rate': 0.2372325346439819, 'n_estimators': 92, 'colsample_bytree': 0.9825445214935654}. Best is trial 6 with value: 0.888888888888889.
Trial 91 finished with value: 0.8444444444444443 and parameters: {'num_leaves': 42, 'max_depth': 9, 'learning_rate': 0.2336665793775702, 'n_estimators': 89, 'colsample_bytree': 0.9832648788756475}. Best is trial 6 with value: 0.888888888888889.
Trial 92 finished with value: 0.8 and parameters: {'num_leaves': 45, 'max_depth': 8, 'learning_rate': 0.2023760128365856, 'n_estimators': 79, 'colsample_bytree': 0.938409426869735}. Best is trial 6 with value: 0.888888888888889.
Trial 93 finished with value: 0.888888888888889 and parameters: {'num_leaves': 39, 'max_depth': 5, 'learning_rate': 0.17948002522808346, 'n_estimators': 92, 'colsample_bytree': 0.9795176150952053}. Best is trial 6 with value: 0.888888888888889.
Trial 94 finished with value: 0.888888888888889 and parameters: {'num_leaves': 38, 'max_depth': 6, 'learning_rate': 0.17913805241209582, 'n_estimators': 67, 'colsample_bytree': 0.999121402602244}. Best is trial 6 with value: 0.888888888888889.
Trial 95 finished with value: 0.8666666666666666 and parameters: {'num_leaves': 38, 'max_depth': 5, 'learning_rate': 0.279788026995229, 'n_estimators': 235, 'colsample_bytree': 0.9987930108494657}. Best is trial 6 with value: 0.888888888888889.
Trial 96 finished with value: 0.8222222222222222 and parameters: {'num_leaves': 39, 'max_depth': 5, 'learning_rate': 0.17730021680822258, 'n_estimators': 105, 'colsample_bytree': 0.9586713640596529}. Best is trial 6 with value: 0.888888888888889.
Trial 97 finished with value: 0.8444444444444444 and parameters: {'num_leaves': 41, 'max_depth': 6, 'learning_rate': 0.15713979949953905, 'n_estimators': 209, 'colsample_bytree': 0.9283677474450664}. Best is trial 6 with value: 0.888888888888889.
Trial 98 finished with value: 0.8222222222222222 and parameters: {'num_leaves': 36, 'max_depth': 6, 'learning_rate': 0.20344144675424677, 'n_estimators': 83, 'colsample_bytree': 0.9126232839395056}. Best is trial 6 with value: 0.888888888888889.
