A new study created in memory with name: PCA_LR
Trial 0 finished with value: 0.85 and parameters: {'l1_ratio': 0.010239995600638041, 'C': 0.010963637040210895}. Best is trial 0 with value: 0.85.
Trial 1 finished with value: 0.8166666666666668 and parameters: {'l1_ratio': 0.21549150703325026, 'C': 0.014217013419310844}. Best is trial 0 with value: 0.85.
Trial 2 finished with value: 0.7833333333333334 and parameters: {'l1_ratio': 0.12207988959219396, 'C': 0.25790854950333203}. Best is trial 0 with value: 0.85.
Trial 3 finished with value: 0.8 and parameters: {'l1_ratio': 0.4984598770508063, 'C': 0.1018921016932664}. Best is trial 0 with value: 0.85.
Trial 4 finished with value: 0.8 and parameters: {'l1_ratio': 0.5972190433274402, 'C': 0.20397495617306396}. Best is trial 0 with value: 0.85.
Trial 5 finished with value: 0.8 and parameters: {'l1_ratio': 0.022417633165892625, 'C': 0.21784222470881023}. Best is trial 0 with value: 0.85.
Trial 6 finished with value: 0.7666666666666667 and parameters: {'l1_ratio': 0.5227941995421236, 'C': 0.32876604042000085}. Best is trial 0 with value: 0.85.
Trial 7 finished with value: 0.7833333333333334 and parameters: {'l1_ratio': 0.19768025512911125, 'C': 0.5100666250206037}. Best is trial 0 with value: 0.85.
Trial 8 finished with value: 0.8666666666666666 and parameters: {'l1_ratio': 0.04845729944326671, 'C': 0.020168989738361464}. Best is trial 8 with value: 0.8666666666666666.
Trial 9 finished with value: 0.7500000000000001 and parameters: {'l1_ratio': 0.9030967989104057, 'C': 0.03755616794096531}. Best is trial 8 with value: 0.8666666666666666.
Trial 10 finished with value: 0.8 and parameters: {'l1_ratio': 0.32846790055999064, 'C': 0.036863722958705214}. Best is trial 8 with value: 0.8666666666666666.
Trial 11 finished with value: 0.85 and parameters: {'l1_ratio': 0.012533781397786381, 'C': 0.010677693405751814}. Best is trial 8 with value: 0.8666666666666666.
Trial 12 finished with value: 0.85 and parameters: {'l1_ratio': 0.006227100298013519, 'C': 0.021534067320863038}. Best is trial 8 with value: 0.8666666666666666.
Trial 13 finished with value: 0.8 and parameters: {'l1_ratio': 0.29974377321146506, 'C': 0.02479479843328993}. Best is trial 8 with value: 0.8666666666666666.
Trial 14 finished with value: 0.8166666666666668 and parameters: {'l1_ratio': 0.14139972178239324, 'C': 0.01114897936259262}. Best is trial 8 with value: 0.8666666666666666.
Trial 15 finished with value: 0.7833333333333333 and parameters: {'l1_ratio': 0.3397373420588037, 'C': 0.9803840464467739}. Best is trial 8 with value: 0.8666666666666666.
Trial 16 finished with value: 0.8 and parameters: {'l1_ratio': 0.10196277770873155, 'C': 0.0620223363355019}. Best is trial 8 with value: 0.8666666666666666.
Trial 17 finished with value: 0.85 and parameters: {'l1_ratio': 0.004188302504660447, 'C': 0.019248702869141817}. Best is trial 8 with value: 0.8666666666666666.
Trial 18 finished with value: 0.7666666666666667 and parameters: {'l1_ratio': 0.1773768994663636, 'C': 0.010045444986474425}. Best is trial 8 with value: 0.8666666666666666.
Trial 19 finished with value: 0.8 and parameters: {'l1_ratio': 0.2714047545003956, 'C': 0.019099306936092922}. Best is trial 8 with value: 0.8666666666666666.
Trial 20 finished with value: 0.85 and parameters: {'l1_ratio': 0.09576762067771746, 'C': 0.031837114969567856}. Best is trial 8 with value: 0.8666666666666666.
Trial 21 finished with value: 0.85 and parameters: {'l1_ratio': 0.06508856076287824, 'C': 0.010088059414636348}. Best is trial 8 with value: 0.8666666666666666.
Trial 22 finished with value: 0.8666666666666666 and parameters: {'l1_ratio': 0.013459198036234363, 'C': 0.01474636247422816}. Best is trial 8 with value: 0.8666666666666666.
Trial 23 finished with value: 0.85 and parameters: {'l1_ratio': 0.09485011802074093, 'C': 0.01598302532571208}. Best is trial 8 with value: 0.8666666666666666.
Trial 24 finished with value: 0.8 and parameters: {'l1_ratio': 0.19029116946366753, 'C': 0.015172602858768904}. Best is trial 8 with value: 0.8666666666666666.
Trial 25 finished with value: 0.85 and parameters: {'l1_ratio': 0.0793663170119967, 'C': 0.028540276515875058}. Best is trial 8 with value: 0.8666666666666666.
Trial 26 finished with value: 0.8166666666666667 and parameters: {'l1_ratio': 0.004268275836033725, 'C': 0.045491917124762284}. Best is trial 8 with value: 0.8666666666666666.
Trial 27 finished with value: 0.8166666666666667 and parameters: {'l1_ratio': 0.2272617265014346, 'C': 0.02297143351807587}. Best is trial 8 with value: 0.8666666666666666.
Trial 28 finished with value: 0.8166666666666668 and parameters: {'l1_ratio': 0.14137728627620524, 'C': 0.014945385590618438}. Best is trial 8 with value: 0.8666666666666666.
Trial 29 finished with value: 0.7666666666666667 and parameters: {'l1_ratio': 0.25287047075767116, 'C': 0.01489286362934978}. Best is trial 8 with value: 0.8666666666666666.
Trial 30 finished with value: 0.8166666666666667 and parameters: {'l1_ratio': 0.16418814509384067, 'C': 0.02388301635453861}. Best is trial 8 with value: 0.8666666666666666.
Trial 31 finished with value: 0.8666666666666668 and parameters: {'l1_ratio': 0.04157074558029786, 'C': 0.012059504509583038}. Best is trial 31 with value: 0.8666666666666668.
Trial 32 finished with value: 0.8666666666666666 and parameters: {'l1_ratio': 0.08011825704521322, 'C': 0.013224132614005638}. Best is trial 31 with value: 0.8666666666666668.
Trial 33 finished with value: 0.8666666666666668 and parameters: {'l1_ratio': 0.06470100355123547, 'C': 0.01324309055180623}. Best is trial 31 with value: 0.8666666666666668.
Trial 34 finished with value: 0.85 and parameters: {'l1_ratio': 0.07148655469736426, 'C': 0.018561147109154477}. Best is trial 31 with value: 0.8666666666666668.
Trial 35 finished with value: 0.8166666666666668 and parameters: {'l1_ratio': 0.15339079047561432, 'C': 0.012821713819135704}. Best is trial 31 with value: 0.8666666666666668.
Trial 36 finished with value: 0.85 and parameters: {'l1_ratio': 0.0660839866281865, 'C': 0.017169825522278803}. Best is trial 31 with value: 0.8666666666666668.
Trial 37 finished with value: 0.7833333333333334 and parameters: {'l1_ratio': 0.22552985283457772, 'C': 0.01339652174502705}. Best is trial 31 with value: 0.8666666666666668.
Trial 38 finished with value: 0.8333333333333334 and parameters: {'l1_ratio': 0.043798211416219736, 'C': 0.02954542166233005}. Best is trial 31 with value: 0.8666666666666668.
Trial 39 finished with value: 0.8 and parameters: {'l1_ratio': 0.14053997799426382, 'C': 0.0594099031225946}. Best is trial 31 with value: 0.8666666666666668.
Trial 40 finished with value: 0.7666666666666667 and parameters: {'l1_ratio': 0.37997077254387135, 'C': 0.020190977738271273}. Best is trial 31 with value: 0.8666666666666668.
Trial 41 finished with value: 0.85 and parameters: {'l1_ratio': 0.044902588358985696, 'C': 0.014136366898057532}. Best is trial 31 with value: 0.8666666666666668.
Trial 42 finished with value: 0.8166666666666668 and parameters: {'l1_ratio': 0.11346977123415328, 'C': 0.012396152189115037}. Best is trial 31 with value: 0.8666666666666668.
Trial 43 finished with value: 0.85 and parameters: {'l1_ratio': 0.055588684698686, 'C': 0.013145006126988455}. Best is trial 31 with value: 0.8666666666666668.
Trial 44 finished with value: 0.85 and parameters: {'l1_ratio': 0.002504857338708621, 'C': 0.017787469541540892}. Best is trial 31 with value: 0.8666666666666668.
Trial 45 finished with value: 0.8166666666666668 and parameters: {'l1_ratio': 0.10369600095954738, 'C': 0.011363670010574246}. Best is trial 31 with value: 0.8666666666666668.
Trial 46 finished with value: 0.8166666666666668 and parameters: {'l1_ratio': 0.1974136789629293, 'C': 0.023795750003518645}. Best is trial 31 with value: 0.8666666666666668.
Trial 47 finished with value: 0.8666666666666668 and parameters: {'l1_ratio': 0.03505519591389071, 'C': 0.011644832544799073}. Best is trial 31 with value: 0.8666666666666668.
Trial 48 finished with value: 0.8666666666666668 and parameters: {'l1_ratio': 0.04447259381314129, 'C': 0.01166724277337241}. Best is trial 31 with value: 0.8666666666666668.
Trial 49 finished with value: 0.7833333333333334 and parameters: {'l1_ratio': 0.15573127904105738, 'C': 0.010028483540517137}. Best is trial 31 with value: 0.8666666666666668.
Trial 50 finished with value: 0.8333333333333333 and parameters: {'l1_ratio': 0.12449594065647127, 'C': 0.011507630427010716}. Best is trial 31 with value: 0.8666666666666668.
Trial 51 finished with value: 0.8666666666666666 and parameters: {'l1_ratio': 0.027836809557174116, 'C': 0.017042397338382243}. Best is trial 31 with value: 0.8666666666666668.
Trial 52 finished with value: 0.8666666666666666 and parameters: {'l1_ratio': 0.039266223023607355, 'C': 0.0211625416216997}. Best is trial 31 with value: 0.8666666666666668.
Trial 53 finished with value: 0.8666666666666666 and parameters: {'l1_ratio': 0.001494870010144098, 'C': 0.01221127009125382}. Best is trial 31 with value: 0.8666666666666668.
Trial 54 finished with value: 0.8666666666666666 and parameters: {'l1_ratio': 0.044638643437401114, 'C': 0.01593278611767019}. Best is trial 31 with value: 0.8666666666666668.
Trial 55 finished with value: 0.8333333333333333 and parameters: {'l1_ratio': 0.10942297519683265, 'C': 0.010161065942069314}. Best is trial 31 with value: 0.8666666666666668.
Trial 56 finished with value: 0.8333333333333334 and parameters: {'l1_ratio': 0.04180239917065809, 'C': 0.025968155628129094}. Best is trial 31 with value: 0.8666666666666668.
Trial 57 finished with value: 0.8333333333333334 and parameters: {'l1_ratio': 0.12127758840745956, 'C': 0.020133771325733997}. Best is trial 31 with value: 0.8666666666666668.
Trial 58 finished with value: 0.8 and parameters: {'l1_ratio': 0.1825586398340947, 'C': 0.01635703121427061}. Best is trial 31 with value: 0.8666666666666668.
Trial 59 finished with value: 0.8333333333333334 and parameters: {'l1_ratio': 0.08507140675215233, 'C': 0.01173103736198229}. Best is trial 31 with value: 0.8666666666666668.
Trial 60 finished with value: 0.85 and parameters: {'l1_ratio': 0.0008123596796806281, 'C': 0.014409919573606121}. Best is trial 31 with value: 0.8666666666666668.
Trial 61 finished with value: 0.85 and parameters: {'l1_ratio': 0.07987722774980252, 'C': 0.01236325836500827}. Best is trial 31 with value: 0.8666666666666668.
Trial 62 finished with value: 0.85 and parameters: {'l1_ratio': 0.07332492751587477, 'C': 0.014008725413119448}. Best is trial 31 with value: 0.8666666666666668.
Trial 63 finished with value: 0.8666666666666666 and parameters: {'l1_ratio': 0.030954923490860153, 'C': 0.020557523428170178}. Best is trial 31 with value: 0.8666666666666668.
Trial 64 finished with value: 0.85 and parameters: {'l1_ratio': 0.1318448418349169, 'C': 0.017166513354930184}. Best is trial 31 with value: 0.8666666666666668.
Trial 65 finished with value: 0.8333333333333333 and parameters: {'l1_ratio': 0.09308158883527962, 'C': 0.010937705351549113}. Best is trial 31 with value: 0.8666666666666668.
Trial 66 finished with value: 0.8666666666666666 and parameters: {'l1_ratio': 0.02811854315101981, 'C': 0.013698918626157854}. Best is trial 31 with value: 0.8666666666666668.
Trial 67 finished with value: 0.8166666666666667 and parameters: {'l1_ratio': 0.17826012298166394, 'C': 0.01845613677305551}. Best is trial 31 with value: 0.8666666666666668.
Trial 68 finished with value: 0.85 and parameters: {'l1_ratio': 0.06391077392353077, 'C': 0.026381739577819172}. Best is trial 31 with value: 0.8666666666666668.
Trial 69 finished with value: 0.7666666666666667 and parameters: {'l1_ratio': 0.20985266620295903, 'C': 0.010068816451865015}. Best is trial 31 with value: 0.8666666666666668.
Trial 70 finished with value: 0.8166666666666668 and parameters: {'l1_ratio': 0.15265730733317673, 'C': 0.015230392810026378}. Best is trial 31 with value: 0.8666666666666668.
Trial 71 finished with value: 0.8666666666666666 and parameters: {'l1_ratio': 0.03126827946364167, 'C': 0.016729287088880572}. Best is trial 31 with value: 0.8666666666666668.
Trial 72 finished with value: 0.85 and parameters: {'l1_ratio': 0.024907061238865196, 'C': 0.012281525345021619}. Best is trial 31 with value: 0.8666666666666668.
Trial 73 finished with value: 0.85 and parameters: {'l1_ratio': 0.0642469856214218, 'C': 0.022701241361618763}. Best is trial 31 with value: 0.8666666666666668.
Trial 74 finished with value: 0.85 and parameters: {'l1_ratio': 0.10096825914145267, 'C': 0.018686460748599257}. Best is trial 31 with value: 0.8666666666666668.
Trial 75 finished with value: 0.8666666666666666 and parameters: {'l1_ratio': 0.025599260003621192, 'C': 0.015080273479883558}. Best is trial 31 with value: 0.8666666666666668.
Trial 76 finished with value: 0.8166666666666668 and parameters: {'l1_ratio': 0.11991847592080414, 'C': 0.013223674131577668}. Best is trial 31 with value: 0.8666666666666668.
Trial 77 finished with value: 0.8666666666666666 and parameters: {'l1_ratio': 0.0664795301656708, 'C': 0.011246328094785695}. Best is trial 31 with value: 0.8666666666666668.
Trial 78 finished with value: 0.85 and parameters: {'l1_ratio': 0.0916451523945092, 'C': 0.016753763531310657}. Best is trial 31 with value: 0.8666666666666668.
Trial 79 finished with value: 0.85 and parameters: {'l1_ratio': 0.018451573857814638, 'C': 0.0220253547921811}. Best is trial 31 with value: 0.8666666666666668.
Trial 80 finished with value: 0.85 and parameters: {'l1_ratio': 0.055343028296799844, 'C': 0.013283770309410577}. Best is trial 31 with value: 0.8666666666666668.
Trial 81 finished with value: 0.8666666666666666 and parameters: {'l1_ratio': 0.04512464594127159, 'C': 0.019215779805278978}. Best is trial 31 with value: 0.8666666666666668.
Trial 82 finished with value: 0.85 and parameters: {'l1_ratio': 0.007666858176866111, 'C': 0.021702233598878337}. Best is trial 31 with value: 0.8666666666666668.
Trial 83 finished with value: 0.85 and parameters: {'l1_ratio': 0.13412842483017928, 'C': 0.031460956880025245}. Best is trial 31 with value: 0.8666666666666668.
Trial 84 finished with value: 0.85 and parameters: {'l1_ratio': 0.08552811652933764, 'C': 0.01568359001556083}. Best is trial 31 with value: 0.8666666666666668.
Trial 85 finished with value: 0.8666666666666668 and parameters: {'l1_ratio': 0.03989076462392941, 'C': 0.011481642515876044}. Best is trial 31 with value: 0.8666666666666668.
Trial 86 finished with value: 0.8166666666666668 and parameters: {'l1_ratio': 0.16693876649400552, 'C': 0.011317949089611047}. Best is trial 31 with value: 0.8666666666666668.
Trial 87 finished with value: 0.8333333333333334 and parameters: {'l1_ratio': 0.10779413703769763, 'C': 0.012532571226232036}. Best is trial 31 with value: 0.8666666666666668.
Trial 88 finished with value: 0.85 and parameters: {'l1_ratio': 0.057259645392915816, 'C': 0.010001684546683457}. Best is trial 31 with value: 0.8666666666666668.
Trial 89 finished with value: 0.85 and parameters: {'l1_ratio': 1.552361099779742e-05, 'C': 0.01412471156900651}. Best is trial 31 with value: 0.8666666666666668.
Trial 90 finished with value: 0.8666666666666668 and parameters: {'l1_ratio': 0.029733568479016363, 'C': 0.011292729934377252}. Best is trial 31 with value: 0.8666666666666668.
Trial 91 finished with value: 0.85 and parameters: {'l1_ratio': 0.021385097574465377, 'C': 0.011186130338877687}. Best is trial 31 with value: 0.8666666666666668.
Trial 92 finished with value: 0.85 and parameters: {'l1_ratio': 0.07881834603220114, 'C': 0.012542168576472211}. Best is trial 31 with value: 0.8666666666666668.
Trial 93 finished with value: 0.85 and parameters: {'l1_ratio': 0.04691373548381274, 'C': 0.014713602218744647}. Best is trial 31 with value: 0.8666666666666668.
Trial 94 finished with value: 0.8666666666666666 and parameters: {'l1_ratio': 0.02290372314839806, 'C': 0.017461471598787276}. Best is trial 31 with value: 0.8666666666666668.
Trial 95 finished with value: 0.8333333333333333 and parameters: {'l1_ratio': 0.11541792106555447, 'C': 0.010873953729158562}. Best is trial 31 with value: 0.8666666666666668.
Trial 96 finished with value: 0.85 and parameters: {'l1_ratio': 0.05484228533840465, 'C': 0.013255495549778994}. Best is trial 31 with value: 0.8666666666666668.
Trial 97 finished with value: 0.85 and parameters: {'l1_ratio': 0.08274979984685657, 'C': 0.01607162829182864}. Best is trial 31 with value: 0.8666666666666668.
Trial 98 finished with value: 0.8166666666666668 and parameters: {'l1_ratio': 0.14314125539880862, 'C': 0.011574420543471485}. Best is trial 31 with value: 0.8666666666666668.
Trial 99 finished with value: 0.85 and parameters: {'l1_ratio': 0.03591910779997602, 'C': 0.013959381701042215}. Best is trial 31 with value: 0.8666666666666668.
A new study created in memory with name: SPCA_LR
Trial 0 finished with value: 0.9 and parameters: {'l1_ratio': 0.16387356451922253, 'C': 0.04564790432415687}. Best is trial 0 with value: 0.9.
Trial 1 finished with value: 0.75 and parameters: {'l1_ratio': 0.8201930544276083, 'C': 0.062298364724981944}. Best is trial 0 with value: 0.9.
Trial 2 finished with value: 0.8 and parameters: {'l1_ratio': 0.2330142620792125, 'C': 0.04156058097122559}. Best is trial 0 with value: 0.9.
Trial 3 finished with value: 0.7833333333333333 and parameters: {'l1_ratio': 0.2741915476696146, 'C': 0.6584877244406376}. Best is trial 0 with value: 0.9.
Trial 4 finished with value: 0.8 and parameters: {'l1_ratio': 0.3050250332841239, 'C': 0.35182689234989944}. Best is trial 0 with value: 0.9.
Trial 5 finished with value: 0.8166666666666667 and parameters: {'l1_ratio': 0.4558113135255756, 'C': 0.5799180009841377}. Best is trial 0 with value: 0.9.
Trial 6 finished with value: 0.7166666666666666 and parameters: {'l1_ratio': 0.9099455317762588, 'C': 0.08913299253968462}. Best is trial 0 with value: 0.9.
Trial 7 finished with value: 0.6166666666666667 and parameters: {'l1_ratio': 0.8684977372707655, 'C': 0.017650654010290145}. Best is trial 0 with value: 0.9.
Trial 8 finished with value: 0.4833333333333333 and parameters: {'l1_ratio': 0.9607831081403063, 'C': 0.014586055172610659}. Best is trial 0 with value: 0.9.
Trial 9 finished with value: 0.8333333333333333 and parameters: {'l1_ratio': 0.29502543563554307, 'C': 0.18991984445388793}. Best is trial 0 with value: 0.9.
Trial 10 finished with value: 0.8666666666666666 and parameters: {'l1_ratio': 0.0967068189177774, 'C': 0.03629707867440951}. Best is trial 0 with value: 0.9.
Trial 11 finished with value: 0.85 and parameters: {'l1_ratio': 0.08813917362582824, 'C': 0.03654231978446272}. Best is trial 0 with value: 0.9.
Trial 12 finished with value: 0.8666666666666666 and parameters: {'l1_ratio': 0.0018510343981931188, 'C': 0.0281781044899259}. Best is trial 0 with value: 0.9.
Trial 13 finished with value: 0.8166666666666667 and parameters: {'l1_ratio': 0.11226144699784929, 'C': 0.1234386214125114}. Best is trial 0 with value: 0.9.
Trial 14 finished with value: 0.85 and parameters: {'l1_ratio': 0.0015221627903581753, 'C': 0.012398238112462406}. Best is trial 0 with value: 0.9.
Trial 15 finished with value: 0.75 and parameters: {'l1_ratio': 0.4827444849421773, 'C': 0.054272222804494216}. Best is trial 0 with value: 0.9.
Trial 16 finished with value: 0.8 and parameters: {'l1_ratio': 0.16561123810048967, 'C': 0.024513094226025378}. Best is trial 0 with value: 0.9.
Trial 17 finished with value: 0.7833333333333333 and parameters: {'l1_ratio': 0.3964135068362908, 'C': 0.02373695765888847}. Best is trial 0 with value: 0.9.
Trial 18 finished with value: 0.8666666666666666 and parameters: {'l1_ratio': 0.1747335243657201, 'C': 0.06965002645125448}. Best is trial 0 with value: 0.9.
Trial 19 finished with value: 0.5166666666666666 and parameters: {'l1_ratio': 0.5822762594207579, 'C': 0.01073489206285572}. Best is trial 0 with value: 0.9.
Trial 20 finished with value: 0.85 and parameters: {'l1_ratio': 0.0733162030780207, 'C': 0.03879564738624753}. Best is trial 0 with value: 0.9.
Trial 21 finished with value: 0.8666666666666666 and parameters: {'l1_ratio': 0.008137335478125016, 'C': 0.026870317387122724}. Best is trial 0 with value: 0.9.
Trial 22 finished with value: 0.7833333333333334 and parameters: {'l1_ratio': 0.16362247179522327, 'C': 0.019265938351785916}. Best is trial 0 with value: 0.9.
Trial 23 finished with value: 0.8666666666666666 and parameters: {'l1_ratio': 0.0025168980018820952, 'C': 0.0320511118266506}. Best is trial 0 with value: 0.9.
Trial 24 finished with value: 0.8333333333333334 and parameters: {'l1_ratio': 0.07727036547452415, 'C': 0.04982311910236085}. Best is trial 0 with value: 0.9.
Trial 25 finished with value: 0.8166666666666667 and parameters: {'l1_ratio': 0.20264164889437136, 'C': 0.03202429074554859}. Best is trial 0 with value: 0.9.
Trial 26 finished with value: 0.7999999999999999 and parameters: {'l1_ratio': 0.11768522350907862, 'C': 0.01985309533357998}. Best is trial 0 with value: 0.9.
Trial 27 finished with value: 0.7666666666666667 and parameters: {'l1_ratio': 0.34443769128044516, 'C': 0.04669734827338582}. Best is trial 0 with value: 0.9.
Trial 28 finished with value: 0.85 and parameters: {'l1_ratio': 0.2329965777188185, 'C': 0.08764399525582496}. Best is trial 0 with value: 0.9.
Trial 29 finished with value: 0.75 and parameters: {'l1_ratio': 0.589819420160383, 'C': 0.06360733716878345}. Best is trial 0 with value: 0.9.
Trial 30 finished with value: 0.8 and parameters: {'l1_ratio': 0.13371373068125833, 'C': 0.01539610238217934}. Best is trial 0 with value: 0.9.
Trial 31 finished with value: 0.8666666666666666 and parameters: {'l1_ratio': 0.2168182981375944, 'C': 0.06541853777958809}. Best is trial 0 with value: 0.9.
Trial 32 finished with value: 0.85 and parameters: {'l1_ratio': 0.051965499277905426, 'C': 0.042059040019676655}. Best is trial 0 with value: 0.9.
