Trial 83 finished with value: 0.7304347826086957 and parameters: {'l1_ratio': 0.4532881372949607, 'C': 0.01626966329800534}. Best is trial 41 with value: 0.7652173913043478.
Trial 84 finished with value: 0.7478260869565216 and parameters: {'l1_ratio': 0.5609633968278114, 'C': 0.013895787176170599}. Best is trial 41 with value: 0.7652173913043478.
Trial 85 finished with value: 0.7304347826086957 and parameters: {'l1_ratio': 0.5791285019190381, 'C': 0.010059715991409311}. Best is trial 41 with value: 0.7652173913043478.
Trial 86 finished with value: 0.7565217391304347 and parameters: {'l1_ratio': 0.4801354287181955, 'C': 0.011740074349186724}. Best is trial 41 with value: 0.7652173913043478.
Trial 87 finished with value: 0.7478260869565216 and parameters: {'l1_ratio': 0.514876063640318, 'C': 0.018775213237876835}. Best is trial 41 with value: 0.7652173913043478.
Trial 88 finished with value: 0.7478260869565216 and parameters: {'l1_ratio': 0.6280894787971979, 'C': 0.016172827030974515}. Best is trial 41 with value: 0.7652173913043478.
Trial 89 finished with value: 0.7565217391304347 and parameters: {'l1_ratio': 0.5512790301587469, 'C': 0.013607914398411622}. Best is trial 41 with value: 0.7652173913043478.
Trial 90 finished with value: 0.7391304347826086 and parameters: {'l1_ratio': 0.5952816205384075, 'C': 0.024141764800665263}. Best is trial 41 with value: 0.7652173913043478.
Trial 91 finished with value: 0.7565217391304347 and parameters: {'l1_ratio': 0.5362949007805659, 'C': 0.011341766889959892}. Best is trial 41 with value: 0.7652173913043478.
Trial 92 finished with value: 0.7565217391304347 and parameters: {'l1_ratio': 0.5079696886921165, 'C': 0.012193248199656856}. Best is trial 41 with value: 0.7652173913043478.
Trial 93 finished with value: 0.7391304347826086 and parameters: {'l1_ratio': 0.4776088433070625, 'C': 0.01491313389000358}. Best is trial 41 with value: 0.7652173913043478.
Trial 94 finished with value: 0.7478260869565216 and parameters: {'l1_ratio': 0.4302548064119779, 'C': 0.010822473904710837}. Best is trial 41 with value: 0.7652173913043478.
Trial 95 finished with value: 0.7652173913043478 and parameters: {'l1_ratio': 0.5634754137563884, 'C': 0.012986820102714612}. Best is trial 41 with value: 0.7652173913043478.
Trial 96 finished with value: 0.7565217391304347 and parameters: {'l1_ratio': 0.6503164621341446, 'C': 0.013438987136833265}. Best is trial 41 with value: 0.7652173913043478.
Trial 97 finished with value: 0.7391304347826086 and parameters: {'l1_ratio': 0.6141603167256202, 'C': 0.020124322355585516}. Best is trial 41 with value: 0.7652173913043478.
Trial 98 finished with value: 0.7391304347826086 and parameters: {'l1_ratio': 0.5565223518836522, 'C': 0.016763755512588928}. Best is trial 41 with value: 0.7652173913043478.
Trial 99 finished with value: 0.7565217391304347 and parameters: {'l1_ratio': 0.5841489936904137, 'C': 0.012140793991232832}. Best is trial 41 with value: 0.7652173913043478.
A new study created in memory with name: SPCA_LR
Trial 0 finished with value: 0.7217391304347827 and parameters: {'l1_ratio': 0.16288880577894693, 'C': 0.07524132878544118}. Best is trial 0 with value: 0.7217391304347827.
Trial 1 finished with value: 0.7217391304347827 and parameters: {'l1_ratio': 0.8552726093251682, 'C': 0.030856744361479855}. Best is trial 0 with value: 0.7217391304347827.
Trial 2 finished with value: 0.7217391304347827 and parameters: {'l1_ratio': 0.759291044631166, 'C': 0.0745590865403083}. Best is trial 0 with value: 0.7217391304347827.
Trial 3 finished with value: 0.7130434782608696 and parameters: {'l1_ratio': 0.6412497327834525, 'C': 0.8134437148375668}. Best is trial 0 with value: 0.7217391304347827.
Trial 4 finished with value: 0.7130434782608696 and parameters: {'l1_ratio': 0.2850549122271323, 'C': 0.15552838809893527}. Best is trial 0 with value: 0.7217391304347827.
Trial 5 finished with value: 0.7217391304347827 and parameters: {'l1_ratio': 0.022202100351261023, 'C': 0.023105424013900377}. Best is trial 0 with value: 0.7217391304347827.
Trial 6 finished with value: 0.7304347826086957 and parameters: {'l1_ratio': 0.23516725976117536, 'C': 0.03595688052480667}. Best is trial 6 with value: 0.7304347826086957.
Trial 7 finished with value: 0.7130434782608696 and parameters: {'l1_ratio': 0.3288146301243614, 'C': 0.6167078383822445}. Best is trial 6 with value: 0.7304347826086957.
Trial 8 finished with value: 0.7217391304347827 and parameters: {'l1_ratio': 0.7426463051460356, 'C': 0.15574205813174452}. Best is trial 6 with value: 0.7304347826086957.
Trial 9 finished with value: 0.7130434782608696 and parameters: {'l1_ratio': 0.6069754224530582, 'C': 0.2955816777167685}. Best is trial 6 with value: 0.7304347826086957.
Trial 10 finished with value: 0.7217391304347827 and parameters: {'l1_ratio': 0.4288022628052923, 'C': 0.012354897248815055}. Best is trial 6 with value: 0.7304347826086957.
Trial 11 finished with value: 0.7217391304347827 and parameters: {'l1_ratio': 0.1337929740867664, 'C': 0.05835288265842777}. Best is trial 6 with value: 0.7304347826086957.
Trial 12 finished with value: 0.7130434782608696 and parameters: {'l1_ratio': 0.18738250654247735, 'C': 0.04397174931239519}. Best is trial 6 with value: 0.7304347826086957.
Trial 13 finished with value: 0.7217391304347827 and parameters: {'l1_ratio': 0.427569881336057, 'C': 0.0971141239656769}. Best is trial 6 with value: 0.7304347826086957.
Trial 14 finished with value: 0.7130434782608696 and parameters: {'l1_ratio': 0.07036513992351134, 'C': 0.019616243201952783}. Best is trial 6 with value: 0.7304347826086957.
Trial 15 finished with value: 0.7217391304347827 and parameters: {'l1_ratio': 0.2217276079429188, 'C': 0.041781526116433806}. Best is trial 6 with value: 0.7304347826086957.
Trial 16 finished with value: 0.7304347826086957 and parameters: {'l1_ratio': 0.14989795348299, 'C': 0.010888007248283874}. Best is trial 6 with value: 0.7304347826086957.
Trial 17 finished with value: 0.7130434782608696 and parameters: {'l1_ratio': 0.04036668853932612, 'C': 0.010009460849080202}. Best is trial 6 with value: 0.7304347826086957.
Trial 18 finished with value: 0.7304347826086957 and parameters: {'l1_ratio': 0.32188183556464767, 'C': 0.015400678090663044}. Best is trial 6 with value: 0.7304347826086957.
Trial 19 finished with value: 0.7304347826086957 and parameters: {'l1_ratio': 0.2535705356106631, 'C': 0.025233399034278424}. Best is trial 6 with value: 0.7304347826086957.
Trial 20 finished with value: 0.7304347826086957 and parameters: {'l1_ratio': 0.13026728571809665, 'C': 0.014215100095631053}. Best is trial 6 with value: 0.7304347826086957.
Trial 21 finished with value: 0.7217391304347827 and parameters: {'l1_ratio': 0.38826727298251923, 'C': 0.016551628133193937}. Best is trial 6 with value: 0.7304347826086957.
Trial 22 finished with value: 0.7304347826086955 and parameters: {'l1_ratio': 0.32807218363868185, 'C': 0.01020207353772528}. Best is trial 6 with value: 0.7304347826086957.
Trial 23 finished with value: 0.7217391304347827 and parameters: {'l1_ratio': 0.25410328587811276, 'C': 0.01694342872594485}. Best is trial 6 with value: 0.7304347826086957.
Trial 24 finished with value: 0.7304347826086957 and parameters: {'l1_ratio': 0.35519670223125527, 'C': 0.03233298381121732}. Best is trial 6 with value: 0.7304347826086957.
Trial 25 finished with value: 0.7217391304347827 and parameters: {'l1_ratio': 0.11330849150253765, 'C': 0.017885372409175537}. Best is trial 6 with value: 0.7304347826086957.
Trial 26 finished with value: 0.7217391304347827 and parameters: {'l1_ratio': 0.48130865933320177, 'C': 0.013693111852026627}. Best is trial 6 with value: 0.7304347826086957.
Trial 27 finished with value: 0.7304347826086957 and parameters: {'l1_ratio': 0.2084561114063994, 'C': 0.026251795303783604}. Best is trial 6 with value: 0.7304347826086957.
Trial 28 finished with value: 0.7304347826086957 and parameters: {'l1_ratio': 0.27856896304090145, 'C': 0.037579934049578406}. Best is trial 6 with value: 0.7304347826086957.
Trial 29 finished with value: 0.7217391304347827 and parameters: {'l1_ratio': 0.004224917926815758, 'C': 0.022844935444412233}. Best is trial 6 with value: 0.7304347826086957.
Trial 30 finished with value: 0.7391304347826086 and parameters: {'l1_ratio': 0.15777345880615015, 'C': 0.012183032752832577}. Best is trial 30 with value: 0.7391304347826086.
Trial 31 finished with value: 0.7304347826086957 and parameters: {'l1_ratio': 0.18055311646256678, 'C': 0.012930500725235846}. Best is trial 30 with value: 0.7391304347826086.
Trial 32 finished with value: 0.7217391304347827 and parameters: {'l1_ratio': 0.12213251568858323, 'C': 0.018164380388298446}. Best is trial 30 with value: 0.7391304347826086.
Trial 33 finished with value: 0.7304347826086957 and parameters: {'l1_ratio': 0.1788460544622986, 'C': 0.010645272363718518}. Best is trial 30 with value: 0.7391304347826086.
Trial 34 finished with value: 0.7217391304347827 and parameters: {'l1_ratio': 0.07099606890828639, 'C': 0.02856752351403439}. Best is trial 30 with value: 0.7391304347826086.
Trial 35 finished with value: 0.7304347826086957 and parameters: {'l1_ratio': 0.29266514416754413, 'C': 0.014858624940148536}. Best is trial 30 with value: 0.7391304347826086.
Trial 36 finished with value: 0.7304347826086957 and parameters: {'l1_ratio': 0.2186267432036687, 'C': 0.021539402321579235}. Best is trial 30 with value: 0.7391304347826086.
Trial 37 finished with value: 0.7217391304347827 and parameters: {'l1_ratio': 0.9720607339487292, 'C': 0.03194242287754672}. Best is trial 30 with value: 0.7391304347826086.
Trial 38 finished with value: 0.7217391304347827 and parameters: {'l1_ratio': 0.3129541085924245, 'C': 0.012125945199689434}. Best is trial 30 with value: 0.7391304347826086.
Trial 39 finished with value: 0.7304347826086957 and parameters: {'l1_ratio': 0.2440896853216994, 'C': 0.020713036698332552}. Best is trial 30 with value: 0.7391304347826086.
Trial 40 finished with value: 0.7304347826086957 and parameters: {'l1_ratio': 0.1631047868176797, 'C': 0.01606151926287499}. Best is trial 30 with value: 0.7391304347826086.
Trial 41 finished with value: 0.7304347826086957 and parameters: {'l1_ratio': 0.26351234316264166, 'C': 0.027090351596195956}. Best is trial 30 with value: 0.7391304347826086.
Trial 42 finished with value: 0.7304347826086957 and parameters: {'l1_ratio': 0.341333415225264, 'C': 0.023908035875212185}. Best is trial 30 with value: 0.7391304347826086.
Trial 43 finished with value: 0.7304347826086957 and parameters: {'l1_ratio': 0.24825108914003938, 'C': 0.01258658447829656}. Best is trial 30 with value: 0.7391304347826086.
Trial 44 finished with value: 0.7217391304347827 and parameters: {'l1_ratio': 0.09066757364137276, 'C': 0.05225995034202798}. Best is trial 30 with value: 0.7391304347826086.
Trial 45 finished with value: 0.7217391304347827 and parameters: {'l1_ratio': 0.14173283192987637, 'C': 0.020964939471085735}. Best is trial 30 with value: 0.7391304347826086.
Trial 46 finished with value: 0.7304347826086957 and parameters: {'l1_ratio': 0.20124441014425498, 'C': 0.03343415675336802}. Best is trial 30 with value: 0.7391304347826086.
Trial 47 finished with value: 0.7043478260869566 and parameters: {'l1_ratio': 0.052953063945558335, 'C': 0.015201810188956555}. Best is trial 30 with value: 0.7391304347826086.
Trial 48 finished with value: 0.7304347826086957 and parameters: {'l1_ratio': 0.2836438056813786, 'C': 0.025887932264822645}. Best is trial 30 with value: 0.7391304347826086.
Trial 49 finished with value: 0.7304347826086955 and parameters: {'l1_ratio': 0.3792145168702026, 'C': 0.012048143252742463}. Best is trial 30 with value: 0.7391304347826086.
Trial 50 finished with value: 0.7217391304347827 and parameters: {'l1_ratio': 0.16582518073489044, 'C': 0.06656348059615448}. Best is trial 30 with value: 0.7391304347826086.
Trial 51 finished with value: 0.7304347826086957 and parameters: {'l1_ratio': 0.10628194019187415, 'C': 0.014660634101783046}. Best is trial 30 with value: 0.7391304347826086.
Trial 52 finished with value: 0.7217391304347827 and parameters: {'l1_ratio': 0.12439930757801232, 'C': 0.01874136321493507}. Best is trial 30 with value: 0.7391304347826086.
Trial 53 finished with value: 0.7304347826086955 and parameters: {'l1_ratio': 0.22473842863201227, 'C': 0.010909964596311187}. Best is trial 30 with value: 0.7391304347826086.
Trial 54 finished with value: 0.7130434782608696 and parameters: {'l1_ratio': 0.0378023692186083, 'C': 0.014335184484223216}. Best is trial 30 with value: 0.7391304347826086.
Trial 55 finished with value: 0.7217391304347827 and parameters: {'l1_ratio': 0.14690373937528728, 'C': 0.01922499502751555}. Best is trial 30 with value: 0.7391304347826086.
Trial 56 finished with value: 0.7217391304347827 and parameters: {'l1_ratio': 0.29638768407214744, 'C': 0.01153966421132743}. Best is trial 30 with value: 0.7391304347826086.
Trial 57 finished with value: 0.7217391304347827 and parameters: {'l1_ratio': 0.09642588035969438, 'C': 0.024104153884361226}. Best is trial 30 with value: 0.7391304347826086.
Trial 58 finished with value: 0.7391304347826086 and parameters: {'l1_ratio': 0.2040748154838139, 'C': 0.010133977529495835}. Best is trial 30 with value: 0.7391304347826086.
Trial 59 finished with value: 0.7304347826086957 and parameters: {'l1_ratio': 0.1972409412486162, 'C': 0.012517587056110734}. Best is trial 30 with value: 0.7391304347826086.
Trial 60 finished with value: 0.7217391304347827 and parameters: {'l1_ratio': 0.2560777991064639, 'C': 0.010207907390543986}. Best is trial 30 with value: 0.7391304347826086.
Trial 61 finished with value: 0.7304347826086957 and parameters: {'l1_ratio': 0.15680618939782465, 'C': 0.01736500471003899}. Best is trial 30 with value: 0.7391304347826086.
Trial 62 finished with value: 0.7217391304347827 and parameters: {'l1_ratio': 0.21568747108633218, 'C': 0.014105684355195304}. Best is trial 30 with value: 0.7391304347826086.
Trial 63 finished with value: 0.7304347826086957 and parameters: {'l1_ratio': 0.0772588119442004, 'C': 0.010093198079804957}. Best is trial 30 with value: 0.7391304347826086.
Trial 64 finished with value: 0.7304347826086957 and parameters: {'l1_ratio': 0.18641266391718966, 'C': 0.015381081043847118}. Best is trial 30 with value: 0.7391304347826086.
Trial 65 finished with value: 0.7304347826086957 and parameters: {'l1_ratio': 0.140947441823497, 'C': 0.016773592962970568}. Best is trial 30 with value: 0.7391304347826086.
Trial 66 finished with value: 0.7217391304347827 and parameters: {'l1_ratio': 0.32111843765038217, 'C': 0.013367525561958927}. Best is trial 30 with value: 0.7391304347826086.
Trial 67 finished with value: 0.7217391304347827 and parameters: {'l1_ratio': 0.005394907032135077, 'C': 0.02319160187908684}. Best is trial 30 with value: 0.7391304347826086.
Trial 68 finished with value: 0.7391304347826086 and parameters: {'l1_ratio': 0.24537305183384392, 'C': 0.01942856741643549}. Best is trial 30 with value: 0.7391304347826086.
Trial 69 finished with value: 0.7304347826086957 and parameters: {'l1_ratio': 0.35805843497628465, 'C': 0.0197416000074434}. Best is trial 30 with value: 0.7391304347826086.
Trial 70 finished with value: 0.7304347826086957 and parameters: {'l1_ratio': 0.23181847298902777, 'C': 0.036716961364641684}. Best is trial 30 with value: 0.7391304347826086.
Trial 71 finished with value: 0.7217391304347827 and parameters: {'l1_ratio': 0.26992153728781154, 'C': 0.011623051953584148}. Best is trial 30 with value: 0.7391304347826086.
Trial 72 finished with value: 0.7217391304347827 and parameters: {'l1_ratio': 0.18818228055786987, 'C': 0.02929109730346532}. Best is trial 30 with value: 0.7391304347826086.
Trial 73 finished with value: 0.7391304347826086 and parameters: {'l1_ratio': 0.24025001074834718, 'C': 0.01712130151225125}. Best is trial 30 with value: 0.7391304347826086.
Trial 74 finished with value: 0.7391304347826086 and parameters: {'l1_ratio': 0.2486391640312895, 'C': 0.018037320370994633}. Best is trial 30 with value: 0.7391304347826086.
Trial 75 finished with value: 0.7304347826086957 and parameters: {'l1_ratio': 0.3122395578966671, 'C': 0.01732786523982745}. Best is trial 30 with value: 0.7391304347826086.
Trial 76 finished with value: 0.7304347826086957 and parameters: {'l1_ratio': 0.2311313829501521, 'C': 0.013743767240564225}. Best is trial 30 with value: 0.7391304347826086.
Trial 77 finished with value: 0.7391304347826086 and parameters: {'l1_ratio': 0.2982688453519156, 'C': 0.021603894667960095}. Best is trial 30 with value: 0.7391304347826086.
Trial 78 finished with value: 0.7391304347826086 and parameters: {'l1_ratio': 0.2790100452273814, 'C': 0.021006848653021902}. Best is trial 30 with value: 0.7391304347826086.
Trial 79 finished with value: 0.7391304347826086 and parameters: {'l1_ratio': 0.30263723981221236, 'C': 0.02174715194337329}. Best is trial 30 with value: 0.7391304347826086.
Trial 80 finished with value: 0.7391304347826086 and parameters: {'l1_ratio': 0.28581387522913915, 'C': 0.02133761601558856}. Best is trial 30 with value: 0.7391304347826086.
Trial 81 finished with value: 0.7391304347826086 and parameters: {'l1_ratio': 0.28482850093651696, 'C': 0.02195045049933381}. Best is trial 30 with value: 0.7391304347826086.
Trial 82 finished with value: 0.7304347826086957 and parameters: {'l1_ratio': 0.26586771054381564, 'C': 0.028220287828528957}. Best is trial 30 with value: 0.7391304347826086.
Trial 83 finished with value: 0.7217391304347827 and parameters: {'l1_ratio': 0.30001487668347315, 'C': 0.01961827032109947}. Best is trial 30 with value: 0.7391304347826086.
Trial 84 finished with value: 0.7391304347826086 and parameters: {'l1_ratio': 0.34575335308949395, 'C': 0.025294203883937483}. Best is trial 30 with value: 0.7391304347826086.
Trial 85 finished with value: 0.7217391304347827 and parameters: {'l1_ratio': 0.24526083655364178, 'C': 0.01646060227172534}. Best is trial 30 with value: 0.7391304347826086.
Trial 86 finished with value: 0.7304347826086957 and parameters: {'l1_ratio': 0.3811076405533754, 'C': 0.021425465536706344}. Best is trial 30 with value: 0.7391304347826086.
Trial 87 finished with value: 0.7217391304347827 and parameters: {'l1_ratio': 0.4208932900276888, 'C': 0.018689193617715375}. Best is trial 30 with value: 0.7391304347826086.
Trial 88 finished with value: 0.7304347826086957 and parameters: {'l1_ratio': 0.21483220928860064, 'C': 0.032370140662879916}. Best is trial 30 with value: 0.7391304347826086.
Trial 89 finished with value: 0.7304347826086957 and parameters: {'l1_ratio': 0.31833709614304534, 'C': 0.02913352589292449}. Best is trial 30 with value: 0.7391304347826086.
Trial 90 finished with value: 0.7304347826086957 and parameters: {'l1_ratio': 0.27555210948684644, 'C': 0.02265905616975461}. Best is trial 30 with value: 0.7391304347826086.
Trial 91 finished with value: 0.7391304347826086 and parameters: {'l1_ratio': 0.2881317746402059, 'C': 0.022474214881356598}. Best is trial 30 with value: 0.7391304347826086.
Trial 92 finished with value: 0.7304347826086957 and parameters: {'l1_ratio': 0.251989184396442, 'C': 0.020603252978858056}. Best is trial 30 with value: 0.7391304347826086.
Trial 93 finished with value: 0.7391304347826086 and parameters: {'l1_ratio': 0.2040082989663396, 'C': 0.015751912825200835}. Best is trial 30 with value: 0.7391304347826086.
Trial 94 finished with value: 0.7217391304347827 and parameters: {'l1_ratio': 0.2858969819461117, 'C': 0.018160325891064866}. Best is trial 30 with value: 0.7391304347826086.
Trial 95 finished with value: 0.7217391304347827 and parameters: {'l1_ratio': 0.18009301151358664, 'C': 0.025615012226078288}. Best is trial 30 with value: 0.7391304347826086.
Trial 96 finished with value: 0.7304347826086957 and parameters: {'l1_ratio': 0.23394212576482346, 'C': 0.013100410748083985}. Best is trial 30 with value: 0.7391304347826086.
Trial 97 finished with value: 0.7130434782608696 and parameters: {'l1_ratio': 0.33754184098779444, 'C': 0.039985966889293595}. Best is trial 30 with value: 0.7391304347826086.
Trial 98 finished with value: 0.7217391304347827 and parameters: {'l1_ratio': 0.29695483002559975, 'C': 0.011454714374158053}. Best is trial 30 with value: 0.7391304347826086.
Trial 99 finished with value: 0.7304347826086957 and parameters: {'l1_ratio': 0.1684269503696874, 'C': 0.015425713639401104}. Best is trial 30 with value: 0.7391304347826086.
A new study created in memory with name: GSPCA_LR
Trial 0 finished with value: 0.7130434782608696 and parameters: {'l1_ratio': 0.30496585240997076, 'C': 0.9897845485231203}. Best is trial 0 with value: 0.7130434782608696.
Trial 1 finished with value: 0.7217391304347827 and parameters: {'l1_ratio': 0.5317104820699817, 'C': 0.06606480344230763}. Best is trial 1 with value: 0.7217391304347827.
Trial 2 finished with value: 0.7130434782608696 and parameters: {'l1_ratio': 0.696179284777475, 'C': 0.4120512757264856}. Best is trial 1 with value: 0.7217391304347827.
Trial 3 finished with value: 0.7304347826086957 and parameters: {'l1_ratio': 0.29205240678602584, 'C': 0.024040365983952986}. Best is trial 3 with value: 0.7304347826086957.
Trial 4 finished with value: 0.7130434782608696 and parameters: {'l1_ratio': 0.7176049327996031, 'C': 0.05977836278519328}. Best is trial 3 with value: 0.7304347826086957.
Trial 5 finished with value: 0.7130434782608696 and parameters: {'l1_ratio': 0.9577181254719939, 'C': 0.17844228126052733}. Best is trial 3 with value: 0.7304347826086957.
Trial 6 finished with value: 0.7130434782608696 and parameters: {'l1_ratio': 0.06324219316166957, 'C': 0.018152794510342556}. Best is trial 3 with value: 0.7304347826086957.
Trial 7 finished with value: 0.7652173913043478 and parameters: {'l1_ratio': 0.628283225407346, 'C': 0.01409128909951173}. Best is trial 7 with value: 0.7652173913043478.
