Trial 8 finished with value: 0.7565217391304347 and parameters: {'l1_ratio': 0.8796418240370645, 'C': 0.018065214974686123}. Best is trial 7 with value: 0.7652173913043478.
Trial 9 finished with value: 0.7130434782608696 and parameters: {'l1_ratio': 0.0044507117016227005, 'C': 0.26022251075182085}. Best is trial 7 with value: 0.7652173913043478.
Trial 10 finished with value: 0.7478260869565218 and parameters: {'l1_ratio': 0.5480219877009377, 'C': 0.010691897950534298}. Best is trial 7 with value: 0.7652173913043478.
Trial 11 finished with value: 0.7478260869565216 and parameters: {'l1_ratio': 0.9580721763934431, 'C': 0.0297220743094483}. Best is trial 7 with value: 0.7652173913043478.
Trial 12 finished with value: 0.7565217391304347 and parameters: {'l1_ratio': 0.8133960959477163, 'C': 0.015771611898847106}. Best is trial 7 with value: 0.7652173913043478.
Trial 13 finished with value: 0.7391304347826086 and parameters: {'l1_ratio': 0.8149774521606925, 'C': 0.03786429699400339}. Best is trial 7 with value: 0.7652173913043478.
Trial 14 finished with value: 0.7130434782608696 and parameters: {'l1_ratio': 0.6565197979843725, 'C': 0.010310319824309877}. Best is trial 7 with value: 0.7652173913043478.
Trial 15 finished with value: 0.7391304347826086 and parameters: {'l1_ratio': 0.8711840264745888, 'C': 0.04589530907166593}. Best is trial 7 with value: 0.7652173913043478.
Trial 16 finished with value: 0.7565217391304347 and parameters: {'l1_ratio': 0.9973659001299485, 'C': 0.02267664139487151}. Best is trial 7 with value: 0.7652173913043478.
Trial 17 finished with value: 0.7130434782608696 and parameters: {'l1_ratio': 0.6032372993623614, 'C': 0.10879581668545603}. Best is trial 7 with value: 0.7652173913043478.
Trial 18 finished with value: 0.7565217391304347 and parameters: {'l1_ratio': 0.7695300943215728, 'C': 0.015454788345128588}. Best is trial 7 with value: 0.7652173913043478.
Trial 19 finished with value: 0.7391304347826086 and parameters: {'l1_ratio': 0.8695450707541735, 'C': 0.03380557836736089}. Best is trial 7 with value: 0.7652173913043478.
Trial 20 finished with value: 0.7478260869565216 and parameters: {'l1_ratio': 0.44746571380314004, 'C': 0.014377449436732888}. Best is trial 7 with value: 0.7652173913043478.
Trial 21 finished with value: 0.7565217391304347 and parameters: {'l1_ratio': 0.7985711466470589, 'C': 0.016441781968023053}. Best is trial 7 with value: 0.7652173913043478.
Trial 22 finished with value: 0.7478260869565216 and parameters: {'l1_ratio': 0.6942074839927563, 'C': 0.024176591082986667}. Best is trial 7 with value: 0.7652173913043478.
Trial 23 finished with value: 0.7130434782608696 and parameters: {'l1_ratio': 0.8808542063954111, 'C': 0.010073482027031708}. Best is trial 7 with value: 0.7652173913043478.
Trial 24 finished with value: 0.7478260869565216 and parameters: {'l1_ratio': 0.7666010353323008, 'C': 0.01934466485891666}. Best is trial 7 with value: 0.7652173913043478.
Trial 25 finished with value: 0.7217391304347827 and parameters: {'l1_ratio': 0.646686775389512, 'C': 0.043124115249477436}. Best is trial 7 with value: 0.7652173913043478.
Trial 26 finished with value: 0.7478260869565216 and parameters: {'l1_ratio': 0.8836273647882109, 'C': 0.031153708389353146}. Best is trial 7 with value: 0.7652173913043478.
Trial 27 finished with value: 0.7217391304347827 and parameters: {'l1_ratio': 0.7520819971660526, 'C': 0.012490393643383686}. Best is trial 7 with value: 0.7652173913043478.
Trial 28 finished with value: 0.7565217391304347 and parameters: {'l1_ratio': 0.611580128396267, 'C': 0.01487271417810935}. Best is trial 7 with value: 0.7652173913043478.
Trial 29 finished with value: 0.7391304347826086 and parameters: {'l1_ratio': 0.8020855976652603, 'C': 0.02313259232417298}. Best is trial 7 with value: 0.7652173913043478.
Trial 30 finished with value: 0.7217391304347827 and parameters: {'l1_ratio': 0.9335450146805804, 'C': 0.013578955595782975}. Best is trial 7 with value: 0.7652173913043478.
Trial 31 finished with value: 0.7652173913043478 and parameters: {'l1_ratio': 0.9785041985658837, 'C': 0.021115582044598846}. Best is trial 7 with value: 0.7652173913043478.
Trial 32 finished with value: 0.7565217391304347 and parameters: {'l1_ratio': 0.9901428035985781, 'C': 0.02017829522125601}. Best is trial 7 with value: 0.7652173913043478.
Trial 33 finished with value: 0.7565217391304347 and parameters: {'l1_ratio': 0.9020682043455595, 'C': 0.027285024408432407}. Best is trial 7 with value: 0.7652173913043478.
Trial 34 finished with value: 0.7652173913043478 and parameters: {'l1_ratio': 0.8629255213548448, 'C': 0.018692279834709065}. Best is trial 7 with value: 0.7652173913043478.
Trial 35 finished with value: 0.7391304347826086 and parameters: {'l1_ratio': 0.9463004659923937, 'C': 0.04602297719508516}. Best is trial 7 with value: 0.7652173913043478.
Trial 36 finished with value: 0.7130434782608696 and parameters: {'l1_ratio': 0.8424827994235703, 'C': 0.06382289701067963}. Best is trial 7 with value: 0.7652173913043478.
Trial 37 finished with value: 0.7478260869565216 and parameters: {'l1_ratio': 0.7271728701701197, 'C': 0.01961206121834666}. Best is trial 7 with value: 0.7652173913043478.
Trial 38 finished with value: 0.7478260869565216 and parameters: {'l1_ratio': 0.9105429978350532, 'C': 0.02557784325889468}. Best is trial 7 with value: 0.7652173913043478.
Trial 39 finished with value: 0.7130434782608694 and parameters: {'l1_ratio': 0.9939843019875341, 'C': 0.01175849445210597}. Best is trial 7 with value: 0.7652173913043478.
Trial 40 finished with value: 0.7391304347826086 and parameters: {'l1_ratio': 0.9204614540756747, 'C': 0.03467666505526626}. Best is trial 7 with value: 0.7652173913043478.
Trial 41 finished with value: 0.7652173913043478 and parameters: {'l1_ratio': 0.8328478463815397, 'C': 0.017503237352738916}. Best is trial 7 with value: 0.7652173913043478.
Trial 42 finished with value: 0.7565217391304347 and parameters: {'l1_ratio': 0.8458283863167282, 'C': 0.020296976595337878}. Best is trial 7 with value: 0.7652173913043478.
Trial 43 finished with value: 0.7217391304347825 and parameters: {'l1_ratio': 0.7247365564788593, 'C': 0.012959517669219578}. Best is trial 7 with value: 0.7652173913043478.
Trial 44 finished with value: 0.7652173913043478 and parameters: {'l1_ratio': 0.8252397452390025, 'C': 0.017813754356089135}. Best is trial 7 with value: 0.7652173913043478.
Trial 45 finished with value: 0.7565217391304347 and parameters: {'l1_ratio': 0.8293013027854804, 'C': 0.016598640259000146}. Best is trial 7 with value: 0.7652173913043478.
Trial 46 finished with value: 0.7478260869565216 and parameters: {'l1_ratio': 0.776325976853635, 'C': 0.027556153213325232}. Best is trial 7 with value: 0.7652173913043478.
Trial 47 finished with value: 0.7478260869565216 and parameters: {'l1_ratio': 0.9568656036200015, 'C': 0.012233047274239435}. Best is trial 7 with value: 0.7652173913043478.
Trial 48 finished with value: 0.7217391304347825 and parameters: {'l1_ratio': 0.8547440482779927, 'C': 0.010178485418561855}. Best is trial 7 with value: 0.7652173913043478.
Trial 49 finished with value: 0.7565217391304347 and parameters: {'l1_ratio': 0.8162437824698519, 'C': 0.01653155420722813}. Best is trial 7 with value: 0.7652173913043478.
Trial 50 finished with value: 0.7478260869565216 and parameters: {'l1_ratio': 0.7014343270314981, 'C': 0.02268381780232009}. Best is trial 7 with value: 0.7652173913043478.
Trial 51 finished with value: 0.7565217391304347 and parameters: {'l1_ratio': 0.9118361440829098, 'C': 0.01870271289417156}. Best is trial 7 with value: 0.7652173913043478.
Trial 52 finished with value: 0.7130434782608696 and parameters: {'l1_ratio': 0.8757525747151954, 'C': 0.013915984841016794}. Best is trial 7 with value: 0.7652173913043478.
Trial 53 finished with value: 0.7565217391304347 and parameters: {'l1_ratio': 0.9533898197988555, 'C': 0.028686186235227097}. Best is trial 7 with value: 0.7652173913043478.
Trial 54 finished with value: 0.7652173913043478 and parameters: {'l1_ratio': 0.7956593111229564, 'C': 0.01744442831799987}. Best is trial 7 with value: 0.7652173913043478.
Trial 55 finished with value: 0.7652173913043478 and parameters: {'l1_ratio': 0.7418368566668198, 'C': 0.016848680889399704}. Best is trial 7 with value: 0.7652173913043478.
Trial 56 finished with value: 0.7391304347826086 and parameters: {'l1_ratio': 0.779473366914807, 'C': 0.02263148603815344}. Best is trial 7 with value: 0.7652173913043478.
Trial 57 finished with value: 0.7130434782608696 and parameters: {'l1_ratio': 0.8290818703759107, 'C': 0.01148542042438781}. Best is trial 7 with value: 0.7652173913043478.
Trial 58 finished with value: 0.7652173913043478 and parameters: {'l1_ratio': 0.6829937661598826, 'C': 0.014811445203725841}. Best is trial 7 with value: 0.7652173913043478.
Trial 59 finished with value: 0.7391304347826086 and parameters: {'l1_ratio': 0.7929380761590646, 'C': 0.03631816765957282}. Best is trial 7 with value: 0.7652173913043478.
Trial 60 finished with value: 0.7652173913043478 and parameters: {'l1_ratio': 0.8557467650155576, 'C': 0.018509845246532573}. Best is trial 7 with value: 0.7652173913043478.
Trial 61 finished with value: 0.7565217391304347 and parameters: {'l1_ratio': 0.7423491813905606, 'C': 0.01745347727625421}. Best is trial 7 with value: 0.7652173913043478.
Trial 62 finished with value: 0.7652173913043478 and parameters: {'l1_ratio': 0.7294569886216965, 'C': 0.01567458161450978}. Best is trial 7 with value: 0.7652173913043478.
Trial 63 finished with value: 0.7217391304347827 and parameters: {'l1_ratio': 0.7511057876700249, 'C': 0.012106322014067286}. Best is trial 7 with value: 0.7652173913043478.
Trial 64 finished with value: 0.7478260869565216 and parameters: {'l1_ratio': 0.8012221023338075, 'C': 0.02209719886146864}. Best is trial 7 with value: 0.7652173913043478.
Trial 65 finished with value: 0.7391304347826086 and parameters: {'l1_ratio': 0.8921929916778522, 'C': 0.02568445807672444}. Best is trial 7 with value: 0.7652173913043478.
Trial 66 finished with value: 0.7565217391304347 and parameters: {'l1_ratio': 0.6648039064484049, 'C': 0.013577840279919488}. Best is trial 7 with value: 0.7652173913043478.
Trial 67 finished with value: 0.7565217391304347 and parameters: {'l1_ratio': 0.7036781037665619, 'C': 0.016592992153715003}. Best is trial 7 with value: 0.7652173913043478.
Trial 68 finished with value: 0.7391304347826086 and parameters: {'l1_ratio': 0.6335824889366481, 'C': 0.031214308688067974}. Best is trial 7 with value: 0.7652173913043478.
Trial 69 finished with value: 0.7391304347826086 and parameters: {'l1_ratio': 0.7664065796291176, 'C': 0.01995399647135613}. Best is trial 7 with value: 0.7652173913043478.
Trial 70 finished with value: 0.7478260869565216 and parameters: {'l1_ratio': 0.9259882575944656, 'C': 0.011267957702935039}. Best is trial 7 with value: 0.7652173913043478.
Trial 71 finished with value: 0.7652173913043478 and parameters: {'l1_ratio': 0.6767224144973827, 'C': 0.014718705221073207}. Best is trial 7 with value: 0.7652173913043478.
Trial 72 finished with value: 0.7652173913043478 and parameters: {'l1_ratio': 0.6848105301232579, 'C': 0.014372945356064806}. Best is trial 7 with value: 0.7652173913043478.
Trial 73 finished with value: 0.7652173913043478 and parameters: {'l1_ratio': 0.8205777166829797, 'C': 0.018331765521370627}. Best is trial 7 with value: 0.7652173913043478.
Trial 74 finished with value: 0.7391304347826086 and parameters: {'l1_ratio': 0.6057555136301134, 'C': 0.024864165811530274}. Best is trial 7 with value: 0.7652173913043478.
Trial 75 finished with value: 0.7217391304347825 and parameters: {'l1_ratio': 0.563559877720897, 'C': 0.01017465057805892}. Best is trial 7 with value: 0.7652173913043478.
Trial 76 finished with value: 0.7478260869565216 and parameters: {'l1_ratio': 0.7485450562713334, 'C': 0.020963995138846076}. Best is trial 7 with value: 0.7652173913043478.
Trial 77 finished with value: 0.7217391304347825 and parameters: {'l1_ratio': 0.86894795243978, 'C': 0.015284250310195042}. Best is trial 7 with value: 0.7652173913043478.
Trial 78 finished with value: 0.7217391304347825 and parameters: {'l1_ratio': 0.7115589139496286, 'C': 0.012926353987474503}. Best is trial 7 with value: 0.7652173913043478.
Trial 79 finished with value: 0.7652173913043478 and parameters: {'l1_ratio': 0.8355256250795884, 'C': 0.017292058951501585}. Best is trial 7 with value: 0.7652173913043478.
Trial 80 finished with value: 0.7391304347826086 and parameters: {'l1_ratio': 0.8006635737458712, 'C': 0.02492595395836057}. Best is trial 7 with value: 0.7652173913043478.
Trial 81 finished with value: 0.7652173913043478 and parameters: {'l1_ratio': 0.8482252700132094, 'C': 0.01848689728243472}. Best is trial 7 with value: 0.7652173913043478.
Trial 82 finished with value: 0.7217391304347825 and parameters: {'l1_ratio': 0.8660388086853794, 'C': 0.01537073572634531}. Best is trial 7 with value: 0.7652173913043478.
Trial 83 finished with value: 0.7565217391304347 and parameters: {'l1_ratio': 0.8950822411447266, 'C': 0.021473338179707344}. Best is trial 7 with value: 0.7652173913043478.
Trial 84 finished with value: 0.7217391304347827 and parameters: {'l1_ratio': 0.7789735406724124, 'C': 0.013079434592445543}. Best is trial 7 with value: 0.7652173913043478.
Trial 85 finished with value: 0.7391304347826086 and parameters: {'l1_ratio': 0.976339974567469, 'C': 0.018448385818649677}. Best is trial 7 with value: 0.7652173913043478.
Trial 86 finished with value: 0.7391304347826086 and parameters: {'l1_ratio': 0.9234244728709078, 'C': 0.011059463964387926}. Best is trial 7 with value: 0.7652173913043478.
Trial 87 finished with value: 0.7478260869565216 and parameters: {'l1_ratio': 0.9735184713510396, 'C': 0.030770727403167913}. Best is trial 7 with value: 0.7652173913043478.
Trial 88 finished with value: 0.7565217391304347 and parameters: {'l1_ratio': 0.8466554457011899, 'C': 0.02054581395217504}. Best is trial 7 with value: 0.7652173913043478.
Trial 89 finished with value: 0.7565217391304347 and parameters: {'l1_ratio': 0.8114083551554878, 'C': 0.01648782746638867}. Best is trial 7 with value: 0.7652173913043478.
Trial 90 finished with value: 0.7130434782608696 and parameters: {'l1_ratio': 0.9388220624836262, 'C': 0.014641279836996094}. Best is trial 7 with value: 0.7652173913043478.
Trial 91 finished with value: 0.7652173913043478 and parameters: {'l1_ratio': 0.7437971392095457, 'C': 0.015732244109994152}. Best is trial 7 with value: 0.7652173913043478.
Trial 92 finished with value: 0.7478260869565216 and parameters: {'l1_ratio': 0.719589357971035, 'C': 0.01791041820294297}. Best is trial 7 with value: 0.7652173913043478.
Trial 93 finished with value: 0.7391304347826086 and parameters: {'l1_ratio': 0.783958203107502, 'C': 0.02338586768877648}. Best is trial 7 with value: 0.7652173913043478.
Trial 94 finished with value: 0.7478260869565218 and parameters: {'l1_ratio': 0.6891241091485978, 'C': 0.013108081156848115}. Best is trial 7 with value: 0.7652173913043478.
Trial 95 finished with value: 0.7217391304347827 and parameters: {'l1_ratio': 0.728620190021942, 'C': 0.0120779676745252}. Best is trial 7 with value: 0.7652173913043478.
Trial 96 finished with value: 0.7652173913043478 and parameters: {'l1_ratio': 0.8896680148232614, 'C': 0.019283595185769917}. Best is trial 7 with value: 0.7652173913043478.
Trial 97 finished with value: 0.7652173913043478 and parameters: {'l1_ratio': 0.7666059018141893, 'C': 0.01591364207310003}. Best is trial 7 with value: 0.7652173913043478.
Trial 98 finished with value: 0.7478260869565216 and parameters: {'l1_ratio': 0.6554063013594985, 'C': 0.021590370495496305}. Best is trial 7 with value: 0.7652173913043478.
Trial 99 finished with value: 0.7478260869565216 and parameters: {'l1_ratio': 0.8285362520990527, 'C': 0.02681529703758425}. Best is trial 7 with value: 0.7652173913043478.
A new study created in memory with name: PCA_LR
Trial 0 finished with value: 0.993103448275862 and parameters: {'l1_ratio': 0.18847153957614615, 'C': 0.01382202070607755}. Best is trial 0 with value: 0.993103448275862.
Trial 1 finished with value: 0.993103448275862 and parameters: {'l1_ratio': 0.8652949249834974, 'C': 0.012149540722922026}. Best is trial 0 with value: 0.993103448275862.
Trial 2 finished with value: 0.993103448275862 and parameters: {'l1_ratio': 0.3277437176529958, 'C': 0.029589019548498848}. Best is trial 0 with value: 0.993103448275862.
Trial 3 finished with value: 0.993103448275862 and parameters: {'l1_ratio': 0.9181370255811763, 'C': 0.0373911275569714}. Best is trial 0 with value: 0.993103448275862.
Trial 4 finished with value: 0.993103448275862 and parameters: {'l1_ratio': 0.06007297431702063, 'C': 0.3111075424649963}. Best is trial 0 with value: 0.993103448275862.
Trial 5 finished with value: 0.993103448275862 and parameters: {'l1_ratio': 0.8967627814093351, 'C': 0.025351924867630084}. Best is trial 0 with value: 0.993103448275862.
Trial 6 finished with value: 0.993103448275862 and parameters: {'l1_ratio': 0.40887493639509787, 'C': 0.8540515737035451}. Best is trial 0 with value: 0.993103448275862.
Trial 7 finished with value: 0.993103448275862 and parameters: {'l1_ratio': 0.7935789210867246, 'C': 0.033686142878463984}. Best is trial 0 with value: 0.993103448275862.
Trial 8 finished with value: 0.993103448275862 and parameters: {'l1_ratio': 0.12314320565218906, 'C': 0.03477887948990551}. Best is trial 0 with value: 0.993103448275862.
Trial 9 finished with value: 0.993103448275862 and parameters: {'l1_ratio': 0.30506159083614104, 'C': 0.9199409480673345}. Best is trial 0 with value: 0.993103448275862.
Trial 10 finished with value: 0.993103448275862 and parameters: {'l1_ratio': 0.5636227671627165, 'C': 0.09731116068735675}. Best is trial 0 with value: 0.993103448275862.
Trial 11 finished with value: 0.993103448275862 and parameters: {'l1_ratio': 0.636206536177073, 'C': 0.010572844329926681}. Best is trial 0 with value: 0.993103448275862.
Trial 12 finished with value: 0.993103448275862 and parameters: {'l1_ratio': 0.705714284159805, 'C': 0.012752038836452106}. Best is trial 0 with value: 0.993103448275862.
Trial 13 finished with value: 0.993103448275862 and parameters: {'l1_ratio': 0.4888932086986018, 'C': 0.012460901658031364}. Best is trial 0 with value: 0.993103448275862.
Trial 14 finished with value: 0.993103448275862 and parameters: {'l1_ratio': 0.7691492789732828, 'C': 0.07506837587898306}. Best is trial 0 with value: 0.993103448275862.
Trial 15 finished with value: 0.993103448275862 and parameters: {'l1_ratio': 0.9465517652678659, 'C': 0.0180902305082167}. Best is trial 0 with value: 0.993103448275862.
Trial 16 finished with value: 0.993103448275862 and parameters: {'l1_ratio': 0.2400516174755809, 'C': 0.0193084064618336}. Best is trial 0 with value: 0.993103448275862.
Trial 17 finished with value: 0.993103448275862 and parameters: {'l1_ratio': 0.48748983178089805, 'C': 0.05651923201927233}. Best is trial 0 with value: 0.993103448275862.
Trial 18 finished with value: 0.993103448275862 and parameters: {'l1_ratio': 0.9971529278979065, 'C': 0.010600986620164416}. Best is trial 0 with value: 0.993103448275862.
Trial 19 finished with value: 0.993103448275862 and parameters: {'l1_ratio': 0.15569075947957053, 'C': 0.01731239780547966}. Best is trial 0 with value: 0.993103448275862.
Trial 20 finished with value: 0.993103448275862 and parameters: {'l1_ratio': 0.6152963650812546, 'C': 0.05708257706634415}. Best is trial 0 with value: 0.993103448275862.
Trial 21 finished with value: 0.993103448275862 and parameters: {'l1_ratio': 0.36367269821519055, 'C': 0.021707859982533415}. Best is trial 0 with value: 0.993103448275862.
Trial 22 finished with value: 0.993103448275862 and parameters: {'l1_ratio': 0.24616103764136973, 'C': 0.015748911129761897}. Best is trial 0 with value: 0.993103448275862.
Trial 23 finished with value: 0.993103448275862 and parameters: {'l1_ratio': 0.39276733049817975, 'C': 0.02597879183645381}. Best is trial 0 with value: 0.993103448275862.
Trial 24 finished with value: 0.993103448275862 and parameters: {'l1_ratio': 0.03438004023048702, 'C': 0.01001339501374344}. Best is trial 0 with value: 0.993103448275862.
Trial 25 finished with value: 0.993103448275862 and parameters: {'l1_ratio': 0.2184453366960995, 'C': 0.01583418999618554}. Best is trial 0 with value: 0.993103448275862.
Trial 26 finished with value: 0.993103448275862 and parameters: {'l1_ratio': 0.3199902029223014, 'C': 0.02809565827770695}. Best is trial 0 with value: 0.993103448275862.
Trial 27 finished with value: 0.993103448275862 and parameters: {'l1_ratio': 0.44287463161742807, 'C': 0.04230844343736495}. Best is trial 0 with value: 0.993103448275862.
Trial 28 finished with value: 0.993103448275862 and parameters: {'l1_ratio': 0.5541437799045915, 'C': 0.023707087696029496}. Best is trial 0 with value: 0.993103448275862.
Trial 29 finished with value: 0.993103448275862 and parameters: {'l1_ratio': 0.3305034949578253, 'C': 0.014632145131491945}. Best is trial 0 with value: 0.993103448275862.
Trial 30 finished with value: 0.993103448275862 and parameters: {'l1_ratio': 0.4287011486368116, 'C': 0.042748612086583086}. Best is trial 0 with value: 0.993103448275862.
Trial 31 finished with value: 0.9862068965517242 and parameters: {'l1_ratio': 0.879980694728534, 'C': 0.17245905056318928}. Best is trial 0 with value: 0.993103448275862.
Trial 32 finished with value: 0.993103448275862 and parameters: {'l1_ratio': 0.8748878814610795, 'C': 0.021884406507568427}. Best is trial 0 with value: 0.993103448275862.
Trial 33 finished with value: 0.993103448275862 and parameters: {'l1_ratio': 0.7969632835613711, 'C': 0.027477770746583727}. Best is trial 0 with value: 0.993103448275862.
Trial 34 finished with value: 0.993103448275862 and parameters: {'l1_ratio': 0.9785097887787446, 'C': 0.014232757359992425}. Best is trial 0 with value: 0.993103448275862.
