Trial 35 finished with value: 0.9793103448275862 and parameters: {'num_leaves': 41, 'max_depth': 12, 'learning_rate': 0.07388469066450232, 'n_estimators': 237, 'colsample_bytree': 0.5129196620327654}. Best is trial 4 with value: 0.9793103448275862.
Trial 36 finished with value: 0.9793103448275862 and parameters: {'num_leaves': 39, 'max_depth': 10, 'learning_rate': 0.03726891112318161, 'n_estimators': 270, 'colsample_bytree': 0.4566187243416578}. Best is trial 4 with value: 0.9793103448275862.
Trial 37 finished with value: 0.9793103448275862 and parameters: {'num_leaves': 45, 'max_depth': 14, 'learning_rate': 0.04718402308190569, 'n_estimators': 174, 'colsample_bytree': 0.32470468652412643}. Best is trial 4 with value: 0.9793103448275862.
Trial 38 finished with value: 0.9103448275862069 and parameters: {'num_leaves': 33, 'max_depth': 9, 'learning_rate': 0.028079957794756735, 'n_estimators': 114, 'colsample_bytree': 0.20017706210236452}. Best is trial 4 with value: 0.9793103448275862.
Trial 39 finished with value: 0.9793103448275862 and parameters: {'num_leaves': 21, 'max_depth': 8, 'learning_rate': 0.0402709073745167, 'n_estimators': 288, 'colsample_bytree': 0.42731043765439447}. Best is trial 4 with value: 0.9793103448275862.
Trial 40 finished with value: 0.9793103448275862 and parameters: {'num_leaves': 35, 'max_depth': 11, 'learning_rate': 0.06427567883143573, 'n_estimators': 253, 'colsample_bytree': 0.5846162934046684}. Best is trial 4 with value: 0.9793103448275862.
Trial 41 finished with value: 0.9793103448275862 and parameters: {'num_leaves': 26, 'max_depth': 5, 'learning_rate': 0.09592229193196614, 'n_estimators': 243, 'colsample_bytree': 0.6668753414312876}. Best is trial 4 with value: 0.9793103448275862.
Trial 42 finished with value: 0.9793103448275862 and parameters: {'num_leaves': 23, 'max_depth': 5, 'learning_rate': 0.08390950864485269, 'n_estimators': 265, 'colsample_bytree': 0.6710707706614684}. Best is trial 4 with value: 0.9793103448275862.
Trial 43 finished with value: 0.9793103448275862 and parameters: {'num_leaves': 16, 'max_depth': 13, 'learning_rate': 0.10911357775091814, 'n_estimators': 227, 'colsample_bytree': 0.7173548439217347}. Best is trial 4 with value: 0.9793103448275862.
Trial 44 finished with value: 0.9793103448275862 and parameters: {'num_leaves': 15, 'max_depth': 6, 'learning_rate': 0.06019063640372366, 'n_estimators': 208, 'colsample_bytree': 0.5197294415979036}. Best is trial 4 with value: 0.9793103448275862.
Trial 45 finished with value: 0.9793103448275862 and parameters: {'num_leaves': 31, 'max_depth': 6, 'learning_rate': 0.05192007551264566, 'n_estimators': 288, 'colsample_bytree': 0.5684054794482545}. Best is trial 4 with value: 0.9793103448275862.
Trial 46 finished with value: 0.9793103448275862 and parameters: {'num_leaves': 37, 'max_depth': 12, 'learning_rate': 0.0717908104892055, 'n_estimators': 248, 'colsample_bytree': 0.6066660330080658}. Best is trial 4 with value: 0.9793103448275862.
Trial 47 finished with value: 0.9793103448275862 and parameters: {'num_leaves': 29, 'max_depth': 6, 'learning_rate': 0.06258809986407744, 'n_estimators': 271, 'colsample_bytree': 0.8412309109704251}. Best is trial 4 with value: 0.9793103448275862.
Trial 48 finished with value: 0.9793103448275862 and parameters: {'num_leaves': 40, 'max_depth': 14, 'learning_rate': 0.05090118890385348, 'n_estimators': 193, 'colsample_bytree': 0.3782786530868707}. Best is trial 4 with value: 0.9793103448275862.
Trial 49 finished with value: 0.9793103448275862 and parameters: {'num_leaves': 37, 'max_depth': 10, 'learning_rate': 0.041808491246234376, 'n_estimators': 215, 'colsample_bytree': 0.4939843462852204}. Best is trial 4 with value: 0.9793103448275862.
Trial 50 finished with value: 0.9586206896551724 and parameters: {'num_leaves': 43, 'max_depth': 8, 'learning_rate': 0.12138585598873852, 'n_estimators': 293, 'colsample_bytree': 0.2865020588190118}. Best is trial 4 with value: 0.9793103448275862.
Trial 51 finished with value: 0.9724137931034482 and parameters: {'num_leaves': 39, 'max_depth': 9, 'learning_rate': 0.03369866985269522, 'n_estimators': 125, 'colsample_bytree': 0.540898682386024}. Best is trial 4 with value: 0.9793103448275862.
Trial 52 finished with value: 0.9793103448275862 and parameters: {'num_leaves': 34, 'max_depth': 7, 'learning_rate': 0.049030660046100086, 'n_estimators': 156, 'colsample_bytree': 0.4534821047290645}. Best is trial 4 with value: 0.9793103448275862.
Trial 53 finished with value: 0.9724137931034482 and parameters: {'num_leaves': 36, 'max_depth': 11, 'learning_rate': 0.03682493982556803, 'n_estimators': 83, 'colsample_bytree': 0.4085608139936005}. Best is trial 4 with value: 0.9793103448275862.
Trial 54 finished with value: 0.9448275862068967 and parameters: {'num_leaves': 38, 'max_depth': 9, 'learning_rate': 0.03037858231179764, 'n_estimators': 163, 'colsample_bytree': 0.2590441028823466}. Best is trial 4 with value: 0.9793103448275862.
Trial 55 finished with value: 0.9793103448275862 and parameters: {'num_leaves': 34, 'max_depth': 11, 'learning_rate': 0.04358460271518034, 'n_estimators': 139, 'colsample_bytree': 0.48532189418074073}. Best is trial 4 with value: 0.9793103448275862.
Trial 56 finished with value: 0.9793103448275862 and parameters: {'num_leaves': 42, 'max_depth': 10, 'learning_rate': 0.07573311055030209, 'n_estimators': 186, 'colsample_bytree': 0.3809195784068885}. Best is trial 4 with value: 0.9793103448275862.
Trial 57 finished with value: 0.9793103448275862 and parameters: {'num_leaves': 31, 'max_depth': 15, 'learning_rate': 0.06485983694787911, 'n_estimators': 275, 'colsample_bytree': 0.520839461014753}. Best is trial 4 with value: 0.9793103448275862.
Trial 58 finished with value: 0.9793103448275862 and parameters: {'num_leaves': 46, 'max_depth': 13, 'learning_rate': 0.056747044092025994, 'n_estimators': 261, 'colsample_bytree': 0.5716861753473567}. Best is trial 4 with value: 0.9793103448275862.
Trial 59 finished with value: 0.9793103448275862 and parameters: {'num_leaves': 29, 'max_depth': 8, 'learning_rate': 0.020173088008535667, 'n_estimators': 152, 'colsample_bytree': 0.6272762001008527}. Best is trial 4 with value: 0.9793103448275862.
Trial 60 finished with value: 0.9793103448275862 and parameters: {'num_leaves': 33, 'max_depth': 12, 'learning_rate': 0.049709567313359286, 'n_estimators': 300, 'colsample_bytree': 0.5267706246106991}. Best is trial 4 with value: 0.9793103448275862.
Trial 61 finished with value: 0.9793103448275862 and parameters: {'num_leaves': 19, 'max_depth': 11, 'learning_rate': 0.18508157785556187, 'n_estimators': 226, 'colsample_bytree': 0.5903569974722167}. Best is trial 4 with value: 0.9793103448275862.
Trial 62 finished with value: 0.9793103448275862 and parameters: {'num_leaves': 36, 'max_depth': 10, 'learning_rate': 0.2274353557895675, 'n_estimators': 217, 'colsample_bytree': 0.47007980567393404}. Best is trial 4 with value: 0.9793103448275862.
Trial 63 finished with value: 0.9793103448275862 and parameters: {'num_leaves': 38, 'max_depth': 11, 'learning_rate': 0.09355180790102012, 'n_estimators': 242, 'colsample_bytree': 0.5430109880772791}. Best is trial 4 with value: 0.9793103448275862.
Trial 64 finished with value: 0.9793103448275862 and parameters: {'num_leaves': 40, 'max_depth': 9, 'learning_rate': 0.07892976189827922, 'n_estimators': 202, 'colsample_bytree': 0.49716371971897716}. Best is trial 4 with value: 0.9793103448275862.
Trial 65 finished with value: 0.9793103448275862 and parameters: {'num_leaves': 32, 'max_depth': 10, 'learning_rate': 0.06747765619362645, 'n_estimators': 233, 'colsample_bytree': 0.5687539552188992}. Best is trial 4 with value: 0.9793103448275862.
Trial 66 finished with value: 0.9793103448275862 and parameters: {'num_leaves': 30, 'max_depth': 12, 'learning_rate': 0.13858693498167068, 'n_estimators': 184, 'colsample_bytree': 0.60638610980334}. Best is trial 4 with value: 0.9793103448275862.
Trial 67 finished with value: 0.9793103448275862 and parameters: {'num_leaves': 35, 'max_depth': 10, 'learning_rate': 0.08554138292194202, 'n_estimators': 254, 'colsample_bytree': 0.4460894982748839}. Best is trial 4 with value: 0.9793103448275862.
Trial 68 finished with value: 0.9793103448275862 and parameters: {'num_leaves': 19, 'max_depth': 9, 'learning_rate': 0.10451836373806028, 'n_estimators': 278, 'colsample_bytree': 0.6293740707317939}. Best is trial 4 with value: 0.9793103448275862.
Trial 69 finished with value: 0.9793103448275862 and parameters: {'num_leaves': 28, 'max_depth': 8, 'learning_rate': 0.04527621329504293, 'n_estimators': 291, 'colsample_bytree': 0.42135953902637996}. Best is trial 4 with value: 0.9793103448275862.
Trial 70 finished with value: 0.9793103448275862 and parameters: {'num_leaves': 38, 'max_depth': 11, 'learning_rate': 0.03735913806766987, 'n_estimators': 263, 'colsample_bytree': 0.47638869761197744}. Best is trial 4 with value: 0.9793103448275862.
Trial 71 finished with value: 0.9793103448275862 and parameters: {'num_leaves': 26, 'max_depth': 9, 'learning_rate': 0.027536293769535425, 'n_estimators': 296, 'colsample_bytree': 0.5442709488892951}. Best is trial 4 with value: 0.9793103448275862.
Trial 72 finished with value: 0.9793103448275862 and parameters: {'num_leaves': 25, 'max_depth': 10, 'learning_rate': 0.05699717115052656, 'n_estimators': 286, 'colsample_bytree': 0.5073782778680422}. Best is trial 4 with value: 0.9793103448275862.
Trial 73 finished with value: 0.9793103448275862 and parameters: {'num_leaves': 34, 'max_depth': 12, 'learning_rate': 0.024914975427365788, 'n_estimators': 275, 'colsample_bytree': 0.5676125737515526}. Best is trial 4 with value: 0.9793103448275862.
Trial 74 finished with value: 0.9793103448275862 and parameters: {'num_leaves': 30, 'max_depth': 7, 'learning_rate': 0.03344444415180677, 'n_estimators': 283, 'colsample_bytree': 0.5303962320956482}. Best is trial 4 with value: 0.9793103448275862.
Trial 75 finished with value: 0.9793103448275862 and parameters: {'num_leaves': 32, 'max_depth': 9, 'learning_rate': 0.07226076829433549, 'n_estimators': 250, 'colsample_bytree': 0.6495262231156026}. Best is trial 4 with value: 0.9793103448275862.
Trial 76 finished with value: 0.9793103448275862 and parameters: {'num_leaves': 48, 'max_depth': 11, 'learning_rate': 0.059470058562655366, 'n_estimators': 197, 'colsample_bytree': 0.5923327251884458}. Best is trial 4 with value: 0.9793103448275862.
Trial 77 finished with value: 0.9793103448275862 and parameters: {'num_leaves': 21, 'max_depth': 10, 'learning_rate': 0.05273744426024765, 'n_estimators': 221, 'colsample_bytree': 0.5004003108327076}. Best is trial 4 with value: 0.9793103448275862.
Trial 78 finished with value: 0.9793103448275862 and parameters: {'num_leaves': 17, 'max_depth': 11, 'learning_rate': 0.042485003398440024, 'n_estimators': 233, 'colsample_bytree': 0.5578564362510977}. Best is trial 4 with value: 0.9793103448275862.
Trial 79 finished with value: 0.9793103448275862 and parameters: {'num_leaves': 36, 'max_depth': 8, 'learning_rate': 0.08072514548577507, 'n_estimators': 209, 'colsample_bytree': 0.4347923459990274}. Best is trial 4 with value: 0.9793103448275862.
Trial 80 finished with value: 0.9793103448275862 and parameters: {'num_leaves': 28, 'max_depth': 9, 'learning_rate': 0.04001955712946179, 'n_estimators': 269, 'colsample_bytree': 0.4815047728928854}. Best is trial 4 with value: 0.9793103448275862.
Trial 81 finished with value: 0.9793103448275862 and parameters: {'num_leaves': 43, 'max_depth': 10, 'learning_rate': 0.0652802850217475, 'n_estimators': 204, 'colsample_bytree': 0.526314155868862}. Best is trial 4 with value: 0.9793103448275862.
Trial 82 finished with value: 0.9724137931034482 and parameters: {'num_leaves': 41, 'max_depth': 11, 'learning_rate': 0.04731749292921001, 'n_estimators': 171, 'colsample_bytree': 0.5829840511367403}. Best is trial 4 with value: 0.9793103448275862.
Trial 83 finished with value: 0.9793103448275862 and parameters: {'num_leaves': 39, 'max_depth': 10, 'learning_rate': 0.05398493196068754, 'n_estimators': 293, 'colsample_bytree': 0.6190964719328564}. Best is trial 4 with value: 0.9793103448275862.
Trial 84 finished with value: 0.9793103448275862 and parameters: {'num_leaves': 37, 'max_depth': 9, 'learning_rate': 0.06864638414486302, 'n_estimators': 188, 'colsample_bytree': 0.6839738971182544}. Best is trial 4 with value: 0.9793103448275862.
Trial 85 finished with value: 0.9793103448275862 and parameters: {'num_leaves': 40, 'max_depth': 5, 'learning_rate': 0.062127780299938366, 'n_estimators': 129, 'colsample_bytree': 0.6061939995180932}. Best is trial 4 with value: 0.9793103448275862.
Trial 86 finished with value: 0.9724137931034482 and parameters: {'num_leaves': 33, 'max_depth': 12, 'learning_rate': 0.030619154421629338, 'n_estimators': 105, 'colsample_bytree': 0.5564545801911492}. Best is trial 4 with value: 0.9793103448275862.
Trial 87 finished with value: 0.9793103448275862 and parameters: {'num_leaves': 35, 'max_depth': 10, 'learning_rate': 0.08892643971483971, 'n_estimators': 256, 'colsample_bytree': 0.6460155612134731}. Best is trial 4 with value: 0.9793103448275862.
Trial 88 finished with value: 0.9724137931034482 and parameters: {'num_leaves': 42, 'max_depth': 8, 'learning_rate': 0.04846689721681211, 'n_estimators': 210, 'colsample_bytree': 0.46790682999736233}. Best is trial 4 with value: 0.9793103448275862.
Trial 89 finished with value: 0.9793103448275862 and parameters: {'num_leaves': 31, 'max_depth': 11, 'learning_rate': 0.035795378451863494, 'n_estimators': 180, 'colsample_bytree': 0.535245286761749}. Best is trial 4 with value: 0.9793103448275862.
Trial 90 finished with value: 0.9793103448275862 and parameters: {'num_leaves': 34, 'max_depth': 10, 'learning_rate': 0.07645187624371441, 'n_estimators': 243, 'colsample_bytree': 0.5100414996659528}. Best is trial 4 with value: 0.9793103448275862.
Trial 91 finished with value: 0.9793103448275862 and parameters: {'num_leaves': 36, 'max_depth': 10, 'learning_rate': 0.039280651627579925, 'n_estimators': 276, 'colsample_bytree': 0.40823483447547365}. Best is trial 4 with value: 0.9793103448275862.
Trial 92 finished with value: 0.9793103448275862 and parameters: {'num_leaves': 23, 'max_depth': 11, 'learning_rate': 0.045651712150732125, 'n_estimators': 268, 'colsample_bytree': 0.4640117309478837}. Best is trial 4 with value: 0.9793103448275862.
Trial 93 finished with value: 0.9793103448275862 and parameters: {'num_leaves': 37, 'max_depth': 9, 'learning_rate': 0.034123165647973616, 'n_estimators': 288, 'colsample_bytree': 0.48944919071689363}. Best is trial 4 with value: 0.9793103448275862.
Trial 94 finished with value: 0.9793103448275862 and parameters: {'num_leaves': 35, 'max_depth': 7, 'learning_rate': 0.05235738531726888, 'n_estimators': 283, 'colsample_bytree': 0.5896569427285555}. Best is trial 4 with value: 0.9793103448275862.
Trial 95 finished with value: 0.9724137931034482 and parameters: {'num_leaves': 39, 'max_depth': 11, 'learning_rate': 0.043195655593162026, 'n_estimators': 65, 'colsample_bytree': 0.4521585196104852}. Best is trial 4 with value: 0.9793103448275862.
Trial 96 finished with value: 0.9793103448275862 and parameters: {'num_leaves': 33, 'max_depth': 10, 'learning_rate': 0.05901350370690317, 'n_estimators': 257, 'colsample_bytree': 0.3908457769282275}. Best is trial 4 with value: 0.9793103448275862.
Trial 97 finished with value: 0.9793103448275862 and parameters: {'num_leaves': 38, 'max_depth': 10, 'learning_rate': 0.031497684633691285, 'n_estimators': 297, 'colsample_bytree': 0.36805635791417274}. Best is trial 4 with value: 0.9793103448275862.
Trial 98 finished with value: 0.9793103448275862 and parameters: {'num_leaves': 44, 'max_depth': 9, 'learning_rate': 0.07059886643319828, 'n_estimators': 220, 'colsample_bytree': 0.5146056104185749}. Best is trial 4 with value: 0.9793103448275862.
Trial 99 finished with value: 0.9793103448275862 and parameters: {'num_leaves': 36, 'max_depth': 6, 'learning_rate': 0.03830821000261082, 'n_estimators': 229, 'colsample_bytree': 0.5511021805709228}. Best is trial 4 with value: 0.9793103448275862.
A new study created in memory with name: PCA_LR
Trial 0 finished with value: 0.993103448275862 and parameters: {'l1_ratio': 0.25435833541118114, 'C': 0.01150225070324176}. Best is trial 0 with value: 0.993103448275862.
Trial 1 finished with value: 0.993103448275862 and parameters: {'l1_ratio': 0.3021451304377949, 'C': 0.024700994187908373}. Best is trial 0 with value: 0.993103448275862.
Trial 2 finished with value: 0.993103448275862 and parameters: {'l1_ratio': 0.5450275707072973, 'C': 0.02251347803137722}. Best is trial 0 with value: 0.993103448275862.
Trial 3 finished with value: 0.993103448275862 and parameters: {'l1_ratio': 0.16516881922510707, 'C': 0.04841336721728569}. Best is trial 0 with value: 0.993103448275862.
Trial 4 finished with value: 0.993103448275862 and parameters: {'l1_ratio': 0.0961688445625668, 'C': 0.6774556582906531}. Best is trial 0 with value: 0.993103448275862.
Trial 5 finished with value: 0.993103448275862 and parameters: {'l1_ratio': 0.1897759672167637, 'C': 0.969879190337981}. Best is trial 0 with value: 0.993103448275862.
Trial 6 finished with value: 0.993103448275862 and parameters: {'l1_ratio': 0.6555635130996336, 'C': 0.0123911497454951}. Best is trial 0 with value: 0.993103448275862.
Trial 7 finished with value: 0.9862068965517242 and parameters: {'l1_ratio': 0.8148359162789984, 'C': 0.3173837171424211}. Best is trial 0 with value: 0.993103448275862.
Trial 8 finished with value: 0.993103448275862 and parameters: {'l1_ratio': 0.3499278918380476, 'C': 0.015584160941049046}. Best is trial 0 with value: 0.993103448275862.
Trial 9 finished with value: 0.993103448275862 and parameters: {'l1_ratio': 0.41250909347261344, 'C': 0.09866135891040827}. Best is trial 0 with value: 0.993103448275862.
Trial 10 finished with value: 0.993103448275862 and parameters: {'l1_ratio': 0.031057503987773183, 'C': 0.010983943519989712}. Best is trial 0 with value: 0.993103448275862.
Trial 11 finished with value: 0.993103448275862 and parameters: {'l1_ratio': 0.2943630428645018, 'C': 0.03094127675177333}. Best is trial 0 with value: 0.993103448275862.
Trial 12 finished with value: 0.993103448275862 and parameters: {'l1_ratio': 0.24659527899730088, 'C': 0.03956627921101171}. Best is trial 0 with value: 0.993103448275862.
Trial 13 finished with value: 0.993103448275862 and parameters: {'l1_ratio': 0.42832943913710064, 'C': 0.010236211660382603}. Best is trial 0 with value: 0.993103448275862.
Trial 14 finished with value: 0.993103448275862 and parameters: {'l1_ratio': 0.0326103328163313, 'C': 0.023050936274667883}. Best is trial 0 with value: 0.993103448275862.
Trial 15 finished with value: 0.993103448275862 and parameters: {'l1_ratio': 0.2818702494663151, 'C': 0.06322456932260762}. Best is trial 0 with value: 0.993103448275862.
Trial 16 finished with value: 0.993103448275862 and parameters: {'l1_ratio': 0.5221804224517719, 'C': 0.020288676266213754}. Best is trial 0 with value: 0.993103448275862.
Trial 17 finished with value: 0.993103448275862 and parameters: {'l1_ratio': 0.20160392544071293, 'C': 0.02771456072126625}. Best is trial 0 with value: 0.993103448275862.
Trial 18 finished with value: 0.993103448275862 and parameters: {'l1_ratio': 0.3536932015608912, 'C': 0.017496487385380493}. Best is trial 0 with value: 0.993103448275862.
Trial 19 finished with value: 0.993103448275862 and parameters: {'l1_ratio': 0.14215107449769443, 'C': 0.06769414164206869}. Best is trial 0 with value: 0.993103448275862.
Trial 20 finished with value: 0.993103448275862 and parameters: {'l1_ratio': 0.4247787043755295, 'C': 0.04059527124009393}. Best is trial 0 with value: 0.993103448275862.
Trial 21 finished with value: 0.993103448275862 and parameters: {'l1_ratio': 0.5244926628650419, 'C': 0.01698009070211483}. Best is trial 0 with value: 0.993103448275862.
Trial 22 finished with value: 0.993103448275862 and parameters: {'l1_ratio': 0.6338937613135763, 'C': 0.025512917042993747}. Best is trial 0 with value: 0.993103448275862.
Trial 23 finished with value: 0.993103448275862 and parameters: {'l1_ratio': 0.2489239488372745, 'C': 0.014514198380703412}. Best is trial 0 with value: 0.993103448275862.
Trial 24 finished with value: 0.993103448275862 and parameters: {'l1_ratio': 0.9984323609889157, 'C': 0.010664523562426611}. Best is trial 0 with value: 0.993103448275862.
Trial 25 finished with value: 0.993103448275862 and parameters: {'l1_ratio': 0.3405167797922376, 'C': 0.020141829453459516}. Best is trial 0 with value: 0.993103448275862.
Trial 26 finished with value: 0.993103448275862 and parameters: {'l1_ratio': 0.0886364298867709, 'C': 0.034025340975799616}. Best is trial 0 with value: 0.993103448275862.
Trial 27 finished with value: 0.993103448275862 and parameters: {'l1_ratio': 0.4797264369050636, 'C': 0.02588743129654843}. Best is trial 0 with value: 0.993103448275862.
Trial 28 finished with value: 0.993103448275862 and parameters: {'l1_ratio': 0.2301438586168787, 'C': 0.015239123636318437}. Best is trial 0 with value: 0.993103448275862.
Trial 29 finished with value: 0.993103448275862 and parameters: {'l1_ratio': 0.14656636103498233, 'C': 0.05124745375723896}. Best is trial 0 with value: 0.993103448275862.
Trial 30 finished with value: 0.993103448275862 and parameters: {'l1_ratio': 0.2845942764126274, 'C': 0.020884865614386315}. Best is trial 0 with value: 0.993103448275862.
Trial 31 finished with value: 0.993103448275862 and parameters: {'l1_ratio': 0.12460810240093231, 'C': 0.04332591662657923}. Best is trial 0 with value: 0.993103448275862.
Trial 32 finished with value: 0.993103448275862 and parameters: {'l1_ratio': 0.18990262825841955, 'C': 0.031358164028893236}. Best is trial 0 with value: 0.993103448275862.
