Trial 29 finished with value: 0.6166666666666667 and parameters: {'l1_ratio': 0.9727884013537691, 'C': 0.019236233973393354}. Best is trial 3 with value: 0.8333333333333333.
Trial 30 finished with value: 0.7500000000000001 and parameters: {'l1_ratio': 0.5486730102097643, 'C': 0.04509449809691723}. Best is trial 3 with value: 0.8333333333333333.
Trial 31 finished with value: 0.8333333333333333 and parameters: {'l1_ratio': 0.49522214206338433, 'C': 0.41652203192140125}. Best is trial 3 with value: 0.8333333333333333.
Trial 32 finished with value: 0.8166666666666667 and parameters: {'l1_ratio': 0.6249760702750702, 'C': 0.324238645803838}. Best is trial 3 with value: 0.8333333333333333.
Trial 33 finished with value: 0.8166666666666667 and parameters: {'l1_ratio': 0.5352901823098111, 'C': 0.624351790540456}. Best is trial 3 with value: 0.8333333333333333.
Trial 34 finished with value: 0.8166666666666667 and parameters: {'l1_ratio': 0.5961572060201128, 'C': 0.31716076410910216}. Best is trial 3 with value: 0.8333333333333333.
Trial 35 finished with value: 0.7833333333333333 and parameters: {'l1_ratio': 0.2465942174099649, 'C': 0.014462387559157703}. Best is trial 3 with value: 0.8333333333333333.
Trial 36 finished with value: 0.7666666666666667 and parameters: {'l1_ratio': 0.4748663015465595, 'C': 0.02937419783324284}. Best is trial 3 with value: 0.8333333333333333.
Trial 37 finished with value: 0.4666666666666667 and parameters: {'l1_ratio': 0.7031899165507995, 'C': 0.010183588162588486}. Best is trial 3 with value: 0.8333333333333333.
Trial 38 finished with value: 0.8 and parameters: {'l1_ratio': 0.38330819162698393, 'C': 0.6093306754930048}. Best is trial 3 with value: 0.8333333333333333.
Trial 39 finished with value: 0.8166666666666667 and parameters: {'l1_ratio': 0.49461615239227097, 'C': 0.17778837315318605}. Best is trial 3 with value: 0.8333333333333333.
Trial 40 finished with value: 0.8333333333333333 and parameters: {'l1_ratio': 0.5690785781523718, 'C': 0.3848302396439586}. Best is trial 3 with value: 0.8333333333333333.
Trial 41 finished with value: 0.8166666666666667 and parameters: {'l1_ratio': 0.6268791603699566, 'C': 0.2190802461371681}. Best is trial 3 with value: 0.8333333333333333.
Trial 42 finished with value: 0.8333333333333333 and parameters: {'l1_ratio': 0.5674710386449919, 'C': 0.15032360495198857}. Best is trial 3 with value: 0.8333333333333333.
Trial 43 finished with value: 0.75 and parameters: {'l1_ratio': 0.6248527253439272, 'C': 0.11279143385730384}. Best is trial 3 with value: 0.8333333333333333.
Trial 44 finished with value: 0.8333333333333333 and parameters: {'l1_ratio': 0.708966396319848, 'C': 0.19529657082084653}. Best is trial 3 with value: 0.8333333333333333.
Trial 45 finished with value: 0.8333333333333333 and parameters: {'l1_ratio': 0.514556172307141, 'C': 0.3562273765495148}. Best is trial 3 with value: 0.8333333333333333.
Trial 46 finished with value: 0.8333333333333333 and parameters: {'l1_ratio': 0.5804157725489183, 'C': 0.16020034670478767}. Best is trial 3 with value: 0.8333333333333333.
Trial 47 finished with value: 0.7666666666666667 and parameters: {'l1_ratio': 0.6737875733911713, 'C': 0.13192505682832956}. Best is trial 3 with value: 0.8333333333333333.
Trial 48 finished with value: 0.8166666666666667 and parameters: {'l1_ratio': 0.4373803606766077, 'C': 0.22770082810851347}. Best is trial 3 with value: 0.8333333333333333.
Trial 49 finished with value: 0.8333333333333333 and parameters: {'l1_ratio': 0.743108388735581, 'C': 0.5336127622035838}. Best is trial 3 with value: 0.8333333333333333.
Trial 50 finished with value: 0.7833333333333334 and parameters: {'l1_ratio': 0.6321144352371667, 'C': 0.08932893499850465}. Best is trial 3 with value: 0.8333333333333333.
Trial 51 finished with value: 0.8166666666666667 and parameters: {'l1_ratio': 0.05404362030781072, 'C': 0.09428923305354722}. Best is trial 3 with value: 0.8333333333333333.
Trial 52 finished with value: 0.8166666666666667 and parameters: {'l1_ratio': 0.12927202133852536, 'C': 0.16561643019268832}. Best is trial 3 with value: 0.8333333333333333.
Trial 53 finished with value: 0.7999999999999999 and parameters: {'l1_ratio': 0.09955004172378752, 'C': 0.2662614096842957}. Best is trial 3 with value: 0.8333333333333333.
Trial 54 finished with value: 0.8166666666666667 and parameters: {'l1_ratio': 0.18120054815894313, 'C': 0.1195800920939417}. Best is trial 3 with value: 0.8333333333333333.
Trial 55 finished with value: 0.8666666666666666 and parameters: {'l1_ratio': 0.20453207445362315, 'C': 0.06715474027307082}. Best is trial 55 with value: 0.8666666666666666.
Trial 56 finished with value: 0.8333333333333333 and parameters: {'l1_ratio': 0.25294992665406946, 'C': 0.13792091015337826}. Best is trial 55 with value: 0.8666666666666666.
Trial 57 finished with value: 0.8333333333333334 and parameters: {'l1_ratio': 0.08157297836282405, 'C': 0.06669353047849204}. Best is trial 55 with value: 0.8666666666666666.
Trial 58 finished with value: 0.85 and parameters: {'l1_ratio': 0.09698195695393866, 'C': 0.0725150589441905}. Best is trial 55 with value: 0.8666666666666666.
Trial 59 finished with value: 0.8333333333333334 and parameters: {'l1_ratio': 0.08547105099913475, 'C': 0.06359746832891468}. Best is trial 55 with value: 0.8666666666666666.
Trial 60 finished with value: 0.8333333333333334 and parameters: {'l1_ratio': 0.08749797900183774, 'C': 0.07005316056673366}. Best is trial 55 with value: 0.8666666666666666.
Trial 61 finished with value: 0.8333333333333334 and parameters: {'l1_ratio': 0.06833770153676016, 'C': 0.06886796925871741}. Best is trial 55 with value: 0.8666666666666666.
Trial 62 finished with value: 0.85 and parameters: {'l1_ratio': 0.09632590640739412, 'C': 0.0684798593237089}. Best is trial 55 with value: 0.8666666666666666.
Trial 63 finished with value: 0.85 and parameters: {'l1_ratio': 0.08866454133538924, 'C': 0.06783367169406591}. Best is trial 55 with value: 0.8666666666666666.
Trial 64 finished with value: 0.85 and parameters: {'l1_ratio': 0.0972609434197798, 'C': 0.05955154860562587}. Best is trial 55 with value: 0.8666666666666666.
Trial 65 finished with value: 0.85 and parameters: {'l1_ratio': 0.1363161107681099, 'C': 0.06105999815949959}. Best is trial 55 with value: 0.8666666666666666.
Trial 66 finished with value: 0.8666666666666666 and parameters: {'l1_ratio': 0.14202777302512462, 'C': 0.05597503704441488}. Best is trial 55 with value: 0.8666666666666666.
Trial 67 finished with value: 0.8666666666666666 and parameters: {'l1_ratio': 0.14448258001821682, 'C': 0.055966453164306026}. Best is trial 55 with value: 0.8666666666666666.
Trial 68 finished with value: 0.8833333333333332 and parameters: {'l1_ratio': 0.1566015895385546, 'C': 0.04839971634777303}. Best is trial 68 with value: 0.8833333333333332.
Trial 69 finished with value: 0.8833333333333332 and parameters: {'l1_ratio': 0.17177758303508994, 'C': 0.050393866955470934}. Best is trial 68 with value: 0.8833333333333332.
Trial 70 finished with value: 0.8666666666666666 and parameters: {'l1_ratio': 0.15449183479348072, 'C': 0.05022032670823535}. Best is trial 68 with value: 0.8833333333333332.
Trial 71 finished with value: 0.8666666666666666 and parameters: {'l1_ratio': 0.1594251668347728, 'C': 0.050682377910521596}. Best is trial 68 with value: 0.8833333333333332.
Trial 72 finished with value: 0.8666666666666666 and parameters: {'l1_ratio': 0.15884211194010966, 'C': 0.05043319513358278}. Best is trial 68 with value: 0.8833333333333332.
Trial 73 finished with value: 0.8666666666666666 and parameters: {'l1_ratio': 0.1529235450245345, 'C': 0.05010015607458235}. Best is trial 68 with value: 0.8833333333333332.
Trial 74 finished with value: 0.8166666666666667 and parameters: {'l1_ratio': 0.21807843457275605, 'C': 0.041367368887168354}. Best is trial 68 with value: 0.8833333333333332.
Trial 75 finished with value: 0.8666666666666666 and parameters: {'l1_ratio': 0.15703996461282071, 'C': 0.052119236286449766}. Best is trial 68 with value: 0.8833333333333332.
Trial 76 finished with value: 0.8333333333333333 and parameters: {'l1_ratio': 0.18960712564114712, 'C': 0.03890973023638024}. Best is trial 68 with value: 0.8833333333333332.
Trial 77 finished with value: 0.85 and parameters: {'l1_ratio': 0.12185408269022713, 'C': 0.08150207832823651}. Best is trial 68 with value: 0.8833333333333332.
Trial 78 finished with value: 0.8333333333333333 and parameters: {'l1_ratio': 0.20744437458309348, 'C': 0.03688723455206572}. Best is trial 68 with value: 0.8833333333333332.
Trial 79 finished with value: 0.8666666666666666 and parameters: {'l1_ratio': 0.15280121812478611, 'C': 0.05377993080470943}. Best is trial 68 with value: 0.8833333333333332.
Trial 80 finished with value: 0.85 and parameters: {'l1_ratio': 0.04020913710475904, 'C': 0.04900722044392758}. Best is trial 68 with value: 0.8833333333333332.
Trial 81 finished with value: 0.9 and parameters: {'l1_ratio': 0.17150197624434038, 'C': 0.04903368814407404}. Best is trial 81 with value: 0.9.
Trial 82 finished with value: 0.9 and parameters: {'l1_ratio': 0.18066520516888435, 'C': 0.04585130796625743}. Best is trial 81 with value: 0.9.
Trial 83 finished with value: 0.8166666666666667 and parameters: {'l1_ratio': 0.23675944034230179, 'C': 0.04421508941854996}. Best is trial 81 with value: 0.9.
Trial 84 finished with value: 0.85 and parameters: {'l1_ratio': 0.18494784528083683, 'C': 0.03363630098206174}. Best is trial 81 with value: 0.9.
Trial 85 finished with value: 0.85 and parameters: {'l1_ratio': 0.12452145050704427, 'C': 0.056466259832516255}. Best is trial 81 with value: 0.9.
Trial 86 finished with value: 0.7833333333333334 and parameters: {'l1_ratio': 0.27454812787317046, 'C': 0.045820359088768865}. Best is trial 81 with value: 0.9.
Trial 87 finished with value: 0.8666666666666666 and parameters: {'l1_ratio': 0.18854926344453798, 'C': 0.058039182655806175}. Best is trial 81 with value: 0.9.
Trial 88 finished with value: 0.8166666666666667 and parameters: {'l1_ratio': 0.21506733940912498, 'C': 0.040645802684996186}. Best is trial 81 with value: 0.9.
Trial 89 finished with value: 0.8333333333333333 and parameters: {'l1_ratio': 0.2795779568593092, 'C': 0.07884218077566581}. Best is trial 81 with value: 0.9.
Trial 90 finished with value: 0.85 and parameters: {'l1_ratio': 0.17252238963367184, 'C': 0.031205071103664713}. Best is trial 81 with value: 0.9.
Trial 91 finished with value: 0.8666666666666666 and parameters: {'l1_ratio': 0.15665342269496865, 'C': 0.049139576760597}. Best is trial 81 with value: 0.9.
Trial 92 finished with value: 0.8666666666666666 and parameters: {'l1_ratio': 0.1408614118830403, 'C': 0.05527620920195961}. Best is trial 81 with value: 0.9.
Trial 93 finished with value: 0.9 and parameters: {'l1_ratio': 0.16942470577125573, 'C': 0.04581664971745984}. Best is trial 81 with value: 0.9.
Trial 94 finished with value: 0.85 and parameters: {'l1_ratio': 0.11250163732389236, 'C': 0.043878963767392774}. Best is trial 81 with value: 0.9.
Trial 95 finished with value: 0.9 and parameters: {'l1_ratio': 0.12368401919303396, 'C': 0.035636050501993886}. Best is trial 81 with value: 0.9.
Trial 96 finished with value: 0.8333333333333333 and parameters: {'l1_ratio': 0.20082595734602088, 'C': 0.03555684925500534}. Best is trial 81 with value: 0.9.
Trial 97 finished with value: 0.9 and parameters: {'l1_ratio': 0.12830282853973418, 'C': 0.0394060621169051}. Best is trial 81 with value: 0.9.
Trial 98 finished with value: 0.85 and parameters: {'l1_ratio': 0.05757576888490279, 'C': 0.029702959510833602}. Best is trial 81 with value: 0.9.
Trial 99 finished with value: 0.9 and parameters: {'l1_ratio': 0.12373894314162068, 'C': 0.03787244899901833}. Best is trial 81 with value: 0.9.
A new study created in memory with name: GSPCA_LR
Trial 0 finished with value: 0.8666666666666666 and parameters: {'l1_ratio': 0.17391152553946165, 'C': 0.03606593854229983}. Best is trial 0 with value: 0.8666666666666666.
Trial 1 finished with value: 0.7500000000000001 and parameters: {'l1_ratio': 0.014889444512784178, 'C': 0.7368948865159697}. Best is trial 0 with value: 0.8666666666666666.
Trial 2 finished with value: 0.7666666666666667 and parameters: {'l1_ratio': 0.5312616562252721, 'C': 0.07004160189160712}. Best is trial 0 with value: 0.8666666666666666.
Trial 3 finished with value: 0.7666666666666667 and parameters: {'l1_ratio': 0.9379543286509046, 'C': 0.3829555164792729}. Best is trial 0 with value: 0.8666666666666666.
Trial 4 finished with value: 0.7500000000000001 and parameters: {'l1_ratio': 0.9241982211624518, 'C': 0.03880670349324333}. Best is trial 0 with value: 0.8666666666666666.
Trial 5 finished with value: 0.4999999999999999 and parameters: {'l1_ratio': 0.7058025713645982, 'C': 0.01015107720968053}. Best is trial 0 with value: 0.8666666666666666.
Trial 6 finished with value: 0.85 and parameters: {'l1_ratio': 0.01821841570598004, 'C': 0.02894776628530914}. Best is trial 0 with value: 0.8666666666666666.
Trial 7 finished with value: 0.7833333333333334 and parameters: {'l1_ratio': 0.5696523589770183, 'C': 0.07342881125426765}. Best is trial 0 with value: 0.8666666666666666.
Trial 8 finished with value: 0.8 and parameters: {'l1_ratio': 0.038546603914752064, 'C': 0.07332997751587797}. Best is trial 0 with value: 0.8666666666666666.
Trial 9 finished with value: 0.7833333333333334 and parameters: {'l1_ratio': 0.7397171403888009, 'C': 0.26400455363955716}. Best is trial 0 with value: 0.8666666666666666.
Trial 10 finished with value: 0.7666666666666667 and parameters: {'l1_ratio': 0.26479575804194266, 'C': 0.2088225623978129}. Best is trial 0 with value: 0.8666666666666666.
Trial 11 finished with value: 0.8 and parameters: {'l1_ratio': 0.23323975076134537, 'C': 0.027493253611625572}. Best is trial 0 with value: 0.8666666666666666.
Trial 12 finished with value: 0.8166666666666667 and parameters: {'l1_ratio': 0.21502039130671396, 'C': 0.021836452985524592}. Best is trial 0 with value: 0.8666666666666666.
Trial 13 finished with value: 0.8166666666666668 and parameters: {'l1_ratio': 0.1359264766489823, 'C': 0.014138969905226123}. Best is trial 0 with value: 0.8666666666666666.
Trial 14 finished with value: 0.7833333333333333 and parameters: {'l1_ratio': 0.3509494694199202, 'C': 0.03343703920777817}. Best is trial 0 with value: 0.8666666666666666.
Trial 15 finished with value: 0.8333333333333334 and parameters: {'l1_ratio': 0.0070936655108530255, 'C': 0.04840086707084078}. Best is trial 0 with value: 0.8666666666666666.
Trial 16 finished with value: 0.8 and parameters: {'l1_ratio': 0.33285729869139247, 'C': 0.020863161242666222}. Best is trial 0 with value: 0.8666666666666666.
Trial 17 finished with value: 0.7833333333333333 and parameters: {'l1_ratio': 0.1358934801016355, 'C': 0.11166030989755814}. Best is trial 0 with value: 0.8666666666666666.
Trial 18 finished with value: 0.7666666666666667 and parameters: {'l1_ratio': 0.40598349602048434, 'C': 0.016722730116593493}. Best is trial 0 with value: 0.8666666666666666.
Trial 19 finished with value: 0.85 and parameters: {'l1_ratio': 0.13116216545257653, 'C': 0.0438082590982645}. Best is trial 0 with value: 0.8666666666666666.
Trial 20 finished with value: 0.7666666666666667 and parameters: {'l1_ratio': 0.43633670570441496, 'C': 0.02625459693144833}. Best is trial 0 with value: 0.8666666666666666.
Trial 21 finished with value: 0.8333333333333334 and parameters: {'l1_ratio': 0.12026855760357298, 'C': 0.04418467882347178}. Best is trial 0 with value: 0.8666666666666666.
Trial 22 finished with value: 0.8333333333333334 and parameters: {'l1_ratio': 0.117992883636309, 'C': 0.04959621418715945}. Best is trial 0 with value: 0.8666666666666666.
Trial 23 finished with value: 0.7999999999999999 and parameters: {'l1_ratio': 0.20094814796008142, 'C': 0.030614515442851164}. Best is trial 0 with value: 0.8666666666666666.
Trial 24 finished with value: 0.85 and parameters: {'l1_ratio': 0.09280364371221528, 'C': 0.017462839199910287}. Best is trial 0 with value: 0.8666666666666666.
Trial 25 finished with value: 0.7500000000000001 and parameters: {'l1_ratio': 0.2854933593485639, 'C': 0.11460480689456962}. Best is trial 0 with value: 0.8666666666666666.
Trial 26 finished with value: 0.8666666666666666 and parameters: {'l1_ratio': 0.19322159236565878, 'C': 0.035924577821082056}. Best is trial 0 with value: 0.8666666666666666.
Trial 27 finished with value: 0.8333333333333334 and parameters: {'l1_ratio': 0.18375435402629473, 'C': 0.024901378551850598}. Best is trial 0 with value: 0.8666666666666666.
Trial 28 finished with value: 0.85 and parameters: {'l1_ratio': 0.06219814416958709, 'C': 0.012300433017736851}. Best is trial 0 with value: 0.8666666666666666.
Trial 29 finished with value: 0.85 and parameters: {'l1_ratio': 0.0031135903608137394, 'C': 0.02071430979723521}. Best is trial 0 with value: 0.8666666666666666.
Trial 30 finished with value: 0.8166666666666667 and parameters: {'l1_ratio': 0.04014411801104853, 'C': 0.03313701481486226}. Best is trial 0 with value: 0.8666666666666666.
Trial 31 finished with value: 0.8333333333333333 and parameters: {'l1_ratio': 0.1656876209042078, 'C': 0.04808877242586346}. Best is trial 0 with value: 0.8666666666666666.
Trial 32 finished with value: 0.8 and parameters: {'l1_ratio': 0.0651031929568559, 'C': 0.059186004681635394}. Best is trial 0 with value: 0.8666666666666666.
Trial 33 finished with value: 0.85 and parameters: {'l1_ratio': 0.1792755606727257, 'C': 0.041292863429960296}. Best is trial 0 with value: 0.8666666666666666.
Trial 34 finished with value: 0.8333333333333334 and parameters: {'l1_ratio': 0.08351623054248555, 'C': 0.03671173075513662}. Best is trial 0 with value: 0.8666666666666666.
Trial 35 finished with value: 0.7833333333333333 and parameters: {'l1_ratio': 0.27180111877417457, 'C': 0.9315356672435302}. Best is trial 0 with value: 0.8666666666666666.
Trial 36 finished with value: 0.8 and parameters: {'l1_ratio': 0.0031200097541589054, 'C': 0.08197458071068818}. Best is trial 0 with value: 0.8666666666666666.
Trial 37 finished with value: 0.8 and parameters: {'l1_ratio': 0.160941124388807, 'C': 0.064867640979792}. Best is trial 0 with value: 0.8666666666666666.
Trial 38 finished with value: 0.85 and parameters: {'l1_ratio': 0.08385959005742133, 'C': 0.031366077578144566}. Best is trial 0 with value: 0.8666666666666666.
Trial 39 finished with value: 0.8333333333333333 and parameters: {'l1_ratio': 0.21086569979242403, 'C': 0.038617528655195264}. Best is trial 0 with value: 0.8666666666666666.
Trial 40 finished with value: 0.8 and parameters: {'l1_ratio': 0.11106372307648943, 'C': 0.05498048321140697}. Best is trial 0 with value: 0.8666666666666666.
Trial 41 finished with value: 0.85 and parameters: {'l1_ratio': 0.08956077618815152, 'C': 0.016984620169755344}. Best is trial 0 with value: 0.8666666666666666.
Trial 42 finished with value: 0.7666666666666667 and parameters: {'l1_ratio': 0.23277388709589636, 'C': 0.010158734019956183}. Best is trial 0 with value: 0.8666666666666666.
Trial 43 finished with value: 0.85 and parameters: {'l1_ratio': 0.05376974612015559, 'C': 0.024998655762385125}. Best is trial 0 with value: 0.8666666666666666.
Trial 44 finished with value: 0.8333333333333334 and parameters: {'l1_ratio': 0.14561930835217315, 'C': 0.015927294931239802}. Best is trial 0 with value: 0.8666666666666666.
Trial 45 finished with value: 0.8666666666666666 and parameters: {'l1_ratio': 0.047557174894392235, 'C': 0.020114544767520018}. Best is trial 0 with value: 0.8666666666666666.
Trial 46 finished with value: 0.7999999999999999 and parameters: {'l1_ratio': 0.25909914334017914, 'C': 0.03890141953590256}. Best is trial 0 with value: 0.8666666666666666.
Trial 47 finished with value: 0.85 and parameters: {'l1_ratio': 0.029221186340859337, 'C': 0.021525000309216728}. Best is trial 0 with value: 0.8666666666666666.
Trial 48 finished with value: 0.85 and parameters: {'l1_ratio': 0.151902475057057, 'C': 0.027882606383221063}. Best is trial 0 with value: 0.8666666666666666.
Trial 49 finished with value: 0.8166666666666667 and parameters: {'l1_ratio': 0.043213273271156455, 'C': 0.03482616057326156}. Best is trial 0 with value: 0.8666666666666666.
Trial 50 finished with value: 0.8 and parameters: {'l1_ratio': 0.31810945926144263, 'C': 0.0233433988727995}. Best is trial 0 with value: 0.8666666666666666.
Trial 51 finished with value: 0.85 and parameters: {'l1_ratio': 0.10515711880112791, 'C': 0.016284511406982304}. Best is trial 0 with value: 0.8666666666666666.
Trial 52 finished with value: 0.85 and parameters: {'l1_ratio': 0.08399614438590798, 'C': 0.019720347752138885}. Best is trial 0 with value: 0.8666666666666666.
Trial 53 finished with value: 0.7999999999999999 and parameters: {'l1_ratio': 0.20161919160147918, 'C': 0.029411273291661277}. Best is trial 0 with value: 0.8666666666666666.
Trial 54 finished with value: 0.85 and parameters: {'l1_ratio': 0.14801550708501296, 'C': 0.01857370154887057}. Best is trial 0 with value: 0.8666666666666666.
Trial 55 finished with value: 0.85 and parameters: {'l1_ratio': 0.024196729248101595, 'C': 0.012820923635515489}. Best is trial 0 with value: 0.8666666666666666.
Trial 56 finished with value: 0.7833333333333334 and parameters: {'l1_ratio': 0.2290332478365099, 'C': 0.02809565671426714}. Best is trial 0 with value: 0.8666666666666666.
Trial 57 finished with value: 0.8333333333333333 and parameters: {'l1_ratio': 0.11146591532829765, 'C': 0.023658074304615473}. Best is trial 0 with value: 0.8666666666666666.
Trial 58 finished with value: 0.8166666666666667 and parameters: {'l1_ratio': 0.054017602287505184, 'C': 0.0443801032968672}. Best is trial 0 with value: 0.8666666666666666.
Trial 59 finished with value: 0.8166666666666667 and parameters: {'l1_ratio': 0.184599635099457, 'C': 0.0187781620984807}. Best is trial 0 with value: 0.8666666666666666.
