Trial 9 finished with value: 0.6782608695652174 and parameters: {'l1_ratio': 0.8038243048764148, 'C': 0.011323439282061762}. Best is trial 0 with value: 0.7043478260869565.
Trial 10 finished with value: 0.6956521739130435 and parameters: {'l1_ratio': 0.9470956315623923, 'C': 0.10972200380725733}. Best is trial 0 with value: 0.7043478260869565.
Trial 11 finished with value: 0.7130434782608696 and parameters: {'l1_ratio': 0.3728381748137023, 'C': 0.03725149794710847}. Best is trial 11 with value: 0.7130434782608696.
Trial 12 finished with value: 0.6956521739130435 and parameters: {'l1_ratio': 0.29437985398779837, 'C': 0.05752002511690737}. Best is trial 11 with value: 0.7130434782608696.
Trial 13 finished with value: 0.7043478260869565 and parameters: {'l1_ratio': 0.9808337949462395, 'C': 0.053165935949413066}. Best is trial 11 with value: 0.7130434782608696.
Trial 14 finished with value: 0.6956521739130435 and parameters: {'l1_ratio': 0.317898590796693, 'C': 0.24834292581369044}. Best is trial 11 with value: 0.7130434782608696.
Trial 15 finished with value: 0.7043478260869565 and parameters: {'l1_ratio': 0.765416540571912, 'C': 0.03038897405720107}. Best is trial 11 with value: 0.7130434782608696.
Trial 16 finished with value: 0.6956521739130435 and parameters: {'l1_ratio': 0.8442188937820199, 'C': 0.13476359412160208}. Best is trial 11 with value: 0.7130434782608696.
Trial 17 finished with value: 0.6956521739130436 and parameters: {'l1_ratio': 0.9985478957054243, 'C': 0.04280502355165391}. Best is trial 11 with value: 0.7130434782608696.
Trial 18 finished with value: 0.7043478260869566 and parameters: {'l1_ratio': 0.6845937409303045, 'C': 0.0191679725930611}. Best is trial 11 with value: 0.7130434782608696.
Trial 19 finished with value: 0.6956521739130435 and parameters: {'l1_ratio': 0.6776258163436283, 'C': 0.01504613590106582}. Best is trial 11 with value: 0.7130434782608696.
Trial 20 finished with value: 0.7043478260869566 and parameters: {'l1_ratio': 0.6775648986835556, 'C': 0.0170443373151752}. Best is trial 11 with value: 0.7130434782608696.
Trial 21 finished with value: 0.7043478260869566 and parameters: {'l1_ratio': 0.6815254858744808, 'C': 0.017786522704338052}. Best is trial 11 with value: 0.7130434782608696.
Trial 22 finished with value: 0.7043478260869566 and parameters: {'l1_ratio': 0.4077752353263383, 'C': 0.018104410153543617}. Best is trial 11 with value: 0.7130434782608696.
Trial 23 finished with value: 0.7043478260869565 and parameters: {'l1_ratio': 0.6547279521273714, 'C': 0.03154108561983155}. Best is trial 11 with value: 0.7130434782608696.
Trial 24 finished with value: 0.7217391304347827 and parameters: {'l1_ratio': 0.730143234994935, 'C': 0.017593434746041175}. Best is trial 24 with value: 0.7217391304347827.
Trial 25 finished with value: 0.7043478260869566 and parameters: {'l1_ratio': 0.8796069155293802, 'C': 0.023111283308199147}. Best is trial 24 with value: 0.7217391304347827.
Trial 26 finished with value: 0.6782608695652174 and parameters: {'l1_ratio': 0.7710026414285743, 'C': 0.010880739088548497}. Best is trial 24 with value: 0.7217391304347827.
Trial 27 finished with value: 0.6956521739130436 and parameters: {'l1_ratio': 0.8682851125697189, 'C': 0.03882118839943927}. Best is trial 24 with value: 0.7217391304347827.
Trial 28 finished with value: 0.7043478260869565 and parameters: {'l1_ratio': 0.5503493977688447, 'C': 0.02144750439584868}. Best is trial 24 with value: 0.7217391304347827.
Trial 29 finished with value: 0.7043478260869565 and parameters: {'l1_ratio': 0.6254939111507586, 'C': 0.03262553485664175}. Best is trial 24 with value: 0.7217391304347827.
Trial 30 finished with value: 0.6521739130434783 and parameters: {'l1_ratio': 0.7476562658063464, 'C': 0.013010089513247143}. Best is trial 24 with value: 0.7217391304347827.
Trial 31 finished with value: 0.7130434782608697 and parameters: {'l1_ratio': 0.6743277991531236, 'C': 0.016727847362435815}. Best is trial 24 with value: 0.7217391304347827.
Trial 32 finished with value: 0.6956521739130435 and parameters: {'l1_ratio': 0.712639208415086, 'C': 0.01482849660141402}. Best is trial 24 with value: 0.7217391304347827.
Trial 33 finished with value: 0.7130434782608697 and parameters: {'l1_ratio': 0.8087218266890287, 'C': 0.019940238175472632}. Best is trial 24 with value: 0.7217391304347827.
Trial 34 finished with value: 0.6608695652173913 and parameters: {'l1_ratio': 0.8066833366458339, 'C': 0.014834009432041223}. Best is trial 24 with value: 0.7217391304347827.
Trial 35 finished with value: 0.7043478260869566 and parameters: {'l1_ratio': 0.9032180108107561, 'C': 0.02318884334299603}. Best is trial 24 with value: 0.7217391304347827.
Trial 36 finished with value: 0.7043478260869566 and parameters: {'l1_ratio': 0.620283579651926, 'C': 0.02707110761308305}. Best is trial 24 with value: 0.7217391304347827.
Trial 37 finished with value: 0.6608695652173913 and parameters: {'l1_ratio': 0.8332275643716368, 'C': 0.013989562137290181}. Best is trial 24 with value: 0.7217391304347827.
Trial 38 finished with value: 0.6782608695652175 and parameters: {'l1_ratio': 0.5445839642396364, 'C': 0.010379901761861753}. Best is trial 24 with value: 0.7217391304347827.
Trial 39 finished with value: 0.7043478260869565 and parameters: {'l1_ratio': 0.48696280760541377, 'C': 0.0199121119600712}. Best is trial 24 with value: 0.7217391304347827.
Trial 40 finished with value: 0.7043478260869565 and parameters: {'l1_ratio': 0.8088380321299662, 'C': 0.039860168724648905}. Best is trial 24 with value: 0.7217391304347827.
Trial 41 finished with value: 0.6956521739130435 and parameters: {'l1_ratio': 0.7179813943857418, 'C': 0.021047508707404024}. Best is trial 24 with value: 0.7217391304347827.
Trial 42 finished with value: 0.6956521739130436 and parameters: {'l1_ratio': 0.6054416771358657, 'C': 0.027844085695505696}. Best is trial 24 with value: 0.7217391304347827.
Trial 43 finished with value: 0.7130434782608697 and parameters: {'l1_ratio': 0.7770419966952391, 'C': 0.017833433616393172}. Best is trial 24 with value: 0.7217391304347827.
Trial 44 finished with value: 0.6347826086956523 and parameters: {'l1_ratio': 0.9247580588355985, 'C': 0.012600973288399169}. Best is trial 24 with value: 0.7217391304347827.
Trial 45 finished with value: 0.6956521739130436 and parameters: {'l1_ratio': 0.7688756923332999, 'C': 0.025032220398031733}. Best is trial 24 with value: 0.7217391304347827.
Trial 46 finished with value: 0.7043478260869566 and parameters: {'l1_ratio': 0.7870924682575036, 'C': 0.01741645178425077}. Best is trial 24 with value: 0.7217391304347827.
Trial 47 finished with value: 0.6608695652173913 and parameters: {'l1_ratio': 0.8576498123177966, 'C': 0.010238283608996672}. Best is trial 24 with value: 0.7217391304347827.
Trial 48 finished with value: 0.7130434782608696 and parameters: {'l1_ratio': 0.737096906731579, 'C': 0.0642472627092057}. Best is trial 24 with value: 0.7217391304347827.
Trial 49 finished with value: 0.6608695652173913 and parameters: {'l1_ratio': 0.8365563628092487, 'C': 0.013082932138636648}. Best is trial 24 with value: 0.7217391304347827.
A new study created in memory with name: GSPCA_LGBM
Trial 0 finished with value: 0.9862068965517242 and parameters: {'num_leaves': 92, 'max_depth': 7, 'min_child_samples': 4}. Best is trial 0 with value: 0.9862068965517242.
Trial 1 finished with value: 0.9862068965517242 and parameters: {'num_leaves': 16, 'max_depth': 9, 'min_child_samples': 3}. Best is trial 0 with value: 0.9862068965517242.
Trial 2 finished with value: 0.9862068965517242 and parameters: {'num_leaves': 66, 'max_depth': 5, 'min_child_samples': 4}. Best is trial 0 with value: 0.9862068965517242.
Trial 3 finished with value: 0.9793103448275862 and parameters: {'num_leaves': 77, 'max_depth': 17, 'min_child_samples': 2}. Best is trial 0 with value: 0.9862068965517242.
Trial 4 finished with value: 0.9862068965517242 and parameters: {'num_leaves': 95, 'max_depth': 7, 'min_child_samples': 5}. Best is trial 0 with value: 0.9862068965517242.
Trial 5 finished with value: 0.9793103448275862 and parameters: {'num_leaves': 44, 'max_depth': 6, 'min_child_samples': 2}. Best is trial 0 with value: 0.9862068965517242.
Trial 6 finished with value: 0.9862068965517242 and parameters: {'num_leaves': 64, 'max_depth': 16, 'min_child_samples': 3}. Best is trial 0 with value: 0.9862068965517242.
Trial 7 finished with value: 0.9793103448275862 and parameters: {'num_leaves': 39, 'max_depth': 8, 'min_child_samples': 2}. Best is trial 0 with value: 0.9862068965517242.
Trial 8 finished with value: 0.9862068965517242 and parameters: {'num_leaves': 49, 'max_depth': 3, 'min_child_samples': 4}. Best is trial 0 with value: 0.9862068965517242.
Trial 9 finished with value: 0.9793103448275862 and parameters: {'num_leaves': 92, 'max_depth': 18, 'min_child_samples': 2}. Best is trial 0 with value: 0.9862068965517242.
Trial 10 finished with value: 0.9862068965517242 and parameters: {'num_leaves': 79, 'max_depth': 13, 'min_child_samples': 5}. Best is trial 0 with value: 0.9862068965517242.
Trial 11 finished with value: 0.9862068965517242 and parameters: {'num_leaves': 19, 'max_depth': 11, 'min_child_samples': 3}. Best is trial 0 with value: 0.9862068965517242.
Trial 12 finished with value: 0.9862068965517242 and parameters: {'num_leaves': 15, 'max_depth': 11, 'min_child_samples': 4}. Best is trial 0 with value: 0.9862068965517242.
Trial 13 finished with value: 0.9862068965517242 and parameters: {'num_leaves': 35, 'max_depth': 9, 'min_child_samples': 3}. Best is trial 0 with value: 0.9862068965517242.
Trial 14 finished with value: 0.9862068965517242 and parameters: {'num_leaves': 26, 'max_depth': 14, 'min_child_samples': 4}. Best is trial 0 with value: 0.9862068965517242.
Trial 15 finished with value: 0.9862068965517242 and parameters: {'num_leaves': 55, 'max_depth': 3, 'min_child_samples': 3}. Best is trial 0 with value: 0.9862068965517242.
Trial 16 finished with value: 0.9862068965517242 and parameters: {'num_leaves': 81, 'max_depth': 9, 'min_child_samples': 5}. Best is trial 0 with value: 0.9862068965517242.
Trial 17 finished with value: 0.9862068965517242 and parameters: {'num_leaves': 29, 'max_depth': 10, 'min_child_samples': 4}. Best is trial 0 with value: 0.9862068965517242.
Trial 18 finished with value: 0.9862068965517242 and parameters: {'num_leaves': 100, 'max_depth': 20, 'min_child_samples': 3}. Best is trial 0 with value: 0.9862068965517242.
Trial 19 finished with value: 0.9862068965517242 and parameters: {'num_leaves': 68, 'max_depth': 5, 'min_child_samples': 4}. Best is trial 0 with value: 0.9862068965517242.
Trial 20 finished with value: 0.9862068965517242 and parameters: {'num_leaves': 55, 'max_depth': 13, 'min_child_samples': 3}. Best is trial 0 with value: 0.9862068965517242.
Trial 21 finished with value: 0.9862068965517242 and parameters: {'num_leaves': 87, 'max_depth': 5, 'min_child_samples': 4}. Best is trial 0 with value: 0.9862068965517242.
Trial 22 finished with value: 0.9862068965517242 and parameters: {'num_leaves': 64, 'max_depth': 6, 'min_child_samples': 4}. Best is trial 0 with value: 0.9862068965517242.
Trial 23 finished with value: 0.9862068965517242 and parameters: {'num_leaves': 73, 'max_depth': 8, 'min_child_samples': 5}. Best is trial 0 with value: 0.9862068965517242.
Trial 24 finished with value: 0.9862068965517242 and parameters: {'num_leaves': 86, 'max_depth': 4, 'min_child_samples': 4}. Best is trial 0 with value: 0.9862068965517242.
Trial 25 finished with value: 0.9862068965517242 and parameters: {'num_leaves': 61, 'max_depth': 7, 'min_child_samples': 3}. Best is trial 0 with value: 0.9862068965517242.
Trial 26 finished with value: 0.9862068965517242 and parameters: {'num_leaves': 71, 'max_depth': 5, 'min_child_samples': 4}. Best is trial 0 with value: 0.9862068965517242.
Trial 27 finished with value: 0.9862068965517242 and parameters: {'num_leaves': 48, 'max_depth': 9, 'min_child_samples': 5}. Best is trial 0 with value: 0.9862068965517242.
Trial 28 finished with value: 0.9862068965517242 and parameters: {'num_leaves': 28, 'max_depth': 7, 'min_child_samples': 3}. Best is trial 0 with value: 0.9862068965517242.
Trial 29 finished with value: 0.9793103448275862 and parameters: {'num_leaves': 75, 'max_depth': 12, 'min_child_samples': 2}. Best is trial 0 with value: 0.9862068965517242.
Trial 30 finished with value: 0.9862068965517242 and parameters: {'num_leaves': 86, 'max_depth': 4, 'min_child_samples': 4}. Best is trial 0 with value: 0.9862068965517242.
Trial 31 finished with value: 0.9862068965517242 and parameters: {'num_leaves': 91, 'max_depth': 7, 'min_child_samples': 5}. Best is trial 0 with value: 0.9862068965517242.
Trial 32 finished with value: 0.9862068965517242 and parameters: {'num_leaves': 99, 'max_depth': 6, 'min_child_samples': 5}. Best is trial 0 with value: 0.9862068965517242.
Trial 33 finished with value: 0.9862068965517242 and parameters: {'num_leaves': 91, 'max_depth': 8, 'min_child_samples': 5}. Best is trial 0 with value: 0.9862068965517242.
Trial 34 finished with value: 0.9862068965517242 and parameters: {'num_leaves': 94, 'max_depth': 10, 'min_child_samples': 4}. Best is trial 0 with value: 0.9862068965517242.
Trial 35 finished with value: 0.9793103448275862 and parameters: {'num_leaves': 80, 'max_depth': 7, 'min_child_samples': 2}. Best is trial 0 with value: 0.9862068965517242.
Trial 36 finished with value: 0.9862068965517242 and parameters: {'num_leaves': 96, 'max_depth': 4, 'min_child_samples': 3}. Best is trial 0 with value: 0.9862068965517242.
Trial 37 finished with value: 0.9862068965517242 and parameters: {'num_leaves': 45, 'max_depth': 6, 'min_child_samples': 5}. Best is trial 0 with value: 0.9862068965517242.
Trial 38 finished with value: 0.9862068965517242 and parameters: {'num_leaves': 66, 'max_depth': 8, 'min_child_samples': 4}. Best is trial 0 with value: 0.9862068965517242.
Trial 39 finished with value: 0.9793103448275862 and parameters: {'num_leaves': 38, 'max_depth': 10, 'min_child_samples': 2}. Best is trial 0 with value: 0.9862068965517242.
Trial 40 finished with value: 0.9862068965517242 and parameters: {'num_leaves': 84, 'max_depth': 3, 'min_child_samples': 5}. Best is trial 0 with value: 0.9862068965517242.
Trial 41 finished with value: 0.9862068965517242 and parameters: {'num_leaves': 60, 'max_depth': 15, 'min_child_samples': 3}. Best is trial 0 with value: 0.9862068965517242.
Trial 42 finished with value: 0.9862068965517242 and parameters: {'num_leaves': 56, 'max_depth': 18, 'min_child_samples': 3}. Best is trial 0 with value: 0.9862068965517242.
Trial 43 finished with value: 0.9862068965517242 and parameters: {'num_leaves': 70, 'max_depth': 17, 'min_child_samples': 3}. Best is trial 0 with value: 0.9862068965517242.
Trial 44 finished with value: 0.9862068965517242 and parameters: {'num_leaves': 51, 'max_depth': 12, 'min_child_samples': 3}. Best is trial 0 with value: 0.9862068965517242.
Trial 45 finished with value: 0.9862068965517242 and parameters: {'num_leaves': 21, 'max_depth': 16, 'min_child_samples': 4}. Best is trial 0 with value: 0.9862068965517242.
Trial 46 finished with value: 0.9862068965517242 and parameters: {'num_leaves': 75, 'max_depth': 20, 'min_child_samples': 3}. Best is trial 0 with value: 0.9862068965517242.
Trial 47 finished with value: 0.9793103448275862 and parameters: {'num_leaves': 32, 'max_depth': 9, 'min_child_samples': 2}. Best is trial 0 with value: 0.9862068965517242.
Trial 48 finished with value: 0.9862068965517242 and parameters: {'num_leaves': 41, 'max_depth': 10, 'min_child_samples': 4}. Best is trial 0 with value: 0.9862068965517242.
Trial 49 finished with value: 0.9862068965517242 and parameters: {'num_leaves': 78, 'max_depth': 11, 'min_child_samples': 3}. Best is trial 0 with value: 0.9862068965517242.
A new study created in memory with name: GSPCA_LR
Trial 0 finished with value: 0.993103448275862 and parameters: {'l1_ratio': 0.15818478769488764, 'C': 0.04375136325467545}. Best is trial 0 with value: 0.993103448275862.
Trial 1 finished with value: 0.9793103448275862 and parameters: {'l1_ratio': 0.6359578199782326, 'C': 0.013791518686309212}. Best is trial 0 with value: 0.993103448275862.
Trial 2 finished with value: 0.993103448275862 and parameters: {'l1_ratio': 0.4125917849875458, 'C': 0.0644297051326604}. Best is trial 0 with value: 0.993103448275862.
Trial 3 finished with value: 0.993103448275862 and parameters: {'l1_ratio': 0.8383943701269984, 'C': 0.03922576558301792}. Best is trial 0 with value: 0.993103448275862.
Trial 4 finished with value: 0.993103448275862 and parameters: {'l1_ratio': 0.8293240922766472, 'C': 0.024873531845033617}. Best is trial 0 with value: 0.993103448275862.
Trial 5 finished with value: 0.993103448275862 and parameters: {'l1_ratio': 0.15321432907695365, 'C': 0.11441121759956885}. Best is trial 0 with value: 0.993103448275862.
Trial 6 finished with value: 0.993103448275862 and parameters: {'l1_ratio': 0.0009087745185034635, 'C': 0.02996838591442826}. Best is trial 0 with value: 0.993103448275862.
Trial 7 finished with value: 0.9793103448275863 and parameters: {'l1_ratio': 0.9617758885326557, 'C': 0.4634462195817558}. Best is trial 0 with value: 0.993103448275862.
Trial 8 finished with value: 0.993103448275862 and parameters: {'l1_ratio': 0.4131589964428245, 'C': 0.3104361175801347}. Best is trial 0 with value: 0.993103448275862.
Trial 9 finished with value: 0.9862068965517242 and parameters: {'l1_ratio': 0.6554501646124667, 'C': 0.8876068205374782}. Best is trial 0 with value: 0.993103448275862.
Trial 10 finished with value: 0.993103448275862 and parameters: {'l1_ratio': 0.22220284427688872, 'C': 0.11700584504534721}. Best is trial 0 with value: 0.993103448275862.
Trial 11 finished with value: 0.993103448275862 and parameters: {'l1_ratio': 0.3613399829735691, 'C': 0.061037296055116964}. Best is trial 0 with value: 0.993103448275862.
Trial 12 finished with value: 0.993103448275862 and parameters: {'l1_ratio': 0.3178011454212592, 'C': 0.06797720515579031}. Best is trial 0 with value: 0.993103448275862.
Trial 13 finished with value: 0.9793103448275862 and parameters: {'l1_ratio': 0.5139804261461022, 'C': 0.011053864094786241}. Best is trial 0 with value: 0.993103448275862.
Trial 14 finished with value: 0.993103448275862 and parameters: {'l1_ratio': 0.16353483534622792, 'C': 0.16048826308382677}. Best is trial 0 with value: 0.993103448275862.
Trial 15 finished with value: 0.993103448275862 and parameters: {'l1_ratio': 0.0268111721413358, 'C': 0.05582610509906977}. Best is trial 0 with value: 0.993103448275862.
Trial 16 finished with value: 0.993103448275862 and parameters: {'l1_ratio': 0.25365244974959245, 'C': 0.020960460269852654}. Best is trial 0 with value: 0.993103448275862.
Trial 17 finished with value: 0.993103448275862 and parameters: {'l1_ratio': 0.41910179944488, 'C': 0.04543936164764833}. Best is trial 0 with value: 0.993103448275862.
Trial 18 finished with value: 0.993103448275862 and parameters: {'l1_ratio': 0.09774247347764112, 'C': 0.07387407019543533}. Best is trial 0 with value: 0.993103448275862.
Trial 19 finished with value: 0.993103448275862 and parameters: {'l1_ratio': 0.3250889315473786, 'C': 0.03809934931678956}. Best is trial 0 with value: 0.993103448275862.
Trial 20 finished with value: 0.993103448275862 and parameters: {'l1_ratio': 0.23873555259231782, 'C': 0.020691056549088423}. Best is trial 0 with value: 0.993103448275862.
Trial 21 finished with value: 0.993103448275862 and parameters: {'l1_ratio': 0.5261109955404957, 'C': 0.038620049222768044}. Best is trial 0 with value: 0.993103448275862.
Trial 22 finished with value: 0.993103448275862 and parameters: {'l1_ratio': 0.642201357658465, 'C': 0.08311890594515497}. Best is trial 0 with value: 0.993103448275862.
Trial 23 finished with value: 0.993103448275862 and parameters: {'l1_ratio': 0.7422169180524223, 'C': 0.042373853873535164}. Best is trial 0 with value: 0.993103448275862.
Trial 24 finished with value: 0.993103448275862 and parameters: {'l1_ratio': 0.4498038670779206, 'C': 0.027041368893560142}. Best is trial 0 with value: 0.993103448275862.
Trial 25 finished with value: 0.993103448275862 and parameters: {'l1_ratio': 0.5574667375004624, 'C': 0.048351119255302374}. Best is trial 0 with value: 0.993103448275862.
Trial 26 finished with value: 0.993103448275862 and parameters: {'l1_ratio': 0.8462281074998453, 'C': 0.1615893477412417}. Best is trial 0 with value: 0.993103448275862.
Trial 27 finished with value: 0.993103448275862 and parameters: {'l1_ratio': 0.48116852385980585, 'C': 0.016783890429553017}. Best is trial 0 with value: 0.993103448275862.
Trial 28 finished with value: 0.993103448275862 and parameters: {'l1_ratio': 0.9766146884066871, 'C': 0.030493335868350607}. Best is trial 0 with value: 0.993103448275862.
Trial 29 finished with value: 0.9862068965517242 and parameters: {'l1_ratio': 0.5913770563261648, 'C': 0.014870426770647129}. Best is trial 0 with value: 0.993103448275862.
Trial 30 finished with value: 0.993103448275862 and parameters: {'l1_ratio': 0.3722308524740041, 'C': 0.09506132391574387}. Best is trial 0 with value: 0.993103448275862.
Trial 31 finished with value: 0.993103448275862 and parameters: {'l1_ratio': 0.7702867362999601, 'C': 0.026090049475732666}. Best is trial 0 with value: 0.993103448275862.
Trial 32 finished with value: 0.993103448275862 and parameters: {'l1_ratio': 0.8803959847249605, 'C': 0.053027467350105655}. Best is trial 0 with value: 0.993103448275862.
Trial 33 finished with value: 0.993103448275862 and parameters: {'l1_ratio': 0.6922573214557387, 'C': 0.03321653184074382}. Best is trial 0 with value: 0.993103448275862.
Trial 34 finished with value: 0.993103448275862 and parameters: {'l1_ratio': 0.5780357898901107, 'C': 0.024676385341589672}. Best is trial 0 with value: 0.993103448275862.
