Trial 90 finished with value: 0.85 and parameters: {'num_leaves': 43, 'max_depth': 13, 'learning_rate': 0.166210509711431, 'n_estimators': 127, 'colsample_bytree': 0.5917684093277419}. Best is trial 26 with value: 0.8833333333333332.
Trial 91 finished with value: 0.85 and parameters: {'num_leaves': 45, 'max_depth': 11, 'learning_rate': 0.23705083374969213, 'n_estimators': 149, 'colsample_bytree': 0.5922850014078863}. Best is trial 26 with value: 0.8833333333333332.
Trial 92 finished with value: 0.8333333333333334 and parameters: {'num_leaves': 46, 'max_depth': 11, 'learning_rate': 0.25307063680317493, 'n_estimators': 137, 'colsample_bytree': 0.5574150510965343}. Best is trial 26 with value: 0.8833333333333332.
Trial 93 finished with value: 0.8333333333333334 and parameters: {'num_leaves': 44, 'max_depth': 10, 'learning_rate': 0.18628459342352305, 'n_estimators': 91, 'colsample_bytree': 0.6359907064892485}. Best is trial 26 with value: 0.8833333333333332.
Trial 94 finished with value: 0.8666666666666666 and parameters: {'num_leaves': 45, 'max_depth': 10, 'learning_rate': 0.22852000620926713, 'n_estimators': 111, 'colsample_bytree': 0.6034128551495351}. Best is trial 26 with value: 0.8833333333333332.
Trial 95 finished with value: 0.85 and parameters: {'num_leaves': 50, 'max_depth': 12, 'learning_rate': 0.20263981951390855, 'n_estimators': 120, 'colsample_bytree': 0.5703171698054433}. Best is trial 26 with value: 0.8833333333333332.
Trial 96 finished with value: 0.8333333333333333 and parameters: {'num_leaves': 41, 'max_depth': 11, 'learning_rate': 0.20870704411326468, 'n_estimators': 132, 'colsample_bytree': 0.5072883082599823}. Best is trial 26 with value: 0.8833333333333332.
Trial 97 finished with value: 0.8333333333333334 and parameters: {'num_leaves': 48, 'max_depth': 11, 'learning_rate': 0.2703938144920336, 'n_estimators': 141, 'colsample_bytree': 0.674008634649328}. Best is trial 26 with value: 0.8833333333333332.
Trial 98 finished with value: 0.85 and parameters: {'num_leaves': 42, 'max_depth': 12, 'learning_rate': 0.24666048192555276, 'n_estimators': 102, 'colsample_bytree': 0.6317151652656817}. Best is trial 26 with value: 0.8833333333333332.
Trial 99 finished with value: 0.85 and parameters: {'num_leaves': 40, 'max_depth': 13, 'learning_rate': 0.17781423006729064, 'n_estimators': 115, 'colsample_bytree': 0.533783207950905}. Best is trial 26 with value: 0.8833333333333332.
A new study created in memory with name: PCA_LR
Trial 0 finished with value: 0.7666666666666667 and parameters: {'l1_ratio': 0.2782276667272888, 'C': 0.7604033590866148}. Best is trial 0 with value: 0.7666666666666667.
Trial 1 finished with value: 0.7666666666666667 and parameters: {'l1_ratio': 0.3492352121993333, 'C': 0.2708934895796834}. Best is trial 0 with value: 0.7666666666666667.
Trial 2 finished with value: 0.7666666666666667 and parameters: {'l1_ratio': 0.8780611955907487, 'C': 0.40164353248068724}. Best is trial 0 with value: 0.7666666666666667.
Trial 3 finished with value: 0.7666666666666667 and parameters: {'l1_ratio': 0.5268556238213238, 'C': 0.05717445356368372}. Best is trial 0 with value: 0.7666666666666667.
Trial 4 finished with value: 0.7833333333333334 and parameters: {'l1_ratio': 0.21605217955127698, 'C': 0.7748126155291729}. Best is trial 4 with value: 0.7833333333333334.
Trial 5 finished with value: 0.8 and parameters: {'l1_ratio': 0.28542488555908974, 'C': 0.03764631166792166}. Best is trial 5 with value: 0.8.
Trial 6 finished with value: 0.8166666666666667 and parameters: {'l1_ratio': 0.08519570099019569, 'C': 0.04585112222818002}. Best is trial 6 with value: 0.8166666666666667.
Trial 7 finished with value: 0.7666666666666667 and parameters: {'l1_ratio': 0.9059411380924587, 'C': 0.09617958818998713}. Best is trial 6 with value: 0.8166666666666667.
Trial 8 finished with value: 0.7666666666666667 and parameters: {'l1_ratio': 0.82085362120915, 'C': 0.08679548938148983}. Best is trial 6 with value: 0.8166666666666667.
Trial 9 finished with value: 0.8333333333333333 and parameters: {'l1_ratio': 0.17499907214779342, 'C': 0.02846175844238187}. Best is trial 9 with value: 0.8333333333333333.
Trial 10 finished with value: 0.8166666666666668 and parameters: {'l1_ratio': 0.1012212929427001, 'C': 0.010959009457913275}. Best is trial 9 with value: 0.8333333333333333.
Trial 11 finished with value: 0.8166666666666668 and parameters: {'l1_ratio': 0.11200760306286273, 'C': 0.010885900484344924}. Best is trial 9 with value: 0.8333333333333333.
Trial 12 finished with value: 0.8666666666666666 and parameters: {'l1_ratio': 0.003146045101947381, 'C': 0.01194467321032161}. Best is trial 12 with value: 0.8666666666666666.
Trial 13 finished with value: 0.85 and parameters: {'l1_ratio': 0.012142783941432637, 'C': 0.023194467764756636}. Best is trial 12 with value: 0.8666666666666666.
Trial 14 finished with value: 0.85 and parameters: {'l1_ratio': 0.01609486121312157, 'C': 0.02171476762973051}. Best is trial 12 with value: 0.8666666666666666.
Trial 15 finished with value: 0.85 and parameters: {'l1_ratio': 0.011412895793223085, 'C': 0.019262440925372094}. Best is trial 12 with value: 0.8666666666666666.
Trial 16 finished with value: 0.85 and parameters: {'l1_ratio': 0.004375066222039245, 'C': 0.017765836088170228}. Best is trial 12 with value: 0.8666666666666666.
Trial 17 finished with value: 0.75 and parameters: {'l1_ratio': 0.40164835208176136, 'C': 0.010929156330180762}. Best is trial 12 with value: 0.8666666666666666.
Trial 18 finished with value: 0.8333333333333333 and parameters: {'l1_ratio': 0.17682018159731056, 'C': 0.02933211884191495}. Best is trial 12 with value: 0.8666666666666666.
Trial 19 finished with value: 0.7666666666666668 and parameters: {'l1_ratio': 0.5107482877324636, 'C': 0.061261733738075023}. Best is trial 12 with value: 0.8666666666666666.
Trial 20 finished with value: 0.7666666666666667 and parameters: {'l1_ratio': 0.4088195091514182, 'C': 0.016692581945902223}. Best is trial 12 with value: 0.8666666666666666.
Trial 21 finished with value: 0.85 and parameters: {'l1_ratio': 0.034106544288008966, 'C': 0.024553136243629578}. Best is trial 12 with value: 0.8666666666666666.
Trial 22 finished with value: 0.85 and parameters: {'l1_ratio': 0.1019349977282708, 'C': 0.016546430544220853}. Best is trial 12 with value: 0.8666666666666666.
Trial 23 finished with value: 0.85 and parameters: {'l1_ratio': 0.017076353444418928, 'C': 0.033160589055445805}. Best is trial 12 with value: 0.8666666666666666.
Trial 24 finished with value: 0.8166666666666667 and parameters: {'l1_ratio': 0.16001318690201483, 'C': 0.023195893583627777}. Best is trial 12 with value: 0.8666666666666666.
Trial 25 finished with value: 0.85 and parameters: {'l1_ratio': 0.08466685365985896, 'C': 0.015969282717181957}. Best is trial 12 with value: 0.8666666666666666.
Trial 26 finished with value: 0.8166666666666667 and parameters: {'l1_ratio': 0.004555168514898215, 'C': 0.04346672963165963}. Best is trial 12 with value: 0.8666666666666666.
Trial 27 finished with value: 0.8166666666666667 and parameters: {'l1_ratio': 0.24969188939583636, 'C': 0.02411898997868313}. Best is trial 12 with value: 0.8666666666666666.
Trial 28 finished with value: 0.8166666666666668 and parameters: {'l1_ratio': 0.15751046522001175, 'C': 0.013113392481070463}. Best is trial 12 with value: 0.8666666666666666.
Trial 29 finished with value: 0.75 and parameters: {'l1_ratio': 0.2666644113235266, 'C': 0.010194882877398049}. Best is trial 12 with value: 0.8666666666666666.
Trial 30 finished with value: 0.85 and parameters: {'l1_ratio': 0.0746299274996759, 'C': 0.021196222860881433}. Best is trial 12 with value: 0.8666666666666666.
Trial 31 finished with value: 0.8666666666666666 and parameters: {'l1_ratio': 0.008706553665721956, 'C': 0.014564313138258131}. Best is trial 12 with value: 0.8666666666666666.
Trial 32 finished with value: 0.85 and parameters: {'l1_ratio': 0.06879371145629738, 'C': 0.015192843255863304}. Best is trial 12 with value: 0.8666666666666666.
Trial 33 finished with value: 0.8166666666666668 and parameters: {'l1_ratio': 0.13237985682150294, 'C': 0.013702726763232087}. Best is trial 12 with value: 0.8666666666666666.
Trial 34 finished with value: 0.8333333333333334 and parameters: {'l1_ratio': 0.06413133266883735, 'C': 0.031854617428175885}. Best is trial 12 with value: 0.8666666666666666.
Trial 35 finished with value: 0.85 and parameters: {'l1_ratio': 0.0005163762533312278, 'C': 0.020857199251455877}. Best is trial 12 with value: 0.8666666666666666.
Trial 36 finished with value: 0.7833333333333334 and parameters: {'l1_ratio': 0.20027226685049293, 'C': 0.17083616852466818}. Best is trial 12 with value: 0.8666666666666666.
Trial 37 finished with value: 0.8166666666666668 and parameters: {'l1_ratio': 0.14598210343801638, 'C': 0.012855971441209708}. Best is trial 12 with value: 0.8666666666666666.
Trial 38 finished with value: 0.8333333333333333 and parameters: {'l1_ratio': 0.21199582517017745, 'C': 0.038154533166192266}. Best is trial 12 with value: 0.8666666666666666.
Trial 39 finished with value: 0.8 and parameters: {'l1_ratio': 0.05642073114485303, 'C': 0.058432834798729315}. Best is trial 12 with value: 0.8666666666666666.
Trial 40 finished with value: 0.8333333333333333 and parameters: {'l1_ratio': 0.12478778432598128, 'C': 0.025511083694974963}. Best is trial 12 with value: 0.8666666666666666.
Trial 41 finished with value: 0.8666666666666666 and parameters: {'l1_ratio': 0.041528671610469456, 'C': 0.019250809533701136}. Best is trial 12 with value: 0.8666666666666666.
Trial 42 finished with value: 0.85 and parameters: {'l1_ratio': 0.07243924121097385, 'C': 0.020034243170215293}. Best is trial 12 with value: 0.8666666666666666.
Trial 43 finished with value: 0.8666666666666668 and parameters: {'l1_ratio': 0.06325203358170103, 'C': 0.012814311915258227}. Best is trial 43 with value: 0.8666666666666668.
Trial 44 finished with value: 0.8166666666666668 and parameters: {'l1_ratio': 0.1202834120356118, 'C': 0.013439818084787093}. Best is trial 43 with value: 0.8666666666666668.
Trial 45 finished with value: 0.8666666666666668 and parameters: {'l1_ratio': 0.05669319593188919, 'C': 0.01293282060955314}. Best is trial 43 with value: 0.8666666666666668.
Trial 46 finished with value: 0.7666666666666667 and parameters: {'l1_ratio': 0.2439326753025607, 'C': 0.012246254739139198}. Best is trial 43 with value: 0.8666666666666668.
Trial 47 finished with value: 0.8666666666666668 and parameters: {'l1_ratio': 0.04966249101641357, 'C': 0.010365805064721201}. Best is trial 43 with value: 0.8666666666666668.
Trial 48 finished with value: 0.7666666666666667 and parameters: {'l1_ratio': 0.20118309429268044, 'C': 0.010383405689482164}. Best is trial 43 with value: 0.8666666666666668.
Trial 49 finished with value: 0.8666666666666666 and parameters: {'l1_ratio': 0.10230059108448697, 'C': 0.014450315544106534}. Best is trial 43 with value: 0.8666666666666668.
Trial 50 finished with value: 0.85 and parameters: {'l1_ratio': 0.06015093812698926, 'C': 0.010003007028414243}. Best is trial 43 with value: 0.8666666666666668.
Trial 51 finished with value: 0.8666666666666666 and parameters: {'l1_ratio': 0.047667681435296747, 'C': 0.017564304158680186}. Best is trial 43 with value: 0.8666666666666668.
Trial 52 finished with value: 0.8166666666666668 and parameters: {'l1_ratio': 0.12500520294486744, 'C': 0.012160254999292823}. Best is trial 43 with value: 0.8666666666666668.
Trial 53 finished with value: 0.8666666666666666 and parameters: {'l1_ratio': 0.04494059232401546, 'C': 0.01780651398723507}. Best is trial 43 with value: 0.8666666666666668.
Trial 54 finished with value: 0.8666666666666666 and parameters: {'l1_ratio': 0.03396719346040023, 'C': 0.015020614589391898}. Best is trial 43 with value: 0.8666666666666668.
Trial 55 finished with value: 0.75 and parameters: {'l1_ratio': 0.3061830234948196, 'C': 0.011878503340492771}. Best is trial 43 with value: 0.8666666666666668.
Trial 56 finished with value: 0.8166666666666667 and parameters: {'l1_ratio': 0.18077371473649412, 'C': 0.018865846218082672}. Best is trial 43 with value: 0.8666666666666668.
Trial 57 finished with value: 0.85 and parameters: {'l1_ratio': 0.09477815266731107, 'C': 0.0140892831584111}. Best is trial 43 with value: 0.8666666666666668.
Trial 58 finished with value: 0.85 and parameters: {'l1_ratio': 0.0324178069774588, 'C': 0.02732128446703696}. Best is trial 43 with value: 0.8666666666666668.
Trial 59 finished with value: 0.8166666666666668 and parameters: {'l1_ratio': 0.1535628837346708, 'C': 0.011599764077164357}. Best is trial 43 with value: 0.8666666666666668.
Trial 60 finished with value: 0.85 and parameters: {'l1_ratio': 0.001863417295208905, 'C': 0.016321186007462633}. Best is trial 43 with value: 0.8666666666666668.
Trial 61 finished with value: 0.8666666666666666 and parameters: {'l1_ratio': 0.10028677157417229, 'C': 0.013935871283596721}. Best is trial 43 with value: 0.8666666666666668.
Trial 62 finished with value: 0.85 and parameters: {'l1_ratio': 0.10070860885534624, 'C': 0.014937267024072805}. Best is trial 43 with value: 0.8666666666666668.
Trial 63 finished with value: 0.8666666666666666 and parameters: {'l1_ratio': 0.037029516150393536, 'C': 0.01935066331522402}. Best is trial 43 with value: 0.8666666666666668.
Trial 64 finished with value: 0.8333333333333334 and parameters: {'l1_ratio': 0.08219212727210976, 'C': 0.011542924806207965}. Best is trial 43 with value: 0.8666666666666668.
Trial 65 finished with value: 0.8166666666666668 and parameters: {'l1_ratio': 0.13548307944785243, 'C': 0.010062744070584618}. Best is trial 43 with value: 0.8666666666666668.
Trial 66 finished with value: 0.8666666666666666 and parameters: {'l1_ratio': 0.03704459531061426, 'C': 0.01582666174871197}. Best is trial 43 with value: 0.8666666666666668.
Trial 67 finished with value: 0.85 and parameters: {'l1_ratio': 0.003214342981412016, 'C': 0.023103784230823803}. Best is trial 43 with value: 0.8666666666666668.
Trial 68 finished with value: 0.8 and parameters: {'l1_ratio': 0.17651920747107436, 'C': 0.013117284713617788}. Best is trial 43 with value: 0.8666666666666668.
Trial 69 finished with value: 0.85 and parameters: {'l1_ratio': 0.09957072401488876, 'C': 0.018634114042714797}. Best is trial 43 with value: 0.8666666666666668.
Trial 70 finished with value: 0.8666666666666668 and parameters: {'l1_ratio': 0.05643706504431891, 'C': 0.011802910463881081}. Best is trial 43 with value: 0.8666666666666668.
Trial 71 finished with value: 0.8666666666666666 and parameters: {'l1_ratio': 0.06509241581811977, 'C': 0.01189096067690856}. Best is trial 43 with value: 0.8666666666666668.
Trial 72 finished with value: 0.8666666666666666 and parameters: {'l1_ratio': 0.025397845682602567, 'C': 0.015484738259335513}. Best is trial 43 with value: 0.8666666666666668.
Trial 73 finished with value: 0.85 and parameters: {'l1_ratio': 0.07469530193478095, 'C': 0.013578445125901483}. Best is trial 43 with value: 0.8666666666666668.
Trial 74 finished with value: 0.8333333333333333 and parameters: {'l1_ratio': 0.1160339813014434, 'C': 0.010879356596413989}. Best is trial 43 with value: 0.8666666666666668.
Trial 75 finished with value: 0.8333333333333334 and parameters: {'l1_ratio': 0.14936184654490048, 'C': 0.02152360339281785}. Best is trial 43 with value: 0.8666666666666668.
Trial 76 finished with value: 0.8666666666666666 and parameters: {'l1_ratio': 0.050164884650034776, 'C': 0.017145553212090905}. Best is trial 43 with value: 0.8666666666666668.
Trial 77 finished with value: 0.85 and parameters: {'l1_ratio': 0.02329228569485275, 'C': 0.011431132228973592}. Best is trial 43 with value: 0.8666666666666668.
Trial 78 finished with value: 0.85 and parameters: {'l1_ratio': 0.08207109468822466, 'C': 0.014600560811205514}. Best is trial 43 with value: 0.8666666666666668.
Trial 79 finished with value: 0.85 and parameters: {'l1_ratio': 0.0025457482921536143, 'C': 0.026054248940409235}. Best is trial 43 with value: 0.8666666666666668.
Trial 80 finished with value: 0.8166666666666668 and parameters: {'l1_ratio': 0.11739019837299565, 'C': 0.012906363843586054}. Best is trial 43 with value: 0.8666666666666668.
Trial 81 finished with value: 0.8666666666666666 and parameters: {'l1_ratio': 0.04913613488329868, 'C': 0.016702383801238067}. Best is trial 43 with value: 0.8666666666666668.
Trial 82 finished with value: 0.8666666666666666 and parameters: {'l1_ratio': 0.03658217252644401, 'C': 0.018032933363224996}. Best is trial 43 with value: 0.8666666666666668.
Trial 83 finished with value: 0.85 and parameters: {'l1_ratio': 0.060526741023865877, 'C': 0.021604456043534868}. Best is trial 43 with value: 0.8666666666666668.
Trial 84 finished with value: 0.8166666666666668 and parameters: {'l1_ratio': 0.086202967413604, 'C': 0.010477553661214587}. Best is trial 43 with value: 0.8666666666666668.
Trial 85 finished with value: 0.85 and parameters: {'l1_ratio': 0.02208557472249915, 'C': 0.012433490273227443}. Best is trial 43 with value: 0.8666666666666668.
Trial 86 finished with value: 0.8166666666666668 and parameters: {'l1_ratio': 0.13171081177886018, 'C': 0.014426403046246473}. Best is trial 43 with value: 0.8666666666666668.
Trial 87 finished with value: 0.8666666666666666 and parameters: {'l1_ratio': 0.05160636492637691, 'C': 0.019640583259063295}. Best is trial 43 with value: 0.8666666666666668.
Trial 88 finished with value: 0.8833333333333334 and parameters: {'l1_ratio': 0.11105988876513848, 'C': 0.016748373198016763}. Best is trial 88 with value: 0.8833333333333334.
Trial 89 finished with value: 0.7833333333333334 and parameters: {'l1_ratio': 0.17585379881005886, 'C': 0.01147135242273398}. Best is trial 88 with value: 0.8833333333333334.
Trial 90 finished with value: 0.85 and parameters: {'l1_ratio': 0.10577057933920858, 'C': 0.02928630434165954}. Best is trial 88 with value: 0.8833333333333334.
Trial 91 finished with value: 0.85 and parameters: {'l1_ratio': 0.07611036271399903, 'C': 0.016889042415021142}. Best is trial 88 with value: 0.8833333333333334.
Trial 92 finished with value: 0.8666666666666668 and parameters: {'l1_ratio': 0.016166648966275805, 'C': 0.010005147837168243}. Best is trial 88 with value: 0.8833333333333334.
Trial 93 finished with value: 0.8666666666666666 and parameters: {'l1_ratio': 0.0004069496692759196, 'C': 0.01278193743541345}. Best is trial 88 with value: 0.8833333333333334.
Trial 94 finished with value: 0.8666666666666668 and parameters: {'l1_ratio': 0.017496455783961536, 'C': 0.010543293125750024}. Best is trial 88 with value: 0.8833333333333334.
Trial 95 finished with value: 0.8666666666666668 and parameters: {'l1_ratio': 0.024132565899022528, 'C': 0.010194919317465394}. Best is trial 88 with value: 0.8833333333333334.
Trial 96 finished with value: 0.8666666666666668 and parameters: {'l1_ratio': 0.025083431061938496, 'C': 0.010018632287136751}. Best is trial 88 with value: 0.8833333333333334.
Trial 97 finished with value: 0.8666666666666668 and parameters: {'l1_ratio': 0.016036779382956362, 'C': 0.010174563490977043}. Best is trial 88 with value: 0.8833333333333334.
Trial 98 finished with value: 0.8666666666666668 and parameters: {'l1_ratio': 0.029042248803283162, 'C': 0.010282880461371827}. Best is trial 88 with value: 0.8833333333333334.
Trial 99 finished with value: 0.8333333333333334 and parameters: {'l1_ratio': 0.06551906968920539, 'C': 0.010036788793483839}. Best is trial 88 with value: 0.8833333333333334.
A new study created in memory with name: PCA_LGBM
Trial 0 finished with value: 0.8 and parameters: {'num_leaves': 15, 'max_depth': 7, 'learning_rate': 0.10526616755891698, 'n_estimators': 112, 'colsample_bytree': 0.7340482246065732}. Best is trial 0 with value: 0.8.
Trial 1 finished with value: 0.8 and parameters: {'num_leaves': 24, 'max_depth': 12, 'learning_rate': 0.2074179676481102, 'n_estimators': 234, 'colsample_bytree': 0.9113976234715215}. Best is trial 0 with value: 0.8.
Trial 2 finished with value: 0.8 and parameters: {'num_leaves': 48, 'max_depth': 6, 'learning_rate': 0.043595993018529164, 'n_estimators': 178, 'colsample_bytree': 0.6647400092303599}. Best is trial 0 with value: 0.8.
Trial 3 finished with value: 0.5111111111111111 and parameters: {'num_leaves': 39, 'max_depth': 10, 'learning_rate': 0.01884311735885905, 'n_estimators': 134, 'colsample_bytree': 0.27817714441987146}. Best is trial 0 with value: 0.8.
Trial 4 finished with value: 0.8444444444444444 and parameters: {'num_leaves': 19, 'max_depth': 5, 'learning_rate': 0.2037585977044959, 'n_estimators': 205, 'colsample_bytree': 0.5525749802986291}. Best is trial 4 with value: 0.8444444444444444.
Trial 5 finished with value: 0.48888888888888893 and parameters: {'num_leaves': 21, 'max_depth': 5, 'learning_rate': 0.016913841944632007, 'n_estimators': 132, 'colsample_bytree': 0.2724519468596447}. Best is trial 4 with value: 0.8444444444444444.
Trial 6 finished with value: 0.888888888888889 and parameters: {'num_leaves': 29, 'max_depth': 14, 'learning_rate': 0.27820968979489424, 'n_estimators': 93, 'colsample_bytree': 0.6113367730737789}. Best is trial 6 with value: 0.888888888888889.
Trial 7 finished with value: 0.7777777777777778 and parameters: {'num_leaves': 23, 'max_depth': 10, 'learning_rate': 0.1951581748070955, 'n_estimators': 150, 'colsample_bytree': 0.7054381797961262}. Best is trial 6 with value: 0.888888888888889.
Trial 8 finished with value: 0.8 and parameters: {'num_leaves': 19, 'max_depth': 10, 'learning_rate': 0.031069658869033966, 'n_estimators': 168, 'colsample_bytree': 0.6535212071358256}. Best is trial 6 with value: 0.888888888888889.
Trial 9 finished with value: 0.7777777777777778 and parameters: {'num_leaves': 35, 'max_depth': 14, 'learning_rate': 0.03252309999023955, 'n_estimators': 217, 'colsample_bytree': 0.36193292836050195}. Best is trial 6 with value: 0.888888888888889.
