Trial 29 finished with value: 0.6086956521739131 and parameters: {'num_leaves': 42, 'max_depth': 5, 'learning_rate': 0.08651948877219633, 'n_estimators': 110, 'colsample_bytree': 0.4923695148679894}. Best is trial 10 with value: 0.6695652173913043.
Trial 30 finished with value: 0.6173913043478261 and parameters: {'num_leaves': 29, 'max_depth': 11, 'learning_rate': 0.2300496733011064, 'n_estimators': 152, 'colsample_bytree': 0.4263901757898748}. Best is trial 10 with value: 0.6695652173913043.
Trial 31 finished with value: 0.6173913043478261 and parameters: {'num_leaves': 39, 'max_depth': 7, 'learning_rate': 0.25800874135465907, 'n_estimators': 124, 'colsample_bytree': 0.22992808059178002}. Best is trial 10 with value: 0.6695652173913043.
Trial 32 finished with value: 0.6260869565217391 and parameters: {'num_leaves': 35, 'max_depth': 6, 'learning_rate': 0.2983705774060939, 'n_estimators': 114, 'colsample_bytree': 0.2580953060217022}. Best is trial 10 with value: 0.6695652173913043.
Trial 33 finished with value: 0.6347826086956522 and parameters: {'num_leaves': 37, 'max_depth': 7, 'learning_rate': 0.18930382142736257, 'n_estimators': 86, 'colsample_bytree': 0.2042030141002244}. Best is trial 10 with value: 0.6695652173913043.
Trial 34 finished with value: 0.6434782608695653 and parameters: {'num_leaves': 45, 'max_depth': 5, 'learning_rate': 0.25374875212086595, 'n_estimators': 53, 'colsample_bytree': 0.3205711435067316}. Best is trial 10 with value: 0.6695652173913043.
Trial 35 finished with value: 0.6260869565217391 and parameters: {'num_leaves': 23, 'max_depth': 8, 'learning_rate': 0.24066325363231036, 'n_estimators': 132, 'colsample_bytree': 0.2639824500510897}. Best is trial 10 with value: 0.6695652173913043.
Trial 36 finished with value: 0.6521739130434783 and parameters: {'num_leaves': 48, 'max_depth': 5, 'learning_rate': 0.1519459087214466, 'n_estimators': 183, 'colsample_bytree': 0.3353847948050129}. Best is trial 10 with value: 0.6695652173913043.
Trial 37 finished with value: 0.6347826086956522 and parameters: {'num_leaves': 43, 'max_depth': 14, 'learning_rate': 0.18938905543875076, 'n_estimators': 161, 'colsample_bytree': 0.4010737137114813}. Best is trial 10 with value: 0.6695652173913043.
Trial 38 finished with value: 0.6173913043478261 and parameters: {'num_leaves': 39, 'max_depth': 10, 'learning_rate': 0.13420769012336053, 'n_estimators': 69, 'colsample_bytree': 0.544272970663012}. Best is trial 10 with value: 0.6695652173913043.
Trial 39 finished with value: 0.6260869565217392 and parameters: {'num_leaves': 37, 'max_depth': 6, 'learning_rate': 0.23712948634055642, 'n_estimators': 104, 'colsample_bytree': 0.2831683249547997}. Best is trial 10 with value: 0.6695652173913043.
Trial 40 finished with value: 0.5999999999999999 and parameters: {'num_leaves': 26, 'max_depth': 7, 'learning_rate': 0.1055583057623942, 'n_estimators': 120, 'colsample_bytree': 0.235649349155622}. Best is trial 10 with value: 0.6695652173913043.
Trial 41 finished with value: 0.6434782608695653 and parameters: {'num_leaves': 49, 'max_depth': 15, 'learning_rate': 0.20647788807312178, 'n_estimators': 92, 'colsample_bytree': 0.3135260913648092}. Best is trial 10 with value: 0.6695652173913043.
Trial 42 finished with value: 0.6434782608695652 and parameters: {'num_leaves': 50, 'max_depth': 14, 'learning_rate': 0.25610437585179036, 'n_estimators': 132, 'colsample_bytree': 0.34840976534403645}. Best is trial 10 with value: 0.6695652173913043.
Trial 43 finished with value: 0.608695652173913 and parameters: {'num_leaves': 45, 'max_depth': 13, 'learning_rate': 0.19547924518409698, 'n_estimators': 69, 'colsample_bytree': 0.29019422305189}. Best is trial 10 with value: 0.6695652173913043.
Trial 44 finished with value: 0.608695652173913 and parameters: {'num_leaves': 48, 'max_depth': 15, 'learning_rate': 0.1698538350968468, 'n_estimators': 100, 'colsample_bytree': 0.3976065546730547}. Best is trial 10 with value: 0.6695652173913043.
Trial 45 finished with value: 0.5999999999999999 and parameters: {'num_leaves': 30, 'max_depth': 13, 'learning_rate': 0.2631063896356501, 'n_estimators': 140, 'colsample_bytree': 0.2293530387074398}. Best is trial 10 with value: 0.6695652173913043.
Trial 46 finished with value: 0.6173913043478261 and parameters: {'num_leaves': 45, 'max_depth': 9, 'learning_rate': 0.22049750254787026, 'n_estimators': 120, 'colsample_bytree': 0.3295668366253519}. Best is trial 10 with value: 0.6695652173913043.
Trial 47 finished with value: 0.6260869565217391 and parameters: {'num_leaves': 48, 'max_depth': 15, 'learning_rate': 0.14441118717613247, 'n_estimators': 159, 'colsample_bytree': 0.20403515986466988}. Best is trial 10 with value: 0.6695652173913043.
Trial 48 finished with value: 0.6521739130434783 and parameters: {'num_leaves': 17, 'max_depth': 14, 'learning_rate': 0.28423706613086097, 'n_estimators': 294, 'colsample_bytree': 0.46539883842262353}. Best is trial 10 with value: 0.6695652173913043.
Trial 49 finished with value: 0.5913043478260869 and parameters: {'num_leaves': 43, 'max_depth': 12, 'learning_rate': 0.1912613002138579, 'n_estimators': 61, 'colsample_bytree': 0.28343473001604863}. Best is trial 10 with value: 0.6695652173913043.
Trial 50 finished with value: 0.6695652173913043 and parameters: {'num_leaves': 41, 'max_depth': 5, 'learning_rate': 0.1663933190564785, 'n_estimators': 244, 'colsample_bytree': 0.30355788537590483}. Best is trial 10 with value: 0.6695652173913043.
Trial 51 finished with value: 0.6434782608695653 and parameters: {'num_leaves': 41, 'max_depth': 5, 'learning_rate': 0.13108170234751773, 'n_estimators': 254, 'colsample_bytree': 0.3004737282642308}. Best is trial 10 with value: 0.6695652173913043.
Trial 52 finished with value: 0.6521739130434783 and parameters: {'num_leaves': 46, 'max_depth': 5, 'learning_rate': 0.16590212015671651, 'n_estimators': 228, 'colsample_bytree': 0.3552642863337643}. Best is trial 10 with value: 0.6695652173913043.
Trial 53 finished with value: 0.6521739130434783 and parameters: {'num_leaves': 33, 'max_depth': 6, 'learning_rate': 0.2145963744267469, 'n_estimators': 261, 'colsample_bytree': 0.38944031910197546}. Best is trial 10 with value: 0.6695652173913043.
Trial 54 finished with value: 0.6782608695652174 and parameters: {'num_leaves': 35, 'max_depth': 8, 'learning_rate': 0.2653521353962646, 'n_estimators': 209, 'colsample_bytree': 0.23454235243004623}. Best is trial 54 with value: 0.6782608695652174.
Trial 55 finished with value: 0.6695652173913043 and parameters: {'num_leaves': 36, 'max_depth': 8, 'learning_rate': 0.29963709729829546, 'n_estimators': 223, 'colsample_bytree': 0.24213535916653764}. Best is trial 54 with value: 0.6782608695652174.
Trial 56 finished with value: 0.6608695652173913 and parameters: {'num_leaves': 35, 'max_depth': 9, 'learning_rate': 0.23304140262595746, 'n_estimators': 233, 'colsample_bytree': 0.24752485359358029}. Best is trial 54 with value: 0.6782608695652174.
Trial 57 finished with value: 0.6782608695652174 and parameters: {'num_leaves': 33, 'max_depth': 8, 'learning_rate': 0.26541145695006463, 'n_estimators': 200, 'colsample_bytree': 0.23834113015629732}. Best is trial 54 with value: 0.6782608695652174.
Trial 58 finished with value: 0.6521739130434783 and parameters: {'num_leaves': 32, 'max_depth': 8, 'learning_rate': 0.2706512912341636, 'n_estimators': 214, 'colsample_bytree': 0.2363468186136623}. Best is trial 54 with value: 0.6782608695652174.
Trial 59 finished with value: 0.6434782608695653 and parameters: {'num_leaves': 36, 'max_depth': 10, 'learning_rate': 0.24961896738098804, 'n_estimators': 200, 'colsample_bytree': 0.27416431484277115}. Best is trial 54 with value: 0.6782608695652174.
Trial 60 finished with value: 0.6782608695652174 and parameters: {'num_leaves': 28, 'max_depth': 8, 'learning_rate': 0.28095322840747416, 'n_estimators': 233, 'colsample_bytree': 0.22598096620909489}. Best is trial 54 with value: 0.6782608695652174.
Trial 61 finished with value: 0.6869565217391305 and parameters: {'num_leaves': 27, 'max_depth': 8, 'learning_rate': 0.2943509316297738, 'n_estimators': 239, 'colsample_bytree': 0.22322777594605528}. Best is trial 61 with value: 0.6869565217391305.
Trial 62 finished with value: 0.6434782608695652 and parameters: {'num_leaves': 26, 'max_depth': 9, 'learning_rate': 0.26842595259162183, 'n_estimators': 243, 'colsample_bytree': 0.2078048689568785}. Best is trial 61 with value: 0.6869565217391305.
Trial 63 finished with value: 0.6521739130434783 and parameters: {'num_leaves': 27, 'max_depth': 8, 'learning_rate': 0.20587538658718174, 'n_estimators': 283, 'colsample_bytree': 0.25967711544824457}. Best is trial 61 with value: 0.6869565217391305.
Trial 64 finished with value: 0.6869565217391305 and parameters: {'num_leaves': 23, 'max_depth': 7, 'learning_rate': 0.2411959786500225, 'n_estimators': 268, 'colsample_bytree': 0.20002543163684666}. Best is trial 61 with value: 0.6869565217391305.
Trial 65 finished with value: 0.6608695652173913 and parameters: {'num_leaves': 23, 'max_depth': 7, 'learning_rate': 0.2394308779650899, 'n_estimators': 202, 'colsample_bytree': 0.22399776004640495}. Best is trial 61 with value: 0.6869565217391305.
Trial 66 finished with value: 0.6869565217391305 and parameters: {'num_leaves': 23, 'max_depth': 9, 'learning_rate': 0.2714580503742992, 'n_estimators': 276, 'colsample_bytree': 0.20160155877213778}. Best is trial 61 with value: 0.6869565217391305.
Trial 67 finished with value: 0.6608695652173913 and parameters: {'num_leaves': 24, 'max_depth': 9, 'learning_rate': 0.2733581146528321, 'n_estimators': 268, 'colsample_bytree': 0.2210724961431278}. Best is trial 61 with value: 0.6869565217391305.
Trial 68 finished with value: 0.6608695652173914 and parameters: {'num_leaves': 20, 'max_depth': 8, 'learning_rate': 0.2995150389944077, 'n_estimators': 272, 'colsample_bytree': 0.25208206468925554}. Best is trial 61 with value: 0.6869565217391305.
Trial 69 finished with value: 0.6695652173913044 and parameters: {'num_leaves': 22, 'max_depth': 8, 'learning_rate': 0.24213988986086035, 'n_estimators': 287, 'colsample_bytree': 0.20357267468429452}. Best is trial 61 with value: 0.6869565217391305.
Trial 70 finished with value: 0.6956521739130435 and parameters: {'num_leaves': 21, 'max_depth': 9, 'learning_rate': 0.2314906143105769, 'n_estimators': 288, 'colsample_bytree': 0.20579740541461491}. Best is trial 70 with value: 0.6956521739130435.
Trial 71 finished with value: 0.6521739130434783 and parameters: {'num_leaves': 18, 'max_depth': 9, 'learning_rate': 0.23741286341282555, 'n_estimators': 300, 'colsample_bytree': 0.20197140271958586}. Best is trial 70 with value: 0.6956521739130435.
Trial 72 finished with value: 0.6521739130434783 and parameters: {'num_leaves': 21, 'max_depth': 7, 'learning_rate': 0.181525686578609, 'n_estimators': 282, 'colsample_bytree': 0.20058038918297874}. Best is trial 70 with value: 0.6956521739130435.
Trial 73 finished with value: 0.6521739130434783 and parameters: {'num_leaves': 22, 'max_depth': 8, 'learning_rate': 0.26444033323630706, 'n_estimators': 261, 'colsample_bytree': 0.271976311316391}. Best is trial 70 with value: 0.6956521739130435.
Trial 74 finished with value: 0.6608695652173913 and parameters: {'num_leaves': 28, 'max_depth': 9, 'learning_rate': 0.2191342476012694, 'n_estimators': 282, 'colsample_bytree': 0.2240433557416812}. Best is trial 70 with value: 0.6956521739130435.
Trial 75 finished with value: 0.6608695652173913 and parameters: {'num_leaves': 25, 'max_depth': 8, 'learning_rate': 0.2005322910421366, 'n_estimators': 209, 'colsample_bytree': 0.28491129016928807}. Best is trial 70 with value: 0.6956521739130435.
Trial 76 finished with value: 0.6434782608695653 and parameters: {'num_leaves': 20, 'max_depth': 7, 'learning_rate': 0.246491832871711, 'n_estimators': 233, 'colsample_bytree': 0.24481141431885198}. Best is trial 70 with value: 0.6956521739130435.
Trial 77 finished with value: 0.6260869565217392 and parameters: {'num_leaves': 30, 'max_depth': 10, 'learning_rate': 0.22509798232058334, 'n_estimators': 263, 'colsample_bytree': 0.22292939324666478}. Best is trial 70 with value: 0.6956521739130435.
Trial 78 finished with value: 0.6956521739130435 and parameters: {'num_leaves': 24, 'max_depth': 8, 'learning_rate': 0.27565144398939695, 'n_estimators': 253, 'colsample_bytree': 0.26266416956281513}. Best is trial 70 with value: 0.6956521739130435.
Trial 79 finished with value: 0.6434782608695653 and parameters: {'num_leaves': 25, 'max_depth': 9, 'learning_rate': 0.2813838307100313, 'n_estimators': 239, 'colsample_bytree': 0.2618317048894575}. Best is trial 70 with value: 0.6956521739130435.
Trial 80 finished with value: 0.6434782608695653 and parameters: {'num_leaves': 27, 'max_depth': 8, 'learning_rate': 0.17920084323980312, 'n_estimators': 253, 'colsample_bytree': 0.3154213933476155}. Best is trial 70 with value: 0.6956521739130435.
Trial 81 finished with value: 0.6521739130434783 and parameters: {'num_leaves': 23, 'max_depth': 7, 'learning_rate': 0.2555781815046676, 'n_estimators': 290, 'colsample_bytree': 0.22649988933709622}. Best is trial 70 with value: 0.6956521739130435.
Trial 82 finished with value: 0.6434782608695652 and parameters: {'num_leaves': 22, 'max_depth': 8, 'learning_rate': 0.2716642996695048, 'n_estimators': 276, 'colsample_bytree': 0.20042902128708742}. Best is trial 70 with value: 0.6956521739130435.
Trial 83 finished with value: 0.6608695652173913 and parameters: {'num_leaves': 24, 'max_depth': 8, 'learning_rate': 0.23253068029863358, 'n_estimators': 188, 'colsample_bytree': 0.25204681844104854}. Best is trial 70 with value: 0.6956521739130435.
Trial 84 finished with value: 0.6521739130434783 and parameters: {'num_leaves': 16, 'max_depth': 8, 'learning_rate': 0.2076599417653109, 'n_estimators': 291, 'colsample_bytree': 0.28885468948924775}. Best is trial 70 with value: 0.6956521739130435.
Trial 85 finished with value: 0.6260869565217391 and parameters: {'num_leaves': 19, 'max_depth': 9, 'learning_rate': 0.29823986253990026, 'n_estimators': 223, 'colsample_bytree': 0.26776614166039775}. Best is trial 70 with value: 0.6956521739130435.
Trial 86 finished with value: 0.6608695652173913 and parameters: {'num_leaves': 21, 'max_depth': 7, 'learning_rate': 0.2580861504970058, 'n_estimators': 276, 'colsample_bytree': 0.23865066340246252}. Best is trial 70 with value: 0.6956521739130435.
Trial 87 finished with value: 0.6695652173913043 and parameters: {'num_leaves': 24, 'max_depth': 10, 'learning_rate': 0.19530284597199052, 'n_estimators': 267, 'colsample_bytree': 0.21831857636999324}. Best is trial 70 with value: 0.6956521739130435.
Trial 88 finished with value: 0.6695652173913043 and parameters: {'num_leaves': 31, 'max_depth': 9, 'learning_rate': 0.22900377031081467, 'n_estimators': 251, 'colsample_bytree': 0.32769715958085655}. Best is trial 70 with value: 0.6956521739130435.
Trial 89 finished with value: 0.6608695652173913 and parameters: {'num_leaves': 33, 'max_depth': 7, 'learning_rate': 0.2808656715140855, 'n_estimators': 258, 'colsample_bytree': 0.30020284291708355}. Best is trial 70 with value: 0.6956521739130435.
Trial 90 finished with value: 0.6782608695652174 and parameters: {'num_leaves': 28, 'max_depth': 8, 'learning_rate': 0.2492202264565277, 'n_estimators': 246, 'colsample_bytree': 0.21861542941503512}. Best is trial 70 with value: 0.6956521739130435.
Trial 91 finished with value: 0.6608695652173913 and parameters: {'num_leaves': 29, 'max_depth': 8, 'learning_rate': 0.2472806134847785, 'n_estimators': 237, 'colsample_bytree': 0.2174448052876633}. Best is trial 70 with value: 0.6956521739130435.
Trial 92 finished with value: 0.6347826086956522 and parameters: {'num_leaves': 27, 'max_depth': 8, 'learning_rate': 0.208907391324867, 'n_estimators': 175, 'colsample_bytree': 0.24189320792820515}. Best is trial 70 with value: 0.6956521739130435.
Trial 93 finished with value: 0.6347826086956522 and parameters: {'num_leaves': 22, 'max_depth': 9, 'learning_rate': 0.2744609055705412, 'n_estimators': 246, 'colsample_bytree': 0.27052498886454546}. Best is trial 70 with value: 0.6956521739130435.
Trial 94 finished with value: 0.6695652173913043 and parameters: {'num_leaves': 26, 'max_depth': 8, 'learning_rate': 0.2275980074478331, 'n_estimators': 222, 'colsample_bytree': 0.21696304507162364}. Best is trial 70 with value: 0.6956521739130435.
Trial 95 finished with value: 0.7043478260869565 and parameters: {'num_leaves': 28, 'max_depth': 8, 'learning_rate': 0.24840755345610152, 'n_estimators': 299, 'colsample_bytree': 0.24994449730354634}. Best is trial 95 with value: 0.7043478260869565.
Trial 96 finished with value: 0.6434782608695653 and parameters: {'num_leaves': 29, 'max_depth': 7, 'learning_rate': 0.29941687561440716, 'n_estimators': 297, 'colsample_bytree': 0.2535456128584707}. Best is trial 95 with value: 0.7043478260869565.
Trial 97 finished with value: 0.6695652173913043 and parameters: {'num_leaves': 28, 'max_depth': 9, 'learning_rate': 0.1874223281074844, 'n_estimators': 208, 'colsample_bytree': 0.28521075712336436}. Best is trial 95 with value: 0.7043478260869565.
Trial 98 finished with value: 0.6608695652173913 and parameters: {'num_leaves': 25, 'max_depth': 7, 'learning_rate': 0.2572105442700123, 'n_estimators': 276, 'colsample_bytree': 0.23392276309670362}. Best is trial 95 with value: 0.7043478260869565.
Trial 99 finished with value: 0.6434782608695653 and parameters: {'num_leaves': 34, 'max_depth': 9, 'learning_rate': 0.21474853928390852, 'n_estimators': 266, 'colsample_bytree': 0.26353011442021507}. Best is trial 95 with value: 0.7043478260869565.
A new study created in memory with name: PCA_LR
Trial 0 finished with value: 0.7130434782608696 and parameters: {'l1_ratio': 0.14385039418037204, 'C': 0.27049732401912735}. Best is trial 0 with value: 0.7130434782608696.
Trial 1 finished with value: 0.6956521739130435 and parameters: {'l1_ratio': 0.027513057782539208, 'C': 0.039226811638669666}. Best is trial 0 with value: 0.7130434782608696.
Trial 2 finished with value: 0.6956521739130435 and parameters: {'l1_ratio': 0.9327038103300995, 'C': 0.24470065613914954}. Best is trial 0 with value: 0.7130434782608696.
Trial 3 finished with value: 0.7130434782608696 and parameters: {'l1_ratio': 0.6743868071243667, 'C': 0.34547444928109144}. Best is trial 0 with value: 0.7130434782608696.
Trial 4 finished with value: 0.7043478260869566 and parameters: {'l1_ratio': 0.16959290626788026, 'C': 0.054802796690347634}. Best is trial 0 with value: 0.7130434782608696.
Trial 5 finished with value: 0.6956521739130435 and parameters: {'l1_ratio': 0.924245939881562, 'C': 0.25396119001129897}. Best is trial 0 with value: 0.7130434782608696.
Trial 6 finished with value: 0.7130434782608696 and parameters: {'l1_ratio': 0.10077814797388152, 'C': 0.21224969670920915}. Best is trial 0 with value: 0.7130434782608696.
Trial 7 finished with value: 0.7130434782608696 and parameters: {'l1_ratio': 0.5266651329175288, 'C': 0.36947520541478013}. Best is trial 0 with value: 0.7130434782608696.
Trial 8 finished with value: 0.7130434782608696 and parameters: {'l1_ratio': 0.03350766408251615, 'C': 0.17110172217123484}. Best is trial 0 with value: 0.7130434782608696.
Trial 9 finished with value: 0.7652173913043478 and parameters: {'l1_ratio': 0.8145408613356273, 'C': 0.01734765428356026}. Best is trial 9 with value: 0.7652173913043478.
Trial 10 finished with value: 0.7130434782608696 and parameters: {'l1_ratio': 0.7040696451266306, 'C': 0.010062192690732871}. Best is trial 9 with value: 0.7652173913043478.
Trial 11 finished with value: 0.7130434782608696 and parameters: {'l1_ratio': 0.3131809187229883, 'C': 0.9078931898537985}. Best is trial 9 with value: 0.7652173913043478.
Trial 12 finished with value: 0.7391304347826086 and parameters: {'l1_ratio': 0.3148031441688799, 'C': 0.012208961440294078}. Best is trial 9 with value: 0.7652173913043478.
Trial 13 finished with value: 0.7391304347826086 and parameters: {'l1_ratio': 0.3789934796834204, 'C': 0.011813498701426344}. Best is trial 9 with value: 0.7652173913043478.
Trial 14 finished with value: 0.7391304347826086 and parameters: {'l1_ratio': 0.5087347823058918, 'C': 0.02304933056493626}. Best is trial 9 with value: 0.7652173913043478.
Trial 15 finished with value: 0.7217391304347827 and parameters: {'l1_ratio': 0.2944590869042521, 'C': 0.02072298024328908}. Best is trial 9 with value: 0.7652173913043478.
Trial 16 finished with value: 0.7043478260869565 and parameters: {'l1_ratio': 0.7632296055693754, 'C': 0.0750884813798748}. Best is trial 9 with value: 0.7652173913043478.
Trial 17 finished with value: 0.7391304347826086 and parameters: {'l1_ratio': 0.5883604640300927, 'C': 0.019415236451832078}. Best is trial 9 with value: 0.7652173913043478.
Trial 18 finished with value: 0.7217391304347827 and parameters: {'l1_ratio': 0.4247222080937065, 'C': 0.0342951363870241}. Best is trial 9 with value: 0.7652173913043478.
Trial 19 finished with value: 0.7304347826086957 and parameters: {'l1_ratio': 0.8614305213645818, 'C': 0.014396213163407853}. Best is trial 9 with value: 0.7652173913043478.
Trial 20 finished with value: 0.7652173913043477 and parameters: {'l1_ratio': 0.7873275475097739, 'C': 0.01018070920506506}. Best is trial 9 with value: 0.7652173913043478.
Trial 21 finished with value: 0.7217391304347825 and parameters: {'l1_ratio': 0.8159673026447974, 'C': 0.014545678152381879}. Best is trial 9 with value: 0.7652173913043478.
Trial 22 finished with value: 0.7043478260869566 and parameters: {'l1_ratio': 0.9739390462524882, 'C': 0.010239544911188501}. Best is trial 9 with value: 0.7652173913043478.
Trial 23 finished with value: 0.7391304347826086 and parameters: {'l1_ratio': 0.6283654428507933, 'C': 0.027333668920845357}. Best is trial 9 with value: 0.7652173913043478.
