Trial 48 finished with value: 1.0 and parameters: {'l1_ratio': 0.10114313686441864, 'C': 0.16447576595505953}. Best is trial 0 with value: 1.0.
Trial 49 finished with value: 1.0 and parameters: {'l1_ratio': 0.008259626271336973, 'C': 0.014827971091738529}. Best is trial 0 with value: 1.0.
Trial 50 finished with value: 0.9555555555555555 and parameters: {'l1_ratio': 0.24254432174255205, 'C': 0.0362033131533305}. Best is trial 0 with value: 1.0.
Trial 51 finished with value: 1.0 and parameters: {'l1_ratio': 0.7223868385101825, 'C': 0.3239961297142857}. Best is trial 0 with value: 1.0.
Trial 52 finished with value: 1.0 and parameters: {'l1_ratio': 0.3747816229610817, 'C': 0.4574325563624701}. Best is trial 0 with value: 1.0.
Trial 53 finished with value: 1.0 and parameters: {'l1_ratio': 0.6379865755417091, 'C': 0.528417690006784}. Best is trial 0 with value: 1.0.
Trial 54 finished with value: 1.0 and parameters: {'l1_ratio': 0.1470440567107758, 'C': 0.570831196244136}. Best is trial 0 with value: 1.0.
Trial 55 finished with value: 1.0 and parameters: {'l1_ratio': 0.06992539420607935, 'C': 0.24333326778158787}. Best is trial 0 with value: 1.0.
Trial 56 finished with value: 1.0 and parameters: {'l1_ratio': 0.4392370146511922, 'C': 0.3425885370258433}. Best is trial 0 with value: 1.0.
Trial 57 finished with value: 1.0 and parameters: {'l1_ratio': 0.3073093632027123, 'C': 0.2681987477418683}. Best is trial 0 with value: 1.0.
Trial 58 finished with value: 1.0 and parameters: {'l1_ratio': 0.11335404163595894, 'C': 0.40008444716095937}. Best is trial 0 with value: 1.0.
Trial 59 finished with value: 1.0 and parameters: {'l1_ratio': 0.22207019339336248, 'C': 0.6378734113438254}. Best is trial 0 with value: 1.0.
Trial 60 finished with value: 1.0 and parameters: {'l1_ratio': 0.9558153032782453, 'C': 0.19823533472057045}. Best is trial 0 with value: 1.0.
Trial 61 finished with value: 1.0 and parameters: {'l1_ratio': 0.1649579339269152, 'C': 0.4432008746748527}. Best is trial 0 with value: 1.0.
Trial 62 finished with value: 1.0 and parameters: {'l1_ratio': 0.2883664776702647, 'C': 0.8243082463953929}. Best is trial 0 with value: 1.0.
Trial 63 finished with value: 1.0 and parameters: {'l1_ratio': 0.33442295258321225, 'C': 0.5935302513655704}. Best is trial 0 with value: 1.0.
Trial 64 finished with value: 1.0 and parameters: {'l1_ratio': 0.21809612614659935, 'C': 0.8505527002656263}. Best is trial 0 with value: 1.0.
Trial 65 finished with value: 1.0 and parameters: {'l1_ratio': 0.2738110675058806, 'C': 0.35932228524811044}. Best is trial 0 with value: 1.0.
Trial 66 finished with value: 1.0 and parameters: {'l1_ratio': 0.04978175068887125, 'C': 0.7037942759640924}. Best is trial 0 with value: 1.0.
Trial 67 finished with value: 1.0 and parameters: {'l1_ratio': 0.14846935471532796, 'C': 0.6076256103223212}. Best is trial 0 with value: 1.0.
Trial 68 finished with value: 1.0 and parameters: {'l1_ratio': 0.09338756049258569, 'C': 0.5150225744160418}. Best is trial 0 with value: 1.0.
Trial 69 finished with value: 1.0 and parameters: {'l1_ratio': 0.245283727131095, 'C': 0.13926744550229234}. Best is trial 0 with value: 1.0.
Trial 70 finished with value: 1.0 and parameters: {'l1_ratio': 0.002182858374178011, 'C': 0.08790225121065674}. Best is trial 0 with value: 1.0.
Trial 71 finished with value: 1.0 and parameters: {'l1_ratio': 0.9654303830696702, 'C': 0.7910610360854429}. Best is trial 0 with value: 1.0.
Trial 72 finished with value: 1.0 and parameters: {'l1_ratio': 0.19257231201410685, 'C': 0.8764358595563333}. Best is trial 0 with value: 1.0.
Trial 73 finished with value: 1.0 and parameters: {'l1_ratio': 0.9983697125763221, 'C': 0.7166773841260617}. Best is trial 0 with value: 1.0.
Trial 74 finished with value: 1.0 and parameters: {'l1_ratio': 0.12521897939170623, 'C': 0.43875742439212273}. Best is trial 0 with value: 1.0.
Trial 75 finished with value: 1.0 and parameters: {'l1_ratio': 0.850633389444409, 'C': 0.6444539415004924}. Best is trial 0 with value: 1.0.
Trial 76 finished with value: 1.0 and parameters: {'l1_ratio': 0.4637423993532936, 'C': 0.9283885670217428}. Best is trial 0 with value: 1.0.
Trial 77 finished with value: 1.0 and parameters: {'l1_ratio': 0.07126664287318743, 'C': 0.31060641304382175}. Best is trial 0 with value: 1.0.
Trial 78 finished with value: 1.0 and parameters: {'l1_ratio': 0.36890299878384936, 'C': 0.3827230294589693}. Best is trial 0 with value: 1.0.
Trial 79 finished with value: 1.0 and parameters: {'l1_ratio': 0.525895097627897, 'C': 0.5562082873379226}. Best is trial 0 with value: 1.0.
Trial 80 finished with value: 1.0 and parameters: {'l1_ratio': 0.03835143471420732, 'C': 0.47377662466145026}. Best is trial 0 with value: 1.0.
Trial 81 finished with value: 1.0 and parameters: {'l1_ratio': 0.19985416665285125, 'C': 0.27140281320306037}. Best is trial 0 with value: 1.0.
Trial 82 finished with value: 1.0 and parameters: {'l1_ratio': 0.3809486829484716, 'C': 0.3956750815930259}. Best is trial 0 with value: 1.0.
Trial 83 finished with value: 1.0 and parameters: {'l1_ratio': 0.34586495446765997, 'C': 0.5101887461182273}. Best is trial 0 with value: 1.0.
Trial 84 finished with value: 1.0 and parameters: {'l1_ratio': 0.40208705572658243, 'C': 0.34057324845757914}. Best is trial 0 with value: 1.0.
Trial 85 finished with value: 1.0 and parameters: {'l1_ratio': 0.16064963915737315, 'C': 0.04700348992577433}. Best is trial 0 with value: 1.0.
Trial 86 finished with value: 1.0 and parameters: {'l1_ratio': 0.3148615239031691, 'C': 0.7304569254442028}. Best is trial 0 with value: 1.0.
Trial 87 finished with value: 1.0 and parameters: {'l1_ratio': 0.25382057214576165, 'C': 0.06475810831553466}. Best is trial 0 with value: 1.0.
Trial 88 finished with value: 1.0 and parameters: {'l1_ratio': 0.17353905965360333, 'C': 0.42358980098339705}. Best is trial 0 with value: 1.0.
Trial 89 finished with value: 1.0 and parameters: {'l1_ratio': 0.27775559695697527, 'C': 0.565751754410059}. Best is trial 0 with value: 1.0.
Trial 90 finished with value: 1.0 and parameters: {'l1_ratio': 0.11215302828715952, 'C': 0.22696844753692288}. Best is trial 0 with value: 1.0.
Trial 91 finished with value: 1.0 and parameters: {'l1_ratio': 0.4231570446795124, 'C': 0.6666443552133337}. Best is trial 0 with value: 1.0.
Trial 92 finished with value: 1.0 and parameters: {'l1_ratio': 0.4514613914094009, 'C': 0.8352515251710092}. Best is trial 0 with value: 1.0.
Trial 93 finished with value: 1.0 and parameters: {'l1_ratio': 0.22327208244027086, 'C': 0.46955929410898883}. Best is trial 0 with value: 1.0.
Trial 94 finished with value: 1.0 and parameters: {'l1_ratio': 0.3242505137049313, 'C': 0.6196053906957952}. Best is trial 0 with value: 1.0.
Trial 95 finished with value: 1.0 and parameters: {'l1_ratio': 0.30178214479849574, 'C': 0.9634740315996044}. Best is trial 0 with value: 1.0.
Trial 96 finished with value: 1.0 and parameters: {'l1_ratio': 0.3609718437972918, 'C': 0.3521138003966704}. Best is trial 0 with value: 1.0.
Trial 97 finished with value: 1.0 and parameters: {'l1_ratio': 0.29097822370356674, 'C': 0.7319100865897967}. Best is trial 0 with value: 1.0.
Trial 98 finished with value: 1.0 and parameters: {'l1_ratio': 0.3347688434997488, 'C': 0.9946872809852472}. Best is trial 0 with value: 1.0.
Trial 99 finished with value: 1.0 and parameters: {'l1_ratio': 0.39966550942171625, 'C': 0.7822209491319341}. Best is trial 0 with value: 1.0.
A new study created in memory with name: PCA_LR
Trial 0 finished with value: 0.7043478260869566 and parameters: {'l1_ratio': 0.8075542087204802, 'C': 0.16120865695984882}. Best is trial 0 with value: 0.7043478260869566.
Trial 1 finished with value: 0.7043478260869566 and parameters: {'l1_ratio': 0.7551051839338476, 'C': 0.28240939023514294}. Best is trial 0 with value: 0.7043478260869566.
Trial 2 finished with value: 0.7130434782608696 and parameters: {'l1_ratio': 0.06733635780277347, 'C': 0.016971210025077805}. Best is trial 2 with value: 0.7130434782608696.
Trial 3 finished with value: 0.7043478260869565 and parameters: {'l1_ratio': 0.22274882150893338, 'C': 0.028463658738574944}. Best is trial 2 with value: 0.7130434782608696.
Trial 4 finished with value: 0.7130434782608696 and parameters: {'l1_ratio': 0.9710667107686517, 'C': 0.16470833895436163}. Best is trial 2 with value: 0.7130434782608696.
Trial 5 finished with value: 0.7130434782608696 and parameters: {'l1_ratio': 0.018216297226579692, 'C': 0.36069982910752113}. Best is trial 2 with value: 0.7130434782608696.
Trial 6 finished with value: 0.6956521739130435 and parameters: {'l1_ratio': 0.0782014636869699, 'C': 0.037494029304206575}. Best is trial 2 with value: 0.7130434782608696.
Trial 7 finished with value: 0.6956521739130435 and parameters: {'l1_ratio': 0.0657976239885063, 'C': 0.039259389312201506}. Best is trial 2 with value: 0.7130434782608696.
Trial 8 finished with value: 0.6956521739130435 and parameters: {'l1_ratio': 0.3169804022984827, 'C': 0.11633287964065964}. Best is trial 2 with value: 0.7130434782608696.
Trial 9 finished with value: 0.7217391304347825 and parameters: {'l1_ratio': 0.7416068069156273, 'C': 0.013162484546453244}. Best is trial 9 with value: 0.7217391304347825.
Trial 10 finished with value: 0.7304347826086957 and parameters: {'l1_ratio': 0.5871945345802021, 'C': 0.010962893485454091}. Best is trial 10 with value: 0.7304347826086957.
Trial 11 finished with value: 0.7478260869565216 and parameters: {'l1_ratio': 0.564827739247644, 'C': 0.01432201290141073}. Best is trial 11 with value: 0.7478260869565216.
Trial 12 finished with value: 0.7478260869565218 and parameters: {'l1_ratio': 0.5137065994456985, 'C': 0.01000550550407956}. Best is trial 12 with value: 0.7478260869565218.
Trial 13 finished with value: 0.7565217391304347 and parameters: {'l1_ratio': 0.4986114735408738, 'C': 0.010268832735037862}. Best is trial 13 with value: 0.7565217391304347.
Trial 14 finished with value: 0.7130434782608696 and parameters: {'l1_ratio': 0.43478351932978343, 'C': 0.060922715122643814}. Best is trial 13 with value: 0.7565217391304347.
Trial 15 finished with value: 0.7130434782608696 and parameters: {'l1_ratio': 0.44035226129507143, 'C': 0.7963384117698868}. Best is trial 13 with value: 0.7565217391304347.
Trial 16 finished with value: 0.7304347826086957 and parameters: {'l1_ratio': 0.5354061476908968, 'C': 0.010105212922724004}. Best is trial 13 with value: 0.7565217391304347.
Trial 17 finished with value: 0.7217391304347827 and parameters: {'l1_ratio': 0.36071859922039967, 'C': 0.023632436483607362}. Best is trial 13 with value: 0.7565217391304347.
Trial 18 finished with value: 0.7565217391304347 and parameters: {'l1_ratio': 0.642436297268779, 'C': 0.020562232552961846}. Best is trial 13 with value: 0.7565217391304347.
Trial 19 finished with value: 0.7391304347826086 and parameters: {'l1_ratio': 0.6532476004204002, 'C': 0.020348867638583616}. Best is trial 13 with value: 0.7565217391304347.
Trial 20 finished with value: 0.7130434782608696 and parameters: {'l1_ratio': 0.6879524415463858, 'C': 0.05589204098283755}. Best is trial 13 with value: 0.7565217391304347.
Trial 21 finished with value: 0.7565217391304347 and parameters: {'l1_ratio': 0.5004038842169678, 'C': 0.010408687380355035}. Best is trial 13 with value: 0.7565217391304347.
Trial 22 finished with value: 0.7391304347826086 and parameters: {'l1_ratio': 0.6249700377277629, 'C': 0.017703521443828002}. Best is trial 13 with value: 0.7565217391304347.
Trial 23 finished with value: 0.7478260869565216 and parameters: {'l1_ratio': 0.4644461397108064, 'C': 0.01745916154312397}. Best is trial 13 with value: 0.7565217391304347.
Trial 24 finished with value: 0.7391304347826086 and parameters: {'l1_ratio': 0.5704370992575858, 'C': 0.02528001260288412}. Best is trial 13 with value: 0.7565217391304347.
Trial 25 finished with value: 0.7391304347826086 and parameters: {'l1_ratio': 0.5018894312312787, 'C': 0.013708520019498242}. Best is trial 13 with value: 0.7565217391304347.
Trial 26 finished with value: 0.7130434782608696 and parameters: {'l1_ratio': 0.3598247701641573, 'C': 0.030671806968075924}. Best is trial 13 with value: 0.7565217391304347.
Trial 27 finished with value: 0.7478260869565216 and parameters: {'l1_ratio': 0.6672170866383182, 'C': 0.019838905494173033}. Best is trial 13 with value: 0.7565217391304347.
Trial 28 finished with value: 0.7304347826086957 and parameters: {'l1_ratio': 0.6115475617519213, 'C': 0.0101251686743394}. Best is trial 13 with value: 0.7565217391304347.
Trial 29 finished with value: 0.7304347826086957 and parameters: {'l1_ratio': 0.8783813995960195, 'C': 0.014837106240747177}. Best is trial 13 with value: 0.7565217391304347.
Trial 30 finished with value: 0.7391304347826086 and parameters: {'l1_ratio': 0.8398700199389579, 'C': 0.022667071704139632}. Best is trial 13 with value: 0.7565217391304347.
Trial 31 finished with value: 0.7565217391304347 and parameters: {'l1_ratio': 0.5200364057608631, 'C': 0.011339534759471236}. Best is trial 13 with value: 0.7565217391304347.
Trial 32 finished with value: 0.7478260869565216 and parameters: {'l1_ratio': 0.521805976243348, 'C': 0.013490185177243257}. Best is trial 13 with value: 0.7565217391304347.
Trial 33 finished with value: 0.7565217391304347 and parameters: {'l1_ratio': 0.7146743445345819, 'C': 0.01740249049935463}. Best is trial 13 with value: 0.7565217391304347.
Trial 34 finished with value: 0.7565217391304347 and parameters: {'l1_ratio': 0.6256040298698367, 'C': 0.012575086566417676}. Best is trial 13 with value: 0.7565217391304347.
Trial 35 finished with value: 0.7565217391304347 and parameters: {'l1_ratio': 0.7757210335573879, 'C': 0.01604610900816065}. Best is trial 13 with value: 0.7565217391304347.
Trial 36 finished with value: 0.7391304347826086 and parameters: {'l1_ratio': 0.4721144569347903, 'C': 0.025216160280118267}. Best is trial 13 with value: 0.7565217391304347.
Trial 37 finished with value: 0.7304347826086957 and parameters: {'l1_ratio': 0.5801137961257202, 'C': 0.01957065362614192}. Best is trial 13 with value: 0.7565217391304347.
Trial 38 finished with value: 0.7304347826086957 and parameters: {'l1_ratio': 0.6944784784695591, 'C': 0.012900397501279278}. Best is trial 13 with value: 0.7565217391304347.
Trial 39 finished with value: 0.7217391304347827 and parameters: {'l1_ratio': 0.41063577928321415, 'C': 0.030147565962075063}. Best is trial 13 with value: 0.7565217391304347.
Trial 40 finished with value: 0.7391304347826086 and parameters: {'l1_ratio': 0.2617940519222841, 'C': 0.011373006822406528}. Best is trial 13 with value: 0.7565217391304347.
Trial 41 finished with value: 0.7652173913043478 and parameters: {'l1_ratio': 0.7148245357411113, 'C': 0.016010424291240246}. Best is trial 41 with value: 0.7652173913043478.
Trial 42 finished with value: 0.7565217391304347 and parameters: {'l1_ratio': 0.7490854088412426, 'C': 0.014901378586011428}. Best is trial 41 with value: 0.7652173913043478.
Trial 43 finished with value: 0.7652173913043478 and parameters: {'l1_ratio': 0.5387657792206219, 'C': 0.012420412361960995}. Best is trial 41 with value: 0.7652173913043478.
Trial 44 finished with value: 0.7478260869565216 and parameters: {'l1_ratio': 0.6482142301575555, 'C': 0.016391120758560446}. Best is trial 41 with value: 0.7652173913043478.
Trial 45 finished with value: 0.7304347826086957 and parameters: {'l1_ratio': 0.5658760441928063, 'C': 0.03598797186396271}. Best is trial 41 with value: 0.7652173913043478.
Trial 46 finished with value: 0.7391304347826086 and parameters: {'l1_ratio': 0.7101767719644144, 'C': 0.019867965298307793}. Best is trial 41 with value: 0.7652173913043478.
Trial 47 finished with value: 0.7304347826086957 and parameters: {'l1_ratio': 0.6029960150941718, 'C': 0.010121350247374481}. Best is trial 41 with value: 0.7652173913043478.
Trial 48 finished with value: 0.7565217391304347 and parameters: {'l1_ratio': 0.5444341737579064, 'C': 0.012952007620048271}. Best is trial 41 with value: 0.7652173913043478.
Trial 49 finished with value: 0.7391304347826086 and parameters: {'l1_ratio': 0.5008074997886268, 'C': 0.022744551711479828}. Best is trial 41 with value: 0.7652173913043478.
Trial 50 finished with value: 0.7391304347826086 and parameters: {'l1_ratio': 0.47468265897052236, 'C': 0.01507066810008406}. Best is trial 41 with value: 0.7652173913043478.
Trial 51 finished with value: 0.7652173913043478 and parameters: {'l1_ratio': 0.5444120613189555, 'C': 0.01204754111856694}. Best is trial 41 with value: 0.7652173913043478.
Trial 52 finished with value: 0.7652173913043478 and parameters: {'l1_ratio': 0.5469688312846307, 'C': 0.011993426170981715}. Best is trial 41 with value: 0.7652173913043478.
Trial 53 finished with value: 0.7304347826086957 and parameters: {'l1_ratio': 0.6544840656028484, 'C': 0.011880837594460241}. Best is trial 41 with value: 0.7652173913043478.
Trial 54 finished with value: 0.7391304347826086 and parameters: {'l1_ratio': 0.5495365777801074, 'C': 0.016956385364911647}. Best is trial 41 with value: 0.7652173913043478.
Trial 55 finished with value: 0.7652173913043478 and parameters: {'l1_ratio': 0.5939333450033595, 'C': 0.013532947823761653}. Best is trial 41 with value: 0.7652173913043478.
Trial 56 finished with value: 0.7565217391304347 and parameters: {'l1_ratio': 0.5988455097187202, 'C': 0.012122625976118606}. Best is trial 41 with value: 0.7652173913043478.
Trial 57 finished with value: 0.7391304347826086 and parameters: {'l1_ratio': 0.5492332483972889, 'C': 0.01495046174514957}. Best is trial 41 with value: 0.7652173913043478.
Trial 58 finished with value: 0.7565217391304347 and parameters: {'l1_ratio': 0.5864044987007275, 'C': 0.012505506936912294}. Best is trial 41 with value: 0.7652173913043478.
Trial 59 finished with value: 0.7391304347826086 and parameters: {'l1_ratio': 0.45985894332070404, 'C': 0.026059079952363305}. Best is trial 41 with value: 0.7652173913043478.
Trial 60 finished with value: 0.7391304347826086 and parameters: {'l1_ratio': 0.4286766042634087, 'C': 0.01846343296892172}. Best is trial 41 with value: 0.7652173913043478.
Trial 61 finished with value: 0.7217391304347827 and parameters: {'l1_ratio': 0.6402024744973474, 'C': 0.010004846645072294}. Best is trial 41 with value: 0.7652173913043478.
Trial 62 finished with value: 0.7304347826086957 and parameters: {'l1_ratio': 0.6205721431364537, 'C': 0.021045202259989047}. Best is trial 41 with value: 0.7652173913043478.
Trial 63 finished with value: 0.7652173913043478 and parameters: {'l1_ratio': 0.6637447935490336, 'C': 0.014954787084070265}. Best is trial 41 with value: 0.7652173913043478.
Trial 64 finished with value: 0.7565217391304347 and parameters: {'l1_ratio': 0.6870569976362696, 'C': 0.014240833540980742}. Best is trial 41 with value: 0.7652173913043478.
Trial 65 finished with value: 0.7478260869565218 and parameters: {'l1_ratio': 0.5811464298644181, 'C': 0.011515320697473642}. Best is trial 41 with value: 0.7652173913043478.
Trial 66 finished with value: 0.7391304347826086 and parameters: {'l1_ratio': 0.5227265424251846, 'C': 0.017403457582651}. Best is trial 41 with value: 0.7652173913043478.
Trial 67 finished with value: 0.7478260869565218 and parameters: {'l1_ratio': 0.7292194434845527, 'C': 0.014068868151500592}. Best is trial 41 with value: 0.7652173913043478.
Trial 68 finished with value: 0.7304347826086957 and parameters: {'l1_ratio': 0.6696392780349952, 'C': 0.01103223041844732}. Best is trial 41 with value: 0.7652173913043478.
Trial 69 finished with value: 0.7391304347826086 and parameters: {'l1_ratio': 0.4924255732951011, 'C': 0.016009680072041274}. Best is trial 41 with value: 0.7652173913043478.
Trial 70 finished with value: 0.7391304347826086 and parameters: {'l1_ratio': 0.5453948355642482, 'C': 0.021823670703305296}. Best is trial 41 with value: 0.7652173913043478.
Trial 71 finished with value: 0.7391304347826086 and parameters: {'l1_ratio': 0.6747459332871744, 'C': 0.018837413086822172}. Best is trial 41 with value: 0.7652173913043478.
Trial 72 finished with value: 0.7565217391304347 and parameters: {'l1_ratio': 0.6340188223913592, 'C': 0.013027902971468644}. Best is trial 41 with value: 0.7652173913043478.
Trial 73 finished with value: 0.7043478260869566 and parameters: {'l1_ratio': 0.7730834932791296, 'C': 0.011441291677321889}. Best is trial 41 with value: 0.7652173913043478.
Trial 74 finished with value: 0.7391304347826086 and parameters: {'l1_ratio': 0.573368462098703, 'C': 0.015480564893740098}. Best is trial 41 with value: 0.7652173913043478.
Trial 75 finished with value: 0.7478260869565216 and parameters: {'l1_ratio': 0.6060602767774798, 'C': 0.01800190312380587}. Best is trial 41 with value: 0.7652173913043478.
Trial 76 finished with value: 0.7565217391304347 and parameters: {'l1_ratio': 0.7086494721398426, 'C': 0.014266744902867803}. Best is trial 41 with value: 0.7652173913043478.
Trial 77 finished with value: 0.7391304347826086 and parameters: {'l1_ratio': 0.637238410999364, 'C': 0.026684329273466752}. Best is trial 41 with value: 0.7652173913043478.
Trial 78 finished with value: 0.7391304347826086 and parameters: {'l1_ratio': 0.5148039540390014, 'C': 0.02111206518448288}. Best is trial 41 with value: 0.7652173913043478.
Trial 79 finished with value: 0.7304347826086957 and parameters: {'l1_ratio': 0.6052627168497337, 'C': 0.011028609460881206}. Best is trial 41 with value: 0.7652173913043478.
Trial 80 finished with value: 0.7478260869565218 and parameters: {'l1_ratio': 0.6663870507906322, 'C': 0.01278453236704883}. Best is trial 41 with value: 0.7652173913043478.
Trial 81 finished with value: 0.7565217391304347 and parameters: {'l1_ratio': 0.4954980868297675, 'C': 0.010259614902788311}. Best is trial 41 with value: 0.7652173913043478.
Trial 82 finished with value: 0.7565217391304347 and parameters: {'l1_ratio': 0.533171560126178, 'C': 0.01264729793116984}. Best is trial 41 with value: 0.7652173913043478.
