A new study created in memory with name: PCA_LGBM
Trial 0 finished with value: 0.8 and parameters: {'num_leaves': 20, 'max_depth': 11, 'learning_rate': 0.014646325045259792, 'n_estimators': 120, 'colsample_bytree': 0.9853546852600445}. Best is trial 0 with value: 0.8.
Trial 1 finished with value: 0.8333333333333334 and parameters: {'num_leaves': 37, 'max_depth': 13, 'learning_rate': 0.17522962743312834, 'n_estimators': 142, 'colsample_bytree': 0.5843609692793357}. Best is trial 1 with value: 0.8333333333333334.
Trial 2 finished with value: 0.8 and parameters: {'num_leaves': 37, 'max_depth': 9, 'learning_rate': 0.04453458221810918, 'n_estimators': 138, 'colsample_bytree': 0.913557566479851}. Best is trial 1 with value: 0.8333333333333334.
Trial 3 finished with value: 0.7500000000000001 and parameters: {'num_leaves': 24, 'max_depth': 13, 'learning_rate': 0.0131022219827584, 'n_estimators': 198, 'colsample_bytree': 0.27906458085581476}. Best is trial 1 with value: 0.8333333333333334.
Trial 4 finished with value: 0.8 and parameters: {'num_leaves': 47, 'max_depth': 7, 'learning_rate': 0.013917861988791216, 'n_estimators': 192, 'colsample_bytree': 0.8683199536095181}. Best is trial 1 with value: 0.8333333333333334.
Trial 5 finished with value: 0.7166666666666667 and parameters: {'num_leaves': 29, 'max_depth': 7, 'learning_rate': 0.020007919602058756, 'n_estimators': 93, 'colsample_bytree': 0.25326083696744695}. Best is trial 1 with value: 0.8333333333333334.
Trial 6 finished with value: 0.8333333333333334 and parameters: {'num_leaves': 43, 'max_depth': 14, 'learning_rate': 0.2675968162718058, 'n_estimators': 160, 'colsample_bytree': 0.48981302859015763}. Best is trial 1 with value: 0.8333333333333334.
Trial 7 finished with value: 0.8166666666666667 and parameters: {'num_leaves': 18, 'max_depth': 8, 'learning_rate': 0.25389513971649796, 'n_estimators': 117, 'colsample_bytree': 0.4977220718818524}. Best is trial 1 with value: 0.8333333333333334.
Trial 8 finished with value: 0.8 and parameters: {'num_leaves': 23, 'max_depth': 6, 'learning_rate': 0.2894947804749558, 'n_estimators': 84, 'colsample_bytree': 0.32701330494042846}. Best is trial 1 with value: 0.8333333333333334.
Trial 9 finished with value: 0.5 and parameters: {'num_leaves': 18, 'max_depth': 11, 'learning_rate': 0.014035375119025294, 'n_estimators': 50, 'colsample_bytree': 0.22930622000575804}. Best is trial 1 with value: 0.8333333333333334.
Trial 10 finished with value: 0.8 and parameters: {'num_leaves': 39, 'max_depth': 15, 'learning_rate': 0.1275325045464049, 'n_estimators': 272, 'colsample_bytree': 0.710254597039021}. Best is trial 1 with value: 0.8333333333333334.
Trial 11 finished with value: 0.8333333333333334 and parameters: {'num_leaves': 46, 'max_depth': 15, 'learning_rate': 0.14327986009909444, 'n_estimators': 167, 'colsample_bytree': 0.5411860592684757}. Best is trial 1 with value: 0.8333333333333334.
Trial 12 finished with value: 0.8166666666666667 and parameters: {'num_leaves': 41, 'max_depth': 13, 'learning_rate': 0.15018245666333463, 'n_estimators': 231, 'colsample_bytree': 0.6526718189830621}. Best is trial 1 with value: 0.8333333333333334.
Trial 13 finished with value: 0.8166666666666668 and parameters: {'num_leaves': 33, 'max_depth': 13, 'learning_rate': 0.08706921105496301, 'n_estimators': 159, 'colsample_bytree': 0.4263087600196989}. Best is trial 1 with value: 0.8333333333333334.
Trial 14 finished with value: 0.8 and parameters: {'num_leaves': 44, 'max_depth': 12, 'learning_rate': 0.22427887740897465, 'n_estimators': 237, 'colsample_bytree': 0.42138870331291056}. Best is trial 1 with value: 0.8333333333333334.
Trial 15 finished with value: 0.8333333333333334 and parameters: {'num_leaves': 50, 'max_depth': 14, 'learning_rate': 0.1869854595022359, 'n_estimators': 207, 'colsample_bytree': 0.6029382951381242}. Best is trial 1 with value: 0.8333333333333334.
Trial 16 finished with value: 0.8333333333333334 and parameters: {'num_leaves': 34, 'max_depth': 10, 'learning_rate': 0.2886833484180434, 'n_estimators': 146, 'colsample_bytree': 0.7098451844221967}. Best is trial 1 with value: 0.8333333333333334.
Trial 17 finished with value: 0.8333333333333334 and parameters: {'num_leaves': 29, 'max_depth': 14, 'learning_rate': 0.09011936328966054, 'n_estimators': 295, 'colsample_bytree': 0.5155986875144716}. Best is trial 1 with value: 0.8333333333333334.
Trial 18 finished with value: 0.75 and parameters: {'num_leaves': 41, 'max_depth': 12, 'learning_rate': 0.19039216166548925, 'n_estimators': 92, 'colsample_bytree': 0.3709800538793975}. Best is trial 1 with value: 0.8333333333333334.
Trial 19 finished with value: 0.8333333333333334 and parameters: {'num_leaves': 37, 'max_depth': 15, 'learning_rate': 0.10104259237742323, 'n_estimators': 178, 'colsample_bytree': 0.5804050248351146}. Best is trial 1 with value: 0.8333333333333334.
Trial 20 finished with value: 0.8333333333333334 and parameters: {'num_leaves': 29, 'max_depth': 11, 'learning_rate': 0.06447667564737221, 'n_estimators': 227, 'colsample_bytree': 0.46258018004026236}. Best is trial 1 with value: 0.8333333333333334.
Trial 21 finished with value: 0.85 and parameters: {'num_leaves': 45, 'max_depth': 15, 'learning_rate': 0.15604462576092876, 'n_estimators': 157, 'colsample_bytree': 0.5567222766358918}. Best is trial 21 with value: 0.85.
Trial 22 finished with value: 0.85 and parameters: {'num_leaves': 43, 'max_depth': 14, 'learning_rate': 0.1872697435651189, 'n_estimators': 129, 'colsample_bytree': 0.5757916414951629}. Best is trial 21 with value: 0.85.
Trial 23 finished with value: 0.85 and parameters: {'num_leaves': 50, 'max_depth': 14, 'learning_rate': 0.18211618266704008, 'n_estimators': 125, 'colsample_bytree': 0.622563255770427}. Best is trial 21 with value: 0.85.
Trial 24 finished with value: 0.8166666666666667 and parameters: {'num_leaves': 50, 'max_depth': 15, 'learning_rate': 0.1290052254450256, 'n_estimators': 117, 'colsample_bytree': 0.6645618480673744}. Best is trial 21 with value: 0.85.
Trial 25 finished with value: 0.8333333333333334 and parameters: {'num_leaves': 47, 'max_depth': 14, 'learning_rate': 0.1889512631488661, 'n_estimators': 62, 'colsample_bytree': 0.7329822384065072}. Best is trial 21 with value: 0.85.
Trial 26 finished with value: 0.8833333333333332 and parameters: {'num_leaves': 45, 'max_depth': 12, 'learning_rate': 0.21841632274423234, 'n_estimators': 129, 'colsample_bytree': 0.6216118176700217}. Best is trial 26 with value: 0.8833333333333332.
Trial 27 finished with value: 0.8666666666666668 and parameters: {'num_leaves': 44, 'max_depth': 12, 'learning_rate': 0.23935708879339374, 'n_estimators': 102, 'colsample_bytree': 0.5487144731727953}. Best is trial 26 with value: 0.8833333333333332.
Trial 28 finished with value: 0.8333333333333334 and parameters: {'num_leaves': 45, 'max_depth': 10, 'learning_rate': 0.29807558565444414, 'n_estimators': 78, 'colsample_bytree': 0.7726380140890059}. Best is trial 26 with value: 0.8833333333333332.
Trial 29 finished with value: 0.85 and parameters: {'num_leaves': 40, 'max_depth': 11, 'learning_rate': 0.22886466363225083, 'n_estimators': 103, 'colsample_bytree': 0.5200976606934863}. Best is trial 26 with value: 0.8833333333333332.
Trial 30 finished with value: 0.85 and parameters: {'num_leaves': 47, 'max_depth': 12, 'learning_rate': 0.22879660070327545, 'n_estimators': 106, 'colsample_bytree': 0.5449769147133932}. Best is trial 26 with value: 0.8833333333333332.
Trial 31 finished with value: 0.85 and parameters: {'num_leaves': 43, 'max_depth': 12, 'learning_rate': 0.1611185594353733, 'n_estimators': 131, 'colsample_bytree': 0.5751108298020898}. Best is trial 26 with value: 0.8833333333333332.
Trial 32 finished with value: 0.8166666666666668 and parameters: {'num_leaves': 43, 'max_depth': 13, 'learning_rate': 0.2142196502072552, 'n_estimators': 155, 'colsample_bytree': 0.650955746124495}. Best is trial 26 with value: 0.8833333333333332.
Trial 33 finished with value: 0.85 and parameters: {'num_leaves': 36, 'max_depth': 9, 'learning_rate': 0.12434318022640062, 'n_estimators': 141, 'colsample_bytree': 0.5687955199492277}. Best is trial 26 with value: 0.8833333333333332.
Trial 34 finished with value: 0.85 and parameters: {'num_leaves': 48, 'max_depth': 13, 'learning_rate': 0.1563440229514763, 'n_estimators': 175, 'colsample_bytree': 0.6123231555022096}. Best is trial 26 with value: 0.8833333333333332.
Trial 35 finished with value: 0.8166666666666667 and parameters: {'num_leaves': 39, 'max_depth': 11, 'learning_rate': 0.20393400142185705, 'n_estimators': 109, 'colsample_bytree': 0.458216807345142}. Best is trial 26 with value: 0.8833333333333332.
Trial 36 finished with value: 0.85 and parameters: {'num_leaves': 45, 'max_depth': 12, 'learning_rate': 0.24099027664364378, 'n_estimators': 71, 'colsample_bytree': 0.5736905027502863}. Best is trial 26 with value: 0.8833333333333332.
Trial 37 finished with value: 0.7999999999999999 and parameters: {'num_leaves': 15, 'max_depth': 14, 'learning_rate': 0.1126308928436427, 'n_estimators': 138, 'colsample_bytree': 0.9896486079532978}. Best is trial 26 with value: 0.8833333333333332.
Trial 38 finished with value: 0.8333333333333334 and parameters: {'num_leaves': 42, 'max_depth': 9, 'learning_rate': 0.1624509054152621, 'n_estimators': 191, 'colsample_bytree': 0.5411218906702953}. Best is trial 26 with value: 0.8833333333333332.
Trial 39 finished with value: 0.8166666666666667 and parameters: {'num_leaves': 48, 'max_depth': 5, 'learning_rate': 0.25147927881394655, 'n_estimators': 126, 'colsample_bytree': 0.47981547010299397}. Best is trial 26 with value: 0.8833333333333332.
Trial 40 finished with value: 0.8333333333333334 and parameters: {'num_leaves': 38, 'max_depth': 15, 'learning_rate': 0.14188651850395118, 'n_estimators': 96, 'colsample_bytree': 0.62476935922615}. Best is trial 26 with value: 0.8833333333333332.
Trial 41 finished with value: 0.8333333333333334 and parameters: {'num_leaves': 50, 'max_depth': 14, 'learning_rate': 0.18311174231855598, 'n_estimators': 122, 'colsample_bytree': 0.6192656925314631}. Best is trial 26 with value: 0.8833333333333332.
Trial 42 finished with value: 0.85 and parameters: {'num_leaves': 45, 'max_depth': 13, 'learning_rate': 0.17557525169001995, 'n_estimators': 145, 'colsample_bytree': 0.505756271387944}. Best is trial 26 with value: 0.8833333333333332.
Trial 43 finished with value: 0.8333333333333334 and parameters: {'num_leaves': 48, 'max_depth': 15, 'learning_rate': 0.2586882505763127, 'n_estimators': 112, 'colsample_bytree': 0.6588019135417512}. Best is trial 26 with value: 0.8833333333333332.
Trial 44 finished with value: 0.85 and parameters: {'num_leaves': 46, 'max_depth': 14, 'learning_rate': 0.20690617034069025, 'n_estimators': 129, 'colsample_bytree': 0.5403980694942203}. Best is trial 26 with value: 0.8833333333333332.
Trial 45 finished with value: 0.85 and parameters: {'num_leaves': 49, 'max_depth': 13, 'learning_rate': 0.16802128369499963, 'n_estimators': 151, 'colsample_bytree': 0.5987955058613214}. Best is trial 26 with value: 0.8833333333333332.
Trial 46 finished with value: 0.8333333333333334 and parameters: {'num_leaves': 26, 'max_depth': 15, 'learning_rate': 0.2939824407795758, 'n_estimators': 164, 'colsample_bytree': 0.6778135752170185}. Best is trial 26 with value: 0.8833333333333332.
Trial 47 finished with value: 0.8333333333333334 and parameters: {'num_leaves': 42, 'max_depth': 14, 'learning_rate': 0.1398182640812693, 'n_estimators': 91, 'colsample_bytree': 0.6336209975281656}. Best is trial 26 with value: 0.8833333333333332.
Trial 48 finished with value: 0.85 and parameters: {'num_leaves': 44, 'max_depth': 12, 'learning_rate': 0.2578312032918119, 'n_estimators': 133, 'colsample_bytree': 0.5939622686876558}. Best is trial 26 with value: 0.8833333333333332.
Trial 49 finished with value: 0.8166666666666667 and parameters: {'num_leaves': 46, 'max_depth': 8, 'learning_rate': 0.21162481764608387, 'n_estimators': 173, 'colsample_bytree': 0.4802972541089523}. Best is trial 26 with value: 0.8833333333333332.
Trial 50 finished with value: 0.8166666666666667 and parameters: {'num_leaves': 35, 'max_depth': 14, 'learning_rate': 0.12128438428050761, 'n_estimators': 185, 'colsample_bytree': 0.6900701632933817}. Best is trial 26 with value: 0.8833333333333332.
Trial 51 finished with value: 0.8666666666666668 and parameters: {'num_leaves': 40, 'max_depth': 11, 'learning_rate': 0.22375963337752022, 'n_estimators': 102, 'colsample_bytree': 0.5223690843559442}. Best is trial 26 with value: 0.8833333333333332.
Trial 52 finished with value: 0.85 and parameters: {'num_leaves': 40, 'max_depth': 10, 'learning_rate': 0.17969189845447195, 'n_estimators': 100, 'colsample_bytree': 0.5443452046491709}. Best is trial 26 with value: 0.8833333333333332.
Trial 53 finished with value: 0.8666666666666666 and parameters: {'num_leaves': 44, 'max_depth': 11, 'learning_rate': 0.22829943830058322, 'n_estimators': 118, 'colsample_bytree': 0.6301627063560529}. Best is trial 26 with value: 0.8833333333333332.
Trial 54 finished with value: 0.85 and parameters: {'num_leaves': 41, 'max_depth': 11, 'learning_rate': 0.2446910130282885, 'n_estimators': 76, 'colsample_bytree': 0.5704959187471207}. Best is trial 26 with value: 0.8833333333333332.
Trial 55 finished with value: 0.8166666666666667 and parameters: {'num_leaves': 44, 'max_depth': 10, 'learning_rate': 0.21081944356414506, 'n_estimators': 113, 'colsample_bytree': 0.5150160586228003}. Best is trial 26 with value: 0.8833333333333332.
Trial 56 finished with value: 0.8166666666666667 and parameters: {'num_leaves': 31, 'max_depth': 11, 'learning_rate': 0.2593621396068827, 'n_estimators': 85, 'colsample_bytree': 0.44604408077249463}. Best is trial 26 with value: 0.8833333333333332.
Trial 57 finished with value: 0.7833333333333333 and parameters: {'num_leaves': 42, 'max_depth': 10, 'learning_rate': 0.15479226963038856, 'n_estimators': 205, 'colsample_bytree': 0.41936475696619746}. Best is trial 26 with value: 0.8833333333333332.
Trial 58 finished with value: 0.8166666666666667 and parameters: {'num_leaves': 39, 'max_depth': 12, 'learning_rate': 0.2816048636494275, 'n_estimators': 52, 'colsample_bytree': 0.4997266999853192}. Best is trial 26 with value: 0.8833333333333332.
Trial 59 finished with value: 0.8333333333333334 and parameters: {'num_leaves': 44, 'max_depth': 11, 'learning_rate': 0.20046644511241363, 'n_estimators': 155, 'colsample_bytree': 0.6382595016340888}. Best is trial 26 with value: 0.8833333333333332.
Trial 60 finished with value: 0.8666666666666666 and parameters: {'num_leaves': 46, 'max_depth': 13, 'learning_rate': 0.22750463971792514, 'n_estimators': 115, 'colsample_bytree': 0.5898725403480969}. Best is trial 26 with value: 0.8833333333333332.
Trial 61 finished with value: 0.8666666666666666 and parameters: {'num_leaves': 46, 'max_depth': 13, 'learning_rate': 0.23857567998717558, 'n_estimators': 119, 'colsample_bytree': 0.5986039978787155}. Best is trial 26 with value: 0.8833333333333332.
Trial 62 finished with value: 0.8833333333333332 and parameters: {'num_leaves': 46, 'max_depth': 13, 'learning_rate': 0.2298649355468575, 'n_estimators': 120, 'colsample_bytree': 0.5940207824755597}. Best is trial 26 with value: 0.8833333333333332.
Trial 63 finished with value: 0.85 and parameters: {'num_leaves': 46, 'max_depth': 12, 'learning_rate': 0.2261743651993743, 'n_estimators': 119, 'colsample_bytree': 0.6032002406921879}. Best is trial 26 with value: 0.8833333333333332.
Trial 64 finished with value: 0.8666666666666666 and parameters: {'num_leaves': 48, 'max_depth': 13, 'learning_rate': 0.29607513307073996, 'n_estimators': 85, 'colsample_bytree': 0.592204418745551}. Best is trial 26 with value: 0.8833333333333332.
Trial 65 finished with value: 0.8333333333333334 and parameters: {'num_leaves': 47, 'max_depth': 13, 'learning_rate': 0.233946312501641, 'n_estimators': 100, 'colsample_bytree': 0.6418425610889471}. Best is trial 26 with value: 0.8833333333333332.
Trial 66 finished with value: 0.8333333333333334 and parameters: {'num_leaves': 49, 'max_depth': 12, 'learning_rate': 0.2680791653546925, 'n_estimators': 107, 'colsample_bytree': 0.6880794362837261}. Best is trial 26 with value: 0.8833333333333332.
Trial 67 finished with value: 0.8333333333333334 and parameters: {'num_leaves': 43, 'max_depth': 13, 'learning_rate': 0.19530242087333208, 'n_estimators': 116, 'colsample_bytree': 0.5260639265765881}. Best is trial 26 with value: 0.8833333333333332.
Trial 68 finished with value: 0.8666666666666668 and parameters: {'num_leaves': 41, 'max_depth': 11, 'learning_rate': 0.2279598413003033, 'n_estimators': 66, 'colsample_bytree': 0.558323149369939}. Best is trial 26 with value: 0.8833333333333332.
Trial 69 finished with value: 0.85 and parameters: {'num_leaves': 40, 'max_depth': 11, 'learning_rate': 0.2694270432594188, 'n_estimators': 64, 'colsample_bytree': 0.5574295577882348}. Best is trial 26 with value: 0.8833333333333332.
Trial 70 finished with value: 0.8333333333333334 and parameters: {'num_leaves': 38, 'max_depth': 12, 'learning_rate': 0.21888562190692823, 'n_estimators': 90, 'colsample_bytree': 0.5271061884743665}. Best is trial 26 with value: 0.8833333333333332.
Trial 71 finished with value: 0.8666666666666666 and parameters: {'num_leaves': 45, 'max_depth': 11, 'learning_rate': 0.23120000112526826, 'n_estimators': 135, 'colsample_bytree': 0.5942644824673969}. Best is trial 26 with value: 0.8833333333333332.
Trial 72 finished with value: 0.8333333333333334 and parameters: {'num_leaves': 41, 'max_depth': 12, 'learning_rate': 0.17136035319162402, 'n_estimators': 74, 'colsample_bytree': 0.5636570007521554}. Best is trial 26 with value: 0.8833333333333332.
Trial 73 finished with value: 0.85 and parameters: {'num_leaves': 47, 'max_depth': 13, 'learning_rate': 0.2438628710874053, 'n_estimators': 63, 'colsample_bytree': 0.6200360889795332}. Best is trial 26 with value: 0.8833333333333332.
Trial 74 finished with value: 0.8333333333333334 and parameters: {'num_leaves': 44, 'max_depth': 12, 'learning_rate': 0.19048028020567287, 'n_estimators': 122, 'colsample_bytree': 0.6639303517439485}. Best is trial 26 with value: 0.8833333333333332.
Trial 75 finished with value: 0.8666666666666666 and parameters: {'num_leaves': 42, 'max_depth': 9, 'learning_rate': 0.27791998987260935, 'n_estimators': 98, 'colsample_bytree': 0.582895212038443}. Best is trial 26 with value: 0.8833333333333332.
Trial 76 finished with value: 0.8333333333333333 and parameters: {'num_leaves': 46, 'max_depth': 11, 'learning_rate': 0.2155809425451689, 'n_estimators': 106, 'colsample_bytree': 0.555041500262433}. Best is trial 26 with value: 0.8833333333333332.
Trial 77 finished with value: 0.85 and parameters: {'num_leaves': 43, 'max_depth': 13, 'learning_rate': 0.19791688380746908, 'n_estimators': 82, 'colsample_bytree': 0.6115659602907292}. Best is trial 26 with value: 0.8833333333333332.
Trial 78 finished with value: 0.8333333333333334 and parameters: {'num_leaves': 49, 'max_depth': 12, 'learning_rate': 0.2391692741924758, 'n_estimators': 144, 'colsample_bytree': 0.6430145792081653}. Best is trial 26 with value: 0.8833333333333332.
Trial 79 finished with value: 0.8333333333333334 and parameters: {'num_leaves': 45, 'max_depth': 11, 'learning_rate': 0.17316733109727317, 'n_estimators': 113, 'colsample_bytree': 0.48975525883550786}. Best is trial 26 with value: 0.8833333333333332.
Trial 80 finished with value: 0.8166666666666667 and parameters: {'num_leaves': 47, 'max_depth': 10, 'learning_rate': 0.2620741090885913, 'n_estimators': 259, 'colsample_bytree': 0.5308705734926112}. Best is trial 26 with value: 0.8833333333333332.
Trial 81 finished with value: 0.85 and parameters: {'num_leaves': 48, 'max_depth': 13, 'learning_rate': 0.2849144186705227, 'n_estimators': 87, 'colsample_bytree': 0.5990367692957146}. Best is trial 26 with value: 0.8833333333333332.
Trial 82 finished with value: 0.85 and parameters: {'num_leaves': 48, 'max_depth': 13, 'learning_rate': 0.22524019436463763, 'n_estimators': 95, 'colsample_bytree': 0.5826265057234781}. Best is trial 26 with value: 0.8833333333333332.
Trial 83 finished with value: 0.8333333333333334 and parameters: {'num_leaves': 45, 'max_depth': 12, 'learning_rate': 0.2981524816385683, 'n_estimators': 70, 'colsample_bytree': 0.5528247079818099}. Best is trial 26 with value: 0.8833333333333332.
Trial 84 finished with value: 0.85 and parameters: {'num_leaves': 46, 'max_depth': 13, 'learning_rate': 0.24508570514900738, 'n_estimators': 104, 'colsample_bytree': 0.6134257201971433}. Best is trial 26 with value: 0.8833333333333332.
Trial 85 finished with value: 0.8333333333333334 and parameters: {'num_leaves': 44, 'max_depth': 12, 'learning_rate': 0.19841027171342246, 'n_estimators': 81, 'colsample_bytree': 0.5140254246072095}. Best is trial 26 with value: 0.8833333333333332.
Trial 86 finished with value: 0.8666666666666666 and parameters: {'num_leaves': 49, 'max_depth': 13, 'learning_rate': 0.2984440186867812, 'n_estimators': 122, 'colsample_bytree': 0.5779958955596596}. Best is trial 26 with value: 0.8833333333333332.
Trial 87 finished with value: 0.8333333333333334 and parameters: {'num_leaves': 21, 'max_depth': 11, 'learning_rate': 0.26834440502387213, 'n_estimators': 68, 'colsample_bytree': 0.6497718019791648}. Best is trial 26 with value: 0.8833333333333332.
Trial 88 finished with value: 0.85 and parameters: {'num_leaves': 42, 'max_depth': 12, 'learning_rate': 0.14895388232693288, 'n_estimators': 57, 'colsample_bytree': 0.6232241722044174}. Best is trial 26 with value: 0.8833333333333332.
Trial 89 finished with value: 0.85 and parameters: {'num_leaves': 47, 'max_depth': 14, 'learning_rate': 0.21786023110316702, 'n_estimators': 135, 'colsample_bytree': 0.5403976827351913}. Best is trial 26 with value: 0.8833333333333332.
