Trial 4 finished with value: 0.9555555555555555 and parameters: {'l1_ratio': 0.7516583246462213, 'C': 0.11673932448008886}. Best is trial 2 with value: 1.0.
Trial 5 finished with value: 0.9777777777777779 and parameters: {'l1_ratio': 0.19689303592727325, 'C': 0.1558592134912954}. Best is trial 2 with value: 1.0.
Trial 6 finished with value: 0.9777777777777779 and parameters: {'l1_ratio': 0.7578853355242955, 'C': 0.1860951589206124}. Best is trial 2 with value: 1.0.
Trial 7 finished with value: 0.9777777777777779 and parameters: {'l1_ratio': 0.3423075479433265, 'C': 0.11743207045775005}. Best is trial 2 with value: 1.0.
Trial 8 finished with value: 0.9777777777777779 and parameters: {'l1_ratio': 0.09665427171662178, 'C': 0.07370915315190493}. Best is trial 2 with value: 1.0.
Trial 9 finished with value: 0.9777777777777779 and parameters: {'l1_ratio': 0.4654461084980479, 'C': 0.9584985776845347}. Best is trial 2 with value: 1.0.
Trial 10 finished with value: 0.9777777777777779 and parameters: {'l1_ratio': 0.02583373064925709, 'C': 0.6099271182548851}. Best is trial 2 with value: 1.0.
Trial 11 finished with value: 0.9777777777777779 and parameters: {'l1_ratio': 0.22082254359922981, 'C': 0.04237459471349827}. Best is trial 2 with value: 1.0.
Trial 12 finished with value: 0.9777777777777779 and parameters: {'l1_ratio': 0.00460778200998907, 'C': 0.4094824999477863}. Best is trial 2 with value: 1.0.
Trial 13 finished with value: 0.9777777777777779 and parameters: {'l1_ratio': 0.30456778137964113, 'C': 0.05446454687030731}. Best is trial 2 with value: 1.0.
Trial 14 finished with value: 0.9777777777777779 and parameters: {'l1_ratio': 0.9966080683717661, 'C': 0.3026245082045305}. Best is trial 2 with value: 1.0.
Trial 15 finished with value: 0.9555555555555555 and parameters: {'l1_ratio': 0.18521321081209408, 'C': 0.03281154324860404}. Best is trial 2 with value: 1.0.
Trial 16 finished with value: 1.0 and parameters: {'l1_ratio': 0.13623733030907448, 'C': 0.07942442610307793}. Best is trial 2 with value: 1.0.
Trial 17 finished with value: 0.9777777777777779 and parameters: {'l1_ratio': 0.3261307171076306, 'C': 0.20255258700449547}. Best is trial 2 with value: 1.0.
Trial 18 finished with value: 0.9777777777777779 and parameters: {'l1_ratio': 0.0968721321870336, 'C': 0.5038969774868416}. Best is trial 2 with value: 1.0.
Trial 19 finished with value: 0.9777777777777779 and parameters: {'l1_ratio': 0.2850001754706174, 'C': 0.09207278003763503}. Best is trial 2 with value: 1.0.
Trial 20 finished with value: 0.9777777777777779 and parameters: {'l1_ratio': 0.0030149992626032907, 'C': 0.2633176539729725}. Best is trial 2 with value: 1.0.
Trial 21 finished with value: 0.9777777777777779 and parameters: {'l1_ratio': 0.14780627579686215, 'C': 0.0680837219170312}. Best is trial 2 with value: 1.0.
Trial 22 finished with value: 1.0 and parameters: {'l1_ratio': 0.10166783835502116, 'C': 0.02971285690376177}. Best is trial 2 with value: 1.0.
Trial 23 finished with value: 0.9555555555555555 and parameters: {'l1_ratio': 0.2388262139453471, 'C': 0.029051408405755447}. Best is trial 2 with value: 1.0.
Trial 24 finished with value: 0.9777777777777779 and parameters: {'l1_ratio': 0.08636953463923085, 'C': 0.13509123437138315}. Best is trial 2 with value: 1.0.
Trial 25 finished with value: 0.888888888888889 and parameters: {'l1_ratio': 0.38997061257817517, 'C': 0.02240402076599615}. Best is trial 2 with value: 1.0.
Trial 26 finished with value: 0.9777777777777779 and parameters: {'l1_ratio': 0.2366966270708286, 'C': 0.08496175226177803}. Best is trial 2 with value: 1.0.
Trial 27 finished with value: 0.9777777777777779 and parameters: {'l1_ratio': 0.08953022506779071, 'C': 0.09907991125189188}. Best is trial 2 with value: 1.0.
Trial 28 finished with value: 1.0 and parameters: {'l1_ratio': 0.1534246330045126, 'C': 0.16138885330449249}. Best is trial 2 with value: 1.0.
Trial 29 finished with value: 0.888888888888889 and parameters: {'l1_ratio': 0.26409916896845287, 'C': 0.010183219337888233}. Best is trial 2 with value: 1.0.
Trial 30 finished with value: 0.8666666666666666 and parameters: {'l1_ratio': 0.38955613978769255, 'C': 0.017067934237385594}. Best is trial 2 with value: 1.0.
Trial 31 finished with value: 1.0 and parameters: {'l1_ratio': 0.1515624742043722, 'C': 0.169951717313299}. Best is trial 2 with value: 1.0.
Trial 32 finished with value: 0.9777777777777779 and parameters: {'l1_ratio': 0.16354324993065858, 'C': 0.06265894838864565}. Best is trial 2 with value: 1.0.
Trial 33 finished with value: 0.9777777777777779 and parameters: {'l1_ratio': 0.055558971390859885, 'C': 0.04195097389352697}. Best is trial 2 with value: 1.0.
Trial 34 finished with value: 0.9777777777777779 and parameters: {'l1_ratio': 0.12004737198654375, 'C': 0.11743211144430478}. Best is trial 2 with value: 1.0.
Trial 35 finished with value: 1.0 and parameters: {'l1_ratio': 0.18058776108204455, 'C': 0.2301542440408361}. Best is trial 2 with value: 1.0.
Trial 36 finished with value: 0.9777777777777779 and parameters: {'l1_ratio': 0.05622687591070537, 'C': 0.15639619393034812}. Best is trial 2 with value: 1.0.
Trial 37 finished with value: 0.9333333333333332 and parameters: {'l1_ratio': 0.21546802436570361, 'C': 0.015275795254911193}. Best is trial 2 with value: 1.0.
Trial 38 finished with value: 0.9777777777777779 and parameters: {'l1_ratio': 0.1507045158657124, 'C': 0.0800441935417934}. Best is trial 2 with value: 1.0.
Trial 39 finished with value: 0.9777777777777779 and parameters: {'l1_ratio': 0.07465583221102648, 'C': 0.12972332094206412}. Best is trial 2 with value: 1.0.
Trial 40 finished with value: 0.9777777777777779 and parameters: {'l1_ratio': 0.26991820356420976, 'C': 0.3245622717110018}. Best is trial 2 with value: 1.0.
Trial 41 finished with value: 1.0 and parameters: {'l1_ratio': 0.16617410196694252, 'C': 0.17749999928488575}. Best is trial 2 with value: 1.0.
Trial 42 finished with value: 0.9777777777777779 and parameters: {'l1_ratio': 0.12566833980052453, 'C': 0.22017995057694587}. Best is trial 2 with value: 1.0.
Trial 43 finished with value: 0.9777777777777779 and parameters: {'l1_ratio': 0.03809510244116909, 'C': 0.1061877603468899}. Best is trial 2 with value: 1.0.
Trial 44 finished with value: 1.0 and parameters: {'l1_ratio': 0.1395350678473325, 'C': 0.15573287056690013}. Best is trial 2 with value: 1.0.
Trial 45 finished with value: 0.9777777777777779 and parameters: {'l1_ratio': 0.23922376443333027, 'C': 0.1815726914664771}. Best is trial 2 with value: 1.0.
Trial 46 finished with value: 0.9777777777777779 and parameters: {'l1_ratio': 0.037570185127392006, 'C': 0.35370850224135675}. Best is trial 2 with value: 1.0.
Trial 47 finished with value: 1.0 and parameters: {'l1_ratio': 0.17734715333100642, 'C': 0.24999464460434104}. Best is trial 2 with value: 1.0.
Trial 48 finished with value: 0.9777777777777779 and parameters: {'l1_ratio': 0.20837915308549215, 'C': 0.05770555303809289}. Best is trial 2 with value: 1.0.
Trial 49 finished with value: 1.0 and parameters: {'l1_ratio': 0.12737537678406996, 'C': 0.07817158079512744}. Best is trial 2 with value: 1.0.
Trial 50 finished with value: 0.9777777777777779 and parameters: {'l1_ratio': 0.0012671722167769683, 'C': 0.049814154096847446}. Best is trial 2 with value: 1.0.
Trial 51 finished with value: 0.9777777777777779 and parameters: {'l1_ratio': 0.20186180972294232, 'C': 0.24094695643252478}. Best is trial 2 with value: 1.0.
Trial 52 finished with value: 0.9777777777777779 and parameters: {'l1_ratio': 0.08852175306551716, 'C': 0.2104396205188345}. Best is trial 2 with value: 1.0.
Trial 53 finished with value: 1.0 and parameters: {'l1_ratio': 0.18436984183979394, 'C': 0.2712479690998393}. Best is trial 2 with value: 1.0.
Trial 54 finished with value: 0.9777777777777779 and parameters: {'l1_ratio': 0.124597550451713, 'C': 0.3627365608818374}. Best is trial 2 with value: 1.0.
Trial 55 finished with value: 0.9777777777777779 and parameters: {'l1_ratio': 0.05752530388164531, 'C': 0.4412628984494441}. Best is trial 2 with value: 1.0.
Trial 56 finished with value: 0.9777777777777779 and parameters: {'l1_ratio': 0.3100314855246159, 'C': 0.2935832798006925}. Best is trial 2 with value: 1.0.
Trial 57 finished with value: 0.9777777777777779 and parameters: {'l1_ratio': 0.18221786155339417, 'C': 0.15187349327919258}. Best is trial 2 with value: 1.0.
Trial 58 finished with value: 0.9777777777777779 and parameters: {'l1_ratio': 0.1061292324109477, 'C': 0.20323905208373338}. Best is trial 2 with value: 1.0.
Trial 59 finished with value: 0.9777777777777779 and parameters: {'l1_ratio': 0.2643746441875102, 'C': 0.11421928204809365}. Best is trial 2 with value: 1.0.
Trial 60 finished with value: 0.9777777777777779 and parameters: {'l1_ratio': 0.22233001895685908, 'C': 0.10018230759694383}. Best is trial 2 with value: 1.0.
Trial 61 finished with value: 1.0 and parameters: {'l1_ratio': 0.1560651443534977, 'C': 0.17779484597168999}. Best is trial 2 with value: 1.0.
Trial 62 finished with value: 0.9777777777777779 and parameters: {'l1_ratio': 0.17467157763162555, 'C': 0.13417682564388367}. Best is trial 2 with value: 1.0.
Trial 63 finished with value: 0.9777777777777779 and parameters: {'l1_ratio': 0.09899128590074346, 'C': 0.2380944185772585}. Best is trial 2 with value: 1.0.
Trial 64 finished with value: 1.0 and parameters: {'l1_ratio': 0.15081020703656778, 'C': 0.18809169011108434}. Best is trial 2 with value: 1.0.
Trial 65 finished with value: 0.9777777777777779 and parameters: {'l1_ratio': 0.06655954007064588, 'C': 0.2785456502526065}. Best is trial 2 with value: 1.0.
Trial 66 finished with value: 0.9777777777777779 and parameters: {'l1_ratio': 0.23918633837468828, 'C': 0.1650119376376113}. Best is trial 2 with value: 1.0.
Trial 67 finished with value: 0.9777777777777779 and parameters: {'l1_ratio': 0.023097518278665824, 'C': 0.08868175973037783}. Best is trial 2 with value: 1.0.
Trial 68 finished with value: 0.9777777777777779 and parameters: {'l1_ratio': 0.2886781526828392, 'C': 0.1360226299454299}. Best is trial 2 with value: 1.0.
Trial 69 finished with value: 0.9777777777777779 and parameters: {'l1_ratio': 0.19360871293730675, 'C': 0.2212193867102024}. Best is trial 2 with value: 1.0.
Trial 70 finished with value: 0.9777777777777779 and parameters: {'l1_ratio': 0.3526124830635895, 'C': 0.19473467653447757}. Best is trial 2 with value: 1.0.
Trial 71 finished with value: 1.0 and parameters: {'l1_ratio': 0.1485920645557681, 'C': 0.15199698287570673}. Best is trial 2 with value: 1.0.
Trial 72 finished with value: 0.9777777777777779 and parameters: {'l1_ratio': 0.11759904424039694, 'C': 0.11869890652567176}. Best is trial 2 with value: 1.0.
Trial 73 finished with value: 1.0 and parameters: {'l1_ratio': 0.1443492883891317, 'C': 0.16974818507238168}. Best is trial 2 with value: 1.0.
Trial 74 finished with value: 0.9777777777777779 and parameters: {'l1_ratio': 0.08381832827204691, 'C': 0.14702226046968858}. Best is trial 2 with value: 1.0.
Trial 75 finished with value: 0.9777777777777779 and parameters: {'l1_ratio': 0.11164289842975023, 'C': 0.17092395569907776}. Best is trial 2 with value: 1.0.
Trial 76 finished with value: 0.9777777777777779 and parameters: {'l1_ratio': 0.21720810303888682, 'C': 0.0709411142002154}. Best is trial 2 with value: 1.0.
Trial 77 finished with value: 1.0 and parameters: {'l1_ratio': 0.17455198210083056, 'C': 0.3158230146692092}. Best is trial 2 with value: 1.0.
Trial 78 finished with value: 0.9777777777777779 and parameters: {'l1_ratio': 0.038471553611280115, 'C': 0.24011647742636666}. Best is trial 2 with value: 1.0.
Trial 79 finished with value: 1.0 and parameters: {'l1_ratio': 0.13051408969281653, 'C': 0.09282789142003085}. Best is trial 2 with value: 1.0.
Trial 80 finished with value: 0.9777777777777779 and parameters: {'l1_ratio': 0.24938788777626125, 'C': 0.20351628175755765}. Best is trial 2 with value: 1.0.
Trial 81 finished with value: 1.0 and parameters: {'l1_ratio': 0.18727568046341286, 'C': 0.2598445005549464}. Best is trial 2 with value: 1.0.
Trial 82 finished with value: 1.0 and parameters: {'l1_ratio': 0.158044631493061, 'C': 0.18193675320865613}. Best is trial 2 with value: 1.0.
Trial 83 finished with value: 0.9777777777777779 and parameters: {'l1_ratio': 0.20948687269805444, 'C': 0.22705212117057266}. Best is trial 2 with value: 1.0.
Trial 84 finished with value: 0.9777777777777779 and parameters: {'l1_ratio': 0.07948393882141244, 'C': 0.12293203478470438}. Best is trial 2 with value: 1.0.
Trial 85 finished with value: 1.0 and parameters: {'l1_ratio': 0.17146050810721325, 'C': 0.2610954062903001}. Best is trial 2 with value: 1.0.
Trial 86 finished with value: 0.9777777777777779 and parameters: {'l1_ratio': 0.10537636519915243, 'C': 0.14110044052096915}. Best is trial 2 with value: 1.0.
Trial 87 finished with value: 1.0 and parameters: {'l1_ratio': 0.1389270711944547, 'C': 0.10758596633933148}. Best is trial 2 with value: 1.0.
Trial 88 finished with value: 1.0 and parameters: {'l1_ratio': 0.19563326067790263, 'C': 0.3017343123176244}. Best is trial 2 with value: 1.0.
Trial 89 finished with value: 0.9777777777777779 and parameters: {'l1_ratio': 0.24324689044098338, 'C': 0.12713683436383877}. Best is trial 2 with value: 1.0.
Trial 90 finished with value: 0.9777777777777779 and parameters: {'l1_ratio': 0.06458854076567669, 'C': 0.21211051669606107}. Best is trial 2 with value: 1.0.
Trial 91 finished with value: 1.0 and parameters: {'l1_ratio': 0.1185885057283729, 'C': 0.07870770557528965}. Best is trial 2 with value: 1.0.
Trial 92 finished with value: 0.9777777777777779 and parameters: {'l1_ratio': 0.1333489165662136, 'C': 0.06406384578163804}. Best is trial 2 with value: 1.0.
Trial 93 finished with value: 1.0 and parameters: {'l1_ratio': 0.16642338629221703, 'C': 0.15103618613681663}. Best is trial 2 with value: 1.0.
Trial 94 finished with value: 0.9777777777777779 and parameters: {'l1_ratio': 0.09892133002612988, 'C': 0.1000885354293672}. Best is trial 2 with value: 1.0.
Trial 95 finished with value: 0.9777777777777779 and parameters: {'l1_ratio': 0.20842996164155883, 'C': 0.07805289799119232}. Best is trial 2 with value: 1.0.
Trial 96 finished with value: 0.9777777777777779 and parameters: {'l1_ratio': 0.13127611671545283, 'C': 0.16945892884961533}. Best is trial 2 with value: 1.0.
Trial 97 finished with value: 0.9777777777777779 and parameters: {'l1_ratio': 0.17046954645566736, 'C': 0.0344958459264144}. Best is trial 2 with value: 1.0.
Trial 98 finished with value: 0.9777777777777779 and parameters: {'l1_ratio': 0.2272011545104658, 'C': 0.052130907960300114}. Best is trial 2 with value: 1.0.
Trial 99 finished with value: 0.9777777777777779 and parameters: {'l1_ratio': 0.07749581348775052, 'C': 0.18950431087142833}. Best is trial 2 with value: 1.0.
A new study created in memory with name: GSPCA_LR
Trial 0 finished with value: 1.0 and parameters: {'l1_ratio': 0.21429878992353302, 'C': 0.4837603021133977}. Best is trial 0 with value: 1.0.
Trial 1 finished with value: 1.0 and parameters: {'l1_ratio': 0.3980392528356993, 'C': 0.49271760613640503}. Best is trial 0 with value: 1.0.
Trial 2 finished with value: 0.888888888888889 and parameters: {'l1_ratio': 0.2701447430409152, 'C': 0.012355388613479134}. Best is trial 0 with value: 1.0.
Trial 3 finished with value: 0.888888888888889 and parameters: {'l1_ratio': 0.48536681702423035, 'C': 0.022658361319459572}. Best is trial 0 with value: 1.0.
Trial 4 finished with value: 1.0 and parameters: {'l1_ratio': 0.010167686170223234, 'C': 0.036836333484531976}. Best is trial 0 with value: 1.0.
Trial 5 finished with value: 1.0 and parameters: {'l1_ratio': 0.08056097484026847, 'C': 0.08216027537894932}. Best is trial 0 with value: 1.0.
Trial 6 finished with value: 1.0 and parameters: {'l1_ratio': 0.1946261955911629, 'C': 0.10159680853372748}. Best is trial 0 with value: 1.0.
Trial 7 finished with value: 1.0 and parameters: {'l1_ratio': 0.7761809249623708, 'C': 0.37964594154192494}. Best is trial 0 with value: 1.0.
Trial 8 finished with value: 1.0 and parameters: {'l1_ratio': 0.25314241752302624, 'C': 0.5523702005224188}. Best is trial 0 with value: 1.0.
Trial 9 finished with value: 0.8666666666666666 and parameters: {'l1_ratio': 0.6202429860109787, 'C': 0.015096148624416775}. Best is trial 0 with value: 1.0.
Trial 10 finished with value: 1.0 and parameters: {'l1_ratio': 0.9862778273438076, 'C': 0.9106947458493482}. Best is trial 0 with value: 1.0.
Trial 11 finished with value: 1.0 and parameters: {'l1_ratio': 0.4088355776719276, 'C': 0.2763413312360595}. Best is trial 0 with value: 1.0.
Trial 12 finished with value: 1.0 and parameters: {'l1_ratio': 0.3588605019629216, 'C': 0.95626458023409}. Best is trial 0 with value: 1.0.
Trial 13 finished with value: 1.0 and parameters: {'l1_ratio': 0.16583803165862693, 'C': 0.22876962194442177}. Best is trial 0 with value: 1.0.
Trial 14 finished with value: 1.0 and parameters: {'l1_ratio': 0.34273475557843897, 'C': 0.16710390479699636}. Best is trial 0 with value: 1.0.
Trial 15 finished with value: 1.0 and parameters: {'l1_ratio': 0.5246602851760143, 'C': 0.5079125944679082}. Best is trial 0 with value: 1.0.
Trial 16 finished with value: 1.0 and parameters: {'l1_ratio': 0.13160652845545617, 'C': 0.5377209279629319}. Best is trial 0 with value: 1.0.
Trial 17 finished with value: 1.0 and parameters: {'l1_ratio': 0.0019197025830678949, 'C': 0.1633999040991741}. Best is trial 0 with value: 1.0.
Trial 18 finished with value: 1.0 and parameters: {'l1_ratio': 0.2791698146045387, 'C': 0.2987472713736552}. Best is trial 0 with value: 1.0.
Trial 19 finished with value: 1.0 and parameters: {'l1_ratio': 0.4279281733183847, 'C': 0.6759906364226459}. Best is trial 0 with value: 1.0.
Trial 20 finished with value: 1.0 and parameters: {'l1_ratio': 0.21359459290460237, 'C': 0.35513269833509314}. Best is trial 0 with value: 1.0.
Trial 21 finished with value: 1.0 and parameters: {'l1_ratio': 0.0004257805290880188, 'C': 0.07264384117365642}. Best is trial 0 with value: 1.0.
Trial 22 finished with value: 1.0 and parameters: {'l1_ratio': 0.11080825134319906, 'C': 0.03935994823212179}. Best is trial 0 with value: 1.0.
Trial 23 finished with value: 1.0 and parameters: {'l1_ratio': 0.07686754399120342, 'C': 0.04389302587038255}. Best is trial 0 with value: 1.0.
Trial 24 finished with value: 1.0 and parameters: {'l1_ratio': 0.30722331008295034, 'C': 0.19533760365535852}. Best is trial 0 with value: 1.0.
Trial 25 finished with value: 1.0 and parameters: {'l1_ratio': 0.2138560626749586, 'C': 0.39126929941585903}. Best is trial 0 with value: 1.0.
Trial 26 finished with value: 1.0 and parameters: {'l1_ratio': 0.152244030158093, 'C': 0.1210008066491518}. Best is trial 0 with value: 1.0.
Trial 27 finished with value: 1.0 and parameters: {'l1_ratio': 0.07018424610209073, 'C': 0.24332655718964785}. Best is trial 0 with value: 1.0.
Trial 28 finished with value: 1.0 and parameters: {'l1_ratio': 0.22189064909469636, 'C': 0.7562956222447139}. Best is trial 0 with value: 1.0.
Trial 29 finished with value: 1.0 and parameters: {'l1_ratio': 0.28440114424281693, 'C': 0.4052762176957512}. Best is trial 0 with value: 1.0.
Trial 30 finished with value: 1.0 and parameters: {'l1_ratio': 0.3444775437309033, 'C': 0.7086265554149246}. Best is trial 0 with value: 1.0.
Trial 31 finished with value: 1.0 and parameters: {'l1_ratio': 0.08093423141596058, 'C': 0.07141386940448007}. Best is trial 0 with value: 1.0.
Trial 32 finished with value: 1.0 and parameters: {'l1_ratio': 0.04979872602513736, 'C': 0.1335501290029515}. Best is trial 0 with value: 1.0.
Trial 33 finished with value: 1.0 and parameters: {'l1_ratio': 0.14509393123664702, 'C': 0.08573069563111217}. Best is trial 0 with value: 1.0.
Trial 34 finished with value: 1.0 and parameters: {'l1_ratio': 0.18255598523100453, 'C': 0.05051881273280979}. Best is trial 0 with value: 1.0.
Trial 35 finished with value: 1.0 and parameters: {'l1_ratio': 0.03609514960126123, 'C': 0.025286367804804227}. Best is trial 0 with value: 1.0.
Trial 36 finished with value: 1.0 and parameters: {'l1_ratio': 0.09859826808579744, 'C': 0.10031927458036416}. Best is trial 0 with value: 1.0.
Trial 37 finished with value: 0.9333333333333332 and parameters: {'l1_ratio': 0.12992803651027438, 'C': 0.010789184174449474}. Best is trial 0 with value: 1.0.
Trial 38 finished with value: 1.0 and parameters: {'l1_ratio': 0.2454195820569081, 'C': 0.05961305404721099}. Best is trial 0 with value: 1.0.
Trial 39 finished with value: 1.0 and parameters: {'l1_ratio': 0.03780307437397101, 'C': 0.03175879371507676}. Best is trial 0 with value: 1.0.
Trial 40 finished with value: 0.9555555555555555 and parameters: {'l1_ratio': 0.17854737406894858, 'C': 0.019425297110304687}. Best is trial 0 with value: 1.0.
Trial 41 finished with value: 1.0 and parameters: {'l1_ratio': 0.25774208785050917, 'C': 0.11873112713838054}. Best is trial 0 with value: 1.0.
Trial 42 finished with value: 1.0 and parameters: {'l1_ratio': 0.19957742242618076, 'C': 0.05732466420546072}. Best is trial 0 with value: 1.0.
Trial 43 finished with value: 1.0 and parameters: {'l1_ratio': 0.12484745295044083, 'C': 0.9966436650325381}. Best is trial 0 with value: 1.0.
Trial 44 finished with value: 1.0 and parameters: {'l1_ratio': 0.4102888364987338, 'C': 0.2906916977767466}. Best is trial 0 with value: 1.0.
Trial 45 finished with value: 1.0 and parameters: {'l1_ratio': 0.3065309385943718, 'C': 0.18011884436776904}. Best is trial 0 with value: 1.0.
Trial 46 finished with value: 1.0 and parameters: {'l1_ratio': 0.18078428652344677, 'C': 0.492998443703752}. Best is trial 0 with value: 1.0.
Trial 47 finished with value: 1.0 and parameters: {'l1_ratio': 0.49586542682094825, 'C': 0.21486097751237446}. Best is trial 0 with value: 1.0.
