Trial 35 finished with value: 0.993103448275862 and parameters: {'l1_ratio': 0.8926146761929922, 'C': 0.033313362954783134}. Best is trial 0 with value: 0.993103448275862.
Trial 36 finished with value: 0.9793103448275862 and parameters: {'l1_ratio': 0.802285146160079, 'C': 0.017826088794509247}. Best is trial 0 with value: 0.993103448275862.
Trial 37 finished with value: 0.9793103448275862 and parameters: {'l1_ratio': 0.7345002001676237, 'C': 0.011783124677747803}. Best is trial 0 with value: 0.993103448275862.
Trial 38 finished with value: 0.993103448275862 and parameters: {'l1_ratio': 0.9435318550998856, 'C': 0.06116960833276276}. Best is trial 0 with value: 0.993103448275862.
Trial 39 finished with value: 0.993103448275862 and parameters: {'l1_ratio': 0.6476876512646818, 'C': 0.043084981408109235}. Best is trial 0 with value: 0.993103448275862.
Trial 40 finished with value: 0.9793103448275862 and parameters: {'l1_ratio': 0.6897634888042444, 'C': 0.013984579510074636}. Best is trial 0 with value: 0.993103448275862.
Trial 41 finished with value: 0.993103448275862 and parameters: {'l1_ratio': 0.1584547347989257, 'C': 0.10738211252291639}. Best is trial 0 with value: 0.993103448275862.
Trial 42 finished with value: 0.993103448275862 and parameters: {'l1_ratio': 0.9996983809332968, 'C': 0.0726322741011615}. Best is trial 0 with value: 0.993103448275862.
Trial 43 finished with value: 0.993103448275862 and parameters: {'l1_ratio': 0.2970875568785993, 'C': 0.05726481218807588}. Best is trial 0 with value: 0.993103448275862.
Trial 44 finished with value: 0.993103448275862 and parameters: {'l1_ratio': 0.19191822590600538, 'C': 0.13539583160987628}. Best is trial 0 with value: 0.993103448275862.
Trial 45 finished with value: 0.993103448275862 and parameters: {'l1_ratio': 0.10115866044146993, 'C': 0.08336447070365824}. Best is trial 0 with value: 0.993103448275862.
Trial 46 finished with value: 0.993103448275862 and parameters: {'l1_ratio': 0.28640244495800427, 'C': 0.048411688896916445}. Best is trial 0 with value: 0.993103448275862.
Trial 47 finished with value: 0.993103448275862 and parameters: {'l1_ratio': 0.40038405056262394, 'C': 0.06316712584998542}. Best is trial 0 with value: 0.993103448275862.
Trial 48 finished with value: 0.993103448275862 and parameters: {'l1_ratio': 0.0031916374278135873, 'C': 0.0366639453362173}. Best is trial 0 with value: 0.993103448275862.
Trial 49 finished with value: 0.993103448275862 and parameters: {'l1_ratio': 0.4740981569939403, 'C': 0.023730306595568837}. Best is trial 0 with value: 0.993103448275862.
