A new study created in memory with name: GSPCA_LGBM
Trial 0 finished with value: 0.7166666666666667 and parameters: {'num_leaves': 62, 'max_depth': 15, 'min_child_samples': 3}. Best is trial 0 with value: 0.7166666666666667.
Trial 1 finished with value: 0.75 and parameters: {'num_leaves': 82, 'max_depth': 14, 'min_child_samples': 4}. Best is trial 1 with value: 0.75.
Trial 2 finished with value: 0.75 and parameters: {'num_leaves': 43, 'max_depth': 19, 'min_child_samples': 4}. Best is trial 1 with value: 0.75.
Trial 3 finished with value: 0.7166666666666667 and parameters: {'num_leaves': 38, 'max_depth': 9, 'min_child_samples': 3}. Best is trial 1 with value: 0.75.
Trial 4 finished with value: 0.75 and parameters: {'num_leaves': 30, 'max_depth': 7, 'min_child_samples': 5}. Best is trial 1 with value: 0.75.
Trial 5 finished with value: 0.75 and parameters: {'num_leaves': 51, 'max_depth': 10, 'min_child_samples': 4}. Best is trial 1 with value: 0.75.
Trial 6 finished with value: 0.75 and parameters: {'num_leaves': 66, 'max_depth': 13, 'min_child_samples': 5}. Best is trial 1 with value: 0.75.
Trial 7 finished with value: 0.7666666666666667 and parameters: {'num_leaves': 84, 'max_depth': 11, 'min_child_samples': 2}. Best is trial 7 with value: 0.7666666666666667.
Trial 8 finished with value: 0.7500000000000001 and parameters: {'num_leaves': 35, 'max_depth': 3, 'min_child_samples': 3}. Best is trial 7 with value: 0.7666666666666667.
Trial 9 finished with value: 0.75 and parameters: {'num_leaves': 25, 'max_depth': 11, 'min_child_samples': 4}. Best is trial 7 with value: 0.7666666666666667.
Trial 10 finished with value: 0.7666666666666667 and parameters: {'num_leaves': 99, 'max_depth': 18, 'min_child_samples': 2}. Best is trial 7 with value: 0.7666666666666667.
Trial 11 finished with value: 0.7666666666666667 and parameters: {'num_leaves': 98, 'max_depth': 20, 'min_child_samples': 2}. Best is trial 7 with value: 0.7666666666666667.
Trial 12 finished with value: 0.7666666666666667 and parameters: {'num_leaves': 100, 'max_depth': 17, 'min_child_samples': 2}. Best is trial 7 with value: 0.7666666666666667.
Trial 13 finished with value: 0.7666666666666667 and parameters: {'num_leaves': 84, 'max_depth': 7, 'min_child_samples': 2}. Best is trial 7 with value: 0.7666666666666667.
Trial 14 finished with value: 0.7666666666666667 and parameters: {'num_leaves': 83, 'max_depth': 16, 'min_child_samples': 2}. Best is trial 7 with value: 0.7666666666666667.
Trial 15 finished with value: 0.7666666666666667 and parameters: {'num_leaves': 73, 'max_depth': 18, 'min_child_samples': 2}. Best is trial 7 with value: 0.7666666666666667.
Trial 16 finished with value: 0.7166666666666667 and parameters: {'num_leaves': 93, 'max_depth': 13, 'min_child_samples': 3}. Best is trial 7 with value: 0.7666666666666667.
Trial 17 finished with value: 0.7666666666666667 and parameters: {'num_leaves': 74, 'max_depth': 8, 'min_child_samples': 2}. Best is trial 7 with value: 0.7666666666666667.
Trial 18 finished with value: 0.7166666666666667 and parameters: {'num_leaves': 89, 'max_depth': 12, 'min_child_samples': 3}. Best is trial 7 with value: 0.7666666666666667.
Trial 19 finished with value: 0.7666666666666667 and parameters: {'num_leaves': 53, 'max_depth': 4, 'min_child_samples': 2}. Best is trial 7 with value: 0.7666666666666667.
Trial 20 finished with value: 0.7166666666666667 and parameters: {'num_leaves': 17, 'max_depth': 16, 'min_child_samples': 3}. Best is trial 7 with value: 0.7666666666666667.
Trial 21 finished with value: 0.7666666666666667 and parameters: {'num_leaves': 98, 'max_depth': 20, 'min_child_samples': 2}. Best is trial 7 with value: 0.7666666666666667.
Trial 22 finished with value: 0.7666666666666667 and parameters: {'num_leaves': 92, 'max_depth': 20, 'min_child_samples': 2}. Best is trial 7 with value: 0.7666666666666667.
Trial 23 finished with value: 0.7666666666666667 and parameters: {'num_leaves': 100, 'max_depth': 19, 'min_child_samples': 2}. Best is trial 7 with value: 0.7666666666666667.
Trial 24 finished with value: 0.7666666666666667 and parameters: {'num_leaves': 76, 'max_depth': 18, 'min_child_samples': 2}. Best is trial 7 with value: 0.7666666666666667.
Trial 25 finished with value: 0.7166666666666667 and parameters: {'num_leaves': 89, 'max_depth': 15, 'min_child_samples': 3}. Best is trial 7 with value: 0.7666666666666667.
Trial 26 finished with value: 0.7666666666666667 and parameters: {'num_leaves': 93, 'max_depth': 11, 'min_child_samples': 2}. Best is trial 7 with value: 0.7666666666666667.
Trial 27 finished with value: 0.7166666666666667 and parameters: {'num_leaves': 80, 'max_depth': 17, 'min_child_samples': 3}. Best is trial 7 with value: 0.7666666666666667.
Trial 28 finished with value: 0.7666666666666667 and parameters: {'num_leaves': 67, 'max_depth': 20, 'min_child_samples': 2}. Best is trial 7 with value: 0.7666666666666667.
Trial 29 finished with value: 0.7666666666666667 and parameters: {'num_leaves': 88, 'max_depth': 14, 'min_child_samples': 2}. Best is trial 7 with value: 0.7666666666666667.
Trial 30 finished with value: 0.7166666666666667 and parameters: {'num_leaves': 60, 'max_depth': 15, 'min_child_samples': 3}. Best is trial 7 with value: 0.7666666666666667.
Trial 31 finished with value: 0.7666666666666667 and parameters: {'num_leaves': 98, 'max_depth': 18, 'min_child_samples': 2}. Best is trial 7 with value: 0.7666666666666667.
Trial 32 finished with value: 0.7666666666666667 and parameters: {'num_leaves': 99, 'max_depth': 17, 'min_child_samples': 2}. Best is trial 7 with value: 0.7666666666666667.
Trial 33 finished with value: 0.7666666666666667 and parameters: {'num_leaves': 95, 'max_depth': 19, 'min_child_samples': 2}. Best is trial 7 with value: 0.7666666666666667.
Trial 34 finished with value: 0.7166666666666667 and parameters: {'num_leaves': 85, 'max_depth': 17, 'min_child_samples': 3}. Best is trial 7 with value: 0.7666666666666667.
Trial 35 finished with value: 0.7666666666666667 and parameters: {'num_leaves': 79, 'max_depth': 14, 'min_child_samples': 2}. Best is trial 7 with value: 0.7666666666666667.
Trial 36 finished with value: 0.75 and parameters: {'num_leaves': 100, 'max_depth': 9, 'min_child_samples': 5}. Best is trial 7 with value: 0.7666666666666667.
Trial 37 finished with value: 0.75 and parameters: {'num_leaves': 95, 'max_depth': 19, 'min_child_samples': 4}. Best is trial 7 with value: 0.7666666666666667.
Trial 38 finished with value: 0.7666666666666667 and parameters: {'num_leaves': 88, 'max_depth': 16, 'min_child_samples': 2}. Best is trial 7 with value: 0.7666666666666667.
Trial 39 finished with value: 0.7166666666666667 and parameters: {'num_leaves': 69, 'max_depth': 12, 'min_child_samples': 3}. Best is trial 7 with value: 0.7666666666666667.
Trial 40 finished with value: 0.7666666666666667 and parameters: {'num_leaves': 42, 'max_depth': 13, 'min_child_samples': 2}. Best is trial 7 with value: 0.7666666666666667.
Trial 41 finished with value: 0.7666666666666667 and parameters: {'num_leaves': 85, 'max_depth': 7, 'min_child_samples': 2}. Best is trial 7 with value: 0.7666666666666667.
Trial 42 finished with value: 0.7666666666666667 and parameters: {'num_leaves': 82, 'max_depth': 7, 'min_child_samples': 2}. Best is trial 7 with value: 0.7666666666666667.
Trial 43 finished with value: 0.7666666666666667 and parameters: {'num_leaves': 92, 'max_depth': 5, 'min_child_samples': 2}. Best is trial 7 with value: 0.7666666666666667.
Trial 44 finished with value: 0.7666666666666667 and parameters: {'num_leaves': 95, 'max_depth': 10, 'min_child_samples': 2}. Best is trial 7 with value: 0.7666666666666667.
Trial 45 finished with value: 0.7666666666666667 and parameters: {'num_leaves': 86, 'max_depth': 5, 'min_child_samples': 2}. Best is trial 7 with value: 0.7666666666666667.
Trial 46 finished with value: 0.7166666666666667 and parameters: {'num_leaves': 77, 'max_depth': 9, 'min_child_samples': 3}. Best is trial 7 with value: 0.7666666666666667.
Trial 47 finished with value: 0.7833333333333334 and parameters: {'num_leaves': 53, 'max_depth': 6, 'min_child_samples': 2}. Best is trial 47 with value: 0.7833333333333334.
Trial 48 finished with value: 0.75 and parameters: {'num_leaves': 51, 'max_depth': 6, 'min_child_samples': 5}. Best is trial 47 with value: 0.7833333333333334.
Trial 49 finished with value: 0.7666666666666667 and parameters: {'num_leaves': 45, 'max_depth': 19, 'min_child_samples': 2}. Best is trial 47 with value: 0.7833333333333334.
A new study created in memory with name: GSPCA_LR
Trial 0 finished with value: 0.75 and parameters: {'l1_ratio': 0.06401705335930796, 'C': 0.010931525679534234}. Best is trial 0 with value: 0.75.
Trial 1 finished with value: 0.4666666666666667 and parameters: {'l1_ratio': 0.716073524100167, 'C': 0.010073680212133264}. Best is trial 0 with value: 0.75.
Trial 2 finished with value: 0.75 and parameters: {'l1_ratio': 0.12468798413881865, 'C': 0.010306335147723524}. Best is trial 0 with value: 0.75.
Trial 3 finished with value: 0.7666666666666667 and parameters: {'l1_ratio': 0.47133400495962496, 'C': 0.46561750666216817}. Best is trial 3 with value: 0.7666666666666667.
Trial 4 finished with value: 0.85 and parameters: {'l1_ratio': 0.9169839791507457, 'C': 0.1600591003545177}. Best is trial 4 with value: 0.85.
Trial 5 finished with value: 0.8166666666666668 and parameters: {'l1_ratio': 0.35420151570933056, 'C': 0.06889168125783995}. Best is trial 4 with value: 0.85.
Trial 6 finished with value: 0.7666666666666667 and parameters: {'l1_ratio': 0.2302370674493167, 'C': 0.8264201261565338}. Best is trial 4 with value: 0.85.
Trial 7 finished with value: 0.7833333333333333 and parameters: {'l1_ratio': 0.8249522435254915, 'C': 0.6867973140060212}. Best is trial 4 with value: 0.85.
Trial 8 finished with value: 0.7666666666666667 and parameters: {'l1_ratio': 0.4379016328505587, 'C': 0.3427212892149659}. Best is trial 4 with value: 0.85.
Trial 9 finished with value: 0.7833333333333333 and parameters: {'l1_ratio': 0.30743732593819373, 'C': 0.03009602134550326}. Best is trial 4 with value: 0.85.
Trial 10 finished with value: 0.85 and parameters: {'l1_ratio': 0.9969196833303322, 'C': 0.19147047753013272}. Best is trial 4 with value: 0.85.
Trial 11 finished with value: 0.85 and parameters: {'l1_ratio': 0.9902156044463047, 'C': 0.19061856097995677}. Best is trial 4 with value: 0.85.
Trial 12 finished with value: 0.85 and parameters: {'l1_ratio': 0.9846839427246105, 'C': 0.17982609394808793}. Best is trial 4 with value: 0.85.
Trial 13 finished with value: 0.8166666666666668 and parameters: {'l1_ratio': 0.6851084809515406, 'C': 0.1007975763208453}. Best is trial 4 with value: 0.85.
Trial 14 finished with value: 0.8166666666666668 and parameters: {'l1_ratio': 0.8564086053892834, 'C': 0.24738258504021682}. Best is trial 4 with value: 0.85.
Trial 15 finished with value: 0.8333333333333334 and parameters: {'l1_ratio': 0.6166125241540472, 'C': 0.11385653551812655}. Best is trial 4 with value: 0.85.
Trial 16 finished with value: 0.7833333333333334 and parameters: {'l1_ratio': 0.869544791763694, 'C': 0.4197859765213332}. Best is trial 4 with value: 0.85.
Trial 17 finished with value: 0.8 and parameters: {'l1_ratio': 0.5667509334229451, 'C': 0.06444278452884211}. Best is trial 4 with value: 0.85.
Trial 18 finished with value: 0.8333333333333334 and parameters: {'l1_ratio': 0.9929661948960463, 'C': 0.15235510412748238}. Best is trial 4 with value: 0.85.
Trial 19 finished with value: 0.8 and parameters: {'l1_ratio': 0.762733208121222, 'C': 0.27460131728262854}. Best is trial 4 with value: 0.85.
Trial 20 finished with value: 0.7833333333333334 and parameters: {'l1_ratio': 0.9152112945552815, 'C': 0.4944625317625803}. Best is trial 4 with value: 0.85.
Trial 21 finished with value: 0.8333333333333333 and parameters: {'l1_ratio': 0.9973950343121267, 'C': 0.2320281834032448}. Best is trial 4 with value: 0.85.
Trial 22 finished with value: 0.8333333333333334 and parameters: {'l1_ratio': 0.801551938157949, 'C': 0.15919286445414088}. Best is trial 4 with value: 0.85.
Trial 23 finished with value: 0.8333333333333333 and parameters: {'l1_ratio': 0.9093998649088733, 'C': 0.2328576263657457}. Best is trial 4 with value: 0.85.
Trial 24 finished with value: 0.8166666666666668 and parameters: {'l1_ratio': 0.9273578240452602, 'C': 0.13295301830515113}. Best is trial 4 with value: 0.85.
Trial 25 finished with value: 0.8 and parameters: {'l1_ratio': 0.7597977089158419, 'C': 0.30126326282625476}. Best is trial 4 with value: 0.85.
Trial 26 finished with value: 0.7666666666666667 and parameters: {'l1_ratio': 0.8517789174383066, 'C': 0.07541592212820708}. Best is trial 4 with value: 0.85.
Trial 27 finished with value: 0.85 and parameters: {'l1_ratio': 0.9576299815957806, 'C': 0.1828217703763315}. Best is trial 4 with value: 0.85.
Trial 28 finished with value: 0.8 and parameters: {'l1_ratio': 0.8973093808565172, 'C': 0.09898530059061827}. Best is trial 4 with value: 0.85.
Trial 29 finished with value: 0.7666666666666667 and parameters: {'l1_ratio': 0.8227267002744192, 'C': 0.05115931427582747}. Best is trial 4 with value: 0.85.
Trial 30 finished with value: 0.8333333333333333 and parameters: {'l1_ratio': 0.9392717445520531, 'C': 0.21680373918147558}. Best is trial 4 with value: 0.85.
Trial 31 finished with value: 0.85 and parameters: {'l1_ratio': 0.989436238229548, 'C': 0.1766440287210294}. Best is trial 4 with value: 0.85.
Trial 32 finished with value: 0.8333333333333334 and parameters: {'l1_ratio': 0.9943359829775441, 'C': 0.1432488497638985}. Best is trial 4 with value: 0.85.
Trial 33 finished with value: 0.85 and parameters: {'l1_ratio': 0.8949034038080126, 'C': 0.19951759255385249}. Best is trial 4 with value: 0.85.
Trial 34 finished with value: 0.8 and parameters: {'l1_ratio': 0.9365250597740531, 'C': 0.34757032817546224}. Best is trial 4 with value: 0.85.
Trial 35 finished with value: 0.8333333333333334 and parameters: {'l1_ratio': 0.6980252132720431, 'C': 0.12173100905863785}. Best is trial 4 with value: 0.85.
Trial 36 finished with value: 0.8333333333333333 and parameters: {'l1_ratio': 0.7990583491018863, 'C': 0.1898301808746484}. Best is trial 4 with value: 0.85.
Trial 37 finished with value: 0.8 and parameters: {'l1_ratio': 0.8700257523429985, 'C': 0.25972183213633215}. Best is trial 4 with value: 0.85.
Trial 38 finished with value: 0.7666666666666667 and parameters: {'l1_ratio': 0.9502102582654024, 'C': 0.5323856328959534}. Best is trial 4 with value: 0.85.
Trial 39 finished with value: 0.7833333333333334 and parameters: {'l1_ratio': 0.7463746258547459, 'C': 0.39013129826738785}. Best is trial 4 with value: 0.85.
Trial 40 finished with value: 0.8 and parameters: {'l1_ratio': 0.9993971548907671, 'C': 0.3105572640106122}. Best is trial 4 with value: 0.85.
Trial 41 finished with value: 0.85 and parameters: {'l1_ratio': 0.9466818072900519, 'C': 0.1841687152149699}. Best is trial 4 with value: 0.85.
Trial 42 finished with value: 0.85 and parameters: {'l1_ratio': 0.8444500028019721, 'C': 0.15675608815539827}. Best is trial 4 with value: 0.85.
Trial 43 finished with value: 0.85 and parameters: {'l1_ratio': 0.9502677304948591, 'C': 0.2071450995609099}. Best is trial 4 with value: 0.85.
Trial 44 finished with value: 0.8166666666666668 and parameters: {'l1_ratio': 0.8860312301301493, 'C': 0.11870829694209861}. Best is trial 4 with value: 0.85.
Trial 45 finished with value: 0.8 and parameters: {'l1_ratio': 0.8076236763269325, 'C': 0.28992751079720597}. Best is trial 4 with value: 0.85.
Trial 46 finished with value: 0.85 and parameters: {'l1_ratio': 0.9606650462176046, 'C': 0.17438193165979637}. Best is trial 4 with value: 0.85.
Trial 47 finished with value: 0.8 and parameters: {'l1_ratio': 0.8773999930606631, 'C': 0.09416412804798446}. Best is trial 4 with value: 0.85.
Trial 48 finished with value: 0.8333333333333334 and parameters: {'l1_ratio': 0.9152534274848725, 'C': 0.13501910421800103}. Best is trial 4 with value: 0.85.
Trial 49 finished with value: 0.8 and parameters: {'l1_ratio': 0.6571923187398525, 'C': 0.24370301532841102}. Best is trial 4 with value: 0.85.
A new study created in memory with name: GSPCA_LGBM
Trial 0 finished with value: 0.7777777777777777 and parameters: {'num_leaves': 17, 'max_depth': 8, 'min_child_samples': 3}. Best is trial 0 with value: 0.7777777777777777.
Trial 1 finished with value: 0.7555555555555555 and parameters: {'num_leaves': 93, 'max_depth': 10, 'min_child_samples': 4}. Best is trial 0 with value: 0.7777777777777777.
Trial 2 finished with value: 0.7555555555555555 and parameters: {'num_leaves': 29, 'max_depth': 6, 'min_child_samples': 3}. Best is trial 0 with value: 0.7777777777777777.
Trial 3 finished with value: 0.7555555555555554 and parameters: {'num_leaves': 92, 'max_depth': 3, 'min_child_samples': 4}. Best is trial 0 with value: 0.7777777777777777.
Trial 4 finished with value: 0.7333333333333332 and parameters: {'num_leaves': 67, 'max_depth': 15, 'min_child_samples': 2}. Best is trial 0 with value: 0.7777777777777777.
Trial 5 finished with value: 0.711111111111111 and parameters: {'num_leaves': 90, 'max_depth': 11, 'min_child_samples': 5}. Best is trial 0 with value: 0.7777777777777777.
Trial 6 finished with value: 0.7777777777777777 and parameters: {'num_leaves': 25, 'max_depth': 19, 'min_child_samples': 3}. Best is trial 0 with value: 0.7777777777777777.
Trial 7 finished with value: 0.7777777777777777 and parameters: {'num_leaves': 46, 'max_depth': 15, 'min_child_samples': 3}. Best is trial 0 with value: 0.7777777777777777.
Trial 8 finished with value: 0.711111111111111 and parameters: {'num_leaves': 55, 'max_depth': 13, 'min_child_samples': 5}. Best is trial 0 with value: 0.7777777777777777.
Trial 9 finished with value: 0.7333333333333332 and parameters: {'num_leaves': 53, 'max_depth': 11, 'min_child_samples': 2}. Best is trial 0 with value: 0.7777777777777777.
Trial 10 finished with value: 0.7555555555555555 and parameters: {'num_leaves': 16, 'max_depth': 7, 'min_child_samples': 2}. Best is trial 0 with value: 0.7777777777777777.
Trial 11 finished with value: 0.7777777777777777 and parameters: {'num_leaves': 16, 'max_depth': 20, 'min_child_samples': 3}. Best is trial 0 with value: 0.7777777777777777.
Trial 12 finished with value: 0.7777777777777777 and parameters: {'num_leaves': 35, 'max_depth': 19, 'min_child_samples': 3}. Best is trial 0 with value: 0.7777777777777777.
Trial 13 finished with value: 0.7555555555555555 and parameters: {'num_leaves': 32, 'max_depth': 8, 'min_child_samples': 4}. Best is trial 0 with value: 0.7777777777777777.
Trial 14 finished with value: 0.7777777777777777 and parameters: {'num_leaves': 75, 'max_depth': 17, 'min_child_samples': 3}. Best is trial 0 with value: 0.7777777777777777.
Trial 15 finished with value: 0.7555555555555554 and parameters: {'num_leaves': 23, 'max_depth': 4, 'min_child_samples': 4}. Best is trial 0 with value: 0.7777777777777777.
Trial 16 finished with value: 0.7333333333333332 and parameters: {'num_leaves': 41, 'max_depth': 9, 'min_child_samples': 2}. Best is trial 0 with value: 0.7777777777777777.
Trial 17 finished with value: 0.7777777777777777 and parameters: {'num_leaves': 25, 'max_depth': 13, 'min_child_samples': 3}. Best is trial 0 with value: 0.7777777777777777.
Trial 18 finished with value: 0.7555555555555555 and parameters: {'num_leaves': 42, 'max_depth': 5, 'min_child_samples': 4}. Best is trial 0 with value: 0.7777777777777777.
Trial 19 finished with value: 0.7333333333333332 and parameters: {'num_leaves': 16, 'max_depth': 17, 'min_child_samples': 2}. Best is trial 0 with value: 0.7777777777777777.
Trial 20 finished with value: 0.7777777777777777 and parameters: {'num_leaves': 73, 'max_depth': 13, 'min_child_samples': 3}. Best is trial 0 with value: 0.7777777777777777.
Trial 21 finished with value: 0.7777777777777777 and parameters: {'num_leaves': 45, 'max_depth': 17, 'min_child_samples': 3}. Best is trial 0 with value: 0.7777777777777777.
Trial 22 finished with value: 0.7777777777777777 and parameters: {'num_leaves': 48, 'max_depth': 15, 'min_child_samples': 3}. Best is trial 0 with value: 0.7777777777777777.
Trial 23 finished with value: 0.7777777777777777 and parameters: {'num_leaves': 23, 'max_depth': 19, 'min_child_samples': 3}. Best is trial 0 with value: 0.7777777777777777.
Trial 24 finished with value: 0.7555555555555555 and parameters: {'num_leaves': 36, 'max_depth': 16, 'min_child_samples': 4}. Best is trial 0 with value: 0.7777777777777777.
Trial 25 finished with value: 0.7777777777777777 and parameters: {'num_leaves': 28, 'max_depth': 20, 'min_child_samples': 3}. Best is trial 0 with value: 0.7777777777777777.
Trial 26 finished with value: 0.7333333333333332 and parameters: {'num_leaves': 63, 'max_depth': 14, 'min_child_samples': 2}. Best is trial 0 with value: 0.7777777777777777.
Trial 27 finished with value: 0.7777777777777777 and parameters: {'num_leaves': 37, 'max_depth': 18, 'min_child_samples': 3}. Best is trial 0 with value: 0.7777777777777777.
Trial 28 finished with value: 0.7555555555555555 and parameters: {'num_leaves': 21, 'max_depth': 9, 'min_child_samples': 4}. Best is trial 0 with value: 0.7777777777777777.
Trial 29 finished with value: 0.711111111111111 and parameters: {'num_leaves': 48, 'max_depth': 10, 'min_child_samples': 5}. Best is trial 0 with value: 0.7777777777777777.
Trial 30 finished with value: 0.7333333333333332 and parameters: {'num_leaves': 83, 'max_depth': 12, 'min_child_samples': 2}. Best is trial 0 with value: 0.7777777777777777.
Trial 31 finished with value: 0.7777777777777777 and parameters: {'num_leaves': 15, 'max_depth': 20, 'min_child_samples': 3}. Best is trial 0 with value: 0.7777777777777777.
Trial 32 finished with value: 0.7777777777777777 and parameters: {'num_leaves': 20, 'max_depth': 19, 'min_child_samples': 3}. Best is trial 0 with value: 0.7777777777777777.
