Trial 35 finished with value: 0.993103448275862 and parameters: {'l1_ratio': 0.1038557865279783, 'C': 0.03391070486654251}. Best is trial 0 with value: 0.993103448275862.
Trial 36 finished with value: 0.993103448275862 and parameters: {'l1_ratio': 0.9112185127116371, 'C': 0.021335487169043325}. Best is trial 0 with value: 0.993103448275862.
Trial 37 finished with value: 0.993103448275862 and parameters: {'l1_ratio': 0.8218329718676937, 'C': 0.031186441832031647}. Best is trial 0 with value: 0.993103448275862.
Trial 38 finished with value: 0.993103448275862 and parameters: {'l1_ratio': 0.744425657790523, 'C': 0.040646055955526034}. Best is trial 0 with value: 0.993103448275862.
Trial 39 finished with value: 0.993103448275862 and parameters: {'l1_ratio': 0.009135533228494253, 'C': 0.018144552161901174}. Best is trial 0 with value: 0.993103448275862.
Trial 40 finished with value: 0.993103448275862 and parameters: {'l1_ratio': 0.8438634875934606, 'C': 0.013352973236986771}. Best is trial 0 with value: 0.993103448275862.
Trial 41 finished with value: 0.9862068965517242 and parameters: {'l1_ratio': 0.7072250382431905, 'C': 0.3032687613497777}. Best is trial 0 with value: 0.993103448275862.
Trial 42 finished with value: 0.9862068965517242 and parameters: {'l1_ratio': 0.9206532182763394, 'C': 0.14109489271836462}. Best is trial 0 with value: 0.993103448275862.
Trial 43 finished with value: 0.993103448275862 and parameters: {'l1_ratio': 0.17330439728878344, 'C': 0.0123128817650378}. Best is trial 0 with value: 0.993103448275862.
Trial 44 finished with value: 0.993103448275862 and parameters: {'l1_ratio': 0.06552502239793151, 'C': 0.6103946552394002}. Best is trial 0 with value: 0.993103448275862.
Trial 45 finished with value: 0.993103448275862 and parameters: {'l1_ratio': 0.10436420029112212, 'C': 0.01875802591084651}. Best is trial 0 with value: 0.993103448275862.
Trial 46 finished with value: 0.993103448275862 and parameters: {'l1_ratio': 0.2981044760869881, 'C': 0.02782182869224418}. Best is trial 0 with value: 0.993103448275862.
Trial 47 finished with value: 0.993103448275862 and parameters: {'l1_ratio': 0.9557784529228637, 'C': 0.011948239176190947}. Best is trial 0 with value: 0.993103448275862.
Trial 48 finished with value: 0.993103448275862 and parameters: {'l1_ratio': 0.1871983586770475, 'C': 0.056977567523428384}. Best is trial 0 with value: 0.993103448275862.
Trial 49 finished with value: 0.993103448275862 and parameters: {'l1_ratio': 0.14154024305507096, 'C': 0.010014320958980121}. Best is trial 0 with value: 0.993103448275862.
Trial 50 finished with value: 0.993103448275862 and parameters: {'l1_ratio': 0.2754490208691948, 'C': 0.07435435849634196}. Best is trial 0 with value: 0.993103448275862.
Trial 51 finished with value: 0.993103448275862 and parameters: {'l1_ratio': 0.9984527081341138, 'C': 0.017369085007398425}. Best is trial 0 with value: 0.993103448275862.
Trial 52 finished with value: 0.993103448275862 and parameters: {'l1_ratio': 0.9295234309417792, 'C': 0.023926166121379815}. Best is trial 0 with value: 0.993103448275862.
Trial 53 finished with value: 0.993103448275862 and parameters: {'l1_ratio': 0.8760359360442056, 'C': 0.03582212019489605}. Best is trial 0 with value: 0.993103448275862.
Trial 54 finished with value: 0.993103448275862 and parameters: {'l1_ratio': 0.21588784030405953, 'C': 0.020379182262614596}. Best is trial 0 with value: 0.993103448275862.
Trial 55 finished with value: 0.993103448275862 and parameters: {'l1_ratio': 0.8272952403330514, 'C': 0.015466944518518332}. Best is trial 0 with value: 0.993103448275862.
Trial 56 finished with value: 0.993103448275862 and parameters: {'l1_ratio': 0.7780326254316937, 'C': 0.02395249490579515}. Best is trial 0 with value: 0.993103448275862.
Trial 57 finished with value: 0.993103448275862 and parameters: {'l1_ratio': 0.7299978921459296, 'C': 0.012190367097782153}. Best is trial 0 with value: 0.993103448275862.
Trial 58 finished with value: 0.993103448275862 and parameters: {'l1_ratio': 0.6693570405942326, 'C': 0.04849560868773146}. Best is trial 0 with value: 0.993103448275862.
Trial 59 finished with value: 0.993103448275862 and parameters: {'l1_ratio': 0.37788984322649855, 'C': 0.03125688322985465}. Best is trial 0 with value: 0.993103448275862.
Trial 60 finished with value: 0.993103448275862 and parameters: {'l1_ratio': 0.07145867623057987, 'C': 0.014883494653737105}. Best is trial 0 with value: 0.993103448275862.
Trial 61 finished with value: 0.993103448275862 and parameters: {'l1_ratio': 0.3476177811726482, 'C': 0.7466696023395585}. Best is trial 0 with value: 0.993103448275862.
Trial 62 finished with value: 0.9862068965517242 and parameters: {'l1_ratio': 0.5179357153311467, 'C': 0.4227057495603897}. Best is trial 0 with value: 0.993103448275862.
Trial 63 finished with value: 0.993103448275862 and parameters: {'l1_ratio': 0.27712831829385487, 'C': 0.018671512483590155}. Best is trial 0 with value: 0.993103448275862.
Trial 64 finished with value: 0.993103448275862 and parameters: {'l1_ratio': 0.4116258193907015, 'C': 0.02485810205135255}. Best is trial 0 with value: 0.993103448275862.
Trial 65 finished with value: 0.993103448275862 and parameters: {'l1_ratio': 0.3476317674480978, 'C': 0.8168679605482522}. Best is trial 0 with value: 0.993103448275862.
Trial 66 finished with value: 0.993103448275862 and parameters: {'l1_ratio': 0.47415664963369963, 'C': 0.01112269710412832}. Best is trial 0 with value: 0.993103448275862.
Trial 67 finished with value: 0.993103448275862 and parameters: {'l1_ratio': 0.9586463950929387, 'C': 0.037324539410215955}. Best is trial 0 with value: 0.993103448275862.
Trial 68 finished with value: 0.993103448275862 and parameters: {'l1_ratio': 0.896892858460808, 'C': 0.013975206176652101}. Best is trial 0 with value: 0.993103448275862.
Trial 69 finished with value: 0.993103448275862 and parameters: {'l1_ratio': 0.6115466797472954, 'C': 0.028978739435063756}. Best is trial 0 with value: 0.993103448275862.
Trial 70 finished with value: 0.9862068965517242 and parameters: {'l1_ratio': 0.8601465642153222, 'C': 0.969985642310681}. Best is trial 0 with value: 0.993103448275862.
Trial 71 finished with value: 0.993103448275862 and parameters: {'l1_ratio': 0.8961983966948065, 'C': 0.03350848399781705}. Best is trial 0 with value: 0.993103448275862.
Trial 72 finished with value: 0.993103448275862 and parameters: {'l1_ratio': 0.9312886528090374, 'C': 0.020491424119437166}. Best is trial 0 with value: 0.993103448275862.
Trial 73 finished with value: 0.993103448275862 and parameters: {'l1_ratio': 0.8183998834236699, 'C': 0.047818934054882196}. Best is trial 0 with value: 0.993103448275862.
Trial 74 finished with value: 0.993103448275862 and parameters: {'l1_ratio': 0.8456264129798655, 'C': 0.027889233487290912}. Best is trial 0 with value: 0.993103448275862.
Trial 75 finished with value: 0.993103448275862 and parameters: {'l1_ratio': 0.7868665156538898, 'C': 0.040391538915366114}. Best is trial 0 with value: 0.993103448275862.
Trial 76 finished with value: 0.993103448275862 and parameters: {'l1_ratio': 0.9017273910195338, 'C': 0.022241600799168353}. Best is trial 0 with value: 0.993103448275862.
Trial 77 finished with value: 0.993103448275862 and parameters: {'l1_ratio': 0.9534355875470395, 'C': 0.01731532165663595}. Best is trial 0 with value: 0.993103448275862.
Trial 78 finished with value: 0.993103448275862 and parameters: {'l1_ratio': 0.4529268069229324, 'C': 0.016293045170288345}. Best is trial 0 with value: 0.993103448275862.
Trial 79 finished with value: 0.993103448275862 and parameters: {'l1_ratio': 0.4152724934274896, 'C': 0.031548523699531976}. Best is trial 0 with value: 0.993103448275862.
Trial 80 finished with value: 0.993103448275862 and parameters: {'l1_ratio': 0.974748225104993, 'C': 0.025739333770435698}. Best is trial 0 with value: 0.993103448275862.
Trial 81 finished with value: 0.993103448275862 and parameters: {'l1_ratio': 0.3894570158883936, 'C': 0.035759510175844604}. Best is trial 0 with value: 0.993103448275862.
Trial 82 finished with value: 0.993103448275862 and parameters: {'l1_ratio': 0.756366263181143, 'C': 0.06483061472934185}. Best is trial 0 with value: 0.993103448275862.
Trial 83 finished with value: 0.993103448275862 and parameters: {'l1_ratio': 0.13331529613894924, 'C': 0.047765738643497875}. Best is trial 0 with value: 0.993103448275862.
Trial 84 finished with value: 0.993103448275862 and parameters: {'l1_ratio': 0.23244694205639127, 'C': 0.013526098584162944}. Best is trial 0 with value: 0.993103448275862.
Trial 85 finished with value: 0.993103448275862 and parameters: {'l1_ratio': 0.19422770785369606, 'C': 0.020797429882400575}. Best is trial 0 with value: 0.993103448275862.
Trial 86 finished with value: 0.993103448275862 and parameters: {'l1_ratio': 0.8670304179280747, 'C': 0.011092687371435395}. Best is trial 0 with value: 0.993103448275862.
Trial 87 finished with value: 0.993103448275862 and parameters: {'l1_ratio': 0.8015419103047556, 'C': 0.038273283230833254}. Best is trial 0 with value: 0.993103448275862.
Trial 88 finished with value: 0.993103448275862 and parameters: {'l1_ratio': 0.164959949651068, 'C': 0.09132554844030273}. Best is trial 0 with value: 0.993103448275862.
Trial 89 finished with value: 0.993103448275862 and parameters: {'l1_ratio': 0.00896657688045549, 'C': 0.03012188153204886}. Best is trial 0 with value: 0.993103448275862.
Trial 90 finished with value: 0.993103448275862 and parameters: {'l1_ratio': 0.9246644230205392, 'C': 0.02288936109775886}. Best is trial 0 with value: 0.993103448275862.
Trial 91 finished with value: 0.993103448275862 and parameters: {'l1_ratio': 0.3017033549363989, 'C': 0.573152566242041}. Best is trial 0 with value: 0.993103448275862.
Trial 92 finished with value: 0.993103448275862 and parameters: {'l1_ratio': 0.3368659876015019, 'C': 0.025544447369063642}. Best is trial 0 with value: 0.993103448275862.
Trial 93 finished with value: 0.993103448275862 and parameters: {'l1_ratio': 0.3626056539760576, 'C': 0.03420956813627612}. Best is trial 0 with value: 0.993103448275862.
Trial 94 finished with value: 0.993103448275862 and parameters: {'l1_ratio': 0.2615596051404276, 'C': 0.2483066933624998}. Best is trial 0 with value: 0.993103448275862.
Trial 95 finished with value: 0.993103448275862 and parameters: {'l1_ratio': 0.20719777140893364, 'C': 0.04269577601194403}. Best is trial 0 with value: 0.993103448275862.
Trial 96 finished with value: 0.993103448275862 and parameters: {'l1_ratio': 0.24761546840753468, 'C': 0.019176326495729812}. Best is trial 0 with value: 0.993103448275862.
Trial 97 finished with value: 0.993103448275862 and parameters: {'l1_ratio': 0.10652810204286542, 'C': 0.01238919421267291}. Best is trial 0 with value: 0.993103448275862.
Trial 98 finished with value: 0.993103448275862 and parameters: {'l1_ratio': 0.053024293713530096, 'C': 0.016483080957108393}. Best is trial 0 with value: 0.993103448275862.
Trial 99 finished with value: 0.993103448275862 and parameters: {'l1_ratio': 0.8533324893132042, 'C': 0.026863580401090412}. Best is trial 0 with value: 0.993103448275862.
A new study created in memory with name: SPCA_LR
