Trial 24 finished with value: 0.7565217391304347 and parameters: {'l1_ratio': 0.7517124845445987, 'C': 0.016259149205590066}. Best is trial 9 with value: 0.7652173913043478.
Trial 25 finished with value: 0.7652173913043478 and parameters: {'l1_ratio': 0.7596381004233439, 'C': 0.017422033360412155}. Best is trial 9 with value: 0.7652173913043478.
Trial 26 finished with value: 0.7391304347826086 and parameters: {'l1_ratio': 0.8498965926987275, 'C': 0.02928295059552367}. Best is trial 9 with value: 0.7652173913043478.
Trial 27 finished with value: 0.7217391304347825 and parameters: {'l1_ratio': 0.9961454205327954, 'C': 0.017124825719816415}. Best is trial 9 with value: 0.7652173913043478.
Trial 28 finished with value: 0.7391304347826086 and parameters: {'l1_ratio': 0.77418173785179, 'C': 0.043805908068289066}. Best is trial 9 with value: 0.7652173913043478.
Trial 29 finished with value: 0.7391304347826086 and parameters: {'l1_ratio': 0.7049712735345899, 'C': 0.02326233228488294}. Best is trial 9 with value: 0.7652173913043478.
Trial 30 finished with value: 0.7391304347826086 and parameters: {'l1_ratio': 0.8809635333361683, 'C': 0.027723380729199006}. Best is trial 9 with value: 0.7652173913043478.
Trial 31 finished with value: 0.7565217391304347 and parameters: {'l1_ratio': 0.7670738773198371, 'C': 0.01614421971322475}. Best is trial 9 with value: 0.7652173913043478.
Trial 32 finished with value: 0.7565217391304347 and parameters: {'l1_ratio': 0.8022525976749952, 'C': 0.017095696831192473}. Best is trial 9 with value: 0.7652173913043478.
Trial 33 finished with value: 0.7304347826086957 and parameters: {'l1_ratio': 0.7391849664439841, 'C': 0.01386624566822704}. Best is trial 9 with value: 0.7652173913043478.
Trial 34 finished with value: 0.7217391304347827 and parameters: {'l1_ratio': 0.6538949119609172, 'C': 0.01024903646351137}. Best is trial 9 with value: 0.7652173913043478.
Trial 35 finished with value: 0.7391304347826086 and parameters: {'l1_ratio': 0.8228542218860228, 'C': 0.03978372047623061}. Best is trial 9 with value: 0.7652173913043478.
Trial 36 finished with value: 0.7565217391304347 and parameters: {'l1_ratio': 0.8944865559524724, 'C': 0.02057854174591442}. Best is trial 9 with value: 0.7652173913043478.
Trial 37 finished with value: 0.7217391304347827 and parameters: {'l1_ratio': 0.9362098823691113, 'C': 0.013883223183783159}. Best is trial 9 with value: 0.7652173913043478.
Trial 38 finished with value: 0.7304347826086957 and parameters: {'l1_ratio': 0.720375820925988, 'C': 0.04826228219913455}. Best is trial 9 with value: 0.7652173913043478.
Trial 39 finished with value: 0.7304347826086957 and parameters: {'l1_ratio': 0.5970671351543526, 'C': 0.03525345157023469}. Best is trial 9 with value: 0.7652173913043478.
Trial 40 finished with value: 0.7043478260869566 and parameters: {'l1_ratio': 0.6602246614539966, 'C': 0.05748611656429775}. Best is trial 9 with value: 0.7652173913043478.
Trial 41 finished with value: 0.7652173913043478 and parameters: {'l1_ratio': 0.74909494711429, 'C': 0.016319052713326038}. Best is trial 9 with value: 0.7652173913043478.
Trial 42 finished with value: 0.7565217391304347 and parameters: {'l1_ratio': 0.8033401234264643, 'C': 0.018835667777551936}. Best is trial 9 with value: 0.7652173913043478.
Trial 43 finished with value: 0.7304347826086957 and parameters: {'l1_ratio': 0.7339105579602322, 'C': 0.012649141261955977}. Best is trial 9 with value: 0.7652173913043478.
Trial 44 finished with value: 0.7478260869565216 and parameters: {'l1_ratio': 0.6817955322509955, 'C': 0.02577643415490577}. Best is trial 9 with value: 0.7652173913043478.
Trial 45 finished with value: 0.7391304347826086 and parameters: {'l1_ratio': 0.9052657220425158, 'C': 0.01695154592121287}. Best is trial 9 with value: 0.7652173913043478.
Trial 46 finished with value: 0.7043478260869566 and parameters: {'l1_ratio': 0.8444141740537209, 'C': 0.012389471229156335}. Best is trial 9 with value: 0.7652173913043478.
Trial 47 finished with value: 0.7478260869565216 and parameters: {'l1_ratio': 0.779683880130907, 'C': 0.02228627664659443}. Best is trial 9 with value: 0.7652173913043478.
Trial 48 finished with value: 0.7217391304347825 and parameters: {'l1_ratio': 0.7056729903291235, 'C': 0.010032890321420225}. Best is trial 9 with value: 0.7652173913043478.
Trial 49 finished with value: 0.7478260869565216 and parameters: {'l1_ratio': 0.8502529906598627, 'C': 0.03073695768147375}. Best is trial 9 with value: 0.7652173913043478.
Trial 50 finished with value: 0.7652173913043478 and parameters: {'l1_ratio': 0.938350525647103, 'C': 0.020625613661231283}. Best is trial 9 with value: 0.7652173913043478.
Trial 51 finished with value: 0.7565217391304347 and parameters: {'l1_ratio': 0.9281352156427922, 'C': 0.019449378479405446}. Best is trial 9 with value: 0.7652173913043478.
Trial 52 finished with value: 0.7565217391304347 and parameters: {'l1_ratio': 0.7498074682915871, 'C': 0.015340769932274153}. Best is trial 9 with value: 0.7652173913043478.
Trial 53 finished with value: 0.7565217391304347 and parameters: {'l1_ratio': 0.9578901188923254, 'C': 0.02273426928491991}. Best is trial 9 with value: 0.7652173913043478.
Trial 54 finished with value: 0.7217391304347825 and parameters: {'l1_ratio': 0.8787044681326809, 'C': 0.012082115527751}. Best is trial 9 with value: 0.7652173913043478.
Trial 55 finished with value: 0.7478260869565218 and parameters: {'l1_ratio': 0.8178994043915849, 'C': 0.016195377900362903}. Best is trial 9 with value: 0.7652173913043478.
Trial 56 finished with value: 0.7565217391304347 and parameters: {'l1_ratio': 0.9014919547049826, 'C': 0.019039294131510568}. Best is trial 9 with value: 0.7652173913043478.
Trial 57 finished with value: 0.7391304347826086 and parameters: {'l1_ratio': 0.9480201068130019, 'C': 0.02516194995476725}. Best is trial 9 with value: 0.7652173913043478.
Trial 58 finished with value: 0.7043478260869566 and parameters: {'l1_ratio': 0.7900597717184406, 'C': 0.01170255430977248}. Best is trial 9 with value: 0.7652173913043478.
Trial 59 finished with value: 0.7391304347826086 and parameters: {'l1_ratio': 0.8497767298208428, 'C': 0.033831615499164774}. Best is trial 9 with value: 0.7652173913043478.
Trial 60 finished with value: 0.7304347826086957 and parameters: {'l1_ratio': 0.74895452806477, 'C': 0.013929939182470272}. Best is trial 9 with value: 0.7652173913043478.
Trial 61 finished with value: 0.7652173913043478 and parameters: {'l1_ratio': 0.7655135248818506, 'C': 0.01756454217534699}. Best is trial 9 with value: 0.7652173913043478.
Trial 62 finished with value: 0.7391304347826086 and parameters: {'l1_ratio': 0.6776235998909226, 'C': 0.02120077227270557}. Best is trial 9 with value: 0.7652173913043478.
Trial 63 finished with value: 0.7304347826086957 and parameters: {'l1_ratio': 0.9980342661342496, 'C': 0.016832141243960937}. Best is trial 9 with value: 0.7652173913043478.
Trial 64 finished with value: 0.7391304347826086 and parameters: {'l1_ratio': 0.7794907492020622, 'C': 0.025717198832110936}. Best is trial 9 with value: 0.7652173913043478.
Trial 65 finished with value: 0.7304347826086957 and parameters: {'l1_ratio': 0.8153902969515541, 'C': 0.01462135626551235}. Best is trial 9 with value: 0.7652173913043478.
Trial 66 finished with value: 0.7304347826086957 and parameters: {'l1_ratio': 0.7209634774060987, 'C': 0.011763827079231945}. Best is trial 9 with value: 0.7652173913043478.
Trial 67 finished with value: 0.7565217391304347 and parameters: {'l1_ratio': 0.8624935011969914, 'C': 0.018616061617585302}. Best is trial 9 with value: 0.7652173913043478.
Trial 68 finished with value: 0.7391304347826086 and parameters: {'l1_ratio': 0.7613826275407648, 'C': 0.029069781419623603}. Best is trial 9 with value: 0.7652173913043478.
Trial 69 finished with value: 0.7391304347826086 and parameters: {'l1_ratio': 0.6940447048185502, 'C': 0.02296019040228034}. Best is trial 9 with value: 0.7652173913043478.
Trial 70 finished with value: 0.7304347826086957 and parameters: {'l1_ratio': 0.9194809446319947, 'C': 0.015401456460105342}. Best is trial 9 with value: 0.7652173913043478.
Trial 71 finished with value: 0.7652173913043478 and parameters: {'l1_ratio': 0.7558315258060683, 'C': 0.0171255176562676}. Best is trial 9 with value: 0.7652173913043478.
Trial 72 finished with value: 0.7565217391304347 and parameters: {'l1_ratio': 0.8341355441388856, 'C': 0.01795568293305741}. Best is trial 9 with value: 0.7652173913043478.
Trial 73 finished with value: 0.7304347826086957 and parameters: {'l1_ratio': 0.7870191556983227, 'C': 0.012820738918886633}. Best is trial 9 with value: 0.7652173913043478.
Trial 74 finished with value: 0.7217391304347827 and parameters: {'l1_ratio': 0.7308312053582156, 'C': 0.011078960574887447}. Best is trial 9 with value: 0.7652173913043478.
Trial 75 finished with value: 0.7217391304347827 and parameters: {'l1_ratio': 0.8724014104947779, 'C': 0.013753656087038274}. Best is trial 9 with value: 0.7652173913043478.
Trial 76 finished with value: 0.7565217391304347 and parameters: {'l1_ratio': 0.6501389224367157, 'C': 0.020491740993438347}. Best is trial 9 with value: 0.7652173913043478.
Trial 77 finished with value: 0.7217391304347825 and parameters: {'l1_ratio': 0.8147562136609608, 'C': 0.010806315900592849}. Best is trial 9 with value: 0.7652173913043478.
Trial 78 finished with value: 0.7565217391304347 and parameters: {'l1_ratio': 0.7640959290666541, 'C': 0.01583973342209326}. Best is trial 9 with value: 0.7652173913043478.
Trial 79 finished with value: 0.7304347826086957 and parameters: {'l1_ratio': 0.7082654115291057, 'C': 0.013106183189636801}. Best is trial 9 with value: 0.7652173913043478.
Trial 80 finished with value: 0.7652173913043478 and parameters: {'l1_ratio': 0.796557039652277, 'C': 0.017578521089287393}. Best is trial 9 with value: 0.7652173913043478.
Trial 81 finished with value: 0.7652173913043478 and parameters: {'l1_ratio': 0.8301748236167608, 'C': 0.01895119038590151}. Best is trial 9 with value: 0.7652173913043478.
Trial 82 finished with value: 0.7478260869565216 and parameters: {'l1_ratio': 0.8352032368869754, 'C': 0.024452704345356978}. Best is trial 9 with value: 0.7652173913043478.
Trial 83 finished with value: 0.7478260869565216 and parameters: {'l1_ratio': 0.7922815714382848, 'C': 0.019925320452114263}. Best is trial 9 with value: 0.7652173913043478.
Trial 84 finished with value: 0.7565217391304347 and parameters: {'l1_ratio': 0.8908065312503308, 'C': 0.018114511771586784}. Best is trial 9 with value: 0.7652173913043478.
Trial 85 finished with value: 0.7391304347826086 and parameters: {'l1_ratio': 0.7950036816071228, 'C': 0.021890304333187}. Best is trial 9 with value: 0.7652173913043478.
Trial 86 finished with value: 0.7217391304347825 and parameters: {'l1_ratio': 0.8674173596346607, 'C': 0.015209648748690007}. Best is trial 9 with value: 0.7652173913043478.
Trial 87 finished with value: 0.7217391304347825 and parameters: {'l1_ratio': 0.7427293562156734, 'C': 0.010023455870407915}. Best is trial 9 with value: 0.7652173913043478.
Trial 88 finished with value: 0.7217391304347827 and parameters: {'l1_ratio': 0.9119687638284253, 'C': 0.013728538792668596}. Best is trial 9 with value: 0.7652173913043478.
Trial 89 finished with value: 0.7391304347826086 and parameters: {'l1_ratio': 0.8323932250672743, 'C': 0.026894847428479966}. Best is trial 9 with value: 0.7652173913043478.
Trial 90 finished with value: 0.7304347826086957 and parameters: {'l1_ratio': 0.9611119397152472, 'C': 0.01768577829156984}. Best is trial 9 with value: 0.7652173913043478.
Trial 91 finished with value: 0.7565217391304347 and parameters: {'l1_ratio': 0.7726683319810562, 'C': 0.016794647205354268}. Best is trial 9 with value: 0.7652173913043478.
Trial 92 finished with value: 0.7391304347826086 and parameters: {'l1_ratio': 0.7276037138649716, 'C': 0.020072323253711402}. Best is trial 9 with value: 0.7652173913043478.
Trial 93 finished with value: 0.7217391304347827 and parameters: {'l1_ratio': 0.7499909261911016, 'C': 0.01144263443543849}. Best is trial 9 with value: 0.7652173913043478.
Trial 94 finished with value: 0.7391304347826086 and parameters: {'l1_ratio': 0.8083605869411381, 'C': 0.024034250226760298}. Best is trial 9 with value: 0.7652173913043478.
Trial 95 finished with value: 0.7565217391304347 and parameters: {'l1_ratio': 0.6869478699729715, 'C': 0.014852600606293124}. Best is trial 9 with value: 0.7652173913043478.
Trial 96 finished with value: 0.7304347826086957 and parameters: {'l1_ratio': 0.8489256022570432, 'C': 0.013007760613824996}. Best is trial 9 with value: 0.7652173913043478.
Trial 97 finished with value: 0.7652173913043478 and parameters: {'l1_ratio': 0.7130931713320556, 'C': 0.016427871580423702}. Best is trial 9 with value: 0.7652173913043478.
Trial 98 finished with value: 0.7391304347826086 and parameters: {'l1_ratio': 0.8030909887914005, 'C': 0.021446148087233233}. Best is trial 9 with value: 0.7652173913043478.
Trial 99 finished with value: 0.7652173913043478 and parameters: {'l1_ratio': 0.7692819273795036, 'C': 0.01705292686554929}. Best is trial 9 with value: 0.7652173913043478.
A new study created in memory with name: PCA_LGBM
Trial 0 finished with value: 0.9724137931034482 and parameters: {'num_leaves': 22, 'max_depth': 9, 'learning_rate': 0.011991905450436173, 'n_estimators': 182, 'colsample_bytree': 0.8400786009351058}. Best is trial 0 with value: 0.9724137931034482.
Trial 1 finished with value: 0.9379310344827587 and parameters: {'num_leaves': 44, 'max_depth': 10, 'learning_rate': 0.0326060090511065, 'n_estimators': 261, 'colsample_bytree': 0.20835990539601346}. Best is trial 0 with value: 0.9724137931034482.
Trial 2 finished with value: 0.9724137931034482 and parameters: {'num_leaves': 24, 'max_depth': 6, 'learning_rate': 0.227599099129857, 'n_estimators': 233, 'colsample_bytree': 0.29817496308500363}. Best is trial 0 with value: 0.9724137931034482.
Trial 3 finished with value: 0.9724137931034482 and parameters: {'num_leaves': 44, 'max_depth': 14, 'learning_rate': 0.1111101654453117, 'n_estimators': 102, 'colsample_bytree': 0.25308507789520746}. Best is trial 0 with value: 0.9724137931034482.
Trial 4 finished with value: 0.9793103448275862 and parameters: {'num_leaves': 34, 'max_depth': 9, 'learning_rate': 0.07358793147274516, 'n_estimators': 202, 'colsample_bytree': 0.5613231703001524}. Best is trial 4 with value: 0.9793103448275862.
Trial 5 finished with value: 0.9517241379310345 and parameters: {'num_leaves': 24, 'max_depth': 13, 'learning_rate': 0.252770889413872, 'n_estimators': 174, 'colsample_bytree': 0.2706258522696578}. Best is trial 4 with value: 0.9793103448275862.
Trial 6 finished with value: 0.9724137931034482 and parameters: {'num_leaves': 25, 'max_depth': 7, 'learning_rate': 0.015668990412746983, 'n_estimators': 143, 'colsample_bytree': 0.9293588694198525}. Best is trial 4 with value: 0.9793103448275862.
Trial 7 finished with value: 0.9724137931034482 and parameters: {'num_leaves': 49, 'max_depth': 15, 'learning_rate': 0.06539315512911707, 'n_estimators': 214, 'colsample_bytree': 0.7218210018258306}. Best is trial 4 with value: 0.9793103448275862.
Trial 8 finished with value: 0.9724137931034482 and parameters: {'num_leaves': 43, 'max_depth': 13, 'learning_rate': 0.0104008311818441, 'n_estimators': 194, 'colsample_bytree': 0.6134544273767617}. Best is trial 4 with value: 0.9793103448275862.
Trial 9 finished with value: 0.9793103448275862 and parameters: {'num_leaves': 38, 'max_depth': 10, 'learning_rate': 0.05787334223278729, 'n_estimators': 272, 'colsample_bytree': 0.5065038383022968}. Best is trial 4 with value: 0.9793103448275862.
Trial 10 finished with value: 0.9724137931034482 and parameters: {'num_leaves': 32, 'max_depth': 8, 'learning_rate': 0.11973561413004921, 'n_estimators': 51, 'colsample_bytree': 0.4772275276636729}. Best is trial 4 with value: 0.9793103448275862.
Trial 11 finished with value: 0.9793103448275862 and parameters: {'num_leaves': 34, 'max_depth': 11, 'learning_rate': 0.038717349005633284, 'n_estimators': 298, 'colsample_bytree': 0.47072478969564363}. Best is trial 4 with value: 0.9793103448275862.
Trial 12 finished with value: 0.9793103448275862 and parameters: {'num_leaves': 34, 'max_depth': 11, 'learning_rate': 0.05488369589097082, 'n_estimators': 282, 'colsample_bytree': 0.5327292508201569}. Best is trial 4 with value: 0.9793103448275862.
Trial 13 finished with value: 0.9793103448275862 and parameters: {'num_leaves': 15, 'max_depth': 5, 'learning_rate': 0.08747475365995183, 'n_estimators': 248, 'colsample_bytree': 0.6899199005764803}. Best is trial 4 with value: 0.9793103448275862.
Trial 14 finished with value: 0.9793103448275862 and parameters: {'num_leaves': 38, 'max_depth': 9, 'learning_rate': 0.03403136581819424, 'n_estimators': 142, 'colsample_bytree': 0.3831258445867552}. Best is trial 4 with value: 0.9793103448275862.
Trial 15 finished with value: 0.9793103448275862 and parameters: {'num_leaves': 29, 'max_depth': 11, 'learning_rate': 0.14977794693801005, 'n_estimators': 221, 'colsample_bytree': 0.5809227145357982}. Best is trial 4 with value: 0.9793103448275862.
Trial 16 finished with value: 0.9724137931034482 and parameters: {'num_leaves': 39, 'max_depth': 8, 'learning_rate': 0.07019403015515298, 'n_estimators': 267, 'colsample_bytree': 0.4088259987176087}. Best is trial 4 with value: 0.9793103448275862.
Trial 17 finished with value: 0.9724137931034482 and parameters: {'num_leaves': 38, 'max_depth': 12, 'learning_rate': 0.04551203979926389, 'n_estimators': 142, 'colsample_bytree': 0.6567744473411476}. Best is trial 4 with value: 0.9793103448275862.
Trial 18 finished with value: 0.9793103448275862 and parameters: {'num_leaves': 29, 'max_depth': 9, 'learning_rate': 0.023884877404626744, 'n_estimators': 298, 'colsample_bytree': 0.5356980374078838}. Best is trial 4 with value: 0.9793103448275862.
Trial 19 finished with value: 0.9724137931034482 and parameters: {'num_leaves': 50, 'max_depth': 7, 'learning_rate': 0.08271443758645541, 'n_estimators': 247, 'colsample_bytree': 0.7548348370783738}. Best is trial 4 with value: 0.9793103448275862.
Trial 20 finished with value: 0.9793103448275862 and parameters: {'num_leaves': 41, 'max_depth': 10, 'learning_rate': 0.054274975145294474, 'n_estimators': 205, 'colsample_bytree': 0.620717262574516}. Best is trial 4 with value: 0.9793103448275862.
Trial 21 finished with value: 0.9724137931034482 and parameters: {'num_leaves': 34, 'max_depth': 11, 'learning_rate': 0.04496574060330917, 'n_estimators': 297, 'colsample_bytree': 0.47402389083486984}. Best is trial 4 with value: 0.9793103448275862.
Trial 22 finished with value: 0.9793103448275862 and parameters: {'num_leaves': 36, 'max_depth': 10, 'learning_rate': 0.034700522993317634, 'n_estimators': 271, 'colsample_bytree': 0.4081231858089772}. Best is trial 4 with value: 0.9793103448275862.
Trial 23 finished with value: 0.9793103448275862 and parameters: {'num_leaves': 30, 'max_depth': 12, 'learning_rate': 0.023145403009522763, 'n_estimators': 300, 'colsample_bytree': 0.5490512299798391}. Best is trial 4 with value: 0.9793103448275862.
Trial 24 finished with value: 0.9793103448275862 and parameters: {'num_leaves': 32, 'max_depth': 8, 'learning_rate': 0.06565010041876616, 'n_estimators': 238, 'colsample_bytree': 0.4781336666126406}. Best is trial 4 with value: 0.9793103448275862.
Trial 25 finished with value: 0.9793103448275862 and parameters: {'num_leaves': 35, 'max_depth': 12, 'learning_rate': 0.09600760641022112, 'n_estimators': 281, 'colsample_bytree': 0.36125870611198924}. Best is trial 4 with value: 0.9793103448275862.
Trial 26 finished with value: 0.9793103448275862 and parameters: {'num_leaves': 47, 'max_depth': 11, 'learning_rate': 0.1510045349775628, 'n_estimators': 162, 'colsample_bytree': 0.6282975384274481}. Best is trial 4 with value: 0.9793103448275862.
Trial 27 finished with value: 0.9793103448275862 and parameters: {'num_leaves': 41, 'max_depth': 10, 'learning_rate': 0.046405305474169906, 'n_estimators': 94, 'colsample_bytree': 0.503918412930945}. Best is trial 4 with value: 0.9793103448275862.
Trial 28 finished with value: 0.9793103448275862 and parameters: {'num_leaves': 27, 'max_depth': 9, 'learning_rate': 0.07391934131184691, 'n_estimators': 260, 'colsample_bytree': 0.5886849064761979}. Best is trial 4 with value: 0.9793103448275862.
Trial 29 finished with value: 0.9793103448275862 and parameters: {'num_leaves': 19, 'max_depth': 13, 'learning_rate': 0.05757929723623951, 'n_estimators': 194, 'colsample_bytree': 0.43031582298227067}. Best is trial 4 with value: 0.9793103448275862.
Trial 30 finished with value: 0.9793103448275862 and parameters: {'num_leaves': 37, 'max_depth': 7, 'learning_rate': 0.0872492238042912, 'n_estimators': 224, 'colsample_bytree': 0.5525705396780749}. Best is trial 4 with value: 0.9793103448275862.
Trial 31 finished with value: 0.9793103448275862 and parameters: {'num_leaves': 33, 'max_depth': 11, 'learning_rate': 0.056378277157095896, 'n_estimators': 284, 'colsample_bytree': 0.506510606889804}. Best is trial 4 with value: 0.9793103448275862.
Trial 32 finished with value: 0.9793103448275862 and parameters: {'num_leaves': 31, 'max_depth': 10, 'learning_rate': 0.0403821431022511, 'n_estimators': 281, 'colsample_bytree': 0.5543385365379642}. Best is trial 4 with value: 0.9793103448275862.
Trial 33 finished with value: 0.9793103448275862 and parameters: {'num_leaves': 35, 'max_depth': 11, 'learning_rate': 0.05458781805055865, 'n_estimators': 255, 'colsample_bytree': 0.3426018358488191}. Best is trial 4 with value: 0.9793103448275862.
Trial 34 finished with value: 0.9793103448275862 and parameters: {'num_leaves': 27, 'max_depth': 9, 'learning_rate': 0.029346267175361762, 'n_estimators': 280, 'colsample_bytree': 0.45283782691655367}. Best is trial 4 with value: 0.9793103448275862.
