A new study created in memory with name: PCA_LR
Trial 0 finished with value: 0.7666666666666667 and parameters: {'l1_ratio': 0.734877687031452, 'C': 0.10792413620145996}. Best is trial 0 with value: 0.7666666666666667.
Trial 1 finished with value: 0.7666666666666667 and parameters: {'l1_ratio': 0.43203654446626794, 'C': 0.42088247293101516}. Best is trial 0 with value: 0.7666666666666667.
Trial 2 finished with value: 0.7833333333333334 and parameters: {'l1_ratio': 0.20267015057313376, 'C': 0.2790208940866656}. Best is trial 2 with value: 0.7833333333333334.
Trial 3 finished with value: 0.8 and parameters: {'l1_ratio': 0.0761148462482032, 'C': 0.3246377514435373}. Best is trial 3 with value: 0.8.
Trial 4 finished with value: 0.7833333333333334 and parameters: {'l1_ratio': 0.19826261188491257, 'C': 0.26681596131014945}. Best is trial 3 with value: 0.8.
Trial 5 finished with value: 0.7833333333333334 and parameters: {'l1_ratio': 0.15619455278381345, 'C': 0.38463357449564073}. Best is trial 3 with value: 0.8.
Trial 6 finished with value: 0.7833333333333334 and parameters: {'l1_ratio': 0.6553151296177333, 'C': 0.22030579474256545}. Best is trial 3 with value: 0.8.
Trial 7 finished with value: 0.7666666666666667 and parameters: {'l1_ratio': 0.4394913418919685, 'C': 0.4408031462097147}. Best is trial 3 with value: 0.8.
Trial 8 finished with value: 0.7666666666666667 and parameters: {'l1_ratio': 0.868494855327333, 'C': 0.5864176802640334}. Best is trial 3 with value: 0.8.
Trial 9 finished with value: 0.7666666666666667 and parameters: {'l1_ratio': 0.5943338755051262, 'C': 0.3276672034759724}. Best is trial 3 with value: 0.8.
Trial 10 finished with value: 0.8666666666666666 and parameters: {'l1_ratio': 0.03558060551421616, 'C': 0.017717740983278697}. Best is trial 10 with value: 0.8666666666666666.
Trial 11 finished with value: 0.8666666666666668 and parameters: {'l1_ratio': 0.022495651519330133, 'C': 0.011152222191840002}. Best is trial 11 with value: 0.8666666666666668.
Trial 12 finished with value: 0.8666666666666668 and parameters: {'l1_ratio': 0.016055488423486145, 'C': 0.010064785474477535}. Best is trial 11 with value: 0.8666666666666668.
Trial 13 finished with value: 0.85 and parameters: {'l1_ratio': 0.01006323209357296, 'C': 0.010258213042528809}. Best is trial 11 with value: 0.8666666666666668.
Trial 14 finished with value: 0.8 and parameters: {'l1_ratio': 0.276771304449986, 'C': 0.032271409757115434}. Best is trial 11 with value: 0.8666666666666668.
Trial 15 finished with value: 0.8 and parameters: {'l1_ratio': 0.3203989682806354, 'C': 0.026594719448280863}. Best is trial 11 with value: 0.8666666666666668.
Trial 16 finished with value: 0.8333333333333334 and parameters: {'l1_ratio': 0.11109448614892656, 'C': 0.04457010251745574}. Best is trial 11 with value: 0.8666666666666668.
Trial 17 finished with value: 0.8666666666666666 and parameters: {'l1_ratio': 0.0037394600282714893, 'C': 0.010507930992475501}. Best is trial 11 with value: 0.8666666666666668.
Trial 18 finished with value: 0.7500000000000001 and parameters: {'l1_ratio': 0.343329904182349, 'C': 0.01752558268900611}. Best is trial 11 with value: 0.8666666666666668.
Trial 19 finished with value: 0.8 and parameters: {'l1_ratio': 0.13239547964113926, 'C': 0.05854801632965582}. Best is trial 11 with value: 0.8666666666666668.
Trial 20 finished with value: 0.8 and parameters: {'l1_ratio': 0.24267766235178406, 'C': 0.016522460062205563}. Best is trial 11 with value: 0.8666666666666668.
Trial 21 finished with value: 0.8666666666666666 and parameters: {'l1_ratio': 0.017287042804228075, 'C': 0.016108646756273114}. Best is trial 11 with value: 0.8666666666666668.
Trial 22 finished with value: 0.8166666666666668 and parameters: {'l1_ratio': 0.09392159723773158, 'C': 0.010430499534318316}. Best is trial 11 with value: 0.8666666666666668.
Trial 23 finished with value: 0.85 and parameters: {'l1_ratio': 0.07825549993827041, 'C': 0.02264741018146436}. Best is trial 11 with value: 0.8666666666666668.
Trial 24 finished with value: 0.8 and parameters: {'l1_ratio': 0.17643690020549407, 'C': 0.01469299377023425}. Best is trial 11 with value: 0.8666666666666668.
Trial 25 finished with value: 0.8166666666666667 and parameters: {'l1_ratio': 0.25475818955767304, 'C': 0.023985230354601365}. Best is trial 11 with value: 0.8666666666666668.
Trial 26 finished with value: 0.8666666666666666 and parameters: {'l1_ratio': 0.004918688822037165, 'C': 0.01372179057433743}. Best is trial 11 with value: 0.8666666666666668.
Trial 27 finished with value: 0.85 and parameters: {'l1_ratio': 0.14011268263777515, 'C': 0.037186824547667224}. Best is trial 11 with value: 0.8666666666666668.
Trial 28 finished with value: 0.85 and parameters: {'l1_ratio': 0.06983222616052187, 'C': 0.02080121040276806}. Best is trial 11 with value: 0.8666666666666668.
Trial 29 finished with value: 0.8 and parameters: {'l1_ratio': 0.3678572978684518, 'C': 0.0710671866392526}. Best is trial 11 with value: 0.8666666666666668.
Trial 30 finished with value: 0.8 and parameters: {'l1_ratio': 0.22334071899830646, 'C': 0.030290014575687425}. Best is trial 11 with value: 0.8666666666666668.
Trial 31 finished with value: 0.8666666666666666 and parameters: {'l1_ratio': 0.003739254361827482, 'C': 0.010371046960875215}. Best is trial 11 with value: 0.8666666666666668.
Trial 32 finished with value: 0.8666666666666666 and parameters: {'l1_ratio': 0.08190852486078362, 'C': 0.012959731444732692}. Best is trial 11 with value: 0.8666666666666668.
Trial 33 finished with value: 0.85 and parameters: {'l1_ratio': 0.15470809834768975, 'C': 0.020773498662463162}. Best is trial 11 with value: 0.8666666666666668.
Trial 34 finished with value: 0.85 and parameters: {'l1_ratio': 0.04280317227147235, 'C': 0.012745544783290591}. Best is trial 11 with value: 0.8666666666666668.
Trial 35 finished with value: 0.85 and parameters: {'l1_ratio': 0.08599134193054647, 'C': 0.018497641263641475}. Best is trial 11 with value: 0.8666666666666668.
Trial 36 finished with value: 0.7666666666666667 and parameters: {'l1_ratio': 0.18298946419565973, 'C': 0.010044291888727026}. Best is trial 11 with value: 0.8666666666666668.
Trial 37 finished with value: 0.85 and parameters: {'l1_ratio': 0.04739392075757898, 'C': 0.01335694037941869}. Best is trial 11 with value: 0.8666666666666668.
Trial 38 finished with value: 0.85 and parameters: {'l1_ratio': 0.11079284352623164, 'C': 0.025797834299769392}. Best is trial 11 with value: 0.8666666666666668.
Trial 39 finished with value: 0.8 and parameters: {'l1_ratio': 0.18048970014004243, 'C': 0.017767459222078747}. Best is trial 11 with value: 0.8666666666666668.
Trial 40 finished with value: 0.8666666666666666 and parameters: {'l1_ratio': 0.0025274267289654376, 'C': 0.012687741713227693}. Best is trial 11 with value: 0.8666666666666668.
Trial 41 finished with value: 0.85 and parameters: {'l1_ratio': 0.04349617268263891, 'C': 0.01507204462608097}. Best is trial 11 with value: 0.8666666666666668.
Trial 42 finished with value: 0.8833333333333334 and parameters: {'l1_ratio': 0.12853503388907675, 'C': 0.019050671948340304}. Best is trial 42 with value: 0.8833333333333334.
Trial 43 finished with value: 0.8333333333333334 and parameters: {'l1_ratio': 0.13080386086874746, 'C': 0.02142985373044472}. Best is trial 42 with value: 0.8833333333333334.
Trial 44 finished with value: 0.8666666666666668 and parameters: {'l1_ratio': 0.049987347322095255, 'C': 0.012434442585621744}. Best is trial 42 with value: 0.8833333333333334.
Trial 45 finished with value: 0.7500000000000001 and parameters: {'l1_ratio': 0.22161182801541368, 'C': 0.1262698703537651}. Best is trial 42 with value: 0.8833333333333334.
Trial 46 finished with value: 0.8333333333333334 and parameters: {'l1_ratio': 0.05852703595040111, 'C': 0.02855446952888804}. Best is trial 42 with value: 0.8833333333333334.
Trial 47 finished with value: 0.85 and parameters: {'l1_ratio': 0.13589635804660022, 'C': 0.019326335352055073}. Best is trial 42 with value: 0.8833333333333334.
Trial 48 finished with value: 0.7833333333333334 and parameters: {'l1_ratio': 0.19608075973322547, 'C': 0.012440076891470142}. Best is trial 42 with value: 0.8833333333333334.
Trial 49 finished with value: 0.8666666666666666 and parameters: {'l1_ratio': 0.1131714100729857, 'C': 0.016712354986180587}. Best is trial 42 with value: 0.8833333333333334.
Trial 50 finished with value: 0.8 and parameters: {'l1_ratio': 0.294659280751679, 'C': 0.037770399015090474}. Best is trial 42 with value: 0.8833333333333334.
Trial 51 finished with value: 0.8666666666666668 and parameters: {'l1_ratio': 0.028797773539579397, 'C': 0.010956117625811834}. Best is trial 42 with value: 0.8833333333333334.
Trial 52 finished with value: 0.8666666666666668 and parameters: {'l1_ratio': 0.05318376923137203, 'C': 0.011719604836400903}. Best is trial 42 with value: 0.8833333333333334.
Trial 53 finished with value: 0.8666666666666668 and parameters: {'l1_ratio': 0.05349158838988399, 'C': 0.011815630156091083}. Best is trial 42 with value: 0.8833333333333334.
Trial 54 finished with value: 0.85 and parameters: {'l1_ratio': 0.09550162905995532, 'C': 0.014526213113499532}. Best is trial 42 with value: 0.8833333333333334.
Trial 55 finished with value: 0.8666666666666668 and parameters: {'l1_ratio': 0.02841318312418579, 'C': 0.01138759546703082}. Best is trial 42 with value: 0.8833333333333334.
Trial 56 finished with value: 0.7833333333333334 and parameters: {'l1_ratio': 0.152710803713161, 'C': 0.010080422636679484}. Best is trial 42 with value: 0.8833333333333334.
Trial 57 finished with value: 0.85 and parameters: {'l1_ratio': 0.060407868107185576, 'C': 0.015726301503994726}. Best is trial 42 with value: 0.8833333333333334.
Trial 58 finished with value: 0.8166666666666668 and parameters: {'l1_ratio': 0.11177090085381387, 'C': 0.011993557638855597}. Best is trial 42 with value: 0.8833333333333334.
Trial 59 finished with value: 0.8666666666666666 and parameters: {'l1_ratio': 0.026369421216883286, 'C': 0.014787103731136914}. Best is trial 42 with value: 0.8833333333333334.
Trial 60 finished with value: 0.85 and parameters: {'l1_ratio': 0.07822916216041674, 'C': 0.01923693602614653}. Best is trial 42 with value: 0.8833333333333334.
Trial 61 finished with value: 0.8666666666666668 and parameters: {'l1_ratio': 0.051214778060057045, 'C': 0.011734261248212318}. Best is trial 42 with value: 0.8833333333333334.
Trial 62 finished with value: 0.8666666666666668 and parameters: {'l1_ratio': 0.03697813741406514, 'C': 0.011687465357464333}. Best is trial 42 with value: 0.8833333333333334.
Trial 63 finished with value: 0.8 and parameters: {'l1_ratio': 0.16783286177446186, 'C': 0.014077634207197591}. Best is trial 42 with value: 0.8833333333333334.
Trial 64 finished with value: 0.85 and parameters: {'l1_ratio': 0.004924125667242828, 'C': 0.01667873639392827}. Best is trial 42 with value: 0.8833333333333334.
Trial 65 finished with value: 0.85 and parameters: {'l1_ratio': 0.0975736527633686, 'C': 0.024563284838215568}. Best is trial 42 with value: 0.8833333333333334.
Trial 66 finished with value: 0.85 and parameters: {'l1_ratio': 0.06628899013335496, 'C': 0.010747362479347058}. Best is trial 42 with value: 0.8833333333333334.
Trial 67 finished with value: 0.8166666666666668 and parameters: {'l1_ratio': 0.13338962185430964, 'C': 0.013531668342741112}. Best is trial 42 with value: 0.8833333333333334.
Trial 68 finished with value: 0.85 and parameters: {'l1_ratio': 0.031766716309053616, 'C': 0.022280981424519702}. Best is trial 42 with value: 0.8833333333333334.
Trial 69 finished with value: 0.8333333333333334 and parameters: {'l1_ratio': 0.08756160207626107, 'C': 0.011753719517734256}. Best is trial 42 with value: 0.8833333333333334.
Trial 70 finished with value: 0.7666666666666667 and parameters: {'l1_ratio': 0.2112563955266381, 'C': 0.010050017844094612}. Best is trial 42 with value: 0.8833333333333334.
Trial 71 finished with value: 0.8666666666666666 and parameters: {'l1_ratio': 0.0007952426175307781, 'C': 0.01165964863647072}. Best is trial 42 with value: 0.8833333333333334.
Trial 72 finished with value: 0.8666666666666666 and parameters: {'l1_ratio': 0.03085786561589409, 'C': 0.01572358296822948}. Best is trial 42 with value: 0.8833333333333334.
Trial 73 finished with value: 0.8666666666666668 and parameters: {'l1_ratio': 0.05367081484350553, 'C': 0.011356371424859861}. Best is trial 42 with value: 0.8833333333333334.
Trial 74 finished with value: 0.85 and parameters: {'l1_ratio': 0.028545607794048654, 'C': 0.013376546253442373}. Best is trial 42 with value: 0.8833333333333334.
Trial 75 finished with value: 0.85 and parameters: {'l1_ratio': 0.11625585698259319, 'C': 0.018327263381416263}. Best is trial 42 with value: 0.8833333333333334.
Trial 76 finished with value: 0.8666666666666668 and parameters: {'l1_ratio': 0.07622755618826653, 'C': 0.015073429327361245}. Best is trial 42 with value: 0.8833333333333334.
Trial 77 finished with value: 0.8166666666666668 and parameters: {'l1_ratio': 0.1459294529482638, 'C': 0.011371143799781172}. Best is trial 42 with value: 0.8833333333333334.
Trial 78 finished with value: 0.8666666666666666 and parameters: {'l1_ratio': 0.025042584650135466, 'C': 0.013373259035459132}. Best is trial 42 with value: 0.8833333333333334.
Trial 79 finished with value: 0.8333333333333334 and parameters: {'l1_ratio': 0.06543157481039702, 'C': 0.010009818422455217}. Best is trial 42 with value: 0.8833333333333334.
Trial 80 finished with value: 0.8166666666666667 and parameters: {'l1_ratio': 0.16229781580228003, 'C': 0.016849912074948462}. Best is trial 42 with value: 0.8833333333333334.
Trial 81 finished with value: 0.8666666666666668 and parameters: {'l1_ratio': 0.047933198643465146, 'C': 0.01212405019548628}. Best is trial 42 with value: 0.8833333333333334.
Trial 82 finished with value: 0.85 and parameters: {'l1_ratio': 0.09887710357573229, 'C': 0.011873252112471288}. Best is trial 42 with value: 0.8833333333333334.
Trial 83 finished with value: 0.85 and parameters: {'l1_ratio': 0.06000754302828318, 'C': 0.014060267128641684}. Best is trial 42 with value: 0.8833333333333334.
Trial 84 finished with value: 0.8666666666666666 and parameters: {'l1_ratio': 0.0007494365528492308, 'C': 0.011079994861015765}. Best is trial 42 with value: 0.8833333333333334.
Trial 85 finished with value: 0.8666666666666666 and parameters: {'l1_ratio': 0.0245367999730157, 'C': 0.019509114749760952}. Best is trial 42 with value: 0.8833333333333334.
Trial 86 finished with value: 0.8666666666666666 and parameters: {'l1_ratio': 0.1117567165338062, 'C': 0.015733405134868688}. Best is trial 42 with value: 0.8833333333333334.
Trial 87 finished with value: 0.8666666666666666 and parameters: {'l1_ratio': 0.07830476075595408, 'C': 0.012997667922828705}. Best is trial 42 with value: 0.8833333333333334.
Trial 88 finished with value: 0.8166666666666668 and parameters: {'l1_ratio': 0.12869094127496217, 'C': 0.010984229147150304}. Best is trial 42 with value: 0.8833333333333334.
Trial 89 finished with value: 0.8666666666666666 and parameters: {'l1_ratio': 0.04800926495091286, 'C': 0.01733007851335187}. Best is trial 42 with value: 0.8833333333333334.
Trial 90 finished with value: 0.85 and parameters: {'l1_ratio': 0.09235235046012209, 'C': 0.012750637040210377}. Best is trial 42 with value: 0.8833333333333334.
Trial 91 finished with value: 0.8666666666666668 and parameters: {'l1_ratio': 0.03360879306563482, 'C': 0.011013115014106853}. Best is trial 42 with value: 0.8833333333333334.
Trial 92 finished with value: 0.8666666666666668 and parameters: {'l1_ratio': 0.017635416964193795, 'C': 0.010003083955814528}. Best is trial 42 with value: 0.8833333333333334.
Trial 93 finished with value: 0.85 and parameters: {'l1_ratio': 0.04822836466247923, 'C': 0.01443008368358723}. Best is trial 42 with value: 0.8833333333333334.
Trial 94 finished with value: 0.85 and parameters: {'l1_ratio': 0.07359214624046642, 'C': 0.011892878262199667}. Best is trial 42 with value: 0.8833333333333334.
Trial 95 finished with value: 0.85 and parameters: {'l1_ratio': 0.020615046938591123, 'C': 0.01283731766992641}. Best is trial 42 with value: 0.8833333333333334.
Trial 96 finished with value: 0.85 and parameters: {'l1_ratio': 0.04734953757656298, 'C': 0.014932700525487985}. Best is trial 42 with value: 0.8833333333333334.
Trial 97 finished with value: 0.8333333333333333 and parameters: {'l1_ratio': 0.11804743151095771, 'C': 0.020252893997520446}. Best is trial 42 with value: 0.8833333333333334.
Trial 98 finished with value: 0.8333333333333333 and parameters: {'l1_ratio': 0.09488193669630636, 'C': 0.010910392064236892}. Best is trial 42 with value: 0.8833333333333334.
Trial 99 finished with value: 0.8 and parameters: {'l1_ratio': 0.19018978888927163, 'C': 0.017365426333765005}. Best is trial 42 with value: 0.8833333333333334.
A new study created in memory with name: SPCA_LR
Trial 0 finished with value: 0.65 and parameters: {'l1_ratio': 0.9748157029736215, 'C': 0.021870241153171283}. Best is trial 0 with value: 0.65.
Trial 1 finished with value: 0.7666666666666667 and parameters: {'l1_ratio': 0.5987495237920668, 'C': 0.11597304507925903}. Best is trial 1 with value: 0.7666666666666667.
Trial 2 finished with value: 0.7833333333333333 and parameters: {'l1_ratio': 0.18592189508013435, 'C': 0.010557045498614357}. Best is trial 2 with value: 0.7833333333333333.
Trial 3 finished with value: 0.8333333333333333 and parameters: {'l1_ratio': 0.6444013205246961, 'C': 0.463258134012147}. Best is trial 3 with value: 0.8333333333333333.
Trial 4 finished with value: 0.8 and parameters: {'l1_ratio': 0.331648889593534, 'C': 0.4857707336390393}. Best is trial 3 with value: 0.8333333333333333.
Trial 5 finished with value: 0.8333333333333333 and parameters: {'l1_ratio': 0.5701130436275552, 'C': 0.15576135632575885}. Best is trial 3 with value: 0.8333333333333333.
Trial 6 finished with value: 0.7833333333333333 and parameters: {'l1_ratio': 0.6968729268966373, 'C': 0.03177723344825167}. Best is trial 3 with value: 0.8333333333333333.
Trial 7 finished with value: 0.7833333333333333 and parameters: {'l1_ratio': 0.15036064491952417, 'C': 0.8539675318289549}. Best is trial 3 with value: 0.8333333333333333.
Trial 8 finished with value: 0.8333333333333333 and parameters: {'l1_ratio': 0.11970595008401774, 'C': 0.023548341712942383}. Best is trial 3 with value: 0.8333333333333333.
Trial 9 finished with value: 0.7666666666666667 and parameters: {'l1_ratio': 0.17603476390640693, 'C': 0.7274913756138883}. Best is trial 3 with value: 0.8333333333333333.
Trial 10 finished with value: 0.8166666666666667 and parameters: {'l1_ratio': 0.7596290060621255, 'C': 0.2686006143804246}. Best is trial 3 with value: 0.8333333333333333.
Trial 11 finished with value: 0.8166666666666667 and parameters: {'l1_ratio': 0.43759469383680966, 'C': 0.21175695641594788}. Best is trial 3 with value: 0.8333333333333333.
Trial 12 finished with value: 0.8333333333333333 and parameters: {'l1_ratio': 0.5045577273721311, 'C': 0.3427673415700615}. Best is trial 3 with value: 0.8333333333333333.
Trial 13 finished with value: 0.75 and parameters: {'l1_ratio': 0.756068571126458, 'C': 0.1398020885578224}. Best is trial 3 with value: 0.8333333333333333.
Trial 14 finished with value: 0.7666666666666667 and parameters: {'l1_ratio': 0.5944340157754991, 'C': 0.07209258616142529}. Best is trial 3 with value: 0.8333333333333333.
Trial 15 finished with value: 0.8 and parameters: {'l1_ratio': 0.32767937213309456, 'C': 0.4485037029477765}. Best is trial 3 with value: 0.8333333333333333.
Trial 16 finished with value: 0.8166666666666667 and parameters: {'l1_ratio': 0.8682891871204788, 'C': 0.19799937785983934}. Best is trial 3 with value: 0.8333333333333333.
Trial 17 finished with value: 0.8166666666666667 and parameters: {'l1_ratio': 0.654210076695604, 'C': 0.9854700784835518}. Best is trial 3 with value: 0.8333333333333333.
Trial 18 finished with value: 0.7333333333333333 and parameters: {'l1_ratio': 0.8245726482476483, 'C': 0.07597688770499042}. Best is trial 3 with value: 0.8333333333333333.
Trial 19 finished with value: 0.8166666666666667 and parameters: {'l1_ratio': 0.5148946367992517, 'C': 0.5001769443339391}. Best is trial 3 with value: 0.8333333333333333.
Trial 20 finished with value: 0.8333333333333333 and parameters: {'l1_ratio': 0.6048211927494626, 'C': 0.1699366500194243}. Best is trial 3 with value: 0.8333333333333333.
Trial 21 finished with value: 0.8333333333333333 and parameters: {'l1_ratio': 0.02968148419901606, 'C': 0.08665161714077882}. Best is trial 3 with value: 0.8333333333333333.
Trial 22 finished with value: 0.7833333333333333 and parameters: {'l1_ratio': 0.4241841292754922, 'C': 0.04483504627463374}. Best is trial 3 with value: 0.8333333333333333.
Trial 23 finished with value: 0.8333333333333333 and parameters: {'l1_ratio': 0.32469521883959873, 'C': 0.2685195099924107}. Best is trial 3 with value: 0.8333333333333333.
Trial 24 finished with value: 0.8166666666666667 and parameters: {'l1_ratio': 0.5439458829534135, 'C': 0.1194748560367061}. Best is trial 3 with value: 0.8333333333333333.
Trial 25 finished with value: 0.8 and parameters: {'l1_ratio': 0.6777649129513308, 'C': 0.14341419536014882}. Best is trial 3 with value: 0.8333333333333333.
Trial 26 finished with value: 0.7833333333333334 and parameters: {'l1_ratio': 0.45403500962443544, 'C': 0.0568030272441159}. Best is trial 3 with value: 0.8333333333333333.
Trial 27 finished with value: 0.8333333333333333 and parameters: {'l1_ratio': 0.3907608366129034, 'C': 0.10311499706170837}. Best is trial 3 with value: 0.8333333333333333.
Trial 28 finished with value: 0.8 and parameters: {'l1_ratio': 0.001964384470210842, 'C': 0.2666507782268756}. Best is trial 3 with value: 0.8333333333333333.
