Trial 33 finished with value: 0.8666666666666666 and parameters: {'l1_ratio': 0.1531725169174209, 'C': 0.06589171201217602}. Best is trial 0 with value: 0.9.
Trial 34 finished with value: 0.8 and parameters: {'l1_ratio': 0.22903587559703042, 'C': 0.029094538855960233}. Best is trial 0 with value: 0.9.
Trial 35 finished with value: 0.85 and parameters: {'l1_ratio': 0.04617040969389276, 'C': 0.03671751818786971}. Best is trial 0 with value: 0.9.
Trial 36 finished with value: 0.8666666666666666 and parameters: {'l1_ratio': 0.16868923545233605, 'C': 0.052930317006044586}. Best is trial 0 with value: 0.9.
Trial 37 finished with value: 0.7833333333333334 and parameters: {'l1_ratio': 0.25929627202706895, 'C': 0.023751049450862365}. Best is trial 0 with value: 0.9.
Trial 38 finished with value: 0.85 and parameters: {'l1_ratio': 0.10479287463963316, 'C': 0.08151643837019422}. Best is trial 0 with value: 0.9.
Trial 39 finished with value: 0.8166666666666667 and parameters: {'l1_ratio': 0.30181148892133913, 'C': 0.11433703895921225}. Best is trial 0 with value: 0.9.
Trial 40 finished with value: 0.85 and parameters: {'l1_ratio': 0.05454222483262035, 'C': 0.039109191826394205}. Best is trial 0 with value: 0.9.
Trial 41 finished with value: 0.8666666666666666 and parameters: {'l1_ratio': 0.00021551623330358892, 'C': 0.029134943210731498}. Best is trial 0 with value: 0.9.
Trial 42 finished with value: 0.85 and parameters: {'l1_ratio': 0.04584014479619074, 'C': 0.04395983908825905}. Best is trial 0 with value: 0.9.
Trial 43 finished with value: 0.7999999999999999 and parameters: {'l1_ratio': 0.12896329486200409, 'C': 0.019265834118139855}. Best is trial 0 with value: 0.9.
Trial 44 finished with value: 0.8833333333333334 and parameters: {'l1_ratio': 0.09677628498003366, 'C': 0.02787628520925271}. Best is trial 0 with value: 0.9.
Trial 45 finished with value: 0.8333333333333333 and parameters: {'l1_ratio': 0.19124609290094402, 'C': 0.03336157152134166}. Best is trial 0 with value: 0.9.
Trial 46 finished with value: 0.85 and parameters: {'l1_ratio': 0.09350263911491398, 'C': 0.07407575416515469}. Best is trial 0 with value: 0.9.
Trial 47 finished with value: 0.8833333333333332 and parameters: {'l1_ratio': 0.1984871986393381, 'C': 0.05420061968198891}. Best is trial 0 with value: 0.9.
Trial 48 finished with value: 0.8 and parameters: {'l1_ratio': 0.25862852012823073, 'C': 0.049352394971921565}. Best is trial 0 with value: 0.9.
Trial 49 finished with value: 0.85 and parameters: {'l1_ratio': 0.12281168407936807, 'C': 0.05517670116297824}. Best is trial 0 with value: 0.9.
Trial 50 finished with value: 0.7833333333333334 and parameters: {'l1_ratio': 0.21142576214907688, 'C': 0.02393842516593121}. Best is trial 0 with value: 0.9.
Trial 51 finished with value: 0.8666666666666666 and parameters: {'l1_ratio': 0.1720093514476754, 'C': 0.04149426952901661}. Best is trial 0 with value: 0.9.
Trial 52 finished with value: 0.85 and parameters: {'l1_ratio': 0.09416345681696608, 'C': 0.10877271185167721}. Best is trial 0 with value: 0.9.
Trial 53 finished with value: 0.8666666666666666 and parameters: {'l1_ratio': 0.15430679799299948, 'C': 0.05781289165762303}. Best is trial 0 with value: 0.9.
Trial 54 finished with value: 0.85 and parameters: {'l1_ratio': 0.036012927995698996, 'C': 0.034035046597721344}. Best is trial 0 with value: 0.9.
Trial 55 finished with value: 0.8666666666666666 and parameters: {'l1_ratio': 0.18779954591666495, 'C': 0.07482295036461857}. Best is trial 0 with value: 0.9.
Trial 56 finished with value: 0.8333333333333334 and parameters: {'l1_ratio': 0.07899353859580419, 'C': 0.044892549079515606}. Best is trial 0 with value: 0.9.
Trial 57 finished with value: 0.8166666666666667 and parameters: {'l1_ratio': 0.12221495015542413, 'C': 0.13917659605122543}. Best is trial 0 with value: 0.9.
Trial 58 finished with value: 0.8333333333333333 and parameters: {'l1_ratio': 0.2471258171169915, 'C': 0.09177181556297283}. Best is trial 0 with value: 0.9.
Trial 59 finished with value: 0.7666666666666667 and parameters: {'l1_ratio': 0.2814536618434698, 'C': 0.021003039271889862}. Best is trial 0 with value: 0.9.
Trial 60 finished with value: 0.7833333333333334 and parameters: {'l1_ratio': 0.33348243662888793, 'C': 0.027462442589632145}. Best is trial 0 with value: 0.9.
Trial 61 finished with value: 0.8666666666666666 and parameters: {'l1_ratio': 0.015539726411755272, 'C': 0.027611109972342805}. Best is trial 0 with value: 0.9.
Trial 62 finished with value: 0.85 and parameters: {'l1_ratio': 0.07773908383729557, 'C': 0.034593040136231955}. Best is trial 0 with value: 0.9.
Trial 63 finished with value: 0.8666666666666666 and parameters: {'l1_ratio': 0.024361131532685126, 'C': 0.0506400689935051}. Best is trial 0 with value: 0.9.
Trial 64 finished with value: 0.85 and parameters: {'l1_ratio': 0.07068491897764148, 'C': 0.014937798933826624}. Best is trial 0 with value: 0.9.
Trial 65 finished with value: 0.85 and parameters: {'l1_ratio': 0.031228160122211163, 'C': 0.03922025244751407}. Best is trial 0 with value: 0.9.
Trial 66 finished with value: 0.8666666666666666 and parameters: {'l1_ratio': 0.1446237189682843, 'C': 0.06141344693034574}. Best is trial 0 with value: 0.9.
Trial 67 finished with value: 0.7999999999999999 and parameters: {'l1_ratio': 0.10935233648975777, 'C': 0.017479400195491344}. Best is trial 0 with value: 0.9.
Trial 68 finished with value: 0.8666666666666666 and parameters: {'l1_ratio': 0.0012205975266688616, 'C': 0.031086010374628287}. Best is trial 0 with value: 0.9.
Trial 69 finished with value: 0.8333333333333334 and parameters: {'l1_ratio': 0.06285574104990121, 'C': 0.04630060755257895}. Best is trial 0 with value: 0.9.
Trial 70 finished with value: 0.8 and parameters: {'l1_ratio': 0.19754584785850082, 'C': 0.025660102017639366}. Best is trial 0 with value: 0.9.
Trial 71 finished with value: 0.85 and parameters: {'l1_ratio': 0.025083615492752342, 'C': 0.03096494689875049}. Best is trial 0 with value: 0.9.
Trial 72 finished with value: 0.85 and parameters: {'l1_ratio': 0.05221989636956633, 'C': 0.03595535360129627}. Best is trial 0 with value: 0.9.
Trial 73 finished with value: 0.8666666666666666 and parameters: {'l1_ratio': 0.0005873511426165131, 'C': 0.028418468564834327}. Best is trial 0 with value: 0.9.
Trial 74 finished with value: 0.8833333333333334 and parameters: {'l1_ratio': 0.09333073778559721, 'C': 0.02343206308200146}. Best is trial 0 with value: 0.9.
Trial 75 finished with value: 0.8166666666666667 and parameters: {'l1_ratio': 0.1390225921167647, 'C': 0.02184624735394542}. Best is trial 0 with value: 0.9.
Trial 76 finished with value: 0.8666666666666666 and parameters: {'l1_ratio': 0.08696405949732075, 'C': 0.02463277843704786}. Best is trial 0 with value: 0.9.
Trial 77 finished with value: 0.85 and parameters: {'l1_ratio': 0.17588252377362953, 'C': 0.038065562401043786}. Best is trial 0 with value: 0.9.
Trial 78 finished with value: 0.7999999999999999 and parameters: {'l1_ratio': 0.10951819031967813, 'C': 0.01756307585252763}. Best is trial 0 with value: 0.9.
Trial 79 finished with value: 0.8166666666666667 and parameters: {'l1_ratio': 0.22371145217358446, 'C': 0.04264683175945972}. Best is trial 0 with value: 0.9.
Trial 80 finished with value: 0.8 and parameters: {'l1_ratio': 0.15705483127269176, 'C': 0.02249965570852999}. Best is trial 0 with value: 0.9.
Trial 81 finished with value: 0.85 and parameters: {'l1_ratio': 0.0468242836629347, 'C': 0.03150086743063986}. Best is trial 0 with value: 0.9.
Trial 82 finished with value: 0.85 and parameters: {'l1_ratio': 0.0683983574103963, 'C': 0.02529125157205334}. Best is trial 0 with value: 0.9.
Trial 83 finished with value: 0.85 and parameters: {'l1_ratio': 0.10373732251362838, 'C': 0.0552972276052487}. Best is trial 0 with value: 0.9.
Trial 84 finished with value: 0.85 and parameters: {'l1_ratio': 0.025477112276003022, 'C': 0.04749188960479361}. Best is trial 0 with value: 0.9.
Trial 85 finished with value: 0.9 and parameters: {'l1_ratio': 0.12286710385285615, 'C': 0.03613073237268953}. Best is trial 0 with value: 0.9.
Trial 86 finished with value: 0.8833333333333334 and parameters: {'l1_ratio': 0.13539082192474483, 'C': 0.0348834502174951}. Best is trial 0 with value: 0.9.
Trial 87 finished with value: 0.8666666666666666 and parameters: {'l1_ratio': 0.14503011810754682, 'C': 0.035443017282371994}. Best is trial 0 with value: 0.9.
Trial 88 finished with value: 0.85 and parameters: {'l1_ratio': 0.1872789829001007, 'C': 0.0412737865970244}. Best is trial 0 with value: 0.9.
Trial 89 finished with value: 0.8666666666666666 and parameters: {'l1_ratio': 0.13046551033351975, 'C': 0.05018813197294185}. Best is trial 0 with value: 0.9.
Trial 90 finished with value: 0.8666666666666666 and parameters: {'l1_ratio': 0.16798038291889017, 'C': 0.0675229306143853}. Best is trial 0 with value: 0.9.
Trial 91 finished with value: 0.8666666666666666 and parameters: {'l1_ratio': 0.1026596109353004, 'C': 0.027137391455106963}. Best is trial 0 with value: 0.9.
Trial 92 finished with value: 0.8 and parameters: {'l1_ratio': 0.21151873497449003, 'C': 0.030487617822331666}. Best is trial 0 with value: 0.9.
Trial 93 finished with value: 0.85 and parameters: {'l1_ratio': 0.06432167363248537, 'C': 0.03786810161072524}. Best is trial 0 with value: 0.9.
Trial 94 finished with value: 0.8666666666666668 and parameters: {'l1_ratio': 0.08997651780735505, 'C': 0.020188775465878248}. Best is trial 0 with value: 0.9.
Trial 95 finished with value: 0.8666666666666666 and parameters: {'l1_ratio': 0.08933540319292309, 'C': 0.032546344251894024}. Best is trial 0 with value: 0.9.
Trial 96 finished with value: 0.7999999999999999 and parameters: {'l1_ratio': 0.1255386840171438, 'C': 0.0210950208225321}. Best is trial 0 with value: 0.9.
Trial 97 finished with value: 0.8166666666666667 and parameters: {'l1_ratio': 0.14561017236548024, 'C': 0.023283784745662443}. Best is trial 0 with value: 0.9.
Trial 98 finished with value: 0.8666666666666666 and parameters: {'l1_ratio': 0.17769688466868738, 'C': 0.04247626277161256}. Best is trial 0 with value: 0.9.
Trial 99 finished with value: 0.7999999999999999 and parameters: {'l1_ratio': 0.11591885149430117, 'C': 0.01868460054234242}. Best is trial 0 with value: 0.9.
A new study created in memory with name: GSPCA_LR
Trial 0 failed with parameters: {'l1_ratio': 0.2344435036890239, 'C': 0.10479484620798812} because of the following error: ValueError('\nAll the 5 fits failed.\nIt is very likely that your model is misconfigured.\nYou can try to debug the error by setting error_score=\'raise\'.\n\nBelow are more details about the failures:\n--------------------------------------------------------------------------------\n5 fits failed with the following error:\nTraceback (most recent call last):\n  File "/Users/jacco/Documents/repos/vu-case-study-eds/venv/lib/python3.10/site-packages/sklearn/model_selection/_validation.py", line 686, in _fit_and_score\n    estimator.fit(X_train, y_train, **fit_params)\n  File "/Users/jacco/Documents/repos/vu-case-study-eds/venv/lib/python3.10/site-packages/sklearn/linear_model/_logistic.py", line 1196, in fit\n    X, y = self._validate_data(\n  File "/Users/jacco/Documents/repos/vu-case-study-eds/venv/lib/python3.10/site-packages/sklearn/base.py", line 554, in _validate_data\n    X, y = check_X_y(X, y, **check_params)\n  File "/Users/jacco/Documents/repos/vu-case-study-eds/venv/lib/python3.10/site-packages/sklearn/utils/validation.py", line 1104, in check_X_y\n    X = check_array(\n  File "/Users/jacco/Documents/repos/vu-case-study-eds/venv/lib/python3.10/site-packages/sklearn/utils/validation.py", line 919, in check_array\n    _assert_all_finite(\n  File "/Users/jacco/Documents/repos/vu-case-study-eds/venv/lib/python3.10/site-packages/sklearn/utils/validation.py", line 161, in _assert_all_finite\n    raise ValueError(msg_err)\nValueError: Input X contains NaN.\nLogisticRegression does not accept missing values encoded as NaN natively. For supervised learning, you might want to consider sklearn.ensemble.HistGradientBoostingClassifier and Regressor which accept missing values encoded as NaNs natively. Alternatively, it is possible to preprocess the data, for instance by using an imputer transformer in a pipeline or drop samples with missing values. See https://scikit-learn.org/stable/modules/impute.html You can find a list of all estimators that handle NaN values at the following page: https://scikit-learn.org/stable/modules/impute.html#estimators-that-handle-nan-values\n').
Traceback (most recent call last):
  File "/Users/jacco/Documents/repos/vu-case-study-eds/venv/lib/python3.10/site-packages/optuna/study/_optimize.py", line 200, in _run_trial
    value_or_values = func(trial)
  File "/Users/jacco/Documents/repos/vu-case-study-eds/src/helpers/config/hyperparameters.py", line 63, in <lambda>
    lambda trial: self._objective(
  File "/Users/jacco/Documents/repos/vu-case-study-eds/src/helpers/config/hyperparameters.py", line 39, in _objective
    cv_score = cross_val_score(
  File "/Users/jacco/Documents/repos/vu-case-study-eds/venv/lib/python3.10/site-packages/sklearn/model_selection/_validation.py", line 515, in cross_val_score
    cv_results = cross_validate(
  File "/Users/jacco/Documents/repos/vu-case-study-eds/venv/lib/python3.10/site-packages/sklearn/model_selection/_validation.py", line 285, in cross_validate
    _warn_or_raise_about_fit_failures(results, error_score)
  File "/Users/jacco/Documents/repos/vu-case-study-eds/venv/lib/python3.10/site-packages/sklearn/model_selection/_validation.py", line 367, in _warn_or_raise_about_fit_failures
    raise ValueError(all_fits_failed_message)
ValueError: 
All the 5 fits failed.
It is very likely that your model is misconfigured.
You can try to debug the error by setting error_score='raise'.

Below are more details about the failures:
--------------------------------------------------------------------------------
5 fits failed with the following error:
Traceback (most recent call last):
  File "/Users/jacco/Documents/repos/vu-case-study-eds/venv/lib/python3.10/site-packages/sklearn/model_selection/_validation.py", line 686, in _fit_and_score
    estimator.fit(X_train, y_train, **fit_params)
  File "/Users/jacco/Documents/repos/vu-case-study-eds/venv/lib/python3.10/site-packages/sklearn/linear_model/_logistic.py", line 1196, in fit
    X, y = self._validate_data(
  File "/Users/jacco/Documents/repos/vu-case-study-eds/venv/lib/python3.10/site-packages/sklearn/base.py", line 554, in _validate_data
    X, y = check_X_y(X, y, **check_params)
  File "/Users/jacco/Documents/repos/vu-case-study-eds/venv/lib/python3.10/site-packages/sklearn/utils/validation.py", line 1104, in check_X_y
    X = check_array(
  File "/Users/jacco/Documents/repos/vu-case-study-eds/venv/lib/python3.10/site-packages/sklearn/utils/validation.py", line 919, in check_array
    _assert_all_finite(
  File "/Users/jacco/Documents/repos/vu-case-study-eds/venv/lib/python3.10/site-packages/sklearn/utils/validation.py", line 161, in _assert_all_finite
    raise ValueError(msg_err)
ValueError: Input X contains NaN.
LogisticRegression does not accept missing values encoded as NaN natively. For supervised learning, you might want to consider sklearn.ensemble.HistGradientBoostingClassifier and Regressor which accept missing values encoded as NaNs natively. Alternatively, it is possible to preprocess the data, for instance by using an imputer transformer in a pipeline or drop samples with missing values. See https://scikit-learn.org/stable/modules/impute.html You can find a list of all estimators that handle NaN values at the following page: https://scikit-learn.org/stable/modules/impute.html#estimators-that-handle-nan-values

Trial 0 failed with value None.
