Trial 33 finished with value: 0.7777777777777777 and parameters: {'num_leaves': 30, 'max_depth': 18, 'min_child_samples': 3}. Best is trial 0 with value: 0.7777777777777777.
Trial 34 finished with value: 0.7777777777777777 and parameters: {'num_leaves': 26, 'max_depth': 15, 'min_child_samples': 3}. Best is trial 0 with value: 0.7777777777777777.
Trial 35 finished with value: 0.7777777777777777 and parameters: {'num_leaves': 19, 'max_depth': 20, 'min_child_samples': 3}. Best is trial 0 with value: 0.7777777777777777.
Trial 36 finished with value: 0.7555555555555555 and parameters: {'num_leaves': 63, 'max_depth': 7, 'min_child_samples': 4}. Best is trial 0 with value: 0.7777777777777777.
Trial 37 finished with value: 0.7777777777777777 and parameters: {'num_leaves': 31, 'max_depth': 18, 'min_child_samples': 3}. Best is trial 0 with value: 0.7777777777777777.
Trial 38 finished with value: 0.7333333333333332 and parameters: {'num_leaves': 27, 'max_depth': 16, 'min_child_samples': 2}. Best is trial 0 with value: 0.7777777777777777.
Trial 39 finished with value: 0.7555555555555555 and parameters: {'num_leaves': 15, 'max_depth': 6, 'min_child_samples': 3}. Best is trial 0 with value: 0.7777777777777777.
Trial 40 finished with value: 0.7555555555555554 and parameters: {'num_leaves': 54, 'max_depth': 3, 'min_child_samples': 4}. Best is trial 0 with value: 0.7777777777777777.
Trial 41 finished with value: 0.7777777777777777 and parameters: {'num_leaves': 36, 'max_depth': 19, 'min_child_samples': 3}. Best is trial 0 with value: 0.7777777777777777.
Trial 42 finished with value: 0.7777777777777777 and parameters: {'num_leaves': 33, 'max_depth': 19, 'min_child_samples': 3}. Best is trial 0 with value: 0.7777777777777777.
Trial 43 finished with value: 0.7777777777777777 and parameters: {'num_leaves': 42, 'max_depth': 16, 'min_child_samples': 3}. Best is trial 0 with value: 0.7777777777777777.
Trial 44 finished with value: 0.7777777777777777 and parameters: {'num_leaves': 96, 'max_depth': 18, 'min_child_samples': 3}. Best is trial 0 with value: 0.7777777777777777.
Trial 45 finished with value: 0.7333333333333332 and parameters: {'num_leaves': 20, 'max_depth': 20, 'min_child_samples': 2}. Best is trial 0 with value: 0.7777777777777777.
Trial 46 finished with value: 0.7777777777777777 and parameters: {'num_leaves': 39, 'max_depth': 12, 'min_child_samples': 3}. Best is trial 0 with value: 0.7777777777777777.
Trial 47 finished with value: 0.7555555555555555 and parameters: {'num_leaves': 24, 'max_depth': 14, 'min_child_samples': 4}. Best is trial 0 with value: 0.7777777777777777.
Trial 48 finished with value: 0.7777777777777777 and parameters: {'num_leaves': 34, 'max_depth': 17, 'min_child_samples': 3}. Best is trial 0 with value: 0.7777777777777777.
Trial 49 finished with value: 0.7333333333333332 and parameters: {'num_leaves': 29, 'max_depth': 11, 'min_child_samples': 2}. Best is trial 0 with value: 0.7777777777777777.
A new study created in memory with name: GSPCA_LR
Trial 0 finished with value: 0.6666666666666665 and parameters: {'l1_ratio': 0.5288518220175125, 'C': 0.047394426254013515}. Best is trial 0 with value: 0.6666666666666665.
Trial 1 finished with value: 0.6666666666666666 and parameters: {'l1_ratio': 0.2713373218959282, 'C': 0.07884428027531443}. Best is trial 1 with value: 0.6666666666666666.
Trial 2 finished with value: 0.5777777777777777 and parameters: {'l1_ratio': 0.13859941985179336, 'C': 0.010122824383181833}. Best is trial 1 with value: 0.6666666666666666.
Trial 3 finished with value: 0.6666666666666667 and parameters: {'l1_ratio': 0.02527829110249047, 'C': 0.011332392569667537}. Best is trial 3 with value: 0.6666666666666667.
Trial 4 finished with value: 0.6888888888888889 and parameters: {'l1_ratio': 0.776671563664708, 'C': 0.09620470603848555}. Best is trial 4 with value: 0.6888888888888889.
Trial 5 finished with value: 0.7555555555555555 and parameters: {'l1_ratio': 0.1384407116998313, 'C': 0.9861635316142732}. Best is trial 5 with value: 0.7555555555555555.
Trial 6 finished with value: 0.7555555555555555 and parameters: {'l1_ratio': 0.280917826040623, 'C': 0.6353816630496456}. Best is trial 5 with value: 0.7555555555555555.
Trial 7 finished with value: 0.7333333333333332 and parameters: {'l1_ratio': 0.056456586129658426, 'C': 0.12380952744819165}. Best is trial 5 with value: 0.7555555555555555.
Trial 8 finished with value: 0.6888888888888888 and parameters: {'l1_ratio': 0.666676015378101, 'C': 0.2945501511077991}. Best is trial 5 with value: 0.7555555555555555.
Trial 9 finished with value: 0.5777777777777777 and parameters: {'l1_ratio': 0.6982265039260027, 'C': 0.04801574734128553}. Best is trial 5 with value: 0.7555555555555555.
Trial 10 finished with value: 0.7777777777777777 and parameters: {'l1_ratio': 0.9214461972153548, 'C': 0.9773140359885253}. Best is trial 10 with value: 0.7777777777777777.
Trial 11 finished with value: 0.7777777777777777 and parameters: {'l1_ratio': 0.9601954417358449, 'C': 0.9495013925981406}. Best is trial 10 with value: 0.7777777777777777.
Trial 12 finished with value: 0.711111111111111 and parameters: {'l1_ratio': 0.9974014777943058, 'C': 0.4805784862290608}. Best is trial 10 with value: 0.7777777777777777.
Trial 13 finished with value: 0.7777777777777777 and parameters: {'l1_ratio': 0.9869254258302561, 'C': 0.9770983074726883}. Best is trial 10 with value: 0.7777777777777777.
Trial 14 finished with value: 0.6666666666666666 and parameters: {'l1_ratio': 0.8690829046837676, 'C': 0.3155623439395658}. Best is trial 10 with value: 0.7777777777777777.
Trial 15 finished with value: 0.7333333333333332 and parameters: {'l1_ratio': 0.8497480799643221, 'C': 0.5946537790170549}. Best is trial 10 with value: 0.7777777777777777.
Trial 16 finished with value: 0.6666666666666666 and parameters: {'l1_ratio': 0.9064331126058014, 'C': 0.24797238097908297}. Best is trial 10 with value: 0.7777777777777777.
Trial 17 finished with value: 0.7555555555555555 and parameters: {'l1_ratio': 0.7559387809514744, 'C': 0.9466011941142313}. Best is trial 10 with value: 0.7777777777777777.
Trial 18 finished with value: 0.7333333333333332 and parameters: {'l1_ratio': 0.584549797136928, 'C': 0.4687141080389111}. Best is trial 10 with value: 0.7777777777777777.
Trial 19 finished with value: 0.6888888888888888 and parameters: {'l1_ratio': 0.9040933630670268, 'C': 0.1959513784223963}. Best is trial 10 with value: 0.7777777777777777.
Trial 20 finished with value: 0.6666666666666666 and parameters: {'l1_ratio': 0.9975891043700336, 'C': 0.38380702618322793}. Best is trial 10 with value: 0.7777777777777777.
Trial 21 finished with value: 0.7555555555555555 and parameters: {'l1_ratio': 0.8188073396263109, 'C': 0.9936349266109397}. Best is trial 10 with value: 0.7777777777777777.
Trial 22 finished with value: 0.7333333333333332 and parameters: {'l1_ratio': 0.9907738612294736, 'C': 0.655945001813574}. Best is trial 10 with value: 0.7777777777777777.
Trial 23 finished with value: 0.7333333333333332 and parameters: {'l1_ratio': 0.9248414329432311, 'C': 0.6455457314452112}. Best is trial 10 with value: 0.7777777777777777.
Trial 24 finished with value: 0.7555555555555555 and parameters: {'l1_ratio': 0.8057133516665005, 'C': 0.9913355114172138}. Best is trial 10 with value: 0.7777777777777777.
Trial 25 finished with value: 0.6888888888888888 and parameters: {'l1_ratio': 0.9262788505033078, 'C': 0.4317707941137702}. Best is trial 10 with value: 0.7777777777777777.
Trial 26 finished with value: 0.7555555555555555 and parameters: {'l1_ratio': 0.7160958198764921, 'C': 0.6830842346864743}. Best is trial 10 with value: 0.7777777777777777.
Trial 27 finished with value: 0.6888888888888888 and parameters: {'l1_ratio': 0.8325280973334955, 'C': 0.37541758369645073}. Best is trial 10 with value: 0.7777777777777777.
Trial 28 finished with value: 0.7555555555555555 and parameters: {'l1_ratio': 0.6354140350552158, 'C': 0.7396783098076136}. Best is trial 10 with value: 0.7777777777777777.
Trial 29 finished with value: 0.7333333333333332 and parameters: {'l1_ratio': 0.5018193116434507, 'C': 0.4815893448471867}. Best is trial 10 with value: 0.7777777777777777.
Trial 30 finished with value: 0.6666666666666666 and parameters: {'l1_ratio': 0.7505744755589675, 'C': 0.2404924728301444}. Best is trial 10 with value: 0.7777777777777777.
Trial 31 finished with value: 0.7555555555555555 and parameters: {'l1_ratio': 0.5494282123151247, 'C': 0.854728943986184}. Best is trial 10 with value: 0.7777777777777777.
Trial 32 finished with value: 0.7555555555555555 and parameters: {'l1_ratio': 0.3780489788744733, 'C': 0.9931796605992833}. Best is trial 10 with value: 0.7777777777777777.
Trial 33 finished with value: 0.7555555555555555 and parameters: {'l1_ratio': 0.4519962593054737, 'C': 0.5385900330962061}. Best is trial 10 with value: 0.7777777777777777.
Trial 34 finished with value: 0.7333333333333332 and parameters: {'l1_ratio': 0.9508065619143887, 'C': 0.7085456878480465}. Best is trial 10 with value: 0.7777777777777777.
Trial 35 finished with value: 0.7555555555555555 and parameters: {'l1_ratio': 0.8635334143716378, 'C': 0.7796389419385664}. Best is trial 10 with value: 0.7777777777777777.
Trial 36 finished with value: 0.7555555555555555 and parameters: {'l1_ratio': 0.17534480417564904, 'C': 0.55775400343921}. Best is trial 10 with value: 0.7777777777777777.
Trial 37 finished with value: 0.7555555555555555 and parameters: {'l1_ratio': 0.8849087249059776, 'C': 0.848349456328663}. Best is trial 10 with value: 0.7777777777777777.
Trial 38 finished with value: 0.7555555555555555 and parameters: {'l1_ratio': 0.7818208779939773, 'C': 0.753575452309518}. Best is trial 10 with value: 0.7777777777777777.
Trial 39 finished with value: 0.7333333333333332 and parameters: {'l1_ratio': 0.9523166080822295, 'C': 0.5513684848894853}. Best is trial 10 with value: 0.7777777777777777.
Trial 40 finished with value: 0.7555555555555555 and parameters: {'l1_ratio': 0.011928391378003222, 'C': 0.3633189985895983}. Best is trial 10 with value: 0.7777777777777777.
Trial 41 finished with value: 0.7555555555555555 and parameters: {'l1_ratio': 0.26346869332691014, 'C': 0.7883112550425138}. Best is trial 10 with value: 0.7777777777777777.
Trial 42 finished with value: 0.7555555555555555 and parameters: {'l1_ratio': 0.09911449614390883, 'C': 0.5975431601989695}. Best is trial 10 with value: 0.7777777777777777.
Trial 43 finished with value: 0.7555555555555555 and parameters: {'l1_ratio': 0.15778947652986144, 'C': 0.9919678045890585}. Best is trial 10 with value: 0.7777777777777777.
Trial 44 finished with value: 0.7555555555555555 and parameters: {'l1_ratio': 0.8730479068004254, 'C': 0.7955741599925606}. Best is trial 10 with value: 0.7777777777777777.
Trial 45 finished with value: 0.7555555555555555 and parameters: {'l1_ratio': 0.21696270429628384, 'C': 0.45115604632386563}. Best is trial 10 with value: 0.7777777777777777.
Trial 46 finished with value: 0.7555555555555555 and parameters: {'l1_ratio': 0.07255214220591755, 'C': 0.6182819064068059}. Best is trial 10 with value: 0.7777777777777777.
Trial 47 finished with value: 0.7555555555555555 and parameters: {'l1_ratio': 0.9568189123130302, 'C': 0.818816008484729}. Best is trial 10 with value: 0.7777777777777777.
Trial 48 finished with value: 0.7555555555555555 and parameters: {'l1_ratio': 0.27442454005611094, 'C': 0.5504674098978635}. Best is trial 10 with value: 0.7777777777777777.
Trial 49 finished with value: 0.6666666666666666 and parameters: {'l1_ratio': 0.8426474004439884, 'C': 0.3282960888745399}. Best is trial 10 with value: 0.7777777777777777.
A new study created in memory with name: GSPCA_LGBM
Trial 0 finished with value: 0.6434782608695653 and parameters: {'num_leaves': 94, 'max_depth': 16, 'min_child_samples': 5}. Best is trial 0 with value: 0.6434782608695653.
Trial 1 finished with value: 0.6434782608695653 and parameters: {'num_leaves': 96, 'max_depth': 16, 'min_child_samples': 3}. Best is trial 0 with value: 0.6434782608695653.
Trial 2 finished with value: 0.6434782608695653 and parameters: {'num_leaves': 33, 'max_depth': 15, 'min_child_samples': 5}. Best is trial 0 with value: 0.6434782608695653.
Trial 3 finished with value: 0.6173913043478262 and parameters: {'num_leaves': 71, 'max_depth': 9, 'min_child_samples': 3}. Best is trial 0 with value: 0.6434782608695653.
Trial 4 finished with value: 0.6695652173913043 and parameters: {'num_leaves': 84, 'max_depth': 3, 'min_child_samples': 5}. Best is trial 4 with value: 0.6695652173913043.
Trial 5 finished with value: 0.6347826086956521 and parameters: {'num_leaves': 75, 'max_depth': 11, 'min_child_samples': 5}. Best is trial 4 with value: 0.6695652173913043.
Trial 6 finished with value: 0.6434782608695653 and parameters: {'num_leaves': 26, 'max_depth': 11, 'min_child_samples': 4}. Best is trial 4 with value: 0.6695652173913043.
Trial 7 finished with value: 0.6434782608695653 and parameters: {'num_leaves': 48, 'max_depth': 19, 'min_child_samples': 3}. Best is trial 4 with value: 0.6695652173913043.
Trial 8 finished with value: 0.6434782608695653 and parameters: {'num_leaves': 20, 'max_depth': 12, 'min_child_samples': 5}. Best is trial 4 with value: 0.6695652173913043.
Trial 9 finished with value: 0.6869565217391304 and parameters: {'num_leaves': 35, 'max_depth': 10, 'min_child_samples': 2}. Best is trial 9 with value: 0.6869565217391304.
Trial 10 finished with value: 0.6434782608695653 and parameters: {'num_leaves': 50, 'max_depth': 5, 'min_child_samples': 2}. Best is trial 9 with value: 0.6869565217391304.
Trial 11 finished with value: 0.6260869565217391 and parameters: {'num_leaves': 68, 'max_depth': 3, 'min_child_samples': 2}. Best is trial 9 with value: 0.6869565217391304.
Trial 12 finished with value: 0.6521739130434783 and parameters: {'num_leaves': 83, 'max_depth': 6, 'min_child_samples': 4}. Best is trial 9 with value: 0.6869565217391304.
Trial 13 finished with value: 0.6608695652173913 and parameters: {'num_leaves': 37, 'max_depth': 7, 'min_child_samples': 4}. Best is trial 9 with value: 0.6869565217391304.
Trial 14 finished with value: 0.6260869565217391 and parameters: {'num_leaves': 58, 'max_depth': 3, 'min_child_samples': 2}. Best is trial 9 with value: 0.6869565217391304.
Trial 15 finished with value: 0.6173913043478262 and parameters: {'num_leaves': 43, 'max_depth': 9, 'min_child_samples': 3}. Best is trial 9 with value: 0.6869565217391304.
Trial 16 finished with value: 0.6434782608695653 and parameters: {'num_leaves': 84, 'max_depth': 20, 'min_child_samples': 4}. Best is trial 9 with value: 0.6869565217391304.
Trial 17 finished with value: 0.6869565217391304 and parameters: {'num_leaves': 60, 'max_depth': 13, 'min_child_samples': 2}. Best is trial 9 with value: 0.6869565217391304.
Trial 18 finished with value: 0.6869565217391304 and parameters: {'num_leaves': 62, 'max_depth': 14, 'min_child_samples': 2}. Best is trial 9 with value: 0.6869565217391304.
Trial 19 finished with value: 0.6869565217391304 and parameters: {'num_leaves': 30, 'max_depth': 13, 'min_child_samples': 2}. Best is trial 9 with value: 0.6869565217391304.
Trial 20 finished with value: 0.6608695652173913 and parameters: {'num_leaves': 18, 'max_depth': 18, 'min_child_samples': 2}. Best is trial 9 with value: 0.6869565217391304.
Trial 21 finished with value: 0.6869565217391304 and parameters: {'num_leaves': 60, 'max_depth': 14, 'min_child_samples': 2}. Best is trial 9 with value: 0.6869565217391304.
Trial 22 finished with value: 0.6695652173913043 and parameters: {'num_leaves': 63, 'max_depth': 9, 'min_child_samples': 2}. Best is trial 9 with value: 0.6869565217391304.
Trial 23 finished with value: 0.6434782608695653 and parameters: {'num_leaves': 48, 'max_depth': 13, 'min_child_samples': 3}. Best is trial 9 with value: 0.6869565217391304.
Trial 24 finished with value: 0.6869565217391304 and parameters: {'num_leaves': 53, 'max_depth': 10, 'min_child_samples': 2}. Best is trial 9 with value: 0.6869565217391304.
Trial 25 finished with value: 0.6434782608695653 and parameters: {'num_leaves': 40, 'max_depth': 17, 'min_child_samples': 3}. Best is trial 9 with value: 0.6869565217391304.
Trial 26 finished with value: 0.6869565217391304 and parameters: {'num_leaves': 66, 'max_depth': 14, 'min_child_samples': 2}. Best is trial 9 with value: 0.6869565217391304.
Trial 27 finished with value: 0.6782608695652174 and parameters: {'num_leaves': 77, 'max_depth': 12, 'min_child_samples': 2}. Best is trial 9 with value: 0.6869565217391304.
Trial 28 finished with value: 0.6260869565217392 and parameters: {'num_leaves': 56, 'max_depth': 8, 'min_child_samples': 3}. Best is trial 9 with value: 0.6869565217391304.
Trial 29 finished with value: 0.6869565217391304 and parameters: {'num_leaves': 43, 'max_depth': 16, 'min_child_samples': 2}. Best is trial 9 with value: 0.6869565217391304.
Trial 30 finished with value: 0.6347826086956523 and parameters: {'num_leaves': 89, 'max_depth': 14, 'min_child_samples': 3}. Best is trial 9 with value: 0.6869565217391304.
Trial 31 finished with value: 0.6782608695652174 and parameters: {'num_leaves': 28, 'max_depth': 12, 'min_child_samples': 2}. Best is trial 9 with value: 0.6869565217391304.
Trial 32 finished with value: 0.6869565217391304 and parameters: {'num_leaves': 31, 'max_depth': 13, 'min_child_samples': 2}. Best is trial 9 with value: 0.6869565217391304.
Trial 33 finished with value: 0.6695652173913043 and parameters: {'num_leaves': 24, 'max_depth': 15, 'min_child_samples': 2}. Best is trial 9 with value: 0.6869565217391304.
Trial 34 finished with value: 0.6608695652173913 and parameters: {'num_leaves': 15, 'max_depth': 10, 'min_child_samples': 2}. Best is trial 9 with value: 0.6869565217391304.
Trial 35 finished with value: 0.6434782608695653 and parameters: {'num_leaves': 32, 'max_depth': 16, 'min_child_samples': 3}. Best is trial 9 with value: 0.6869565217391304.
Trial 36 finished with value: 0.6869565217391304 and parameters: {'num_leaves': 38, 'max_depth': 13, 'min_child_samples': 2}. Best is trial 9 with value: 0.6869565217391304.
Trial 37 finished with value: 0.6347826086956523 and parameters: {'num_leaves': 73, 'max_depth': 10, 'min_child_samples': 3}. Best is trial 9 with value: 0.6869565217391304.
Trial 38 finished with value: 0.6608695652173913 and parameters: {'num_leaves': 62, 'max_depth': 11, 'min_child_samples': 2}. Best is trial 9 with value: 0.6869565217391304.
Trial 39 finished with value: 0.6869565217391304 and parameters: {'num_leaves': 53, 'max_depth': 15, 'min_child_samples': 2}. Best is trial 9 with value: 0.6869565217391304.
Trial 40 finished with value: 0.6434782608695653 and parameters: {'num_leaves': 96, 'max_depth': 17, 'min_child_samples': 3}. Best is trial 9 with value: 0.6869565217391304.
Trial 41 finished with value: 0.6869565217391304 and parameters: {'num_leaves': 60, 'max_depth': 14, 'min_child_samples': 2}. Best is trial 9 with value: 0.6869565217391304.
Trial 42 finished with value: 0.6869565217391304 and parameters: {'num_leaves': 66, 'max_depth': 15, 'min_child_samples': 2}. Best is trial 9 with value: 0.6869565217391304.
Trial 43 finished with value: 0.6869565217391304 and parameters: {'num_leaves': 69, 'max_depth': 13, 'min_child_samples': 2}. Best is trial 9 with value: 0.6869565217391304.
Trial 44 finished with value: 0.6608695652173913 and parameters: {'num_leaves': 56, 'max_depth': 11, 'min_child_samples': 2}. Best is trial 9 with value: 0.6869565217391304.
Trial 45 finished with value: 0.6782608695652174 and parameters: {'num_leaves': 44, 'max_depth': 12, 'min_child_samples': 2}. Best is trial 9 with value: 0.6869565217391304.
Trial 46 finished with value: 0.6695652173913043 and parameters: {'num_leaves': 23, 'max_depth': 14, 'min_child_samples': 2}. Best is trial 9 with value: 0.6869565217391304.
Trial 47 finished with value: 0.6434782608695653 and parameters: {'num_leaves': 79, 'max_depth': 17, 'min_child_samples': 5}. Best is trial 9 with value: 0.6869565217391304.
Trial 48 finished with value: 0.6695652173913043 and parameters: {'num_leaves': 49, 'max_depth': 8, 'min_child_samples': 2}. Best is trial 9 with value: 0.6869565217391304.
Trial 49 finished with value: 0.6434782608695653 and parameters: {'num_leaves': 35, 'max_depth': 13, 'min_child_samples': 4}. Best is trial 9 with value: 0.6869565217391304.
A new study created in memory with name: GSPCA_LR
Trial 0 finished with value: 0.7043478260869565 and parameters: {'l1_ratio': 0.9832430135170183, 'C': 0.05141930657326197}. Best is trial 0 with value: 0.7043478260869565.
Trial 1 finished with value: 0.6956521739130435 and parameters: {'l1_ratio': 0.4871352828794975, 'C': 0.9735939165818805}. Best is trial 0 with value: 0.7043478260869565.
Trial 2 finished with value: 0.6956521739130435 and parameters: {'l1_ratio': 0.033272279192430365, 'C': 0.09879558214520179}. Best is trial 0 with value: 0.7043478260869565.
Trial 3 finished with value: 0.6956521739130435 and parameters: {'l1_ratio': 0.5545899344087856, 'C': 0.7761712464935006}. Best is trial 0 with value: 0.7043478260869565.
Trial 4 finished with value: 0.6956521739130436 and parameters: {'l1_ratio': 0.57946384855088, 'C': 0.026401380712654035}. Best is trial 0 with value: 0.7043478260869565.
Trial 5 finished with value: 0.7043478260869565 and parameters: {'l1_ratio': 0.46658234018727973, 'C': 0.02385866016038147}. Best is trial 0 with value: 0.7043478260869565.
Trial 6 finished with value: 0.6434782608695653 and parameters: {'l1_ratio': 0.9282133189062374, 'C': 0.010902480906309134}. Best is trial 0 with value: 0.7043478260869565.
Trial 7 finished with value: 0.6956521739130435 and parameters: {'l1_ratio': 0.603006349497991, 'C': 0.6579572485751184}. Best is trial 0 with value: 0.7043478260869565.
Trial 8 finished with value: 0.6956521739130435 and parameters: {'l1_ratio': 0.7382992568107435, 'C': 0.7949772531426861}. Best is trial 0 with value: 0.7043478260869565.
