number,value,datetime_start,datetime_complete,duration,params_alpha,params_colsample_bytree,params_max_depth,params_min_data_in_leaf,params_min_gain_to_split,params_n_components,params_num_leaves,params_subsample,state
0,0.8332467532467532,2023-01-31 00:17:09.627399,2023-01-31 00:17:12.420000,0 days 00:00:02.792601,0.6723672301048086,0.24741262066831535,10,3400,9.42745808783468,24,1420,0.6446935104005173,COMPLETE
1,0.8332467532467532,2023-01-31 00:17:12.420114,2023-01-31 00:17:14.975652,0 days 00:00:02.555538,0.5038854825948885,0.46492744071665326,3,8800,8.95260381934779,18,471,0.9373699014419199,COMPLETE
2,0.8332467532467532,2023-01-31 00:17:14.975768,2023-01-31 00:17:17.001379,0 days 00:00:02.025611,0.39121981966649755,0.4216979357375394,-1,5400,6.145394886699895,8,1026,0.7733776054499919,COMPLETE
3,0.8332467532467532,2023-01-31 00:17:17.001486,2023-01-31 00:17:18.979505,0 days 00:00:01.978019,0.4244502961952855,0.420885447719189,6,8100,4.433439641231934,8,1461,0.8783252300194935,COMPLETE
4,0.8332467532467532,2023-01-31 00:17:18.979647,2023-01-31 00:17:21.581630,0 days 00:00:02.601983,0.34605982835342974,0.38881811992478943,5,5700,9.118228311409025,23,33,0.9072507127016503,COMPLETE
5,0.8332467532467532,2023-01-31 00:17:21.581742,2023-01-31 00:17:24.023115,0 days 00:00:02.441373,0.9581263666352895,0.5528517777688863,13,9500,6.207741834195412,28,1347,0.25921663467834577,COMPLETE
6,0.8332467532467532,2023-01-31 00:17:24.023225,2023-01-31 00:17:27.259711,0 days 00:00:03.236486,0.3580323155202587,0.6983510420270955,11,10000,8.989369706296559,17,995,0.22362696234588003,COMPLETE
7,0.8332467532467532,2023-01-31 00:17:27.259830,2023-01-31 00:17:29.968351,0 days 00:00:02.708521,0.3163750101199642,0.8070898026485527,0,9800,8.048324910932752,15,837,0.5011123547097364,COMPLETE
8,0.8332467532467532,2023-01-31 00:17:29.968461,2023-01-31 00:17:33.080935,0 days 00:00:03.112474,0.4769316907310618,0.5724297904306093,5,3400,7.659681361128808,25,1402,0.7549252050539648,COMPLETE
9,0.8332467532467532,2023-01-31 00:17:33.081044,2023-01-31 00:17:35.737764,0 days 00:00:02.656720,0.15098482835470042,0.3715179360388137,13,5800,11.792696009270816,11,1443,0.6254898192719069,COMPLETE
10,0.8332467532467532,2023-01-31 00:17:35.737872,2023-01-31 00:17:39.096312,0 days 00:00:03.358440,0.7049916560880752,0.2008650722939037,10,200,1.123208713370163,30,448,0.5291493393540404,COMPLETE
11,0.8332467532467532,2023-01-31 00:17:39.096423,2023-01-31 00:17:42.329889,0 days 00:00:03.233466,0.5992348430167761,0.9670620259831352,2,2700,13.804485168821696,21,481,0.9952525677546207,COMPLETE
12,0.8332467532467532,2023-01-31 00:17:42.329999,2023-01-31 00:17:45.548577,0 days 00:00:03.218578,0.6753299014405588,0.20648420839902726,9,7400,11.33553441332027,20,615,0.6874214025852587,COMPLETE
13,0.8332467532467532,2023-01-31 00:17:45.548693,2023-01-31 00:17:48.335304,0 days 00:00:02.786611,0.7376270294069911,0.3004249004666012,3,3300,10.749718909500071,14,190,0.839005543684905,COMPLETE
14,0.8332467532467532,2023-01-31 00:17:48.335418,2023-01-31 00:17:51.101610,0 days 00:00:02.766192,0.5663208422723122,0.5068688741671806,8,1600,14.046840664462758,26,1157,0.9656215200097982,COMPLETE
15,0.8332467532467532,2023-01-31 00:17:51.101721,2023-01-31 00:17:53.614139,0 days 00:00:02.512418,0.809158786048084,0.2987789846140403,15,7300,9.998734368610744,20,324,0.8216339519406205,COMPLETE
16,0.8332467532467532,2023-01-31 00:17:53.614264,2023-01-31 00:17:56.073429,0 days 00:00:02.459165,0.5237289157884705,0.48370456460779865,3,4300,11.353463886361334,17,719,0.701075997121112,COMPLETE
17,0.8332467532467532,2023-01-31 00:17:56.073546,2023-01-31 00:17:58.641215,0 days 00:00:02.567669,0.6120052255636144,0.6073302785577691,7,1800,13.018940564006519,23,1202,0.9210744735887392,COMPLETE
18,0.8332467532467532,2023-01-31 00:17:58.641325,2023-01-31 00:18:01.009699,0 days 00:00:02.368374,0.8219778932409776,0.2905021260948105,12,4500,9.207738863352052,14,848,0.5959784797121623,COMPLETE
19,0.8332467532467532,2023-01-31 00:18:01.009806,2023-01-31 00:18:03.598123,0 days 00:00:02.588317,0.5243988389396051,0.4664287385346208,2,6700,12.129152661895672,5,641,0.9711478373298854,COMPLETE
20,0.8332467532467532,2023-01-31 00:18:03.598236,2023-01-31 00:18:06.113276,0 days 00:00:02.515040,0.6350636537476677,0.33392940236799257,8,8900,14.444072569406663,23,219,0.8599986949854147,COMPLETE
21,0.8332467532467532,2023-01-31 00:18:06.113387,2023-01-31 00:18:08.529059,0 days 00:00:02.415672,0.44726091801358947,0.40779472602058897,-1,5300,6.700226600232937,12,1039,0.7769488903120327,COMPLETE
22,0.8332467532467532,2023-01-31 00:18:08.529174,2023-01-31 00:18:10.903853,0 days 00:00:02.374679,0.26775279874146296,0.42704271384402226,-1,6300,5.554538774061264,5,1242,0.7553348335597087,COMPLETE
23,0.8332467532467532,2023-01-31 00:18:10.903964,2023-01-31 00:18:12.964862,0 days 00:00:02.060898,0.4211038573947073,0.2651145143495356,1,4500,8.000185123655307,10,1008,0.8106557006872237,COMPLETE
24,0.8332467532467532,2023-01-31 00:18:12.964977,2023-01-31 00:18:15.209419,0 days 00:00:02.244442,0.5145907445639777,0.34313180980334934,4,8200,10.015823636965791,8,513,0.8763585440236019,COMPLETE
25,0.8332467532467532,2023-01-31 00:18:15.209530,2023-01-31 00:18:18.363528,0 days 00:00:03.153998,0.5707327117986132,0.4701014213892796,1,2100,4.69823019296037,18,883,0.7051698756395615,COMPLETE
26,0.8332467532467532,2023-01-31 00:18:18.363645,2023-01-31 00:18:21.589929,0 days 00:00:03.226284,0.4728164153154758,0.35404754658664894,0,600,6.971905560639057,27,1111,0.9237166261340108,COMPLETE
27,0.8332467532467532,2023-01-31 00:18:21.590040,2023-01-31 00:18:24.146869,0 days 00:00:02.556829,0.2518553282918254,0.2267602954169167,7,3800,8.244818839322837,18,1286,0.7896409231898938,COMPLETE
28,0.8332467532467532,2023-01-31 00:18:24.146990,2023-01-31 00:18:26.790715,0 days 00:00:02.643725,0.6591913675161045,0.2776486739604218,4,2800,14.982829382312362,21,745,0.9374716511725791,COMPLETE
29,0.8332467532467532,2023-01-31 00:18:26.790830,2023-01-31 00:18:29.017219,0 days 00:00:02.226389,0.4111099495717105,0.4011739705946076,6,8500,3.043089176633667,9,1456,0.8711431375374369,COMPLETE
30,0.8332467532467532,2023-01-31 00:18:29.017335,2023-01-31 00:18:31.576051,0 days 00:00:02.558716,0.40923885425224754,0.5266313091158659,10,7700,5.681382432348162,30,933,0.8768034155443849,COMPLETE
31,0.8332467532467532,2023-01-31 00:18:31.576165,2023-01-31 00:18:34.536565,0 days 00:00:02.960400,0.3620220979482643,0.43408177442488743,5,9200,3.7853446488635867,12,1326,0.9173849981600675,COMPLETE
32,0.8332467532467532,2023-01-31 00:18:34.536680,2023-01-31 00:18:37.437509,0 days 00:00:02.900829,0.49094047446251704,0.3879246979349219,6,6700,6.656063620219674,8,1335,0.8391474831477064,COMPLETE
33,0.8332467532467532,2023-01-31 00:18:37.437620,2023-01-31 00:18:40.356567,0 days 00:00:02.918947,0.3664572726934955,0.43756265331069083,9,8300,5.801789285248843,7,1478,0.9988187099580981,COMPLETE
34,0.8332467532467532,2023-01-31 00:18:40.356684,2023-01-31 00:18:42.613290,0 days 00:00:02.256606,0.5427745446730382,0.3520422220945912,6,5100,9.05001771697091,15,94,0.9002790449079716,COMPLETE
35,0.8332467532467532,2023-01-31 00:18:42.613410,2023-01-31 00:18:45.097962,0 days 00:00:02.484552,0.4514944972778517,0.5433839096638067,11,9500,7.532960902985054,25,1360,0.7519572416582616,COMPLETE
36,0.8332467532467532,2023-01-31 00:18:45.098075,2023-01-31 00:18:47.761128,0 days 00:00:02.663053,0.30466232433621765,0.6187521912451199,4,6000,8.680463357866849,6,367,0.37773950157751657,COMPLETE
37,0.8332467532467532,2023-01-31 00:18:47.761245,2023-01-31 00:18:50.740818,0 days 00:00:02.979573,0.5818198773164095,0.5002822215211997,0,9900,4.7681102213182545,11,1106,0.81418025441776,COMPLETE
38,0.8332467532467532,2023-01-31 00:18:50.740937,2023-01-31 00:18:54.354767,0 days 00:00:03.613830,0.4807506747331032,0.5753892613020564,2,8900,7.009691909543131,16,1496,0.6619830380476667,COMPLETE
39,0.8332467532467532,2023-01-31 00:18:54.354878,2023-01-31 00:18:57.833029,0 days 00:00:03.478151,0.368979333682562,0.24657080009947852,14,7900,7.784144542491642,13,1404,0.730414731481698,COMPLETE
40,0.8332467532467532,2023-01-31 00:18:57.833149,2023-01-31 00:19:01.242662,0 days 00:00:03.409513,0.314314263383702,0.32693712943674175,8,7200,10.039314189085692,19,576,0.6295616650311706,COMPLETE
41,0.8332467532467532,2023-01-31 00:19:01.242788,2023-01-31 00:19:04.835838,0 days 00:00:03.593050,0.4010063584848059,0.37964826007890695,5,5200,8.704657966360466,23,66,0.9537540273038752,COMPLETE
42,0.8332467532467532,2023-01-31 00:19:04.835964,2023-01-31 00:19:08.628742,0 days 00:00:03.792778,0.21104556969770333,0.4482904253799226,3,3900,9.657490556765277,24,282,0.7951583737818207,COMPLETE
43,0.8332467532467532,2023-01-31 00:19:08.628863,2023-01-31 00:19:12.301335,0 days 00:00:03.672472,0.325984754779421,0.39429435205161856,5,6000,10.507466359435371,28,387,0.9009914347379174,COMPLETE
44,0.8332467532467532,2023-01-31 00:19:12.301455,2023-01-31 00:19:15.935538,0 days 00:00:03.634083,0.4370481160380304,0.2454555649178862,7,5500,9.328500032458885,22,144,0.8420939633392447,COMPLETE
45,0.8332467532467532,2023-01-31 00:19:15.935652,2023-01-31 00:19:19.323880,0 days 00:00:03.388228,0.38263726792357056,0.3190087919956489,10,6700,8.355788415609467,25,21,0.9450190019379704,COMPLETE
46,0.8332467532467532,2023-01-31 00:19:19.323992,2023-01-31 00:19:22.833298,0 days 00:00:03.509306,0.5003143645805014,0.5023785478116103,9,4700,7.333986675208332,20,682,0.9845625221233487,COMPLETE
47,0.8332467532467532,2023-01-31 00:19:22.833419,2023-01-31 00:19:26.273334,0 days 00:00:03.439915,0.5516664221474172,0.20683604536960074,12,3100,6.23944683007109,27,1228,0.8840569499551993,COMPLETE
48,0.8332467532467532,2023-01-31 00:19:26.273449,2023-01-31 00:19:29.388449,0 days 00:00:03.115000,0.5982868908092761,0.37749945737369983,1,3700,11.050845563680157,21,807,0.8235426299964083,COMPLETE
49,0.8332467532467532,2023-01-31 00:19:29.388576,2023-01-31 00:19:32.674526,0 days 00:00:03.285950,0.13558597933285554,0.2929600813820789,4,7100,10.563687211598818,17,949,0.9583062078902649,COMPLETE
