A new study created in memory with name: GSPCA_LGBM
Trial 0 finished with value: 0.75 and parameters: {'num_leaves': 96, 'max_depth': 11, 'min_child_samples': 5}. Best is trial 0 with value: 0.75.
Trial 1 finished with value: 0.7166666666666667 and parameters: {'num_leaves': 52, 'max_depth': 9, 'min_child_samples': 3}. Best is trial 0 with value: 0.75.
Trial 2 finished with value: 0.75 and parameters: {'num_leaves': 44, 'max_depth': 13, 'min_child_samples': 5}. Best is trial 0 with value: 0.75.
Trial 3 finished with value: 0.7666666666666667 and parameters: {'num_leaves': 38, 'max_depth': 17, 'min_child_samples': 2}. Best is trial 3 with value: 0.7666666666666667.
Trial 4 finished with value: 0.75 and parameters: {'num_leaves': 19, 'max_depth': 10, 'min_child_samples': 5}. Best is trial 3 with value: 0.7666666666666667.
Trial 5 finished with value: 0.7166666666666667 and parameters: {'num_leaves': 28, 'max_depth': 15, 'min_child_samples': 3}. Best is trial 3 with value: 0.7666666666666667.
Trial 6 finished with value: 0.75 and parameters: {'num_leaves': 58, 'max_depth': 5, 'min_child_samples': 4}. Best is trial 3 with value: 0.7666666666666667.
Trial 7 finished with value: 0.7666666666666667 and parameters: {'num_leaves': 92, 'max_depth': 10, 'min_child_samples': 2}. Best is trial 3 with value: 0.7666666666666667.
Trial 8 finished with value: 0.7166666666666667 and parameters: {'num_leaves': 56, 'max_depth': 17, 'min_child_samples': 3}. Best is trial 3 with value: 0.7666666666666667.
Trial 9 finished with value: 0.7833333333333334 and parameters: {'num_leaves': 44, 'max_depth': 6, 'min_child_samples': 2}. Best is trial 9 with value: 0.7833333333333334.
Trial 10 finished with value: 0.7500000000000001 and parameters: {'num_leaves': 73, 'max_depth': 3, 'min_child_samples': 2}. Best is trial 9 with value: 0.7833333333333334.
Trial 11 finished with value: 0.7666666666666667 and parameters: {'num_leaves': 35, 'max_depth': 20, 'min_child_samples': 2}. Best is trial 9 with value: 0.7833333333333334.
Trial 12 finished with value: 0.7666666666666667 and parameters: {'num_leaves': 37, 'max_depth': 7, 'min_child_samples': 2}. Best is trial 9 with value: 0.7833333333333334.
Trial 13 finished with value: 0.75 and parameters: {'num_leaves': 16, 'max_depth': 19, 'min_child_samples': 4}. Best is trial 9 with value: 0.7833333333333334.
Trial 14 finished with value: 0.7166666666666667 and parameters: {'num_leaves': 73, 'max_depth': 14, 'min_child_samples': 3}. Best is trial 9 with value: 0.7833333333333334.
Trial 15 finished with value: 0.7666666666666667 and parameters: {'num_leaves': 66, 'max_depth': 7, 'min_child_samples': 2}. Best is trial 9 with value: 0.7833333333333334.
Trial 16 finished with value: 0.7666666666666667 and parameters: {'num_leaves': 45, 'max_depth': 16, 'min_child_samples': 2}. Best is trial 9 with value: 0.7833333333333334.
Trial 17 finished with value: 0.7166666666666667 and parameters: {'num_leaves': 27, 'max_depth': 3, 'min_child_samples': 4}. Best is trial 9 with value: 0.7833333333333334.
Trial 18 finished with value: 0.7166666666666667 and parameters: {'num_leaves': 44, 'max_depth': 18, 'min_child_samples': 3}. Best is trial 9 with value: 0.7833333333333334.
Trial 19 finished with value: 0.7666666666666667 and parameters: {'num_leaves': 31, 'max_depth': 13, 'min_child_samples': 2}. Best is trial 9 with value: 0.7833333333333334.
Trial 20 finished with value: 0.7166666666666667 and parameters: {'num_leaves': 85, 'max_depth': 7, 'min_child_samples': 3}. Best is trial 9 with value: 0.7833333333333334.
Trial 21 finished with value: 0.7666666666666667 and parameters: {'num_leaves': 95, 'max_depth': 9, 'min_child_samples': 2}. Best is trial 9 with value: 0.7833333333333334.
Trial 22 finished with value: 0.7666666666666667 and parameters: {'num_leaves': 81, 'max_depth': 5, 'min_child_samples': 2}. Best is trial 9 with value: 0.7833333333333334.
Trial 23 finished with value: 0.7666666666666667 and parameters: {'num_leaves': 63, 'max_depth': 11, 'min_child_samples': 2}. Best is trial 9 with value: 0.7833333333333334.
Trial 24 finished with value: 0.7666666666666667 and parameters: {'num_leaves': 50, 'max_depth': 5, 'min_child_samples': 2}. Best is trial 9 with value: 0.7833333333333334.
Trial 25 finished with value: 0.7166666666666667 and parameters: {'num_leaves': 24, 'max_depth': 8, 'min_child_samples': 3}. Best is trial 9 with value: 0.7833333333333334.
