A new study created in memory with name: PCA_LGBM
Trial 0 finished with value: 0.85 and parameters: {'num_leaves': 37, 'max_depth': 11, 'learning_rate': 0.22994720536955496, 'n_estimators': 755, 'colsample_bytree': 0.5244413460669226}. Best is trial 0 with value: 0.85.
Trial 1 finished with value: 0.8166666666666667 and parameters: {'num_leaves': 38, 'max_depth': 13, 'learning_rate': 0.16441894138215282, 'n_estimators': 962, 'colsample_bytree': 0.7180892615859127}. Best is trial 0 with value: 0.85.
Trial 2 finished with value: 0.8 and parameters: {'num_leaves': 35, 'max_depth': -1, 'learning_rate': 0.28208719108576114, 'n_estimators': 904, 'colsample_bytree': 0.48369425085745554}. Best is trial 0 with value: 0.85.
Trial 3 finished with value: 0.7833333333333333 and parameters: {'num_leaves': 24, 'max_depth': 14, 'learning_rate': 0.014529703358174766, 'n_estimators': 283, 'colsample_bytree': 0.24279869213643615}. Best is trial 0 with value: 0.85.
Trial 4 finished with value: 0.8166666666666667 and parameters: {'num_leaves': 40, 'max_depth': 10, 'learning_rate': 0.07985995732871642, 'n_estimators': 181, 'colsample_bytree': 0.6125385259522556}. Best is trial 0 with value: 0.85.
Trial 5 finished with value: 0.8166666666666667 and parameters: {'num_leaves': 50, 'max_depth': 2, 'learning_rate': 0.05941833477988676, 'n_estimators': 560, 'colsample_bytree': 0.3441316990469255}. Best is trial 0 with value: 0.85.
Trial 6 finished with value: 0.8166666666666667 and parameters: {'num_leaves': 18, 'max_depth': 7, 'learning_rate': 0.027066014339490522, 'n_estimators': 999, 'colsample_bytree': 0.879185586264372}. Best is trial 0 with value: 0.85.
Trial 7 finished with value: 0.6333333333333333 and parameters: {'num_leaves': 17, 'max_depth': 11, 'learning_rate': 0.12789184163259762, 'n_estimators': 724, 'colsample_bytree': 0.22201169132557066}. Best is trial 0 with value: 0.85.
Trial 8 finished with value: 0.7666666666666666 and parameters: {'num_leaves': 43, 'max_depth': 0, 'learning_rate': 0.1603682627663852, 'n_estimators': 218, 'colsample_bytree': 0.2670352126260161}. Best is trial 0 with value: 0.85.
Trial 9 finished with value: 0.8333333333333334 and parameters: {'num_leaves': 16, 'max_depth': 1, 'learning_rate': 0.18760604313608262, 'n_estimators': 188, 'colsample_bytree': 0.778659652579621}. Best is trial 0 with value: 0.85.
Trial 10 finished with value: 0.8166666666666667 and parameters: {'num_leaves': 29, 'max_depth': 7, 'learning_rate': 0.27769171738200393, 'n_estimators': 453, 'colsample_bytree': 0.480124293895396}. Best is trial 0 with value: 0.85.
Trial 11 finished with value: 0.7833333333333333 and parameters: {'num_leaves': 28, 'max_depth': 4, 'learning_rate': 0.08960183603731889, 'n_estimators': 72, 'colsample_bytree': 0.7941640107907469}. Best is trial 0 with value: 0.85.
Trial 12 finished with value: 0.8 and parameters: {'num_leaves': 23, 'max_depth': 4, 'learning_rate': 0.28227885325699825, 'n_estimators': 731, 'colsample_bytree': 0.9862589001626034}. Best is trial 0 with value: 0.85.
Trial 13 finished with value: 0.8333333333333334 and parameters: {'num_leaves': 45, 'max_depth': 10, 'learning_rate': 0.03911304924087082, 'n_estimators': 446, 'colsample_bytree': 0.6948652226889951}. Best is trial 0 with value: 0.85.
Trial 14 finished with value: 0.85 and parameters: {'num_leaves': 31, 'max_depth': 5, 'learning_rate': 0.16358067687319686, 'n_estimators': 674, 'colsample_bytree': 0.5604591539422993}. Best is trial 0 with value: 0.85.
Trial 15 finished with value: 0.8333333333333334 and parameters: {'num_leaves': 33, 'max_depth': 5, 'learning_rate': 0.11592169843519162, 'n_estimators': 755, 'colsample_bytree': 0.5271189259433436}. Best is trial 0 with value: 0.85.
Trial 16 finished with value: 0.8333333333333334 and parameters: {'num_leaves': 31, 'max_depth': 9, 'learning_rate': 0.2006974035362541, 'n_estimators': 624, 'colsample_bytree': 0.5878117965107025}. Best is trial 0 with value: 0.85.
Trial 17 finished with value: 0.8166666666666667 and parameters: {'num_leaves': 37, 'max_depth': 12, 'learning_rate': 0.10414320697699682, 'n_estimators': 868, 'colsample_bytree': 0.4178690879041605}. Best is trial 0 with value: 0.85.
Trial 18 finished with value: 0.8166666666666668 and parameters: {'num_leaves': 25, 'max_depth': 15, 'learning_rate': 0.07133452349988689, 'n_estimators': 639, 'colsample_bytree': 0.3827610218850074}. Best is trial 0 with value: 0.85.
Trial 19 finished with value: 0.8333333333333334 and parameters: {'num_leaves': 43, 'max_depth': 7, 'learning_rate': 0.12909634148000068, 'n_estimators': 829, 'colsample_bytree': 0.5819197406742395}. Best is trial 0 with value: 0.85.
Trial 20 finished with value: 0.8333333333333334 and parameters: {'num_leaves': 50, 'max_depth': 8, 'learning_rate': 0.20901753573107873, 'n_estimators': 433, 'colsample_bytree': 0.6349139270262527}. Best is trial 0 with value: 0.85.
Trial 21 finished with value: 0.8 and parameters: {'num_leaves': 15, 'max_depth': 2, 'learning_rate': 0.19697160130117555, 'n_estimators': 346, 'colsample_bytree': 0.7133392351865168}. Best is trial 0 with value: 0.85.
Trial 22 finished with value: 0.8 and parameters: {'num_leaves': 20, 'max_depth': 1, 'learning_rate': 0.15071474715982677, 'n_estimators': 593, 'colsample_bytree': 0.5198829276986179}. Best is trial 0 with value: 0.85.
Trial 23 finished with value: 0.8 and parameters: {'num_leaves': 33, 'max_depth': 5, 'learning_rate': 0.20948493576551167, 'n_estimators': 684, 'colsample_bytree': 0.7887587610106773}. Best is trial 0 with value: 0.85.
Trial 24 finished with value: 0.8 and parameters: {'num_leaves': 27, 'max_depth': 3, 'learning_rate': 0.10276942714348142, 'n_estimators': 794, 'colsample_bytree': 0.6575651035950381}. Best is trial 0 with value: 0.85.
Trial 25 finished with value: 0.85 and parameters: {'num_leaves': 22, 'max_depth': 5, 'learning_rate': 0.14485988256558022, 'n_estimators': 59, 'colsample_bytree': 0.5667840601914809}. Best is trial 0 with value: 0.85.
Trial 26 finished with value: 0.8333333333333334 and parameters: {'num_leaves': 21, 'max_depth': 6, 'learning_rate': 0.13555232561707498, 'n_estimators': 507, 'colsample_bytree': 0.5515987395551828}. Best is trial 0 with value: 0.85.
Trial 27 finished with value: 0.8166666666666667 and parameters: {'num_leaves': 31, 'max_depth': 9, 'learning_rate': 0.09355687446076481, 'n_estimators': 65, 'colsample_bytree': 0.4532886887488907}. Best is trial 0 with value: 0.85.
Trial 28 finished with value: 0.8333333333333334 and parameters: {'num_leaves': 36, 'max_depth': 5, 'learning_rate': 0.2426134207500006, 'n_estimators': 669, 'colsample_bytree': 0.5463353006756959}. Best is trial 0 with value: 0.85.
Trial 29 finished with value: 0.85 and parameters: {'num_leaves': 39, 'max_depth': 13, 'learning_rate': 0.16544461842115218, 'n_estimators': 508, 'colsample_bytree': 0.5965910923034196}. Best is trial 0 with value: 0.85.
Trial 30 finished with value: 0.8333333333333334 and parameters: {'num_leaves': 40, 'max_depth': 12, 'learning_rate': 0.15348868663507034, 'n_estimators': 932, 'colsample_bytree': 0.6518251429016289}. Best is trial 0 with value: 0.85.
