Trial 33 finished with value: 0.993103448275862 and parameters: {'l1_ratio': 0.0015239011649929024, 'C': 0.013301023044316893}. Best is trial 0 with value: 0.993103448275862.
Trial 34 finished with value: 0.993103448275862 and parameters: {'l1_ratio': 0.19315035414697973, 'C': 0.024774448908137185}. Best is trial 0 with value: 0.993103448275862.
Trial 35 finished with value: 0.993103448275862 and parameters: {'l1_ratio': 0.10056501442990065, 'C': 0.013431247670081518}. Best is trial 0 with value: 0.993103448275862.
Trial 36 finished with value: 0.993103448275862 and parameters: {'l1_ratio': 0.36630770767229637, 'C': 0.16488739090221288}. Best is trial 0 with value: 0.993103448275862.
Trial 37 finished with value: 0.993103448275862 and parameters: {'l1_ratio': 0.3154822809883915, 'C': 0.018486051155490135}. Best is trial 0 with value: 0.993103448275862.
Trial 38 finished with value: 0.993103448275862 and parameters: {'l1_ratio': 0.5772388050227836, 'C': 0.010052229947473462}. Best is trial 0 with value: 0.993103448275862.
Trial 39 finished with value: 0.993103448275862 and parameters: {'l1_ratio': 0.2394031329474711, 'C': 0.03489793048478581}. Best is trial 0 with value: 0.993103448275862.
Trial 40 finished with value: 0.993103448275862 and parameters: {'l1_ratio': 0.4088590615677329, 'C': 0.01293877653482818}. Best is trial 0 with value: 0.993103448275862.
Trial 41 finished with value: 0.993103448275862 and parameters: {'l1_ratio': 0.07221979725675898, 'C': 0.6928683767955612}. Best is trial 0 with value: 0.993103448275862.
Trial 42 finished with value: 0.993103448275862 and parameters: {'l1_ratio': 0.16143540979367776, 'C': 0.7246788791583526}. Best is trial 0 with value: 0.993103448275862.
Trial 43 finished with value: 0.993103448275862 and parameters: {'l1_ratio': 0.07861027018311931, 'C': 0.13884995193294397}. Best is trial 0 with value: 0.993103448275862.
Trial 44 finished with value: 0.993103448275862 and parameters: {'l1_ratio': 0.17208060511503925, 'C': 0.029510663373861448}. Best is trial 0 with value: 0.993103448275862.
Trial 45 finished with value: 0.993103448275862 and parameters: {'l1_ratio': 0.29137389600673336, 'C': 0.27496355655039345}. Best is trial 0 with value: 0.993103448275862.
Trial 46 finished with value: 0.993103448275862 and parameters: {'l1_ratio': 0.21998907460653516, 'C': 0.055365243947593026}. Best is trial 0 with value: 0.993103448275862.
Trial 47 finished with value: 0.993103448275862 and parameters: {'l1_ratio': 0.055953626930936244, 'C': 0.07473170176861282}. Best is trial 0 with value: 0.993103448275862.
Trial 48 finished with value: 0.993103448275862 and parameters: {'l1_ratio': 0.13105646634946347, 'C': 0.04470254841074741}. Best is trial 0 with value: 0.993103448275862.
Trial 49 finished with value: 0.993103448275862 and parameters: {'l1_ratio': 0.0017392578603272896, 'C': 0.01687110129363089}. Best is trial 0 with value: 0.993103448275862.
Trial 50 finished with value: 0.993103448275862 and parameters: {'l1_ratio': 0.3837440980345104, 'C': 0.022543823703549012}. Best is trial 0 with value: 0.993103448275862.
Trial 51 finished with value: 0.993103448275862 and parameters: {'l1_ratio': 0.25808341314355093, 'C': 0.8614429555498037}. Best is trial 0 with value: 0.993103448275862.
Trial 52 finished with value: 0.993103448275862 and parameters: {'l1_ratio': 0.20506806243826836, 'C': 0.5586916124226929}. Best is trial 0 with value: 0.993103448275862.
Trial 53 finished with value: 0.993103448275862 and parameters: {'l1_ratio': 0.33163950449890955, 'C': 0.5403702835877301}. Best is trial 0 with value: 0.993103448275862.
Trial 54 finished with value: 0.993103448275862 and parameters: {'l1_ratio': 0.2651868756644782, 'C': 0.9378365247829219}. Best is trial 0 with value: 0.993103448275862.
Trial 55 finished with value: 0.993103448275862 and parameters: {'l1_ratio': 0.11039589566812291, 'C': 0.998285405149406}. Best is trial 0 with value: 0.993103448275862.
Trial 56 finished with value: 0.993103448275862 and parameters: {'l1_ratio': 0.15558262881620577, 'C': 0.037250646555362144}. Best is trial 0 with value: 0.993103448275862.
Trial 57 finished with value: 0.993103448275862 and parameters: {'l1_ratio': 0.30541779014707404, 'C': 0.028304826178884756}. Best is trial 0 with value: 0.993103448275862.
Trial 58 finished with value: 0.993103448275862 and parameters: {'l1_ratio': 0.4714830210390829, 'C': 0.011938297246340898}. Best is trial 0 with value: 0.993103448275862.
Trial 59 finished with value: 0.993103448275862 and parameters: {'l1_ratio': 0.18629255895302793, 'C': 0.020668268618072767}. Best is trial 0 with value: 0.993103448275862.
Trial 60 finished with value: 0.993103448275862 and parameters: {'l1_ratio': 0.03895135199480733, 'C': 0.01668855863740461}. Best is trial 0 with value: 0.993103448275862.
Trial 61 finished with value: 0.993103448275862 and parameters: {'l1_ratio': 0.6666488022985053, 'C': 0.01154667502100847}. Best is trial 0 with value: 0.993103448275862.
Trial 62 finished with value: 0.993103448275862 and parameters: {'l1_ratio': 0.21986544895670165, 'C': 0.01541860469451839}. Best is trial 0 with value: 0.993103448275862.
Trial 63 finished with value: 0.993103448275862 and parameters: {'l1_ratio': 0.1274317359066618, 'C': 0.024278386249343975}. Best is trial 0 with value: 0.993103448275862.
Trial 64 finished with value: 0.993103448275862 and parameters: {'l1_ratio': 0.2715669309585907, 'C': 0.018760831884663362}. Best is trial 0 with value: 0.993103448275862.
Trial 65 finished with value: 0.993103448275862 and parameters: {'l1_ratio': 0.09181999603879419, 'C': 0.01453843871769408}. Best is trial 0 with value: 0.993103448275862.
Trial 66 finished with value: 0.993103448275862 and parameters: {'l1_ratio': 0.15105745656654584, 'C': 0.01018645556314428}. Best is trial 0 with value: 0.993103448275862.
Trial 67 finished with value: 0.993103448275862 and parameters: {'l1_ratio': 0.24106188694953667, 'C': 0.033585489838765414}. Best is trial 0 with value: 0.993103448275862.
Trial 68 finished with value: 0.993103448275862 and parameters: {'l1_ratio': 0.19375706615199434, 'C': 0.01203125668293651}. Best is trial 0 with value: 0.993103448275862.
Trial 69 finished with value: 0.993103448275862 and parameters: {'l1_ratio': 0.3305808700510696, 'C': 0.022444101476577}. Best is trial 0 with value: 0.993103448275862.
Trial 70 finished with value: 0.993103448275862 and parameters: {'l1_ratio': 0.296570658820678, 'C': 0.0288404116665341}. Best is trial 0 with value: 0.993103448275862.
Trial 71 finished with value: 0.993103448275862 and parameters: {'l1_ratio': 0.34902488805370285, 'C': 0.01472235924523339}. Best is trial 0 with value: 0.993103448275862.
Trial 72 finished with value: 0.993103448275862 and parameters: {'l1_ratio': 0.39140176395114923, 'C': 0.01882138768617593}. Best is trial 0 with value: 0.993103448275862.
Trial 73 finished with value: 0.993103448275862 and parameters: {'l1_ratio': 0.43956140341396455, 'C': 0.013056108943309245}. Best is trial 0 with value: 0.993103448275862.
Trial 74 finished with value: 0.993103448275862 and parameters: {'l1_ratio': 0.1759439856375809, 'C': 0.01603909540248613}. Best is trial 0 with value: 0.993103448275862.
Trial 75 finished with value: 0.993103448275862 and parameters: {'l1_ratio': 0.22914592975153872, 'C': 0.021229809240465143}. Best is trial 0 with value: 0.993103448275862.
Trial 76 finished with value: 0.993103448275862 and parameters: {'l1_ratio': 0.2675522306566852, 'C': 0.02577780390120941}. Best is trial 0 with value: 0.993103448275862.
Trial 77 finished with value: 0.993103448275862 and parameters: {'l1_ratio': 0.3668528682770271, 'C': 0.01811762434880295}. Best is trial 0 with value: 0.993103448275862.
Trial 78 finished with value: 0.993103448275862 and parameters: {'l1_ratio': 0.5282737335604688, 'C': 0.011108700210013854}. Best is trial 0 with value: 0.993103448275862.
Trial 79 finished with value: 0.993103448275862 and parameters: {'l1_ratio': 0.11221655369437898, 'C': 0.01372243789362694}. Best is trial 0 with value: 0.993103448275862.
Trial 80 finished with value: 0.993103448275862 and parameters: {'l1_ratio': 0.31434056262825166, 'C': 0.03215227559401842}. Best is trial 0 with value: 0.993103448275862.
Trial 81 finished with value: 0.993103448275862 and parameters: {'l1_ratio': 0.4212625447041414, 'C': 0.0766700680480368}. Best is trial 0 with value: 0.993103448275862.
Trial 82 finished with value: 0.993103448275862 and parameters: {'l1_ratio': 0.35550399759052687, 'C': 0.0887407453194088}. Best is trial 0 with value: 0.993103448275862.
Trial 83 finished with value: 0.993103448275862 and parameters: {'l1_ratio': 0.28724128256145237, 'C': 0.05811329226086213}. Best is trial 0 with value: 0.993103448275862.
Trial 84 finished with value: 0.993103448275862 and parameters: {'l1_ratio': 0.21114325930332156, 'C': 0.04485194943672264}. Best is trial 0 with value: 0.993103448275862.
Trial 85 finished with value: 0.993103448275862 and parameters: {'l1_ratio': 0.24055218165193076, 'C': 0.03711104632069979}. Best is trial 0 with value: 0.993103448275862.
Trial 86 finished with value: 0.993103448275862 and parameters: {'l1_ratio': 0.33064429079432467, 'C': 0.12488483061555454}. Best is trial 0 with value: 0.993103448275862.
Trial 87 finished with value: 0.993103448275862 and parameters: {'l1_ratio': 0.14355026955748723, 'C': 0.051645338210268454}. Best is trial 0 with value: 0.993103448275862.
Trial 88 finished with value: 0.993103448275862 and parameters: {'l1_ratio': 0.38599819197612484, 'C': 0.016031763278829735}. Best is trial 0 with value: 0.993103448275862.
Trial 89 finished with value: 0.993103448275862 and parameters: {'l1_ratio': 0.4445107811070258, 'C': 0.020216571550605765}. Best is trial 0 with value: 0.993103448275862.
Trial 90 finished with value: 0.993103448275862 and parameters: {'l1_ratio': 0.1790031522814183, 'C': 0.02665478562737297}. Best is trial 0 with value: 0.993103448275862.
Trial 91 finished with value: 0.993103448275862 and parameters: {'l1_ratio': 0.05108596973387923, 'C': 0.011136463504509688}. Best is trial 0 with value: 0.993103448275862.
Trial 92 finished with value: 0.993103448275862 and parameters: {'l1_ratio': 0.10474328167502835, 'C': 0.013737028794039697}. Best is trial 0 with value: 0.993103448275862.
Trial 93 finished with value: 0.993103448275862 and parameters: {'l1_ratio': 0.12666342892195098, 'C': 0.012044562944638156}. Best is trial 0 with value: 0.993103448275862.
Trial 94 finished with value: 0.993103448275862 and parameters: {'l1_ratio': 0.0731864674735124, 'C': 0.01006924876374496}. Best is trial 0 with value: 0.993103448275862.
Trial 95 finished with value: 0.993103448275862 and parameters: {'l1_ratio': 0.031181756319104862, 'C': 0.023997311065984506}. Best is trial 0 with value: 0.993103448275862.
Trial 96 finished with value: 0.993103448275862 and parameters: {'l1_ratio': 0.6756075569654704, 'C': 0.01692963473901363}. Best is trial 0 with value: 0.993103448275862.
Trial 97 finished with value: 0.993103448275862 and parameters: {'l1_ratio': 0.15829693517228632, 'C': 0.012835988610533347}. Best is trial 0 with value: 0.993103448275862.
Trial 98 finished with value: 0.993103448275862 and parameters: {'l1_ratio': 0.26053361056824464, 'C': 0.23850021105511254}. Best is trial 0 with value: 0.993103448275862.
Trial 99 finished with value: 0.993103448275862 and parameters: {'l1_ratio': 0.2082225431084799, 'C': 0.014997337247980299}. Best is trial 0 with value: 0.993103448275862.
