Trial 99 finished with value: 0.8333333333333334 and parameters: {'l1_ratio': 0.1439032631824683, 'C': 0.01596070417819443}. Best is trial 42 with value: 0.8666666666666668.
A new study created in memory with name: SPCA_LR
Trial 0 failed with parameters: {'l1_ratio': 0.9102571818668926, 'C': 0.026515293966302044} because of the following error: ValueError('\nAll the 5 fits failed.\nIt is very likely that your model is misconfigured.\nYou can try to debug the error by setting error_score=\'raise\'.\n\nBelow are more details about the failures:\n--------------------------------------------------------------------------------\n5 fits failed with the following error:\nTraceback (most recent call last):\n  File "/Users/jacco/Documents/repos/vu-case-study-eds/venv/lib/python3.10/site-packages/sklearn/model_selection/_validation.py", line 686, in _fit_and_score\n    estimator.fit(X_train, y_train, **fit_params)\n  File "/Users/jacco/Documents/repos/vu-case-study-eds/venv/lib/python3.10/site-packages/sklearn/linear_model/_logistic.py", line 1196, in fit\n    X, y = self._validate_data(\n  File "/Users/jacco/Documents/repos/vu-case-study-eds/venv/lib/python3.10/site-packages/sklearn/base.py", line 554, in _validate_data\n    X, y = check_X_y(X, y, **check_params)\n  File "/Users/jacco/Documents/repos/vu-case-study-eds/venv/lib/python3.10/site-packages/sklearn/utils/validation.py", line 1104, in check_X_y\n    X = check_array(\n  File "/Users/jacco/Documents/repos/vu-case-study-eds/venv/lib/python3.10/site-packages/sklearn/utils/validation.py", line 919, in check_array\n    _assert_all_finite(\n  File "/Users/jacco/Documents/repos/vu-case-study-eds/venv/lib/python3.10/site-packages/sklearn/utils/validation.py", line 161, in _assert_all_finite\n    raise ValueError(msg_err)\nValueError: Input X contains NaN.\nLogisticRegression does not accept missing values encoded as NaN natively. For supervised learning, you might want to consider sklearn.ensemble.HistGradientBoostingClassifier and Regressor which accept missing values encoded as NaNs natively. Alternatively, it is possible to preprocess the data, for instance by using an imputer transformer in a pipeline or drop samples with missing values. See https://scikit-learn.org/stable/modules/impute.html You can find a list of all estimators that handle NaN values at the following page: https://scikit-learn.org/stable/modules/impute.html#estimators-that-handle-nan-values\n').
Traceback (most recent call last):
  File "/Users/jacco/Documents/repos/vu-case-study-eds/venv/lib/python3.10/site-packages/optuna/study/_optimize.py", line 200, in _run_trial
    value_or_values = func(trial)
  File "/Users/jacco/Documents/repos/vu-case-study-eds/src/helpers/config/hyperparameters.py", line 63, in <lambda>
    lambda trial: self._objective(
  File "/Users/jacco/Documents/repos/vu-case-study-eds/src/helpers/config/hyperparameters.py", line 39, in _objective
    cv_score = cross_val_score(
  File "/Users/jacco/Documents/repos/vu-case-study-eds/venv/lib/python3.10/site-packages/sklearn/model_selection/_validation.py", line 515, in cross_val_score
    cv_results = cross_validate(
  File "/Users/jacco/Documents/repos/vu-case-study-eds/venv/lib/python3.10/site-packages/sklearn/model_selection/_validation.py", line 285, in cross_validate
    _warn_or_raise_about_fit_failures(results, error_score)
  File "/Users/jacco/Documents/repos/vu-case-study-eds/venv/lib/python3.10/site-packages/sklearn/model_selection/_validation.py", line 367, in _warn_or_raise_about_fit_failures
    raise ValueError(all_fits_failed_message)
ValueError: 
All the 5 fits failed.
It is very likely that your model is misconfigured.
You can try to debug the error by setting error_score='raise'.

Below are more details about the failures:
--------------------------------------------------------------------------------
5 fits failed with the following error:
Traceback (most recent call last):
  File "/Users/jacco/Documents/repos/vu-case-study-eds/venv/lib/python3.10/site-packages/sklearn/model_selection/_validation.py", line 686, in _fit_and_score
    estimator.fit(X_train, y_train, **fit_params)
  File "/Users/jacco/Documents/repos/vu-case-study-eds/venv/lib/python3.10/site-packages/sklearn/linear_model/_logistic.py", line 1196, in fit
    X, y = self._validate_data(
  File "/Users/jacco/Documents/repos/vu-case-study-eds/venv/lib/python3.10/site-packages/sklearn/base.py", line 554, in _validate_data
    X, y = check_X_y(X, y, **check_params)
  File "/Users/jacco/Documents/repos/vu-case-study-eds/venv/lib/python3.10/site-packages/sklearn/utils/validation.py", line 1104, in check_X_y
    X = check_array(
  File "/Users/jacco/Documents/repos/vu-case-study-eds/venv/lib/python3.10/site-packages/sklearn/utils/validation.py", line 919, in check_array
    _assert_all_finite(
  File "/Users/jacco/Documents/repos/vu-case-study-eds/venv/lib/python3.10/site-packages/sklearn/utils/validation.py", line 161, in _assert_all_finite
    raise ValueError(msg_err)
ValueError: Input X contains NaN.
LogisticRegression does not accept missing values encoded as NaN natively. For supervised learning, you might want to consider sklearn.ensemble.HistGradientBoostingClassifier and Regressor which accept missing values encoded as NaNs natively. Alternatively, it is possible to preprocess the data, for instance by using an imputer transformer in a pipeline or drop samples with missing values. See https://scikit-learn.org/stable/modules/impute.html You can find a list of all estimators that handle NaN values at the following page: https://scikit-learn.org/stable/modules/impute.html#estimators-that-handle-nan-values

Trial 0 failed with value None.
