Trial 99 finished with value: 0.8444444444444444 and parameters: {'num_leaves': 39, 'max_depth': 5, 'learning_rate': 0.14142017578793165, 'n_estimators': 67, 'colsample_bytree': 0.8858712838234875}. Best is trial 6 with value: 0.888888888888889.
A new study created in memory with name: PCA_LR
Trial 0 finished with value: 1.0 and parameters: {'l1_ratio': 0.38938027020034693, 'C': 0.9236961691196172}. Best is trial 0 with value: 1.0.
Trial 1 finished with value: 0.888888888888889 and parameters: {'l1_ratio': 0.4821974117034601, 'C': 0.015428394596171879}. Best is trial 0 with value: 1.0.
Trial 2 finished with value: 1.0 and parameters: {'l1_ratio': 0.9265363628878814, 'C': 0.390937688416216}. Best is trial 0 with value: 1.0.
Trial 3 finished with value: 0.9333333333333332 and parameters: {'l1_ratio': 0.7237868308017763, 'C': 0.06115214192263281}. Best is trial 0 with value: 1.0.
Trial 4 finished with value: 1.0 and parameters: {'l1_ratio': 0.9857483613049678, 'C': 0.24346628703980097}. Best is trial 0 with value: 1.0.
Trial 5 finished with value: 1.0 and parameters: {'l1_ratio': 0.4347361016857666, 'C': 0.18630371755966457}. Best is trial 0 with value: 1.0.
Trial 6 finished with value: 1.0 and parameters: {'l1_ratio': 0.1803555422848444, 'C': 0.6269784103312399}. Best is trial 0 with value: 1.0.
Trial 7 finished with value: 1.0 and parameters: {'l1_ratio': 0.3502504816481645, 'C': 0.6358997785463023}. Best is trial 0 with value: 1.0.
Trial 8 finished with value: 0.888888888888889 and parameters: {'l1_ratio': 0.4018609489920233, 'C': 0.02305708234480036}. Best is trial 0 with value: 1.0.
Trial 9 finished with value: 1.0 and parameters: {'l1_ratio': 0.48245669387820833, 'C': 0.24544325972957115}. Best is trial 0 with value: 1.0.
Trial 10 finished with value: 1.0 and parameters: {'l1_ratio': 0.14365929630967345, 'C': 0.9753673657285471}. Best is trial 0 with value: 1.0.
Trial 11 finished with value: 1.0 and parameters: {'l1_ratio': 0.726367897750666, 'C': 0.5520880661787512}. Best is trial 0 with value: 1.0.
Trial 12 finished with value: 1.0 and parameters: {'l1_ratio': 0.6714950860180048, 'C': 0.35460226728468985}. Best is trial 0 with value: 1.0.
Trial 13 finished with value: 1.0 and parameters: {'l1_ratio': 0.9835603148384127, 'C': 0.11130501172433743}. Best is trial 0 with value: 1.0.
Trial 14 finished with value: 1.0 and parameters: {'l1_ratio': 0.049746943475560856, 'C': 0.9897972898443818}. Best is trial 0 with value: 1.0.
Trial 15 finished with value: 1.0 and parameters: {'l1_ratio': 0.6391021327476099, 'C': 0.42444397000547324}. Best is trial 0 with value: 1.0.
Trial 16 finished with value: 1.0 and parameters: {'l1_ratio': 0.8742895484274337, 'C': 0.3431085902156882}. Best is trial 0 with value: 1.0.
Trial 17 finished with value: 1.0 and parameters: {'l1_ratio': 0.5714408833586334, 'C': 0.9164053653893978}. Best is trial 0 with value: 1.0.
Trial 18 finished with value: 1.0 and parameters: {'l1_ratio': 0.291138286572334, 'C': 0.12558568731630396}. Best is trial 0 with value: 1.0.
Trial 19 finished with value: 1.0 and parameters: {'l1_ratio': 0.8206111706029745, 'C': 0.48421842861010866}. Best is trial 0 with value: 1.0.
Trial 20 finished with value: 1.0 and parameters: {'l1_ratio': 0.5504834199305438, 'C': 0.06699744577742775}. Best is trial 0 with value: 1.0.
Trial 21 finished with value: 1.0 and parameters: {'l1_ratio': 0.9582906823667522, 'C': 0.24759573293353052}. Best is trial 0 with value: 1.0.
Trial 22 finished with value: 1.0 and parameters: {'l1_ratio': 0.999189044207009, 'C': 0.24502589007530576}. Best is trial 0 with value: 1.0.
Trial 23 finished with value: 1.0 and parameters: {'l1_ratio': 0.8623846317466032, 'C': 0.38197250664518795}. Best is trial 0 with value: 1.0.
Trial 24 finished with value: 1.0 and parameters: {'l1_ratio': 0.9018328707728738, 'C': 0.6602230888128024}. Best is trial 0 with value: 1.0.
Trial 25 finished with value: 1.0 and parameters: {'l1_ratio': 0.7912496262431786, 'C': 0.15542675736751438}. Best is trial 0 with value: 1.0.
Trial 26 finished with value: 1.0 and parameters: {'l1_ratio': 0.9057437765213251, 'C': 0.2967884693367296}. Best is trial 0 with value: 1.0.
Trial 27 finished with value: 1.0 and parameters: {'l1_ratio': 0.7912319248530983, 'C': 0.4256976756397279}. Best is trial 0 with value: 1.0.
Trial 28 finished with value: 1.0 and parameters: {'l1_ratio': 0.9433997834962372, 'C': 0.19684648727794712}. Best is trial 0 with value: 1.0.
Trial 29 finished with value: 1.0 and parameters: {'l1_ratio': 0.5316379834998366, 'C': 0.7321893220344193}. Best is trial 0 with value: 1.0.
Trial 30 finished with value: 1.0 and parameters: {'l1_ratio': 0.8313998297081973, 'C': 0.4868480090285921}. Best is trial 0 with value: 1.0.
Trial 31 finished with value: 1.0 and parameters: {'l1_ratio': 0.44017859137897164, 'C': 0.18315375782220517}. Best is trial 0 with value: 1.0.
Trial 32 finished with value: 1.0 and parameters: {'l1_ratio': 0.4751654634429025, 'C': 0.27597427744963343}. Best is trial 0 with value: 1.0.
Trial 33 finished with value: 1.0 and parameters: {'l1_ratio': 0.32931780834013247, 'C': 0.16930063616786437}. Best is trial 0 with value: 1.0.
Trial 34 finished with value: 1.0 and parameters: {'l1_ratio': 0.40223640867416427, 'C': 0.7436577978787487}. Best is trial 0 with value: 1.0.
Trial 35 finished with value: 1.0 and parameters: {'l1_ratio': 0.7379842647462171, 'C': 0.5357818876725967}. Best is trial 0 with value: 1.0.
Trial 36 finished with value: 1.0 and parameters: {'l1_ratio': 0.6064563508398761, 'C': 0.0858563170278501}. Best is trial 0 with value: 1.0.
Trial 37 finished with value: 1.0 and parameters: {'l1_ratio': 0.5036330172092055, 'C': 0.3118997737534747}. Best is trial 0 with value: 1.0.
Trial 38 finished with value: 1.0 and parameters: {'l1_ratio': 0.6759407078514985, 'C': 0.23159266792049532}. Best is trial 0 with value: 1.0.
Trial 39 finished with value: 1.0 and parameters: {'l1_ratio': 0.9320379880623908, 'C': 0.1282744705869767}. Best is trial 0 with value: 1.0.
Trial 40 finished with value: 1.0 and parameters: {'l1_ratio': 0.27243019190133877, 'C': 0.5828361878916021}. Best is trial 0 with value: 1.0.
Trial 41 finished with value: 1.0 and parameters: {'l1_ratio': 0.21420972451152206, 'C': 0.7820635173392648}. Best is trial 0 with value: 1.0.
Trial 42 finished with value: 1.0 and parameters: {'l1_ratio': 0.4071119689436674, 'C': 0.588461558952931}. Best is trial 0 with value: 1.0.
Trial 43 finished with value: 1.0 and parameters: {'l1_ratio': 0.38077568173803616, 'C': 0.3848803703717403}. Best is trial 0 with value: 1.0.
Trial 44 finished with value: 1.0 and parameters: {'l1_ratio': 0.16245850128802716, 'C': 0.8569010233174312}. Best is trial 0 with value: 1.0.
Trial 45 finished with value: 1.0 and parameters: {'l1_ratio': 0.3570622957557045, 'C': 0.9963290398009975}. Best is trial 0 with value: 1.0.
Trial 46 finished with value: 1.0 and parameters: {'l1_ratio': 0.44646920305264637, 'C': 0.467529194449513}. Best is trial 0 with value: 1.0.
Trial 47 finished with value: 1.0 and parameters: {'l1_ratio': 0.5886189063042896, 'C': 0.651683013366294}. Best is trial 0 with value: 1.0.
Trial 48 finished with value: 1.0 and parameters: {'l1_ratio': 0.03981583179145312, 'C': 0.32814341375398615}. Best is trial 0 with value: 1.0.
Trial 49 finished with value: 1.0 and parameters: {'l1_ratio': 0.9960627810259574, 'C': 0.39950375222632095}. Best is trial 0 with value: 1.0.
Trial 50 finished with value: 1.0 and parameters: {'l1_ratio': 0.08970278840485169, 'C': 0.5139085890018643}. Best is trial 0 with value: 1.0.
Trial 51 finished with value: 1.0 and parameters: {'l1_ratio': 0.3190059622368518, 'C': 0.6685152968157759}. Best is trial 0 with value: 1.0.
Trial 52 finished with value: 1.0 and parameters: {'l1_ratio': 0.2442035493823958, 'C': 0.7456776394901409}. Best is trial 0 with value: 1.0.
Trial 53 finished with value: 1.0 and parameters: {'l1_ratio': 0.304194036129004, 'C': 0.868274090849386}. Best is trial 0 with value: 1.0.
Trial 54 finished with value: 1.0 and parameters: {'l1_ratio': 0.371259930108482, 'C': 0.34186672050886463}. Best is trial 0 with value: 1.0.
Trial 55 finished with value: 1.0 and parameters: {'l1_ratio': 0.4526621329384952, 'C': 0.4469071266121622}. Best is trial 0 with value: 1.0.
Trial 56 finished with value: 1.0 and parameters: {'l1_ratio': 0.3406261297231492, 'C': 0.21406779064431558}. Best is trial 0 with value: 1.0.
Trial 57 finished with value: 1.0 and parameters: {'l1_ratio': 0.5178508416229269, 'C': 0.27342071592559214}. Best is trial 0 with value: 1.0.
Trial 58 finished with value: 1.0 and parameters: {'l1_ratio': 0.5543342075601738, 'C': 0.5923929203019045}. Best is trial 0 with value: 1.0.
Trial 59 finished with value: 1.0 and parameters: {'l1_ratio': 0.953203818605133, 'C': 0.4025036524737235}. Best is trial 0 with value: 1.0.
Trial 60 finished with value: 1.0 and parameters: {'l1_ratio': 0.41770089994569926, 'C': 0.9964078719764914}. Best is trial 0 with value: 1.0.
Trial 61 finished with value: 1.0 and parameters: {'l1_ratio': 0.4869340761435065, 'C': 0.2672612920877903}. Best is trial 0 with value: 1.0.
Trial 62 finished with value: 1.0 and parameters: {'l1_ratio': 0.36061084046957576, 'C': 0.21242158117722354}. Best is trial 0 with value: 1.0.
Trial 63 finished with value: 1.0 and parameters: {'l1_ratio': 0.47376841325695396, 'C': 0.32784467346673846}. Best is trial 0 with value: 1.0.
Trial 64 finished with value: 1.0 and parameters: {'l1_ratio': 0.4322174275070311, 'C': 0.15356184020529712}. Best is trial 0 with value: 1.0.
Trial 65 finished with value: 1.0 and parameters: {'l1_ratio': 0.5281198137060612, 'C': 0.5095503766708469}. Best is trial 0 with value: 1.0.
Trial 66 finished with value: 1.0 and parameters: {'l1_ratio': 0.9749085157736175, 'C': 0.35968647149776084}. Best is trial 0 with value: 1.0.
Trial 67 finished with value: 1.0 and parameters: {'l1_ratio': 0.3890285915790689, 'C': 0.22942310420120676}. Best is trial 0 with value: 1.0.
Trial 68 finished with value: 1.0 and parameters: {'l1_ratio': 0.32875766300683185, 'C': 0.29759605010876705}. Best is trial 0 with value: 1.0.
Trial 69 finished with value: 1.0 and parameters: {'l1_ratio': 0.8926707331442632, 'C': 0.46196837755968917}. Best is trial 0 with value: 1.0.
Trial 70 finished with value: 1.0 and parameters: {'l1_ratio': 0.502763729735748, 'C': 0.2516942621657241}. Best is trial 0 with value: 1.0.
Trial 71 finished with value: 1.0 and parameters: {'l1_ratio': 0.9297064759772712, 'C': 0.8292313507080633}. Best is trial 0 with value: 1.0.
Trial 72 finished with value: 1.0 and parameters: {'l1_ratio': 0.1675383907479134, 'C': 0.6370864119993388}. Best is trial 0 with value: 1.0.
Trial 73 finished with value: 1.0 and parameters: {'l1_ratio': 0.26844900119624515, 'C': 0.8844662975030276}. Best is trial 0 with value: 1.0.
Trial 74 finished with value: 1.0 and parameters: {'l1_ratio': 0.40511466133491103, 'C': 0.711138712536435}. Best is trial 0 with value: 1.0.
Trial 75 finished with value: 1.0 and parameters: {'l1_ratio': 0.5532231725737103, 'C': 0.80610724053211}. Best is trial 0 with value: 1.0.
Trial 76 finished with value: 1.0 and parameters: {'l1_ratio': 0.4803109567162851, 'C': 0.6164056616795404}. Best is trial 0 with value: 1.0.
Trial 77 finished with value: 1.0 and parameters: {'l1_ratio': 0.4565381791907204, 'C': 0.5328266276939507}. Best is trial 0 with value: 1.0.
Trial 78 finished with value: 1.0 and parameters: {'l1_ratio': 0.6145735968290075, 'C': 0.7603492389220341}. Best is trial 0 with value: 1.0.
Trial 79 finished with value: 1.0 and parameters: {'l1_ratio': 0.8478819426112074, 'C': 0.9036745567201685}. Best is trial 0 with value: 1.0.
Trial 80 finished with value: 1.0 and parameters: {'l1_ratio': 0.41757194192768066, 'C': 0.5508638658335336}. Best is trial 0 with value: 1.0.
Trial 81 finished with value: 1.0 and parameters: {'l1_ratio': 0.7791285511427709, 'C': 0.4302188343130518}. Best is trial 0 with value: 1.0.
Trial 82 finished with value: 1.0 and parameters: {'l1_ratio': 0.9058649603600154, 'C': 0.6706161805680135}. Best is trial 0 with value: 1.0.
Trial 83 finished with value: 1.0 and parameters: {'l1_ratio': 0.6678881512627938, 'C': 0.354112688961536}. Best is trial 0 with value: 1.0.
Trial 84 finished with value: 1.0 and parameters: {'l1_ratio': 0.9855475555311107, 'C': 0.9991285797437307}. Best is trial 0 with value: 1.0.
Trial 85 finished with value: 1.0 and parameters: {'l1_ratio': 0.8641843314156845, 'C': 0.5699743792017354}. Best is trial 0 with value: 1.0.
Trial 86 finished with value: 1.0 and parameters: {'l1_ratio': 0.3800902823514221, 'C': 0.6841901048194151}. Best is trial 0 with value: 1.0.
Trial 87 finished with value: 1.0 and parameters: {'l1_ratio': 0.3523503271001358, 'C': 0.38915660308614003}. Best is trial 0 with value: 1.0.
Trial 88 finished with value: 1.0 and parameters: {'l1_ratio': 0.8277467511998599, 'C': 0.48610626375323995}. Best is trial 0 with value: 1.0.
Trial 89 finished with value: 1.0 and parameters: {'l1_ratio': 0.9681969958639125, 'C': 0.2958527804428745}. Best is trial 0 with value: 1.0.
Trial 90 finished with value: 1.0 and parameters: {'l1_ratio': 0.9303142150589854, 'C': 0.7708155973143243}. Best is trial 0 with value: 1.0.
Trial 91 finished with value: 1.0 and parameters: {'l1_ratio': 0.7133250006610966, 'C': 0.42532084004156295}. Best is trial 0 with value: 1.0.
Trial 92 finished with value: 1.0 and parameters: {'l1_ratio': 0.5798458656654286, 'C': 0.3138304391222999}. Best is trial 0 with value: 1.0.
Trial 93 finished with value: 1.0 and parameters: {'l1_ratio': 0.7843856852510375, 'C': 0.36825818093349383}. Best is trial 0 with value: 1.0.
Trial 94 finished with value: 1.0 and parameters: {'l1_ratio': 0.5171666005452829, 'C': 0.1945356835931856}. Best is trial 0 with value: 1.0.
Trial 95 finished with value: 1.0 and parameters: {'l1_ratio': 0.4319190760309405, 'C': 0.609849187896442}. Best is trial 0 with value: 1.0.
Trial 96 finished with value: 1.0 and parameters: {'l1_ratio': 0.624379991936771, 'C': 0.48779622884701906}. Best is trial 0 with value: 1.0.
Trial 97 finished with value: 1.0 and parameters: {'l1_ratio': 0.5964402320616176, 'C': 0.9148752992685055}. Best is trial 0 with value: 1.0.
Trial 98 finished with value: 1.0 and parameters: {'l1_ratio': 0.8075152709546022, 'C': 0.2576362756358446}. Best is trial 0 with value: 1.0.
Trial 99 finished with value: 1.0 and parameters: {'l1_ratio': 0.5625386309658803, 'C': 0.5437580913321194}. Best is trial 0 with value: 1.0.
A new study created in memory with name: PCA_LGBM
Trial 0 finished with value: 0.6608695652173914 and parameters: {'num_leaves': 38, 'max_depth': 5, 'learning_rate': 0.15958361345145142, 'n_estimators': 129, 'colsample_bytree': 0.3590185945748287}. Best is trial 0 with value: 0.6608695652173914.
Trial 1 finished with value: 0.6086956521739131 and parameters: {'num_leaves': 25, 'max_depth': 5, 'learning_rate': 0.07647057818629735, 'n_estimators': 74, 'colsample_bytree': 0.4578042683475224}. Best is trial 0 with value: 0.6608695652173914.
Trial 2 finished with value: 0.6000000000000001 and parameters: {'num_leaves': 44, 'max_depth': 13, 'learning_rate': 0.013435620393332466, 'n_estimators': 54, 'colsample_bytree': 0.5829053390686757}. Best is trial 0 with value: 0.6608695652173914.
Trial 3 finished with value: 0.6521739130434783 and parameters: {'num_leaves': 21, 'max_depth': 5, 'learning_rate': 0.2022019408208746, 'n_estimators': 172, 'colsample_bytree': 0.5348639731002951}. Best is trial 0 with value: 0.6608695652173914.
Trial 4 finished with value: 0.6260869565217391 and parameters: {'num_leaves': 26, 'max_depth': 5, 'learning_rate': 0.029074854237805203, 'n_estimators': 290, 'colsample_bytree': 0.7990813325990489}. Best is trial 0 with value: 0.6608695652173914.
Trial 5 finished with value: 0.6260869565217392 and parameters: {'num_leaves': 38, 'max_depth': 13, 'learning_rate': 0.14943145807734334, 'n_estimators': 57, 'colsample_bytree': 0.30719594055532584}. Best is trial 0 with value: 0.6608695652173914.
Trial 6 finished with value: 0.6434782608695653 and parameters: {'num_leaves': 15, 'max_depth': 12, 'learning_rate': 0.11432351464833031, 'n_estimators': 276, 'colsample_bytree': 0.7544125601861456}. Best is trial 0 with value: 0.6608695652173914.
Trial 7 finished with value: 0.5913043478260869 and parameters: {'num_leaves': 19, 'max_depth': 9, 'learning_rate': 0.12382811648934751, 'n_estimators': 168, 'colsample_bytree': 0.9948817983543186}. Best is trial 0 with value: 0.6608695652173914.
Trial 8 finished with value: 0.608695652173913 and parameters: {'num_leaves': 31, 'max_depth': 11, 'learning_rate': 0.07066568267215746, 'n_estimators': 249, 'colsample_bytree': 0.3843577818574228}. Best is trial 0 with value: 0.6608695652173914.
Trial 9 finished with value: 0.6434782608695653 and parameters: {'num_leaves': 28, 'max_depth': 6, 'learning_rate': 0.10563659464705918, 'n_estimators': 216, 'colsample_bytree': 0.7828300712172269}. Best is trial 0 with value: 0.6608695652173914.
Trial 10 finished with value: 0.6695652173913043 and parameters: {'num_leaves': 48, 'max_depth': 8, 'learning_rate': 0.2863709682200735, 'n_estimators': 125, 'colsample_bytree': 0.24233971312471106}. Best is trial 10 with value: 0.6695652173913043.
Trial 11 finished with value: 0.6260869565217391 and parameters: {'num_leaves': 50, 'max_depth': 8, 'learning_rate': 0.2892502830301164, 'n_estimators': 121, 'colsample_bytree': 0.20688262272817093}. Best is trial 10 with value: 0.6695652173913043.
Trial 12 finished with value: 0.6608695652173913 and parameters: {'num_leaves': 38, 'max_depth': 7, 'learning_rate': 0.2994306837929263, 'n_estimators': 121, 'colsample_bytree': 0.21816012796883397}. Best is trial 10 with value: 0.6695652173913043.
Trial 13 finished with value: 0.6695652173913043 and parameters: {'num_leaves': 48, 'max_depth': 15, 'learning_rate': 0.20188882363342572, 'n_estimators': 123, 'colsample_bytree': 0.3455217242563627}. Best is trial 10 with value: 0.6695652173913043.
Trial 14 finished with value: 0.6608695652173913 and parameters: {'num_leaves': 50, 'max_depth': 15, 'learning_rate': 0.21187445619306935, 'n_estimators': 97, 'colsample_bytree': 0.30291827353291034}. Best is trial 10 with value: 0.6695652173913043.
Trial 15 finished with value: 0.6260869565217391 and parameters: {'num_leaves': 44, 'max_depth': 15, 'learning_rate': 0.04559975643136429, 'n_estimators': 147, 'colsample_bytree': 0.4349878051973105}. Best is trial 10 with value: 0.6695652173913043.
Trial 16 finished with value: 0.6521739130434783 and parameters: {'num_leaves': 44, 'max_depth': 10, 'learning_rate': 0.21697050943771978, 'n_estimators': 215, 'colsample_bytree': 0.20182499694934683}. Best is trial 10 with value: 0.6695652173913043.
Trial 17 finished with value: 0.6521739130434783 and parameters: {'num_leaves': 47, 'max_depth': 9, 'learning_rate': 0.28424146359862495, 'n_estimators': 96, 'colsample_bytree': 0.2990194376535514}. Best is trial 10 with value: 0.6695652173913043.
Trial 18 finished with value: 0.6434782608695653 and parameters: {'num_leaves': 41, 'max_depth': 7, 'learning_rate': 0.17427599022744744, 'n_estimators': 197, 'colsample_bytree': 0.5036072482066771}. Best is trial 10 with value: 0.6695652173913043.
Trial 19 finished with value: 0.6086956521739131 and parameters: {'num_leaves': 34, 'max_depth': 14, 'learning_rate': 0.09122422986457877, 'n_estimators': 147, 'colsample_bytree': 0.41658382446317266}. Best is trial 10 with value: 0.6695652173913043.
Trial 20 finished with value: 0.6260869565217391 and parameters: {'num_leaves': 47, 'max_depth': 11, 'learning_rate': 0.1350057603568357, 'n_estimators': 96, 'colsample_bytree': 0.3122059549659416}. Best is trial 10 with value: 0.6695652173913043.
Trial 21 finished with value: 0.6260869565217392 and parameters: {'num_leaves': 35, 'max_depth': 7, 'learning_rate': 0.16663947576435348, 'n_estimators': 131, 'colsample_bytree': 0.36827407125917244}. Best is trial 10 with value: 0.6695652173913043.
Trial 22 finished with value: 0.6434782608695652 and parameters: {'num_leaves': 40, 'max_depth': 9, 'learning_rate': 0.2188405487470158, 'n_estimators': 148, 'colsample_bytree': 0.3459141448140119}. Best is trial 10 with value: 0.6695652173913043.
Trial 23 finished with value: 0.6173913043478261 and parameters: {'num_leaves': 47, 'max_depth': 6, 'learning_rate': 0.14993359216402521, 'n_estimators': 108, 'colsample_bytree': 0.2644210292932574}. Best is trial 10 with value: 0.6695652173913043.
Trial 24 finished with value: 0.6347826086956522 and parameters: {'num_leaves': 42, 'max_depth': 10, 'learning_rate': 0.21711584149216245, 'n_estimators': 75, 'colsample_bytree': 0.36604167924067277}. Best is trial 10 with value: 0.6695652173913043.
Trial 25 finished with value: 0.6260869565217391 and parameters: {'num_leaves': 37, 'max_depth': 8, 'learning_rate': 0.16238056176985402, 'n_estimators': 137, 'colsample_bytree': 0.2707666352268272}. Best is trial 10 with value: 0.6695652173913043.
Trial 26 finished with value: 0.6608695652173913 and parameters: {'num_leaves': 50, 'max_depth': 6, 'learning_rate': 0.2987608869946878, 'n_estimators': 188, 'colsample_bytree': 0.4453001852707932}. Best is trial 10 with value: 0.6695652173913043.
Trial 27 finished with value: 0.6 and parameters: {'num_leaves': 46, 'max_depth': 8, 'learning_rate': 0.11863997573224577, 'n_estimators': 80, 'colsample_bytree': 0.24711139311998875}. Best is trial 10 with value: 0.6695652173913043.
Trial 28 finished with value: 0.6347826086956522 and parameters: {'num_leaves': 32, 'max_depth': 12, 'learning_rate': 0.18308407194441775, 'n_estimators': 166, 'colsample_bytree': 0.37555349587270975}. Best is trial 10 with value: 0.6695652173913043.
