Trial 60 finished with value: 0.8 and parameters: {'l1_ratio': 0.12471806511503672, 'C': 0.05386444562889624}. Best is trial 0 with value: 0.8666666666666666.
Trial 61 finished with value: 0.8666666666666666 and parameters: {'l1_ratio': 0.0014924619835853248, 'C': 0.01279551361239751}. Best is trial 0 with value: 0.8666666666666666.
Trial 62 finished with value: 0.8666666666666666 and parameters: {'l1_ratio': 0.02613449011463824, 'C': 0.014352968057408653}. Best is trial 0 with value: 0.8666666666666666.
Trial 63 finished with value: 0.8666666666666666 and parameters: {'l1_ratio': 0.002199743009416416, 'C': 0.011604267596805141}. Best is trial 0 with value: 0.8666666666666666.
Trial 64 finished with value: 0.85 and parameters: {'l1_ratio': 0.0010782070828628497, 'C': 0.01439566112701635}. Best is trial 0 with value: 0.8666666666666666.
Trial 65 finished with value: 0.85 and parameters: {'l1_ratio': 0.027546409433182765, 'C': 0.01135318397051291}. Best is trial 0 with value: 0.8666666666666666.
Trial 66 finished with value: 0.85 and parameters: {'l1_ratio': 0.059560329397510374, 'C': 0.013904837042593219}. Best is trial 0 with value: 0.8666666666666666.
Trial 67 finished with value: 0.85 and parameters: {'l1_ratio': 0.0266212654121305, 'C': 0.011006765546825486}. Best is trial 0 with value: 0.8666666666666666.
Trial 68 finished with value: 0.85 and parameters: {'l1_ratio': 0.0663832986071862, 'C': 0.013328446600999057}. Best is trial 0 with value: 0.8666666666666666.
Trial 69 finished with value: 0.85 and parameters: {'l1_ratio': 0.00046668476870128164, 'C': 0.014861218070932573}. Best is trial 0 with value: 0.8666666666666666.
Trial 70 finished with value: 0.85 and parameters: {'l1_ratio': 0.08167994043802146, 'C': 0.012316614007352534}. Best is trial 0 with value: 0.8666666666666666.
Trial 71 finished with value: 0.8666666666666668 and parameters: {'l1_ratio': 0.12976569006636798, 'C': 0.02057910844630324}. Best is trial 71 with value: 0.8666666666666668.
Trial 72 finished with value: 0.8666666666666666 and parameters: {'l1_ratio': 0.05005817126050291, 'C': 0.021588652811225587}. Best is trial 71 with value: 0.8666666666666668.
Trial 73 finished with value: 0.8666666666666668 and parameters: {'l1_ratio': 0.12608018380719788, 'C': 0.020499103142086767}. Best is trial 71 with value: 0.8666666666666668.
Trial 74 finished with value: 0.8666666666666666 and parameters: {'l1_ratio': 0.1264770383617198, 'C': 0.01816784633544071}. Best is trial 71 with value: 0.8666666666666668.
Trial 75 finished with value: 0.8333333333333333 and parameters: {'l1_ratio': 0.1676890009402635, 'C': 0.015484204454213698}. Best is trial 71 with value: 0.8666666666666668.
Trial 76 finished with value: 0.8666666666666666 and parameters: {'l1_ratio': 0.08105867104611252, 'C': 0.011605695742123353}. Best is trial 71 with value: 0.8666666666666668.
Trial 77 finished with value: 0.8333333333333333 and parameters: {'l1_ratio': 0.10771397619789976, 'C': 0.010142950378221166}. Best is trial 71 with value: 0.8666666666666668.
Trial 78 finished with value: 0.8666666666666666 and parameters: {'l1_ratio': 0.030170772701324206, 'C': 0.01415310551083327}. Best is trial 71 with value: 0.8666666666666668.
Trial 79 finished with value: 0.8333333333333334 and parameters: {'l1_ratio': 0.1444146685703409, 'C': 0.01976725296061383}. Best is trial 71 with value: 0.8666666666666668.
Trial 80 finished with value: 0.8166666666666667 and parameters: {'l1_ratio': 0.1789382393940533, 'C': 0.025749723084142633}. Best is trial 71 with value: 0.8666666666666668.
Trial 81 finished with value: 0.8666666666666666 and parameters: {'l1_ratio': 0.044908475656560656, 'C': 0.022389440801420152}. Best is trial 71 with value: 0.8666666666666668.
Trial 82 finished with value: 0.85 and parameters: {'l1_ratio': 0.060066747867417926, 'C': 0.01755622084592117}. Best is trial 71 with value: 0.8666666666666668.
Trial 83 finished with value: 0.85 and parameters: {'l1_ratio': 0.10652772356544864, 'C': 0.02113027856112214}. Best is trial 71 with value: 0.8666666666666668.
Trial 84 finished with value: 0.8333333333333334 and parameters: {'l1_ratio': 0.015643155366819556, 'C': 0.031916267815804325}. Best is trial 71 with value: 0.8666666666666668.
Trial 85 finished with value: 0.85 and parameters: {'l1_ratio': 0.078235674800147, 'C': 0.015770056719340293}. Best is trial 71 with value: 0.8666666666666668.
Trial 86 finished with value: 0.85 and parameters: {'l1_ratio': 0.042541034566535324, 'C': 0.024916070391948583}. Best is trial 71 with value: 0.8666666666666668.
Trial 87 finished with value: 0.8333333333333334 and parameters: {'l1_ratio': 0.13858211075246293, 'C': 0.02103246027655083}. Best is trial 71 with value: 0.8666666666666668.
Trial 88 finished with value: 0.8666666666666666 and parameters: {'l1_ratio': 0.00022615979895170696, 'C': 0.012813410772752528}. Best is trial 71 with value: 0.8666666666666668.
Trial 89 finished with value: 0.85 and parameters: {'l1_ratio': 0.09764006945012937, 'C': 0.01720142442661041}. Best is trial 71 with value: 0.8666666666666668.
Trial 90 finished with value: 0.8166666666666667 and parameters: {'l1_ratio': 0.20543657623104145, 'C': 0.034945886999328664}. Best is trial 71 with value: 0.8666666666666668.
Trial 91 finished with value: 0.85 and parameters: {'l1_ratio': 0.13002220541551665, 'C': 0.01831434065670293}. Best is trial 71 with value: 0.8666666666666668.
Trial 92 finished with value: 0.8666666666666666 and parameters: {'l1_ratio': 0.06116611370195682, 'C': 0.022951466324518426}. Best is trial 71 with value: 0.8666666666666668.
Trial 93 finished with value: 0.8666666666666668 and parameters: {'l1_ratio': 0.11964427838953916, 'C': 0.019309804330182027}. Best is trial 71 with value: 0.8666666666666668.
Trial 94 finished with value: 0.85 and parameters: {'l1_ratio': 0.16093161317691762, 'C': 0.027540577613687146}. Best is trial 71 with value: 0.8666666666666668.
Trial 95 finished with value: 0.8666666666666668 and parameters: {'l1_ratio': 0.09474717875450436, 'C': 0.015244376764146863}. Best is trial 71 with value: 0.8666666666666668.
Trial 96 finished with value: 0.8666666666666666 and parameters: {'l1_ratio': 0.10506471067714515, 'C': 0.01549449641147301}. Best is trial 71 with value: 0.8666666666666668.
Trial 97 finished with value: 0.8166666666666668 and parameters: {'l1_ratio': 0.18152932047857334, 'C': 0.01355634032797486}. Best is trial 71 with value: 0.8666666666666668.
Trial 98 finished with value: 0.85 and parameters: {'l1_ratio': 0.02425016703555665, 'C': 0.019301105832545278}. Best is trial 71 with value: 0.8666666666666668.
Trial 99 finished with value: 0.7666666666666667 and parameters: {'l1_ratio': 0.2436282855420724, 'C': 0.01121270635283704}. Best is trial 71 with value: 0.8666666666666668.
A new study created in memory with name: PCA_LR
Trial 0 finished with value: 1.0 and parameters: {'l1_ratio': 0.4101711841539861, 'C': 0.22589219921609824}. Best is trial 0 with value: 1.0.
Trial 1 finished with value: 1.0 and parameters: {'l1_ratio': 0.32205127570358505, 'C': 0.6370587786372404}. Best is trial 0 with value: 1.0.
Trial 2 finished with value: 0.9333333333333332 and parameters: {'l1_ratio': 0.8542244377215735, 'C': 0.09183081027441298}. Best is trial 0 with value: 1.0.
Trial 3 finished with value: 1.0 and parameters: {'l1_ratio': 0.033619955896938, 'C': 0.45671408501620603}. Best is trial 0 with value: 1.0.
Trial 4 finished with value: 0.7333333333333332 and parameters: {'l1_ratio': 0.7970902618798817, 'C': 0.015464990567203534}. Best is trial 0 with value: 1.0.
Trial 5 finished with value: 1.0 and parameters: {'l1_ratio': 0.04905822393039083, 'C': 0.16867148438975813}. Best is trial 0 with value: 1.0.
Trial 6 finished with value: 1.0 and parameters: {'l1_ratio': 0.30210795103656773, 'C': 0.1949615802555335}. Best is trial 0 with value: 1.0.
Trial 7 finished with value: 1.0 and parameters: {'l1_ratio': 0.7297968599490449, 'C': 0.1319437329832665}. Best is trial 0 with value: 1.0.
Trial 8 finished with value: 1.0 and parameters: {'l1_ratio': 0.006511862029234705, 'C': 0.7249418887599355}. Best is trial 0 with value: 1.0.
Trial 9 finished with value: 1.0 and parameters: {'l1_ratio': 0.49019415313056536, 'C': 0.8796898401436843}. Best is trial 0 with value: 1.0.
Trial 10 finished with value: 0.9333333333333332 and parameters: {'l1_ratio': 0.5744844856895992, 'C': 0.050838934659133556}. Best is trial 0 with value: 1.0.
Trial 11 finished with value: 1.0 and parameters: {'l1_ratio': 0.3365097250048677, 'C': 0.3859191784417921}. Best is trial 0 with value: 1.0.
Trial 12 finished with value: 1.0 and parameters: {'l1_ratio': 0.30127856037991246, 'C': 0.36662980368063103}. Best is trial 0 with value: 1.0.
Trial 13 finished with value: 1.0 and parameters: {'l1_ratio': 0.4789080226516365, 'C': 0.9930672022136597}. Best is trial 0 with value: 1.0.
Trial 14 finished with value: 1.0 and parameters: {'l1_ratio': 0.20214348398134496, 'C': 0.25590390211741365}. Best is trial 0 with value: 1.0.
Trial 15 finished with value: 1.0 and parameters: {'l1_ratio': 0.9829937332344689, 'C': 0.5852993208389113}. Best is trial 0 with value: 1.0.
Trial 16 finished with value: 1.0 and parameters: {'l1_ratio': 0.6003493999335379, 'C': 0.32703391966440165}. Best is trial 0 with value: 1.0.
Trial 17 finished with value: 1.0 and parameters: {'l1_ratio': 0.4098412894519658, 'C': 0.5572419969236384}. Best is trial 0 with value: 1.0.
Trial 18 finished with value: 1.0 and parameters: {'l1_ratio': 0.17093944562855878, 'C': 0.2340369879234913}. Best is trial 0 with value: 1.0.
Trial 19 finished with value: 1.0 and parameters: {'l1_ratio': 0.40698197906553046, 'C': 0.5957370993002747}. Best is trial 0 with value: 1.0.
Trial 20 finished with value: 1.0 and parameters: {'l1_ratio': 0.6025350184868707, 'C': 0.9980434725878308}. Best is trial 0 with value: 1.0.
Trial 21 finished with value: 1.0 and parameters: {'l1_ratio': 0.16415844182204625, 'C': 0.4409158973078513}. Best is trial 0 with value: 1.0.
Trial 22 finished with value: 1.0 and parameters: {'l1_ratio': 0.08768772091461238, 'C': 0.3162139991221181}. Best is trial 0 with value: 1.0.
Trial 23 finished with value: 1.0 and parameters: {'l1_ratio': 0.26506592798904777, 'C': 0.48714220971536354}. Best is trial 0 with value: 1.0.
Trial 24 finished with value: 1.0 and parameters: {'l1_ratio': 0.10955065153911847, 'C': 0.2691700816550531}. Best is trial 0 with value: 1.0.
Trial 25 finished with value: 0.9777777777777779 and parameters: {'l1_ratio': 0.002080172792020045, 'C': 0.5999503485934209}. Best is trial 0 with value: 1.0.
Trial 26 finished with value: 1.0 and parameters: {'l1_ratio': 0.2504631051480854, 'C': 0.4145995859953393}. Best is trial 0 with value: 1.0.
Trial 27 finished with value: 1.0 and parameters: {'l1_ratio': 0.13119523266630273, 'C': 0.7302913133108226}. Best is trial 0 with value: 1.0.
Trial 28 finished with value: 1.0 and parameters: {'l1_ratio': 0.3720573394343093, 'C': 0.1741230463300519}. Best is trial 0 with value: 1.0.
Trial 29 finished with value: 1.0 and parameters: {'l1_ratio': 0.22089507681705123, 'C': 0.10181899464518554}. Best is trial 0 with value: 1.0.
Trial 30 finished with value: 1.0 and parameters: {'l1_ratio': 0.2409462934456268, 'C': 0.3026163862311966}. Best is trial 0 with value: 1.0.
Trial 31 finished with value: 1.0 and parameters: {'l1_ratio': 0.07291217714957912, 'C': 0.1861211354130272}. Best is trial 0 with value: 1.0.
Trial 32 finished with value: 1.0 and parameters: {'l1_ratio': 0.033989846795865454, 'C': 0.14507052856002106}. Best is trial 0 with value: 1.0.
Trial 33 finished with value: 1.0 and parameters: {'l1_ratio': 0.1447564727835764, 'C': 0.22516381430808188}. Best is trial 0 with value: 1.0.
Trial 34 finished with value: 1.0 and parameters: {'l1_ratio': 0.05277795043164141, 'C': 0.07216566052859887}. Best is trial 0 with value: 1.0.
Trial 35 finished with value: 1.0 and parameters: {'l1_ratio': 0.10803766810919169, 'C': 0.1340141246344657}. Best is trial 0 with value: 1.0.
Trial 36 finished with value: 1.0 and parameters: {'l1_ratio': 0.30964685301494194, 'C': 0.4449024920507923}. Best is trial 0 with value: 1.0.
Trial 37 finished with value: 1.0 and parameters: {'l1_ratio': 0.19347435909078, 'C': 0.7464347826086901}. Best is trial 0 with value: 1.0.
Trial 38 finished with value: 1.0 and parameters: {'l1_ratio': 0.045501766723595155, 'C': 0.20339265981153815}. Best is trial 0 with value: 1.0.
Trial 39 finished with value: 1.0 and parameters: {'l1_ratio': 0.08340757682040158, 'C': 0.3591859609984977}. Best is trial 0 with value: 1.0.
Trial 40 finished with value: 1.0 and parameters: {'l1_ratio': 0.2785604753626053, 'C': 0.2705034866134126}. Best is trial 0 with value: 1.0.
Trial 41 finished with value: 1.0 and parameters: {'l1_ratio': 0.3447659242415211, 'C': 0.14954310649792552}. Best is trial 0 with value: 1.0.
Trial 42 finished with value: 1.0 and parameters: {'l1_ratio': 0.21050279462461025, 'C': 0.10665517296254712}. Best is trial 0 with value: 1.0.
Trial 43 finished with value: 1.0 and parameters: {'l1_ratio': 0.30425306472726127, 'C': 0.20069821080230552}. Best is trial 0 with value: 1.0.
Trial 44 finished with value: 1.0 and parameters: {'l1_ratio': 0.46034815901298615, 'C': 0.3362440575230716}. Best is trial 0 with value: 1.0.
Trial 45 finished with value: 1.0 and parameters: {'l1_ratio': 0.3620250221308089, 'C': 0.25329506404621177}. Best is trial 0 with value: 1.0.
Trial 46 finished with value: 1.0 and parameters: {'l1_ratio': 0.15252512219532485, 'C': 0.18137271078586556}. Best is trial 0 with value: 1.0.
Trial 47 finished with value: 1.0 and parameters: {'l1_ratio': 0.014224691560698888, 'C': 0.3801094351148151}. Best is trial 0 with value: 1.0.
Trial 48 finished with value: 1.0 and parameters: {'l1_ratio': 0.41703793439465153, 'C': 0.8520552636308191}. Best is trial 0 with value: 1.0.
Trial 49 finished with value: 1.0 and parameters: {'l1_ratio': 0.5367150559468691, 'C': 0.11498751952410134}. Best is trial 0 with value: 1.0.
Trial 50 finished with value: 1.0 and parameters: {'l1_ratio': 0.32076122005131463, 'C': 0.504802495371735}. Best is trial 0 with value: 1.0.
Trial 51 finished with value: 1.0 and parameters: {'l1_ratio': 0.6607989090847908, 'C': 0.08828166724621739}. Best is trial 0 with value: 1.0.
Trial 52 finished with value: 1.0 and parameters: {'l1_ratio': 0.44433448308266305, 'C': 0.2317506113252062}. Best is trial 0 with value: 1.0.
Trial 53 finished with value: 1.0 and parameters: {'l1_ratio': 0.5101285641018589, 'C': 0.14869196173210172}. Best is trial 0 with value: 1.0.
Trial 54 finished with value: 1.0 and parameters: {'l1_ratio': 0.2860834961385555, 'C': 0.29542203952827867}. Best is trial 0 with value: 1.0.
Trial 55 finished with value: 1.0 and parameters: {'l1_ratio': 0.36974945197988607, 'C': 0.5739972679185708}. Best is trial 0 with value: 1.0.
Trial 56 finished with value: 1.0 and parameters: {'l1_ratio': 0.19493544184649775, 'C': 0.3937761065895583}. Best is trial 0 with value: 1.0.
Trial 57 finished with value: 1.0 and parameters: {'l1_ratio': 0.2446261565490509, 'C': 0.24569795858185348}. Best is trial 0 with value: 1.0.
Trial 58 finished with value: 0.9777777777777779 and parameters: {'l1_ratio': 0.0002453157172806336, 'C': 0.1765413999364871}. Best is trial 0 with value: 1.0.
Trial 59 finished with value: 1.0 and parameters: {'l1_ratio': 0.11906295524178376, 'C': 0.6786830085799901}. Best is trial 0 with value: 1.0.
Trial 60 finished with value: 1.0 and parameters: {'l1_ratio': 0.17915693519411854, 'C': 0.49257995934377385}. Best is trial 0 with value: 1.0.
Trial 61 finished with value: 1.0 and parameters: {'l1_ratio': 0.080341817403949, 'C': 0.9182448475892211}. Best is trial 0 with value: 1.0.
Trial 62 finished with value: 1.0 and parameters: {'l1_ratio': 0.058338525864986, 'C': 0.6469913610820688}. Best is trial 0 with value: 1.0.
Trial 63 finished with value: 1.0 and parameters: {'l1_ratio': 0.133472601348825, 'C': 0.8257157547356384}. Best is trial 0 with value: 1.0.
Trial 64 finished with value: 1.0 and parameters: {'l1_ratio': 0.029369333520051454, 'C': 0.44716351494656287}. Best is trial 0 with value: 1.0.
Trial 65 finished with value: 1.0 and parameters: {'l1_ratio': 0.09585846768261715, 'C': 0.5503679859654204}. Best is trial 0 with value: 1.0.
Trial 66 finished with value: 1.0 and parameters: {'l1_ratio': 0.4040770816376982, 'C': 0.7480682319855995}. Best is trial 0 with value: 1.0.
Trial 67 finished with value: 1.0 and parameters: {'l1_ratio': 0.038287981275752773, 'C': 0.31242804302571847}. Best is trial 0 with value: 1.0.
Trial 68 finished with value: 1.0 and parameters: {'l1_ratio': 0.15989947165967747, 'C': 0.20805286341568527}. Best is trial 0 with value: 1.0.
Trial 69 finished with value: 1.0 and parameters: {'l1_ratio': 0.27352158564181683, 'C': 0.992845743186489}. Best is trial 0 with value: 1.0.
Trial 70 finished with value: 1.0 and parameters: {'l1_ratio': 0.3322634829937071, 'C': 0.12857736291470762}. Best is trial 0 with value: 1.0.
Trial 71 finished with value: 1.0 and parameters: {'l1_ratio': 0.0662750390554935, 'C': 0.65080730007777}. Best is trial 0 with value: 1.0.
Trial 72 finished with value: 1.0 and parameters: {'l1_ratio': 0.4750710117880871, 'C': 0.8207137164657633}. Best is trial 0 with value: 1.0.
Trial 73 finished with value: 1.0 and parameters: {'l1_ratio': 0.10662380578898936, 'C': 0.5879175517321316}. Best is trial 0 with value: 1.0.
Trial 74 finished with value: 1.0 and parameters: {'l1_ratio': 0.2398243928506779, 'C': 0.353436177458901}. Best is trial 0 with value: 1.0.
Trial 75 finished with value: 1.0 and parameters: {'l1_ratio': 0.020337641770206118, 'C': 0.1572456464340992}. Best is trial 0 with value: 1.0.
Trial 76 finished with value: 1.0 and parameters: {'l1_ratio': 0.3849547425134343, 'C': 0.7530588925949804}. Best is trial 0 with value: 1.0.
Trial 77 finished with value: 1.0 and parameters: {'l1_ratio': 0.42334219872804374, 'C': 0.4441882884839618}. Best is trial 0 with value: 1.0.
Trial 78 finished with value: 1.0 and parameters: {'l1_ratio': 0.3399356519002004, 'C': 0.21992395024232325}. Best is trial 0 with value: 1.0.
Trial 79 finished with value: 1.0 and parameters: {'l1_ratio': 0.21650446055181605, 'C': 0.2772865863403209}. Best is trial 0 with value: 1.0.
Trial 80 finished with value: 1.0 and parameters: {'l1_ratio': 0.3020692241885823, 'C': 0.16325471418299273}. Best is trial 0 with value: 1.0.
Trial 81 finished with value: 1.0 and parameters: {'l1_ratio': 0.4466721727085865, 'C': 0.3745545501745299}. Best is trial 0 with value: 1.0.
Trial 82 finished with value: 1.0 and parameters: {'l1_ratio': 0.3908236792980289, 'C': 0.510933560878145}. Best is trial 0 with value: 1.0.
Trial 83 finished with value: 1.0 and parameters: {'l1_ratio': 0.3434066045957169, 'C': 0.19453808322185462}. Best is trial 0 with value: 1.0.
Trial 84 finished with value: 1.0 and parameters: {'l1_ratio': 0.49944269768293004, 'C': 0.4117932748243574}. Best is trial 0 with value: 1.0.
Trial 85 finished with value: 1.0 and parameters: {'l1_ratio': 0.0024663852913857746, 'C': 0.3253706183085754}. Best is trial 0 with value: 1.0.
Trial 86 finished with value: 1.0 and parameters: {'l1_ratio': 0.36323299340693005, 'C': 0.2523769890317785}. Best is trial 0 with value: 1.0.
Trial 87 finished with value: 1.0 and parameters: {'l1_ratio': 0.06709814875675887, 'C': 0.6481756600958882}. Best is trial 0 with value: 1.0.
Trial 88 finished with value: 1.0 and parameters: {'l1_ratio': 0.2603539773981158, 'C': 0.5266666317586156}. Best is trial 0 with value: 1.0.
Trial 89 finished with value: 1.0 and parameters: {'l1_ratio': 0.2921236441079901, 'C': 0.1265083722684395}. Best is trial 0 with value: 1.0.
Trial 90 finished with value: 1.0 and parameters: {'l1_ratio': 0.13400726079062714, 'C': 0.16667209602182056}. Best is trial 0 with value: 1.0.
Trial 91 finished with value: 1.0 and parameters: {'l1_ratio': 0.3037642769652412, 'C': 0.4532581648135182}. Best is trial 0 with value: 1.0.
Trial 92 finished with value: 1.0 and parameters: {'l1_ratio': 0.1799422420209168, 'C': 0.34472594598425266}. Best is trial 0 with value: 1.0.
Trial 93 finished with value: 1.0 and parameters: {'l1_ratio': 0.3227957833421915, 'C': 0.2733138581911546}. Best is trial 0 with value: 1.0.
Trial 94 finished with value: 1.0 and parameters: {'l1_ratio': 0.4221068116441837, 'C': 0.597850959707285}. Best is trial 0 with value: 1.0.
Trial 95 finished with value: 1.0 and parameters: {'l1_ratio': 0.033826722558250484, 'C': 0.2325831802865029}. Best is trial 0 with value: 1.0.
Trial 96 finished with value: 1.0 and parameters: {'l1_ratio': 0.23095868914966688, 'C': 0.4009624331310048}. Best is trial 0 with value: 1.0.
Trial 97 finished with value: 1.0 and parameters: {'l1_ratio': 0.3549692428462378, 'C': 0.28971255422145636}. Best is trial 0 with value: 1.0.
Trial 98 finished with value: 1.0 and parameters: {'l1_ratio': 0.26377949953741303, 'C': 0.481996286964772}. Best is trial 0 with value: 1.0.
Trial 99 finished with value: 1.0 and parameters: {'l1_ratio': 0.08795123134676877, 'C': 0.1803297037171768}. Best is trial 0 with value: 1.0.
A new study created in memory with name: SPCA_LR
Trial 0 finished with value: 0.6888888888888889 and parameters: {'l1_ratio': 0.5392734951917066, 'C': 0.011642085509222822}. Best is trial 0 with value: 0.6888888888888889.
Trial 1 finished with value: 0.9777777777777779 and parameters: {'l1_ratio': 0.14214686864938608, 'C': 0.051164848173741416}. Best is trial 1 with value: 0.9777777777777779.
Trial 2 finished with value: 1.0 and parameters: {'l1_ratio': 0.16697440200528768, 'C': 0.33436252239259606}. Best is trial 2 with value: 1.0.
Trial 3 finished with value: 0.9777777777777779 and parameters: {'l1_ratio': 0.6027785301147115, 'C': 0.27900369068196956}. Best is trial 2 with value: 1.0.
