number,value,datetime_start,datetime_complete,duration,params_C,params_l1_ratio,state
0,0.6956521739130436,2023-02-01 00:53:57.348822,2023-02-01 00:53:57.399228,0 days 00:00:00.050406,0.012135060576925734,0.43966014084087146,COMPLETE
1,0.7130434782608696,2023-02-01 00:53:57.400200,2023-02-01 00:53:57.479795,0 days 00:00:00.079595,0.3531818313633428,0.8366926277045783,COMPLETE
2,0.5826086956521739,2023-02-01 00:53:57.479965,2023-02-01 00:53:57.531703,0 days 00:00:00.051738,0.01127674557851842,0.7116858795638467,COMPLETE
3,0.7130434782608696,2023-02-01 00:53:57.532125,2023-02-01 00:53:57.612585,0 days 00:00:00.080460,0.2926501056447499,0.7271568090909609,COMPLETE
4,0.7304347826086957,2023-02-01 00:53:57.612741,2023-02-01 00:53:57.632968,0 days 00:00:00.020227,0.0217873520943322,0.3790598149092753,COMPLETE
5,0.7217391304347827,2023-02-01 00:53:57.633106,2023-02-01 00:53:57.656942,0 days 00:00:00.023836,0.0742044757382088,0.37311786357295085,COMPLETE
6,0.7130434782608696,2023-02-01 00:53:57.657077,2023-02-01 00:53:57.683297,0 days 00:00:00.026220,0.09173559177702216,0.13373697530553985,COMPLETE
7,0.5826086956521739,2023-02-01 00:53:57.683431,2023-02-01 00:53:57.698693,0 days 00:00:00.015262,0.013134188128971163,0.9345057943374023,COMPLETE
8,0.7130434782608696,2023-02-01 00:53:57.698843,2023-02-01 00:53:57.727765,0 days 00:00:00.028922,0.19436033198284694,0.21306419638292606,COMPLETE
9,0.7304347826086957,2023-02-01 00:53:57.727934,2023-02-01 00:53:57.763548,0 days 00:00:00.035614,0.8899149993609727,0.04977140924913381,COMPLETE
10,0.7304347826086957,2023-02-01 00:53:57.763686,2023-02-01 00:53:57.788880,0 days 00:00:00.025194,0.0355464474496979,0.5595226812128019,COMPLETE
11,0.7304347826086957,2023-02-01 00:53:57.789024,2023-02-01 00:53:57.827242,0 days 00:00:00.038218,0.8671605888728929,0.07662603074288125,COMPLETE
12,0.7304347826086957,2023-02-01 00:53:57.827383,2023-02-01 00:53:57.865615,0 days 00:00:00.038232,0.9262198333828072,0.02747927524708994,COMPLETE
13,0.7217391304347827,2023-02-01 00:53:57.865753,2023-02-01 00:53:57.891284,0 days 00:00:00.025531,0.04753222425526176,0.2546409846064032,COMPLETE
14,0.7217391304347827,2023-02-01 00:53:57.891420,2023-02-01 00:53:57.916033,0 days 00:00:00.024613,0.03340251477256477,0.27062582626340315,COMPLETE
15,0.7130434782608696,2023-02-01 00:53:57.916205,2023-02-01 00:53:57.949437,0 days 00:00:00.033232,0.1539858394062798,0.007129494569672483,COMPLETE
16,0.7130434782608696,2023-02-01 00:53:57.949604,2023-02-01 00:53:57.984930,0 days 00:00:00.035326,0.4805713821939592,0.35113647885499405,COMPLETE
17,0.7043478260869566,2023-02-01 00:53:57.985073,2023-02-01 00:53:58.015287,0 days 00:00:00.030214,0.16409113965294536,0.16465631656049062,COMPLETE
18,0.7217391304347827,2023-02-01 00:53:58.015425,2023-02-01 00:53:58.039909,0 days 00:00:00.024484,0.024295108845955628,0.14107905544206858,COMPLETE
19,0.7217391304347827,2023-02-01 00:53:58.040049,2023-02-01 00:53:58.065648,0 days 00:00:00.025599,0.075763577938251,0.5286596749156509,COMPLETE
20,0.7217391304347827,2023-02-01 00:53:58.065787,2023-02-01 00:53:58.101440,0 days 00:00:00.035653,0.6165147680831288,0.3199111115298331,COMPLETE
21,0.7391304347826086,2023-02-01 00:53:58.101591,2023-02-01 00:53:58.124350,0 days 00:00:00.022759,0.026648545186161283,0.515466137844458,COMPLETE
22,0.7130434782608696,2023-02-01 00:53:58.124482,2023-02-01 00:53:58.146977,0 days 00:00:00.022495,0.019551809683565822,0.43635032496673026,COMPLETE
23,0.6869565217391305,2023-02-01 00:53:58.147113,2023-02-01 00:53:58.169466,0 days 00:00:00.022353,0.018851434282426267,0.5878006119553252,COMPLETE
24,0.7304347826086957,2023-02-01 00:53:58.169605,2023-02-01 00:53:58.194390,0 days 00:00:00.024785,0.04999614094990491,0.43564814072091795,COMPLETE
25,0.7217391304347827,2023-02-01 00:53:58.194526,2023-02-01 00:53:58.220146,0 days 00:00:00.025620,0.051713747386264435,0.22208293284028185,COMPLETE
26,0.6956521739130435,2023-02-01 00:53:58.220285,2023-02-01 00:53:58.250775,0 days 00:00:00.030490,0.11492383288500505,0.08252783596567138,COMPLETE
27,0.7130434782608696,2023-02-01 00:53:58.250921,2023-02-01 00:53:58.273815,0 days 00:00:00.022894,0.027291454656404507,0.6302824266298632,COMPLETE
28,0.6869565217391305,2023-02-01 00:53:58.273951,2023-02-01 00:53:58.296031,0 days 00:00:00.022080,0.015524809721469073,0.4779613219381188,COMPLETE
29,0.7043478260869566,2023-02-01 00:53:58.296170,2023-02-01 00:53:58.318439,0 days 00:00:00.022269,0.015642831953137707,0.4186367007567818,COMPLETE
30,0.6956521739130435,2023-02-01 00:53:58.318579,2023-02-01 00:53:58.341102,0 days 00:00:00.022523,0.011489626903045615,0.3051254070438574,COMPLETE
31,0.7304347826086957,2023-02-01 00:53:58.341260,2023-02-01 00:53:58.366690,0 days 00:00:00.025430,0.034349027546605425,0.5348068725425367,COMPLETE
32,0.7304347826086957,2023-02-01 00:53:58.366842,2023-02-01 00:53:58.390283,0 days 00:00:00.023441,0.02151210542539338,0.37770695406777494,COMPLETE
33,0.7304347826086957,2023-02-01 00:53:58.390421,2023-02-01 00:53:58.414593,0 days 00:00:00.024172,0.03559596068726727,0.4956894066007415,COMPLETE
34,0.7217391304347827,2023-02-01 00:53:58.414730,2023-02-01 00:53:58.437240,0 days 00:00:00.022510,0.027239884037344626,0.6087997742611614,COMPLETE
35,0.7304347826086957,2023-02-01 00:53:58.437379,2023-02-01 00:53:58.461875,0 days 00:00:00.024496,0.05922946600119365,0.7024637692634739,COMPLETE
36,0.6956521739130436,2023-02-01 00:53:58.462012,2023-02-01 00:53:58.482048,0 days 00:00:00.020036,0.010476635412790682,0.36976306520742674,COMPLETE
37,0.7130434782608696,2023-02-01 00:53:58.482188,2023-02-01 00:53:58.514941,0 days 00:00:00.032753,0.2701372780503472,0.47637384939736854,COMPLETE
38,0.7217391304347827,2023-02-01 00:53:58.515087,2023-02-01 00:53:58.539243,0 days 00:00:00.024156,0.03546514628727372,0.5716791612030767,COMPLETE
39,0.7217391304347827,2023-02-01 00:53:58.539387,2023-02-01 00:53:58.564926,0 days 00:00:00.025539,0.10031714866787593,0.6596509368815197,COMPLETE
40,0.7130434782608696,2023-02-01 00:53:58.565062,2023-02-01 00:53:58.596283,0 days 00:00:00.031221,0.3415987276316641,0.7547481848860892,COMPLETE
41,0.7304347826086957,2023-02-01 00:53:58.596423,2023-02-01 00:53:58.634812,0 days 00:00:00.038389,0.8821196757135541,0.04692283026780769,COMPLETE
42,0.7217391304347827,2023-02-01 00:53:58.634957,2023-02-01 00:53:58.672036,0 days 00:00:00.037079,0.5958808355472301,0.08190058288659499,COMPLETE
43,0.7304347826086957,2023-02-01 00:53:58.672183,2023-02-01 00:53:58.710537,0 days 00:00:00.038354,0.9565941046144085,0.1929479327335527,COMPLETE
44,0.7043478260869565,2023-02-01 00:53:58.710679,2023-02-01 00:53:58.740430,0 days 00:00:00.029751,0.04229663548131538,0.001394370085892209,COMPLETE
45,0.7217391304347827,2023-02-01 00:53:58.740577,2023-02-01 00:53:58.776555,0 days 00:00:00.035978,0.44963784219173425,0.0987722902595816,COMPLETE
46,0.7130434782608696,2023-02-01 00:53:58.776697,2023-02-01 00:53:58.810006,0 days 00:00:00.033309,0.23059829966455625,0.15146080120615496,COMPLETE
47,0.7217391304347827,2023-02-01 00:53:58.810148,2023-02-01 00:53:58.846800,0 days 00:00:00.036652,0.7461940710573626,0.2573545047446339,COMPLETE
48,0.7130434782608696,2023-02-01 00:53:58.846946,2023-02-01 00:53:58.882145,0 days 00:00:00.035199,0.41567591207255333,0.1927754175225507,COMPLETE
49,0.7304347826086957,2023-02-01 00:53:58.882287,2023-02-01 00:53:58.920236,0 days 00:00:00.037949,0.7454251794315694,0.12696462536552344,COMPLETE
