number,value,datetime_start,datetime_complete,duration,params_max_depth,params_min_child_samples,params_min_split_gain,params_num_leaves,state
0,0.735103155103155,2023-01-31 16:04:29.770092,2023-01-31 16:04:29.861998,0 days 00:00:00.091906,0,10000,10.20491605326625,1216,COMPLETE
1,0.735103155103155,2023-01-31 16:04:29.862993,2023-01-31 16:04:29.957742,0 days 00:00:00.094749,11,4300,4.958481097230447,873,COMPLETE
2,0.735103155103155,2023-01-31 16:04:29.959736,2023-01-31 16:04:30.051489,0 days 00:00:00.091753,10,5000,3.9879310932884735,802,COMPLETE
3,0.735103155103155,2023-01-31 16:04:30.052486,2023-01-31 16:04:30.153216,0 days 00:00:00.100730,8,4600,14.59397842808885,757,COMPLETE
4,0.735103155103155,2023-01-31 16:04:30.154213,2023-01-31 16:04:30.257936,0 days 00:00:00.103723,9,700,7.369078466491708,735,COMPLETE
5,0.735103155103155,2023-01-31 16:04:30.258933,2023-01-31 16:04:30.393573,0 days 00:00:00.134640,0,2700,10.39237950838603,1369,COMPLETE
6,0.735103155103155,2023-01-31 16:04:30.395567,2023-01-31 16:04:30.512254,0 days 00:00:00.116687,8,7900,3.2811153588592235,1345,COMPLETE
7,0.735103155103155,2023-01-31 16:04:30.514251,2023-01-31 16:04:30.613982,0 days 00:00:00.099731,2,2000,2.444044516880824,1346,COMPLETE
8,0.735103155103155,2023-01-31 16:04:30.615977,2023-01-31 16:04:30.733661,0 days 00:00:00.117684,9,4200,1.589601380391565,832,COMPLETE
9,0.735103155103155,2023-01-31 16:04:30.735656,2023-01-31 16:04:30.835388,0 days 00:00:00.099732,13,2100,2.0882358570032378,313,COMPLETE
10,0.735103155103155,2023-01-31 16:04:30.836386,2023-01-31 16:04:30.967036,0 days 00:00:00.130650,3,10000,11.80592665459934,1101,COMPLETE
11,0.735103155103155,2023-01-31 16:04:30.968034,2023-01-31 16:04:31.093696,0 days 00:00:00.125662,15,6900,6.916927991130207,1041,COMPLETE
12,0.735103155103155,2023-01-31 16:04:31.094696,2023-01-31 16:04:31.219360,0 days 00:00:00.124664,4,6800,9.93312917708481,477,COMPLETE
13,0.735103155103155,2023-01-31 16:04:31.221355,2023-01-31 16:04:31.423813,0 days 00:00:00.202458,-1,9600,5.063548932554368,1116,COMPLETE
14,0.735103155103155,2023-01-31 16:04:31.424810,2023-01-31 16:04:31.585379,0 days 00:00:00.160569,12,6500,9.114522986988911,559,COMPLETE
15,0.735103155103155,2023-01-31 16:04:31.586384,2023-01-31 16:04:31.736974,0 days 00:00:00.150590,5,8400,5.696135582309611,71,COMPLETE
16,0.735103155103155,2023-01-31 16:04:31.737979,2023-01-31 16:04:31.874606,0 days 00:00:00.136627,6,3500,13.650092187780274,960,COMPLETE
17,0.735103155103155,2023-01-31 16:04:31.875603,2023-01-31 16:04:32.016225,0 days 00:00:00.140622,12,6200,9.795927689060088,570,COMPLETE
18,0.735103155103155,2023-01-31 16:04:32.017223,2023-01-31 16:04:32.134908,0 days 00:00:00.117685,6,8700,12.368280856167663,59,COMPLETE
19,0.735103155103155,2023-01-31 16:04:32.136902,2023-01-31 16:04:32.273536,0 days 00:00:00.136634,0,3200,14.824870465286573,1223,COMPLETE
20,0.735103155103155,2023-01-31 16:04:32.275531,2023-01-31 16:04:32.402192,0 days 00:00:00.126661,15,5700,8.409970313829294,573,COMPLETE
21,0.735103155103155,2023-01-31 16:04:32.403189,2023-01-31 16:04:32.540820,0 days 00:00:00.137631,2,8900,11.870196097333944,205,COMPLETE
22,0.735103155103155,2023-01-31 16:04:32.542815,2023-01-31 16:04:32.690419,0 days 00:00:00.147604,0,7800,12.51365313204601,1204,COMPLETE
23,0.735103155103155,2023-01-31 16:04:32.692415,2023-01-31 16:04:32.820073,0 days 00:00:00.127658,1,5900,8.223744739508911,1448,COMPLETE
24,0.735103155103155,2023-01-31 16:04:32.822068,2023-01-31 16:04:32.973661,0 days 00:00:00.151593,15,9100,11.52073977072489,225,COMPLETE
25,0.735103155103155,2023-01-31 16:04:32.975659,2023-01-31 16:04:33.108301,0 days 00:00:00.132642,2,7700,12.931486391294246,1251,COMPLETE
26,0.735103155103155,2023-01-31 16:04:33.109297,2023-01-31 16:04:33.245931,0 days 00:00:00.136634,-1,7400,11.070825918140633,1483,COMPLETE
27,0.735103155103155,2023-01-31 16:04:33.246928,2023-01-31 16:04:33.357632,0 days 00:00:00.110704,1,9300,9.161832062837483,1484,COMPLETE
28,0.735103155103155,2023-01-31 16:04:33.359627,2023-01-31 16:04:33.468336,0 days 00:00:00.108709,4,10000,13.21515299820207,1232,COMPLETE
29,0.735103155103155,2023-01-31 16:04:33.470330,2023-01-31 16:04:33.594997,0 days 00:00:00.124667,-1,7400,10.832377440451783,971,COMPLETE
30,0.735103155103155,2023-01-31 16:04:33.596992,2023-01-31 16:04:33.702708,0 days 00:00:00.105716,1,9300,0.18227938111894737,1491,COMPLETE
31,0.735103155103155,2023-01-31 16:04:33.703706,2023-01-31 16:04:33.827375,0 days 00:00:00.123669,4,10000,13.709340940117343,1495,COMPLETE
32,0.735103155103155,2023-01-31 16:04:33.829370,2023-01-31 16:04:33.946056,0 days 00:00:00.116686,-1,8300,10.811536974868359,1153,COMPLETE
33,0.735103155103155,2023-01-31 16:04:33.947053,2023-01-31 16:04:34.064738,0 days 00:00:00.117685,3,9400,0.007016165010596376,982,COMPLETE
34,0.735103155103155,2023-01-31 16:04:34.065735,2023-01-31 16:04:34.197382,0 days 00:00:00.131647,1,10000,6.361572266485105,1387,COMPLETE
35,0.735103155103155,2023-01-31 16:04:34.198380,2023-01-31 16:04:34.339003,0 days 00:00:00.140623,0,5500,14.75926453459071,412,COMPLETE
36,0.735103155103155,2023-01-31 16:04:34.340998,2023-01-31 16:04:34.461677,0 days 00:00:00.120679,10,5000,8.306682042461915,707,COMPLETE
37,0.735103155103155,2023-01-31 16:04:34.462673,2023-01-31 16:04:34.580356,0 days 00:00:00.117683,2,8300,12.422081216535018,180,COMPLETE
38,0.735103155103155,2023-01-31 16:04:34.582352,2023-01-31 16:04:34.693056,0 days 00:00:00.110704,1,8800,8.072246927721583,1297,COMPLETE
39,0.735103155103155,2023-01-31 16:04:34.694053,2023-01-31 16:04:34.833679,0 days 00:00:00.139626,0,400,9.326896413149015,1404,COMPLETE
40,0.735103155103155,2023-01-31 16:04:34.835680,2023-01-31 16:04:34.941389,0 days 00:00:00.105709,8,7600,11.588186935328315,1183,COMPLETE
41,0.735103155103155,2023-01-31 16:04:34.942388,2023-01-31 16:04:35.047106,0 days 00:00:00.104718,2,7800,13.085686263182271,1285,COMPLETE
42,0.735103155103155,2023-01-31 16:04:35.048104,2023-01-31 16:04:35.159804,0 days 00:00:00.111700,-1,7100,10.792547861196974,1421,COMPLETE
43,0.735103155103155,2023-01-31 16:04:35.160801,2023-01-31 16:04:35.270508,0 days 00:00:00.109707,3,5800,10.228405109307177,1304,COMPLETE
44,0.735103155103155,2023-01-31 16:04:35.271505,2023-01-31 16:04:35.390188,0 days 00:00:00.118683,14,9200,11.341478421679732,872,COMPLETE
45,0.735103155103155,2023-01-31 16:04:35.391185,2023-01-31 16:04:35.526821,0 days 00:00:00.135636,7,8300,9.14769984408817,683,COMPLETE
46,0.735103155103155,2023-01-31 16:04:35.528817,2023-01-31 16:04:35.634533,0 days 00:00:00.105716,4,9600,9.658874982975204,1251,COMPLETE
47,0.735103155103155,2023-01-31 16:04:35.635531,2023-01-31 16:04:35.736260,0 days 00:00:00.100729,2,9500,13.954065341974392,1346,COMPLETE
48,0.735103155103155,2023-01-31 16:04:35.737258,2023-01-31 16:04:35.850955,0 days 00:00:00.113697,-1,7200,10.724587637565431,1036,COMPLETE
49,0.735103155103155,2023-01-31 16:04:35.852948,2023-01-31 16:04:35.956670,0 days 00:00:00.103722,-1,8600,8.858999526066103,927,COMPLETE
