number,value,datetime_start,datetime_complete,duration,params_max_depth,params_min_child_samples,params_num_leaves,state
0,0.6869565217391304,2023-02-01 00:47:59.384357,2023-02-01 00:48:00.194853,0 days 00:00:00.810496,10,4,76,COMPLETE
1,0.6608695652173913,2023-02-01 00:48:00.195304,2023-02-01 00:48:00.562517,0 days 00:00:00.367213,5,4,73,COMPLETE
2,0.6782608695652174,2023-02-01 00:48:00.562724,2023-02-01 00:48:01.281969,0 days 00:00:00.719245,17,3,26,COMPLETE
3,0.6434782608695652,2023-02-01 00:48:01.282138,2023-02-01 00:48:01.782686,0 days 00:00:00.500548,16,5,30,COMPLETE
4,0.6434782608695652,2023-02-01 00:48:01.782886,2023-02-01 00:48:02.284960,0 days 00:00:00.502074,17,5,21,COMPLETE
5,0.6260869565217392,2023-02-01 00:48:02.285145,2023-02-01 00:48:02.706280,0 days 00:00:00.421135,7,5,43,COMPLETE
6,0.6782608695652174,2023-02-01 00:48:02.706488,2023-02-01 00:48:03.436838,0 days 00:00:00.730350,12,3,91,COMPLETE
7,0.6434782608695652,2023-02-01 00:48:03.437050,2023-02-01 00:48:03.943176,0 days 00:00:00.506126,15,5,90,COMPLETE
8,0.6956521739130435,2023-02-01 00:48:03.943374,2023-02-01 00:48:04.849001,0 days 00:00:00.905627,19,2,83,COMPLETE
9,0.6782608695652174,2023-02-01 00:48:04.849205,2023-02-01 00:48:05.598069,0 days 00:00:00.748864,16,3,40,COMPLETE
10,0.6956521739130435,2023-02-01 00:48:05.598273,2023-02-01 00:48:06.512254,0 days 00:00:00.913981,20,2,60,COMPLETE
11,0.6956521739130435,2023-02-01 00:48:06.512452,2023-02-01 00:48:07.469751,0 days 00:00:00.957299,20,2,63,COMPLETE
12,0.6956521739130435,2023-02-01 00:48:07.469946,2023-02-01 00:48:08.430350,0 days 00:00:00.960404,20,2,56,COMPLETE
13,0.6956521739130435,2023-02-01 00:48:08.430546,2023-02-01 00:48:09.350959,0 days 00:00:00.920413,20,2,100,COMPLETE
14,0.6956521739130435,2023-02-01 00:48:09.351159,2023-02-01 00:48:10.233584,0 days 00:00:00.882425,13,2,75,COMPLETE
15,0.6869565217391304,2023-02-01 00:48:10.233791,2023-02-01 00:48:10.913157,0 days 00:00:00.679366,9,3,56,COMPLETE
16,0.6434782608695653,2023-02-01 00:48:10.913341,2023-02-01 00:48:11.136442,0 days 00:00:00.223101,3,2,65,COMPLETE
17,0.6956521739130435,2023-02-01 00:48:11.136625,2023-02-01 00:48:12.046999,0 days 00:00:00.910374,18,2,85,COMPLETE
18,0.6782608695652174,2023-02-01 00:48:12.047213,2023-02-01 00:48:12.656512,0 days 00:00:00.609299,14,4,43,COMPLETE
19,0.6782608695652174,2023-02-01 00:48:12.656727,2023-02-01 00:48:13.415056,0 days 00:00:00.758329,18,3,51,COMPLETE
20,0.6956521739130435,2023-02-01 00:48:13.415258,2023-02-01 00:48:14.322967,0 days 00:00:00.907709,18,2,66,COMPLETE
21,0.6956521739130435,2023-02-01 00:48:14.323192,2023-02-01 00:48:15.259127,0 days 00:00:00.935935,20,2,66,COMPLETE
22,0.6956521739130435,2023-02-01 00:48:15.259338,2023-02-01 00:48:16.178962,0 days 00:00:00.919624,20,2,81,COMPLETE
23,0.6782608695652174,2023-02-01 00:48:16.179161,2023-02-01 00:48:16.937484,0 days 00:00:00.758323,19,3,61,COMPLETE
24,0.6956521739130435,2023-02-01 00:48:16.937686,2023-02-01 00:48:17.846130,0 days 00:00:00.908444,15,2,50,COMPLETE
25,0.6956521739130435,2023-02-01 00:48:17.846330,2023-02-01 00:48:18.770058,0 days 00:00:00.923728,18,2,99,COMPLETE
26,0.6782608695652174,2023-02-01 00:48:18.770266,2023-02-01 00:48:19.548928,0 days 00:00:00.778662,19,3,73,COMPLETE
27,0.6956521739130435,2023-02-01 00:48:19.549109,2023-02-01 00:48:20.403843,0 days 00:00:00.854734,16,2,34,COMPLETE
28,0.6782608695652174,2023-02-01 00:48:20.404042,2023-02-01 00:48:20.890867,0 days 00:00:00.486825,10,3,15,COMPLETE
29,0.6782608695652174,2023-02-01 00:48:20.891069,2023-02-01 00:48:21.504631,0 days 00:00:00.613562,19,4,81,COMPLETE
30,0.6956521739130435,2023-02-01 00:48:21.504840,2023-02-01 00:48:22.374330,0 days 00:00:00.869490,12,2,49,COMPLETE
31,0.6956521739130435,2023-02-01 00:48:22.374532,2023-02-01 00:48:23.387661,0 days 00:00:01.013129,20,2,57,COMPLETE
32,0.6956521739130435,2023-02-01 00:48:23.387869,2023-02-01 00:48:24.304703,0 days 00:00:00.916834,20,2,71,COMPLETE
33,0.6956521739130435,2023-02-01 00:48:24.304907,2023-02-01 00:48:25.226701,0 days 00:00:00.921794,19,2,61,COMPLETE
34,0.6956521739130435,2023-02-01 00:48:25.226912,2023-02-01 00:48:26.169739,0 days 00:00:00.942827,17,2,69,COMPLETE
35,0.6782608695652174,2023-02-01 00:48:26.169946,2023-02-01 00:48:26.924176,0 days 00:00:00.754230,17,3,53,COMPLETE
36,0.6956521739130435,2023-02-01 00:48:26.924384,2023-02-01 00:48:27.849403,0 days 00:00:00.925019,19,2,80,COMPLETE
37,0.6782608695652174,2023-02-01 00:48:27.849616,2023-02-01 00:48:28.600258,0 days 00:00:00.750642,18,3,46,COMPLETE
38,0.6521739130434783,2023-02-01 00:48:28.600465,2023-02-01 00:48:29.261798,0 days 00:00:00.661333,7,2,36,COMPLETE
39,0.6782608695652174,2023-02-01 00:48:29.262010,2023-02-01 00:48:29.870356,0 days 00:00:00.608346,16,4,60,COMPLETE
40,0.6782608695652174,2023-02-01 00:48:29.870546,2023-02-01 00:48:30.620874,0 days 00:00:00.750328,15,3,55,COMPLETE
41,0.6956521739130435,2023-02-01 00:48:30.621079,2023-02-01 00:48:31.572861,0 days 00:00:00.951782,20,2,100,COMPLETE
42,0.6956521739130435,2023-02-01 00:48:31.573067,2023-02-01 00:48:32.489121,0 days 00:00:00.916054,20,2,93,COMPLETE
43,0.6956521739130435,2023-02-01 00:48:32.489319,2023-02-01 00:48:33.395173,0 days 00:00:00.905854,17,2,96,COMPLETE
44,0.6956521739130435,2023-02-01 00:48:33.395376,2023-02-01 00:48:34.308595,0 days 00:00:00.913219,19,2,86,COMPLETE
45,0.6956521739130435,2023-02-01 00:48:34.308820,2023-02-01 00:48:35.231766,0 days 00:00:00.922946,20,2,78,COMPLETE
46,0.6434782608695652,2023-02-01 00:48:35.231968,2023-02-01 00:48:35.776944,0 days 00:00:00.544976,18,5,86,COMPLETE
47,0.6956521739130435,2023-02-01 00:48:35.777150,2023-02-01 00:48:36.690515,0 days 00:00:00.913365,17,2,89,COMPLETE
48,0.6695652173913043,2023-02-01 00:48:36.690730,2023-02-01 00:48:36.910564,0 days 00:00:00.219834,3,3,75,COMPLETE
49,0.6956521739130435,2023-02-01 00:48:36.910753,2023-02-01 00:48:37.833137,0 days 00:00:00.922384,19,2,63,COMPLETE
