number,value,datetime_start,datetime_complete,duration,params_max_depth,params_min_child_samples,params_num_leaves,state
0,0.993103448275862,2023-02-01 00:54:05.285342,2023-02-01 00:54:06.086302,0 days 00:00:00.800960,3,3,73,COMPLETE
1,0.9862068965517242,2023-02-01 00:54:06.086492,2023-02-01 00:54:07.997706,0 days 00:00:01.911214,16,3,65,COMPLETE
2,0.9862068965517242,2023-02-01 00:54:07.997923,2023-02-01 00:54:09.024071,0 days 00:00:01.026148,7,5,89,COMPLETE
3,0.9862068965517242,2023-02-01 00:54:09.024290,2023-02-01 00:54:10.464022,0 days 00:00:01.439732,10,4,72,COMPLETE
4,0.9793103448275862,2023-02-01 00:54:10.464215,2023-02-01 00:54:11.991094,0 days 00:00:01.526879,9,2,39,COMPLETE
5,0.9793103448275862,2023-02-01 00:54:11.991296,2023-02-01 00:54:12.492142,0 days 00:00:00.500846,3,2,51,COMPLETE
6,0.9862068965517242,2023-02-01 00:54:12.492339,2023-02-01 00:54:13.143664,0 days 00:00:00.651325,4,4,29,COMPLETE
7,0.9793103448275862,2023-02-01 00:54:13.143843,2023-02-01 00:54:15.266776,0 days 00:00:02.122933,17,2,67,COMPLETE
8,0.9862068965517242,2023-02-01 00:54:15.266987,2023-02-01 00:54:16.615642,0 days 00:00:01.348655,20,5,20,COMPLETE
9,0.9862068965517242,2023-02-01 00:54:16.615854,2023-02-01 00:54:18.273556,0 days 00:00:01.657702,20,4,69,COMPLETE
10,0.9862068965517242,2023-02-01 00:54:18.273751,2023-02-01 00:54:20.126101,0 days 00:00:01.852350,14,3,98,COMPLETE
11,0.9862068965517242,2023-02-01 00:54:20.126315,2023-02-01 00:54:21.917994,0 days 00:00:01.791679,13,3,81,COMPLETE
12,0.9862068965517242,2023-02-01 00:54:21.918195,2023-02-01 00:54:23.932246,0 days 00:00:02.014051,16,3,56,COMPLETE
13,0.9862068965517242,2023-02-01 00:54:23.932448,2023-02-01 00:54:25.857618,0 days 00:00:01.925170,17,3,43,COMPLETE
14,0.9862068965517242,2023-02-01 00:54:25.857822,2023-02-01 00:54:26.771741,0 days 00:00:00.913919,5,3,80,COMPLETE
15,0.9862068965517242,2023-02-01 00:54:26.771949,2023-02-01 00:54:28.386095,0 days 00:00:01.614146,12,4,61,COMPLETE
16,0.9793103448275862,2023-02-01 00:54:28.386300,2023-02-01 00:54:29.707739,0 days 00:00:01.321439,7,2,84,COMPLETE
17,0.9862068965517242,2023-02-01 00:54:29.707940,2023-02-01 00:54:31.571116,0 days 00:00:01.863176,14,3,98,COMPLETE
18,0.9862068965517242,2023-02-01 00:54:31.571310,2023-02-01 00:54:33.008924,0 days 00:00:01.437614,10,4,48,COMPLETE
19,0.9793103448275862,2023-02-01 00:54:33.009124,2023-02-01 00:54:35.115808,0 days 00:00:02.106684,16,2,61,COMPLETE
20,0.9862068965517242,2023-02-01 00:54:35.116034,2023-02-01 00:54:36.120281,0 days 00:00:01.004247,6,3,74,COMPLETE
21,0.9862068965517242,2023-02-01 00:54:36.120507,2023-02-01 00:54:37.366750,0 days 00:00:01.246243,8,5,88,COMPLETE
22,0.9862068965517242,2023-02-01 00:54:37.366979,2023-02-01 00:54:37.850705,0 days 00:00:00.483726,3,5,90,COMPLETE
23,0.9862068965517242,2023-02-01 00:54:37.850903,2023-02-01 00:54:38.756675,0 days 00:00:00.905772,6,5,75,COMPLETE
24,0.9862068965517242,2023-02-01 00:54:38.756860,2023-02-01 00:54:39.547205,0 days 00:00:00.790345,5,4,89,COMPLETE
25,0.9862068965517242,2023-02-01 00:54:39.547415,2023-02-01 00:54:40.828684,0 days 00:00:01.281269,8,3,62,COMPLETE
26,0.9862068965517242,2023-02-01 00:54:40.828892,2023-02-01 00:54:42.372914,0 days 00:00:01.544022,11,4,78,COMPLETE
27,0.9862068965517242,2023-02-01 00:54:42.373112,2023-02-01 00:54:43.045800,0 days 00:00:00.672688,4,3,94,COMPLETE
28,0.9862068965517242,2023-02-01 00:54:43.046006,2023-02-01 00:54:44.469336,0 days 00:00:01.423330,18,5,67,COMPLETE
29,0.9862068965517242,2023-02-01 00:54:44.469532,2023-02-01 00:54:45.807731,0 days 00:00:01.338199,9,4,70,COMPLETE
30,0.9862068965517242,2023-02-01 00:54:45.807941,2023-02-01 00:54:47.422524,0 days 00:00:01.614583,11,3,84,COMPLETE
31,0.9862068965517242,2023-02-01 00:54:47.422744,2023-02-01 00:54:48.768246,0 days 00:00:01.345502,10,5,55,COMPLETE
32,0.9862068965517242,2023-02-01 00:54:48.768444,2023-02-01 00:54:49.976531,0 days 00:00:01.208087,8,4,74,COMPLETE
33,0.9793103448275862,2023-02-01 00:54:49.976735,2023-02-01 00:54:50.482950,0 days 00:00:00.506215,3,2,49,COMPLETE
34,0.9862068965517242,2023-02-01 00:54:50.483150,2023-02-01 00:54:52.132619,0 days 00:00:01.649469,13,4,71,COMPLETE
35,0.9862068965517242,2023-02-01 00:54:52.132821,2023-02-01 00:54:53.387917,0 days 00:00:01.255096,9,5,63,COMPLETE
36,0.9793103448275862,2023-02-01 00:54:53.388113,2023-02-01 00:54:54.651657,0 days 00:00:01.263544,7,2,34,COMPLETE
37,0.9862068965517242,2023-02-01 00:54:54.651858,2023-02-01 00:54:56.100033,0 days 00:00:01.448175,10,4,66,COMPLETE
38,0.9862068965517242,2023-02-01 00:54:56.100237,2023-02-01 00:54:56.797675,0 days 00:00:00.697438,4,3,15,COMPLETE
39,0.9862068965517242,2023-02-01 00:54:56.797896,2023-02-01 00:54:58.651321,0 days 00:00:01.853425,14,3,55,COMPLETE
40,0.9862068965517242,2023-02-01 00:54:58.651548,2023-02-01 00:55:00.266941,0 days 00:00:01.615393,12,4,85,COMPLETE
41,0.9862068965517242,2023-02-01 00:55:00.267143,2023-02-01 00:55:00.925482,0 days 00:00:00.658339,4,4,37,COMPLETE
42,0.9862068965517242,2023-02-01 00:55:00.925676,2023-02-01 00:55:01.800734,0 days 00:00:00.875058,5,3,21,COMPLETE
43,0.9862068965517242,2023-02-01 00:55:01.800957,2023-02-01 00:55:02.731298,0 days 00:00:00.930341,6,4,30,COMPLETE
44,0.9862068965517242,2023-02-01 00:55:02.731525,2023-02-01 00:55:04.153029,0 days 00:00:01.421504,19,5,77,COMPLETE
45,0.993103448275862,2023-02-01 00:55:04.153248,2023-02-01 00:55:04.644770,0 days 00:00:00.491522,3,3,26,COMPLETE
46,0.993103448275862,2023-02-01 00:55:04.644967,2023-02-01 00:55:05.145056,0 days 00:00:00.500089,3,3,46,COMPLETE
47,0.993103448275862,2023-02-01 00:55:05.145282,2023-02-01 00:55:05.638885,0 days 00:00:00.493603,3,3,43,COMPLETE
48,0.993103448275862,2023-02-01 00:55:05.639094,2023-02-01 00:55:06.132591,0 days 00:00:00.493497,3,3,44,COMPLETE
49,0.993103448275862,2023-02-01 00:55:06.132795,2023-02-01 00:55:06.624303,0 days 00:00:00.491508,3,3,43,COMPLETE
