number,value,datetime_start,datetime_complete,duration,params_max_depth,params_min_child_samples,params_num_leaves,state
0,0.9862068965517242,2023-01-31 21:05:05.373789,2023-01-31 21:05:06.825000,0 days 00:00:01.451211,7,4,92,COMPLETE
1,0.9862068965517242,2023-01-31 21:05:06.825195,2023-01-31 21:05:08.008691,0 days 00:00:01.183496,9,3,16,COMPLETE
2,0.9862068965517242,2023-01-31 21:05:08.008882,2023-01-31 21:05:08.701471,0 days 00:00:00.692589,5,4,66,COMPLETE
3,0.9793103448275862,2023-01-31 21:05:08.701674,2023-01-31 21:05:09.727354,0 days 00:00:01.025680,17,2,77,COMPLETE
4,0.9862068965517242,2023-01-31 21:05:09.727546,2023-01-31 21:05:10.631377,0 days 00:00:00.903831,7,5,95,COMPLETE
5,0.9793103448275862,2023-01-31 21:05:10.631581,2023-01-31 21:05:11.626207,0 days 00:00:00.994626,6,2,44,COMPLETE
6,0.9862068965517242,2023-01-31 21:05:11.626409,2023-01-31 21:05:12.951331,0 days 00:00:01.324922,16,3,64,COMPLETE
7,0.9793103448275862,2023-01-31 21:05:12.951526,2023-01-31 21:05:14.038416,0 days 00:00:01.086890,8,2,39,COMPLETE
8,0.9862068965517242,2023-01-31 21:05:14.038607,2023-01-31 21:05:14.504865,0 days 00:00:00.466258,3,4,49,COMPLETE
9,0.9793103448275862,2023-01-31 21:05:14.505070,2023-01-31 21:05:15.591612,0 days 00:00:01.086542,18,2,92,COMPLETE
10,0.9862068965517242,2023-01-31 21:05:15.591855,2023-01-31 21:05:16.733967,0 days 00:00:01.142112,13,5,79,COMPLETE
11,0.9862068965517242,2023-01-31 21:05:16.734193,2023-01-31 21:05:17.845957,0 days 00:00:01.111764,11,3,19,COMPLETE
12,0.9862068965517242,2023-01-31 21:05:17.846157,2023-01-31 21:05:18.825379,0 days 00:00:00.979222,11,4,15,COMPLETE
13,0.9862068965517242,2023-01-31 21:05:18.825599,2023-01-31 21:05:19.990627,0 days 00:00:01.165028,9,3,35,COMPLETE
14,0.9862068965517242,2023-01-31 21:05:19.990839,2023-01-31 21:05:21.041908,0 days 00:00:01.051069,14,4,26,COMPLETE
15,0.9862068965517242,2023-01-31 21:05:21.042122,2023-01-31 21:05:21.703066,0 days 00:00:00.660944,3,3,55,COMPLETE
16,0.9862068965517242,2023-01-31 21:05:21.703275,2023-01-31 21:05:22.935217,0 days 00:00:01.231942,9,5,81,COMPLETE
17,0.9862068965517242,2023-01-31 21:05:22.935420,2023-01-31 21:05:23.902613,0 days 00:00:00.967193,10,4,29,COMPLETE
18,0.9862068965517242,2023-01-31 21:05:23.902872,2023-01-31 21:05:25.003536,0 days 00:00:01.100664,20,3,100,COMPLETE
19,0.9862068965517242,2023-01-31 21:05:25.003771,2023-01-31 21:05:25.923194,0 days 00:00:00.919423,5,4,68,COMPLETE
20,0.9862068965517242,2023-01-31 21:05:25.923398,2023-01-31 21:05:27.207162,0 days 00:00:01.283764,13,3,55,COMPLETE
21,0.9862068965517242,2023-01-31 21:05:27.207377,2023-01-31 21:05:28.000828,0 days 00:00:00.793451,5,4,87,COMPLETE
22,0.9862068965517242,2023-01-31 21:05:28.001037,2023-01-31 21:05:28.887930,0 days 00:00:00.886893,6,4,64,COMPLETE
23,0.9862068965517242,2023-01-31 21:05:28.888144,2023-01-31 21:05:29.916967,0 days 00:00:01.028823,8,5,73,COMPLETE
24,0.9862068965517242,2023-01-31 21:05:29.917178,2023-01-31 21:05:30.683291,0 days 00:00:00.766113,4,4,86,COMPLETE
25,0.9862068965517242,2023-01-31 21:05:30.683497,2023-01-31 21:05:31.786816,0 days 00:00:01.103319,7,3,61,COMPLETE
26,0.9862068965517242,2023-01-31 21:05:31.787031,2023-01-31 21:05:32.666948,0 days 00:00:00.879917,5,4,71,COMPLETE
27,0.9862068965517242,2023-01-31 21:05:32.667180,2023-01-31 21:05:33.805019,0 days 00:00:01.137839,9,5,48,COMPLETE
28,0.9862068965517242,2023-01-31 21:05:33.805240,2023-01-31 21:05:34.834611,0 days 00:00:01.029371,7,3,28,COMPLETE
29,0.9793103448275862,2023-01-31 21:05:34.834820,2023-01-31 21:05:36.064113,0 days 00:00:01.229293,12,2,75,COMPLETE
30,0.9862068965517242,2023-01-31 21:05:36.064319,2023-01-31 21:05:36.767106,0 days 00:00:00.702787,4,4,86,COMPLETE
31,0.9862068965517242,2023-01-31 21:05:36.767315,2023-01-31 21:05:37.688162,0 days 00:00:00.920847,7,5,91,COMPLETE
32,0.9862068965517242,2023-01-31 21:05:37.688364,2023-01-31 21:05:38.494014,0 days 00:00:00.805650,6,5,99,COMPLETE
33,0.9862068965517242,2023-01-31 21:05:38.494213,2023-01-31 21:05:39.521358,0 days 00:00:01.027145,8,5,91,COMPLETE
34,0.9862068965517242,2023-01-31 21:05:39.521578,2023-01-31 21:05:40.783796,0 days 00:00:01.262218,10,4,94,COMPLETE
35,0.9793103448275862,2023-01-31 21:05:40.784032,2023-01-31 21:05:41.945413,0 days 00:00:01.161381,7,2,80,COMPLETE
36,0.9862068965517242,2023-01-31 21:05:41.945640,2023-01-31 21:05:42.720660,0 days 00:00:00.775020,4,3,96,COMPLETE
37,0.9862068965517242,2023-01-31 21:05:42.720881,2023-01-31 21:05:43.640436,0 days 00:00:00.919555,6,5,45,COMPLETE
38,0.9862068965517242,2023-01-31 21:05:43.640641,2023-01-31 21:05:44.523920,0 days 00:00:00.883279,8,4,66,COMPLETE
39,0.9793103448275862,2023-01-31 21:05:44.524127,2023-01-31 21:05:45.579229,0 days 00:00:01.055102,10,2,38,COMPLETE
40,0.9862068965517242,2023-01-31 21:05:45.579436,2023-01-31 21:05:46.072897,0 days 00:00:00.493461,3,5,84,COMPLETE
41,0.9862068965517242,2023-01-31 21:05:46.073105,2023-01-31 21:05:47.217808,0 days 00:00:01.144703,15,3,60,COMPLETE
42,0.9862068965517242,2023-01-31 21:05:47.218007,2023-01-31 21:05:48.556853,0 days 00:00:01.338846,18,3,56,COMPLETE
43,0.9862068965517242,2023-01-31 21:05:48.557082,2023-01-31 21:05:49.716496,0 days 00:00:01.159414,17,3,70,COMPLETE
44,0.9862068965517242,2023-01-31 21:05:49.716712,2023-01-31 21:05:50.923460,0 days 00:00:01.206748,12,3,51,COMPLETE
45,0.9862068965517242,2023-01-31 21:05:50.923671,2023-01-31 21:05:51.956573,0 days 00:00:01.032902,16,4,21,COMPLETE
46,0.9862068965517242,2023-01-31 21:05:51.956786,2023-01-31 21:05:53.180681,0 days 00:00:01.223895,20,3,75,COMPLETE
47,0.9793103448275862,2023-01-31 21:05:53.180892,2023-01-31 21:05:54.272833,0 days 00:00:01.091941,9,2,32,COMPLETE
48,0.9862068965517242,2023-01-31 21:05:54.273023,2023-01-31 21:05:55.306667,0 days 00:00:01.033644,10,4,41,COMPLETE
49,0.9862068965517242,2023-01-31 21:05:55.306879,2023-01-31 21:05:56.435318,0 days 00:00:01.128439,11,3,78,COMPLETE
