number,value,datetime_start,datetime_complete,duration,params_C,params_l1_ratio,state
0,0.7333333333333332,2023-02-01 00:42:48.187949,2023-02-01 00:42:48.310487,0 days 00:00:00.122538,0.5523160255282403,0.9075273948867012,COMPLETE
1,0.6444444444444444,2023-02-01 00:42:48.310946,2023-02-01 00:42:48.399359,0 days 00:00:00.088413,0.07864901051267906,0.9255612305813931,COMPLETE
2,0.42222222222222217,2023-02-01 00:42:48.399815,2023-02-01 00:42:48.459851,0 days 00:00:00.060036,0.010317205113196004,0.26592278533520497,COMPLETE
3,0.5555555555555556,2023-02-01 00:42:48.460006,2023-02-01 00:42:48.486078,0 days 00:00:00.026072,0.04594374972739655,0.7893824723006074,COMPLETE
4,0.7333333333333332,2023-02-01 00:42:48.486234,2023-02-01 00:42:48.549428,0 days 00:00:00.063194,0.4937422555803853,0.5057199309090272,COMPLETE
5,0.711111111111111,2023-02-01 00:42:48.549601,2023-02-01 00:42:48.580219,0 days 00:00:00.030618,0.03646635631523857,0.18977585216821136,COMPLETE
6,0.5777777777777777,2023-02-01 00:42:48.580396,2023-02-01 00:42:48.604884,0 days 00:00:00.024488,0.016791547737016497,0.22971464917386986,COMPLETE
7,0.6888888888888888,2023-02-01 00:42:48.605038,2023-02-01 00:42:48.665198,0 days 00:00:00.060160,0.2647118920260212,0.6055084691382948,COMPLETE
8,0.5333333333333333,2023-02-01 00:42:48.665372,2023-02-01 00:42:48.688686,0 days 00:00:00.023314,0.018025123583757425,0.3856148782903849,COMPLETE
9,0.7333333333333332,2023-02-01 00:42:48.688821,2023-02-01 00:42:48.753164,0 days 00:00:00.064343,0.3447698414615732,0.31765889279464854,COMPLETE
10,0.7777777777777777,2023-02-01 00:42:48.753339,2023-02-01 00:42:48.820536,0 days 00:00:00.067197,0.9600670823334155,0.986449620389816,COMPLETE
11,0.7555555555555555,2023-02-01 00:42:48.820713,2023-02-01 00:42:48.887491,0 days 00:00:00.066778,0.9188297846788994,0.9768246034623399,COMPLETE
12,0.7333333333333332,2023-02-01 00:42:48.887662,2023-02-01 00:42:48.954906,0 days 00:00:00.067244,0.6465369951919416,0.9807758650614166,COMPLETE
13,0.7555555555555555,2023-02-01 00:42:48.955079,2023-02-01 00:42:49.021894,0 days 00:00:00.066815,0.9625481698079669,0.7444802786934777,COMPLETE
14,0.7333333333333332,2023-02-01 00:42:49.022072,2023-02-01 00:42:49.086189,0 days 00:00:00.064117,0.19819374373018575,0.033341532576455335,COMPLETE
15,0.7555555555555555,2023-02-01 00:42:49.086361,2023-02-01 00:42:49.152845,0 days 00:00:00.066484,0.8300853662351176,0.9908714570244428,COMPLETE
16,0.7555555555555555,2023-02-01 00:42:49.153020,2023-02-01 00:42:49.220158,0 days 00:00:00.067138,0.921746921123198,0.7906628459840765,COMPLETE
17,0.6888888888888888,2023-02-01 00:42:49.220336,2023-02-01 00:42:49.268792,0 days 00:00:00.048456,0.17398191746289315,0.6684637273143639,COMPLETE
18,0.711111111111111,2023-02-01 00:42:49.268961,2023-02-01 00:42:49.335781,0 days 00:00:00.066820,0.41359523364589823,0.8610050265568061,COMPLETE
19,0.6666666666666666,2023-02-01 00:42:49.335964,2023-02-01 00:42:49.401404,0 days 00:00:00.065440,0.3288181639465038,0.8568677830998668,COMPLETE
20,0.7333333333333332,2023-02-01 00:42:49.401598,2023-02-01 00:42:49.468534,0 days 00:00:00.066936,0.5985502095368369,0.9904645562798189,COMPLETE
21,0.7555555555555555,2023-02-01 00:42:49.468705,2023-02-01 00:42:49.535830,0 days 00:00:00.067125,0.8589088736351392,0.7870251054076818,COMPLETE
22,0.7555555555555555,2023-02-01 00:42:49.536009,2023-02-01 00:42:49.602879,0 days 00:00:00.066870,0.972829416073609,0.7620032353651367,COMPLETE
23,0.7333333333333332,2023-02-01 00:42:49.603074,2023-02-01 00:42:49.669703,0 days 00:00:00.066629,0.5856816565545744,0.7017627467178364,COMPLETE
24,0.711111111111111,2023-02-01 00:42:49.669879,2023-02-01 00:42:49.736643,0 days 00:00:00.066764,0.4277793401570086,0.8905904722953524,COMPLETE
25,0.7333333333333332,2023-02-01 00:42:49.736822,2023-02-01 00:42:49.803892,0 days 00:00:00.067070,0.6424972262141347,0.9169373463078213,COMPLETE
26,0.7777777777777777,2023-02-01 00:42:49.804078,2023-02-01 00:42:49.871211,0 days 00:00:00.067133,0.9987066547981744,0.8556437572457303,COMPLETE
27,0.6666666666666666,2023-02-01 00:42:49.871395,2023-02-01 00:42:49.932635,0 days 00:00:00.061240,0.26847896987131664,0.8467105690515472,COMPLETE
28,0.7333333333333332,2023-02-01 00:42:49.932813,2023-02-01 00:42:49.999668,0 days 00:00:00.066855,0.7330495952003887,0.9973783485168766,COMPLETE
29,0.711111111111111,2023-02-01 00:42:49.999848,2023-02-01 00:42:50.066886,0 days 00:00:00.067038,0.5331512617622843,0.9209569245433655,COMPLETE
30,0.7555555555555555,2023-02-01 00:42:50.067072,2023-02-01 00:42:50.133709,0 days 00:00:00.066637,0.9931822377405513,0.8242985137687278,COMPLETE
31,0.7555555555555555,2023-02-01 00:42:50.133893,2023-02-01 00:42:50.201295,0 days 00:00:00.067402,0.7520140969429815,0.9269565022790244,COMPLETE
32,0.7333333333333332,2023-02-01 00:42:50.201478,2023-02-01 00:42:50.268551,0 days 00:00:00.067073,0.49525287693313225,0.7287799485086168,COMPLETE
33,0.7333333333333332,2023-02-01 00:42:50.268738,2023-02-01 00:42:50.335905,0 days 00:00:00.067167,0.7014165910080591,0.9012557324808143,COMPLETE
34,0.7555555555555555,2023-02-01 00:42:50.336088,2023-02-01 00:42:50.404345,0 days 00:00:00.068257,0.9600622236217186,0.8165186079135709,COMPLETE
35,0.711111111111111,2023-02-01 00:42:50.404531,2023-02-01 00:42:50.471329,0 days 00:00:00.066798,0.48281048131088217,0.9415772412927933,COMPLETE
36,0.7555555555555555,2023-02-01 00:42:50.471515,2023-02-01 00:42:50.538149,0 days 00:00:00.066634,0.7235307410394748,0.8698900840625359,COMPLETE
37,0.6888888888888889,2023-02-01 00:42:50.538332,2023-02-01 00:42:50.576467,0 days 00:00:00.038135,0.11147191949456331,0.9394469224053124,COMPLETE
38,0.7555555555555555,2023-02-01 00:42:50.576649,2023-02-01 00:42:50.642750,0 days 00:00:00.066101,0.9949534949486332,0.7439840574490626,COMPLETE
39,0.7333333333333332,2023-02-01 00:42:50.642930,2023-02-01 00:42:50.709762,0 days 00:00:00.066832,0.5699924909472713,0.6480638427845946,COMPLETE
40,0.7333333333333332,2023-02-01 00:42:50.709951,2023-02-01 00:42:50.776449,0 days 00:00:00.066498,0.3926817965755637,0.5999238698250267,COMPLETE
41,0.7555555555555555,2023-02-01 00:42:50.776630,2023-02-01 00:42:50.844623,0 days 00:00:00.067993,0.798090189664303,0.9720875549126846,COMPLETE
42,0.7555555555555555,2023-02-01 00:42:50.844806,2023-02-01 00:42:50.913191,0 days 00:00:00.068385,0.7587475043906436,0.9589940586985672,COMPLETE
43,0.7333333333333332,2023-02-01 00:42:50.913393,2023-02-01 00:42:50.980594,0 days 00:00:00.067201,0.5433895110390459,0.8898440548066174,COMPLETE
44,0.7555555555555555,2023-02-01 00:42:50.980785,2023-02-01 00:42:51.049164,0 days 00:00:00.068379,0.8260445782065922,0.836529618045791,COMPLETE
45,0.7333333333333332,2023-02-01 00:42:51.049355,2023-02-01 00:42:51.119901,0 days 00:00:00.070546,0.6438082251794814,0.9968461856259138,COMPLETE
46,0.7555555555555555,2023-02-01 00:42:51.120094,2023-02-01 00:42:51.191308,0 days 00:00:00.071214,0.8279388180570837,0.9485531792640791,COMPLETE
47,0.711111111111111,2023-02-01 00:42:51.191516,2023-02-01 00:42:51.263959,0 days 00:00:00.072443,0.46685383593882634,0.794482445898308,COMPLETE
48,0.7777777777777777,2023-02-01 00:42:51.264150,2023-02-01 00:42:51.334319,0 days 00:00:00.070169,0.9981757905322424,0.8668496436670459,COMPLETE
49,0.6666666666666666,2023-02-01 00:42:51.334510,2023-02-01 00:42:51.401878,0 days 00:00:00.067368,0.343167855383234,0.8844258292822145,COMPLETE
