number,value,datetime_start,datetime_complete,duration,params_C,params_l1_ratio,state
0,0.5,2023-02-01 00:13:27.851189,2023-02-01 00:13:27.937318,0 days 00:00:00.086129,0.010903013677433947,0.7346881850191747,COMPLETE
1,0.7666666666666667,2023-02-01 00:13:27.937753,2023-02-01 00:13:28.023228,0 days 00:00:00.085475,0.016089237768065413,0.2556135345667069,COMPLETE
2,0.7833333333333333,2023-02-01 00:13:28.023675,2023-02-01 00:13:28.113250,0 days 00:00:00.089575,0.018289244369202057,0.4239336551483557,COMPLETE
3,0.7666666666666667,2023-02-01 00:13:28.113736,2023-02-01 00:13:28.196109,0 days 00:00:00.082373,0.6210299585126263,0.49330607212309663,COMPLETE
4,0.7666666666666667,2023-02-01 00:13:28.196276,2023-02-01 00:13:28.281352,0 days 00:00:00.085076,0.6318067507316961,0.9466580845824214,COMPLETE
5,0.7666666666666667,2023-02-01 00:13:28.281518,2023-02-01 00:13:28.319885,0 days 00:00:00.038367,0.08035596632199174,0.932575688172063,COMPLETE
6,0.8166666666666668,2023-02-01 00:13:28.320053,2023-02-01 00:13:28.375628,0 days 00:00:00.055575,0.13077485336345943,0.404265873766545,COMPLETE
7,0.8,2023-02-01 00:13:28.375786,2023-02-01 00:13:28.424377,0 days 00:00:00.048591,0.0981517697797959,0.15934175201252565,COMPLETE
8,0.8166666666666668,2023-02-01 00:13:28.424515,2023-02-01 00:13:28.467204,0 days 00:00:00.042689,0.07992694368213382,0.49922962763147327,COMPLETE
9,0.7666666666666666,2023-02-01 00:13:28.467335,2023-02-01 00:13:28.551019,0 days 00:00:00.083684,0.833143030301603,0.8009764918993344,COMPLETE
10,0.7666666666666667,2023-02-01 00:13:28.551157,2023-02-01 00:13:28.612949,0 days 00:00:00.061792,0.2569812082434791,0.09110586211850324,COMPLETE
11,0.8166666666666668,2023-02-01 00:13:28.613117,2023-02-01 00:13:28.656134,0 days 00:00:00.043017,0.059707665727330654,0.3636763766998721,COMPLETE
12,0.8166666666666668,2023-02-01 00:13:28.656266,2023-02-01 00:13:28.722258,0 days 00:00:00.065992,0.1909697846040529,0.6027240933161041,COMPLETE
13,0.7833333333333333,2023-02-01 00:13:28.722397,2023-02-01 00:13:28.761333,0 days 00:00:00.038936,0.05518920612412428,0.56143076609115,COMPLETE
14,0.7833333333333333,2023-02-01 00:13:28.761471,2023-02-01 00:13:28.798206,0 days 00:00:00.036735,0.03706995764799064,0.3251142684284592,COMPLETE
15,0.7666666666666667,2023-02-01 00:13:28.798342,2023-02-01 00:13:28.852283,0 days 00:00:00.053941,0.16537495958395726,0.01315309010082144,COMPLETE
16,0.8166666666666668,2023-02-01 00:13:28.852438,2023-02-01 00:13:28.912022,0 days 00:00:00.059584,0.14040746623712683,0.45654053264010996,COMPLETE
17,0.8,2023-02-01 00:13:28.912158,2023-02-01 00:13:28.987162,0 days 00:00:00.075004,0.2795186190401688,0.6153413357462124,COMPLETE
18,0.8166666666666668,2023-02-01 00:13:28.987303,2023-02-01 00:13:29.028218,0 days 00:00:00.040915,0.042447437932961025,0.2600657195185207,COMPLETE
19,0.8166666666666667,2023-02-01 00:13:29.028395,2023-02-01 00:13:29.083833,0 days 00:00:00.055438,0.1101742543710706,0.40761023390848,COMPLETE
20,0.7666666666666667,2023-02-01 00:13:29.083985,2023-02-01 00:13:29.158850,0 days 00:00:00.074865,0.33296596245380394,0.5232792370240693,COMPLETE
21,0.8,2023-02-01 00:13:29.159007,2023-02-01 00:13:29.208270,0 days 00:00:00.049263,0.07485306508959184,0.34012102029517455,COMPLETE
22,0.8166666666666668,2023-02-01 00:13:29.208443,2023-02-01 00:13:29.251792,0 days 00:00:00.043349,0.06195975288325618,0.3698580251802138,COMPLETE
23,0.8166666666666667,2023-02-01 00:13:29.251928,2023-02-01 00:13:29.308372,0 days 00:00:00.056444,0.12421391529890531,0.4720329158216782,COMPLETE
24,0.8166666666666668,2023-02-01 00:13:29.308507,2023-02-01 00:13:29.348951,0 days 00:00:00.040444,0.045082530751893106,0.2692863215946013,COMPLETE
25,0.7666666666666667,2023-02-01 00:13:29.349089,2023-02-01 00:13:29.383115,0 days 00:00:00.034026,0.030640058095238114,0.39308499676632147,COMPLETE
26,0.8166666666666668,2023-02-01 00:13:29.383263,2023-02-01 00:13:29.430741,0 days 00:00:00.047478,0.08618155643453328,0.5550899051090279,COMPLETE
27,0.8,2023-02-01 00:13:29.430889,2023-02-01 00:13:29.484758,0 days 00:00:00.053869,0.11349499863867307,0.17413123484434706,COMPLETE
28,0.8166666666666668,2023-02-01 00:13:29.484899,2023-02-01 00:13:29.528584,0 days 00:00:00.043685,0.06877801137107153,0.45034885647208,COMPLETE
29,0.7833333333333333,2023-02-01 00:13:29.528722,2023-02-01 00:13:29.555115,0 days 00:00:00.026393,0.02742032543614237,0.7034327463169312,COMPLETE
30,0.8166666666666668,2023-02-01 00:13:29.555255,2023-02-01 00:13:29.599302,0 days 00:00:00.044047,0.06015286649035084,0.3139112068665848,COMPLETE
31,0.8333333333333333,2023-02-01 00:13:29.599443,2023-02-01 00:13:29.662123,0 days 00:00:00.062680,0.16677492316157758,0.6219334812087195,COMPLETE
32,0.8333333333333333,2023-02-01 00:13:29.662261,2023-02-01 00:13:29.725292,0 days 00:00:00.063031,0.1652447046590681,0.6437219120293454,COMPLETE
33,0.8333333333333333,2023-02-01 00:13:29.725452,2023-02-01 00:13:29.789227,0 days 00:00:00.063775,0.17614861271388396,0.6847201511054116,COMPLETE
34,0.8166666666666668,2023-02-01 00:13:29.789368,2023-02-01 00:13:29.856049,0 days 00:00:00.066681,0.18933677600199258,0.6757493753379173,COMPLETE
35,0.8333333333333334,2023-02-01 00:13:29.856207,2023-02-01 00:13:29.914520,0 days 00:00:00.058313,0.15897151157490055,0.7999316611769905,COMPLETE
36,0.7833333333333334,2023-02-01 00:13:29.914664,2023-02-01 00:13:29.996772,0 days 00:00:00.082108,0.39354733388583035,0.7776907381483479,COMPLETE
37,0.8333333333333333,2023-02-01 00:13:29.996935,2023-02-01 00:13:30.064316,0 days 00:00:00.067381,0.20923835465688706,0.834846942106802,COMPLETE
38,0.8333333333333334,2023-02-01 00:13:30.064493,2023-02-01 00:13:30.123888,0 days 00:00:00.059395,0.15165565289000912,0.6779578812230916,COMPLETE
39,0.8333333333333334,2023-02-01 00:13:30.124043,2023-02-01 00:13:30.179555,0 days 00:00:00.055512,0.13321561225070197,0.7385957253400205,COMPLETE
40,0.8166666666666668,2023-02-01 00:13:30.179723,2023-02-01 00:13:30.227218,0 days 00:00:00.047495,0.09468101706990374,0.7409590020688005,COMPLETE
41,0.8333333333333334,2023-02-01 00:13:30.227357,2023-02-01 00:13:30.285827,0 days 00:00:00.058470,0.14406567330728062,0.6413253268861479,COMPLETE
42,0.8333333333333334,2023-02-01 00:13:30.285969,2023-02-01 00:13:30.340333,0 days 00:00:00.054364,0.13480778226932272,0.8534235393886159,COMPLETE
43,0.8166666666666668,2023-02-01 00:13:30.340477,2023-02-01 00:13:30.391097,0 days 00:00:00.050620,0.12034575109764968,0.8682875989302755,COMPLETE
44,0.8,2023-02-01 00:13:30.391237,2023-02-01 00:13:30.462137,0 days 00:00:00.070900,0.23425702738509865,0.7430230552941275,COMPLETE
45,0.8,2023-02-01 00:13:30.462283,2023-02-01 00:13:30.508748,0 days 00:00:00.046465,0.09874720637379165,0.8937298532288245,COMPLETE
46,0.8333333333333334,2023-02-01 00:13:30.508890,2023-02-01 00:13:30.565187,0 days 00:00:00.056297,0.14156133281303995,0.7955359329653602,COMPLETE
47,0.8166666666666668,2023-02-01 00:13:30.565346,2023-02-01 00:13:30.618343,0 days 00:00:00.052997,0.1363402351366613,0.994696821893365,COMPLETE
48,0.8166666666666668,2023-02-01 00:13:30.618487,2023-02-01 00:13:30.687612,0 days 00:00:00.069125,0.22337882675157017,0.7655100001232957,COMPLETE
49,0.8,2023-02-01 00:13:30.687754,2023-02-01 00:13:30.732722,0 days 00:00:00.044968,0.09161425524442408,0.8267114813443294,COMPLETE
