number,value,datetime_start,datetime_complete,duration,params_max_depth,params_min_child_samples,params_min_split_gain,params_num_leaves,state
0,0.45,2023-01-31 16:43:03.701524,2023-01-31 16:43:03.989374,0 days 00:00:00.287850,4,8900,8.14440631418903,1491,COMPLETE
1,0.45,2023-01-31 16:43:03.989653,2023-01-31 16:43:04.107288,0 days 00:00:00.117635,1,5600,3.766857231142224,1275,COMPLETE
2,0.45,2023-01-31 16:43:04.107508,2023-01-31 16:43:04.214564,0 days 00:00:00.107056,15,5500,9.579474784712339,697,COMPLETE
3,0.45,2023-01-31 16:43:04.214781,2023-01-31 16:43:04.303008,0 days 00:00:00.088227,0,4700,12.17409421309284,488,COMPLETE
4,0.45,2023-01-31 16:43:04.303226,2023-01-31 16:43:04.386214,0 days 00:00:00.082988,9,6100,1.4607711973433162,296,COMPLETE
5,0.45,2023-01-31 16:43:04.386395,2023-01-31 16:43:04.466833,0 days 00:00:00.080438,4,3400,11.073367138425713,1187,COMPLETE
6,0.45,2023-01-31 16:43:04.467005,2023-01-31 16:43:04.549178,0 days 00:00:00.082173,11,4400,9.082944141895611,1405,COMPLETE
7,0.45,2023-01-31 16:43:04.549378,2023-01-31 16:43:04.633821,0 days 00:00:00.084443,4,2000,3.693595708694481,432,COMPLETE
8,0.45,2023-01-31 16:43:04.634002,2023-01-31 16:43:04.724703,0 days 00:00:00.090701,15,6600,8.330126914192448,1135,COMPLETE
9,0.45,2023-01-31 16:43:04.724869,2023-01-31 16:43:04.814201,0 days 00:00:00.089332,-1,3800,8.855494474033476,1080,COMPLETE
10,0.45,2023-01-31 16:43:04.814425,2023-01-31 16:43:04.911095,0 days 00:00:00.096670,5,9700,6.373924478925476,23,COMPLETE
11,0.45,2023-01-31 16:43:04.911303,2023-01-31 16:43:05.000611,0 days 00:00:00.089308,2,9000,5.399469965233067,1498,COMPLETE
12,0.45,2023-01-31 16:43:05.000839,2023-01-31 16:43:05.100415,0 days 00:00:00.099576,7,7600,0.09867571961388721,908,COMPLETE
13,0.45,2023-01-31 16:43:05.100671,2023-01-31 16:43:05.194502,0 days 00:00:00.093831,1,8100,14.286305492963113,1315,COMPLETE
14,0.45,2023-01-31 16:43:05.194680,2023-01-31 16:43:05.289349,0 days 00:00:00.094669,2,2400,4.8248892277147135,888,COMPLETE
15,0.45,2023-01-31 16:43:05.289584,2023-01-31 16:43:05.390017,0 days 00:00:00.100433,7,7700,6.553712249632695,1322,COMPLETE
16,0.45,2023-01-31 16:43:05.390265,2023-01-31 16:43:05.498336,0 days 00:00:00.108071,5,800,3.6028372638605672,1500,COMPLETE
17,0.45,2023-01-31 16:43:05.498564,2023-01-31 16:43:05.587245,0 days 00:00:00.088681,3,9900,6.747064947139999,970,COMPLETE
18,0.45,2023-01-31 16:43:05.587460,2023-01-31 16:43:05.694926,0 days 00:00:00.107466,-1,6400,7.651724300432263,1256,COMPLETE
19,0.45,2023-01-31 16:43:05.695157,2023-01-31 16:43:05.795373,0 days 00:00:00.100216,7,8500,2.7879877922542438,660,COMPLETE
20,0.45,2023-01-31 16:43:05.795605,2023-01-31 16:43:05.894295,0 days 00:00:00.098690,12,300,5.109387455658218,1001,COMPLETE
21,0.45,2023-01-31 16:43:05.894522,2023-01-31 16:43:05.997768,0 days 00:00:00.103246,15,5400,9.916090498813567,768,COMPLETE
22,0.45,2023-01-31 16:43:05.997983,2023-01-31 16:43:06.093378,0 days 00:00:00.095395,13,5500,7.912434246821955,697,COMPLETE
23,0.45,2023-01-31 16:43:06.093606,2023-01-31 16:43:06.186628,0 days 00:00:00.093022,9,7000,10.032104334509485,546,COMPLETE
24,0.45,2023-01-31 16:43:06.186876,2023-01-31 16:43:06.302086,0 days 00:00:00.115210,1,2800,7.581369894402078,772,COMPLETE
25,0.45,2023-01-31 16:43:06.302310,2023-01-31 16:43:06.400959,0 days 00:00:00.098649,9,5800,6.153773258148195,1373,COMPLETE
26,0.45,2023-01-31 16:43:06.401188,2023-01-31 16:43:06.500591,0 days 00:00:00.099403,5,7200,11.70629062176355,306,COMPLETE
27,0.45,2023-01-31 16:43:06.500801,2023-01-31 16:43:06.601351,0 days 00:00:00.100550,3,4700,9.552127460308244,1207,COMPLETE
28,0.45,2023-01-31 16:43:06.601554,2023-01-31 16:43:06.694638,0 days 00:00:00.093084,6,8800,8.57673112697623,1072,COMPLETE
29,0.45,2023-01-31 16:43:06.694823,2023-01-31 16:43:06.789369,0 days 00:00:00.094546,1,4900,10.425539981622435,542,COMPLETE
30,0.45,2023-01-31 16:43:06.789599,2023-01-31 16:43:06.891318,0 days 00:00:00.101719,0,4100,11.945513418103179,1427,COMPLETE
31,0.45,2023-01-31 16:43:06.891543,2023-01-31 16:43:06.992169,0 days 00:00:00.100626,0,5800,12.669324688195227,323,COMPLETE
32,0.45,2023-01-31 16:43:06.992369,2023-01-31 16:43:07.092018,0 days 00:00:00.099649,3,3500,10.605656335960226,532,COMPLETE
33,0.45,2023-01-31 16:43:07.092241,2023-01-31 16:43:07.196844,0 days 00:00:00.104603,0,5100,9.216601680933154,145,COMPLETE
34,0.45,2023-01-31 16:43:07.197037,2023-01-31 16:43:07.289622,0 days 00:00:00.092585,10,1600,11.267244653419775,419,COMPLETE
35,0.45,2023-01-31 16:43:07.289830,2023-01-31 16:43:07.388012,0 days 00:00:00.098182,2,2900,12.835172798321372,597,COMPLETE
36,0.45,2023-01-31 16:43:07.388188,2023-01-31 16:43:07.491726,0 days 00:00:00.103538,4,4200,9.0854594328595,862,COMPLETE
37,0.45,2023-01-31 16:43:07.491932,2023-01-31 16:43:07.585009,0 days 00:00:00.093077,13,6400,8.333339737514363,380,COMPLETE
38,0.45,2023-01-31 16:43:07.585190,2023-01-31 16:43:07.678894,0 days 00:00:00.093704,-1,4600,7.24614824913096,482,COMPLETE
39,0.45,2023-01-31 16:43:07.679069,2023-01-31 16:43:07.771542,0 days 00:00:00.092473,8,6800,10.842224670273097,1138,COMPLETE
40,0.45,2023-01-31 16:43:07.771737,2023-01-31 16:43:07.877484,0 days 00:00:00.105747,4,3400,9.866877625128668,202,COMPLETE
41,0.45,2023-01-31 16:43:07.877707,2023-01-31 16:43:07.982260,0 days 00:00:00.104553,15,5900,8.291217125330087,151,COMPLETE
42,0.45,2023-01-31 16:43:07.982507,2023-01-31 16:43:08.077210,0 days 00:00:00.094703,11,6400,1.4749281299952997,246,COMPLETE
43,0.45,2023-01-31 16:43:08.077449,2023-01-31 16:43:08.186177,0 days 00:00:00.108728,6,7400,1.9609186657127502,1428,COMPLETE
44,0.45,2023-01-31 16:43:08.186401,2023-01-31 16:43:08.320159,0 days 00:00:00.133758,14,9300,4.397640626650739,826,COMPLETE
45,0.45,2023-01-31 16:43:08.320403,2023-01-31 16:43:08.415971,0 days 00:00:00.095568,2,8100,0.2802503027279055,660,COMPLETE
46,0.45,2023-01-31 16:43:08.416206,2023-01-31 16:43:08.537045,0 days 00:00:00.120839,11,5300,5.583339400645931,370,COMPLETE
47,0.45,2023-01-31 16:43:08.537268,2023-01-31 16:43:08.661926,0 days 00:00:00.124658,1,3800,4.199943324389758,474,COMPLETE
48,0.45,2023-01-31 16:43:08.662177,2023-01-31 16:43:08.754919,0 days 00:00:00.092742,6,6300,3.262009799375789,1297,COMPLETE
49,0.45,2023-01-31 16:43:08.755123,2023-01-31 16:43:08.848786,0 days 00:00:00.093663,-1,4400,7.0399266835097745,97,COMPLETE
50,0.45,2023-01-31 16:43:08.848985,2023-01-31 16:43:08.948410,0 days 00:00:00.099425,3,9400,5.562030100656678,967,COMPLETE
51,0.45,2023-01-31 16:43:08.948593,2023-01-31 16:43:09.048112,0 days 00:00:00.099519,4,1600,9.261413053903317,1212,COMPLETE
52,0.45,2023-01-31 16:43:09.048303,2023-01-31 16:43:09.147261,0 days 00:00:00.098958,0,7900,10.219417832678754,1350,COMPLETE
53,0.45,2023-01-31 16:43:09.147487,2023-01-31 16:43:09.254054,0 days 00:00:00.106567,8,2800,8.692644015503081,1444,COMPLETE
54,0.45,2023-01-31 16:43:09.254293,2023-01-31 16:43:09.358543,0 days 00:00:00.104250,5,6000,6.155971056591262,719,COMPLETE
55,0.45,2023-01-31 16:43:09.358753,2023-01-31 16:43:09.465803,0 days 00:00:00.107050,12,5000,7.8495011593298365,1083,COMPLETE
56,0.45,2023-01-31 16:43:09.466040,2023-01-31 16:43:09.577114,0 days 00:00:00.111074,8,5500,9.802658549152397,606,COMPLETE
57,0.45,2023-01-31 16:43:09.577377,2023-01-31 16:43:09.688287,0 days 00:00:00.110910,2,3700,2.5280368530902457,1478,COMPLETE
58,0.45,2023-01-31 16:43:09.688525,2023-01-31 16:43:09.787483,0 days 00:00:00.098958,1,3100,6.9429592117752605,1242,COMPLETE
59,0.45,2023-01-31 16:43:09.787706,2023-01-31 16:43:09.906457,0 days 00:00:00.118751,10,2200,11.006638029913814,1139,COMPLETE
60,0.45,2023-01-31 16:43:09.906771,2023-01-31 16:43:10.015481,0 days 00:00:00.108710,3,8400,4.006964512809233,17,COMPLETE
61,0.45,2023-01-31 16:43:10.015701,2023-01-31 16:43:10.125838,0 days 00:00:00.110137,9,4700,9.5288104458069,1380,COMPLETE
62,0.45,2023-01-31 16:43:10.126079,2023-01-31 16:43:10.239050,0 days 00:00:00.112971,14,4100,8.956608155791011,1274,COMPLETE
63,0.45,2023-01-31 16:43:10.239305,2023-01-31 16:43:10.348586,0 days 00:00:00.109281,7,5400,7.90484248740491,1376,COMPLETE
64,0.45,2023-01-31 16:43:10.348818,2023-01-31 16:43:10.458410,0 days 00:00:00.109592,10,4200,10.539504441801263,1337,COMPLETE
65,0.45,2023-01-31 16:43:10.458616,2023-01-31 16:43:10.567579,0 days 00:00:00.108963,11,5100,4.860407295383931,1489,COMPLETE
66,0.45,2023-01-31 16:43:10.567815,2023-01-31 16:43:10.696190,0 days 00:00:00.128375,14,3300,11.443027197929302,1412,COMPLETE
67,0.45,2023-01-31 16:43:10.696441,2023-01-31 16:43:10.807400,0 days 00:00:00.110959,12,6800,7.422344764054513,287,COMPLETE
68,0.45,2023-01-31 16:43:10.807621,2023-01-31 16:43:10.916055,0 days 00:00:00.108434,7,3900,8.408063173091085,1184,COMPLETE
69,0.45,2023-01-31 16:43:10.916297,2023-01-31 16:43:11.030116,0 days 00:00:00.113819,0,4600,10.228938714650164,803,COMPLETE
70,0.45,2023-01-31 16:43:11.030338,2023-01-31 16:43:11.134846,0 days 00:00:00.104508,5,6200,12.019485083937811,1047,COMPLETE
71,0.45,2023-01-31 16:43:11.135095,2023-01-31 16:43:11.235284,0 days 00:00:00.100189,4,5700,3.6533835564490107,475,COMPLETE
72,0.45,2023-01-31 16:43:11.235481,2023-01-31 16:43:11.329309,0 days 00:00:00.093828,2,1000,3.09244750111061,390,COMPLETE
73,0.45,2023-01-31 16:43:11.329530,2023-01-31 16:43:11.442645,0 days 00:00:00.113115,9,2300,2.4585346563845123,602,COMPLETE
74,0.45,2023-01-31 16:43:11.442880,2023-01-31 16:43:11.546700,0 days 00:00:00.103820,6,2600,6.459993436856599,335,COMPLETE
75,0.45,2023-01-31 16:43:11.546934,2023-01-31 16:43:11.660373,0 days 00:00:00.113439,-1,4900,0.8559307684487529,421,COMPLETE
76,0.45,2023-01-31 16:43:11.660599,2023-01-31 16:43:11.774243,0 days 00:00:00.113644,4,10000,1.4568346421946687,242,COMPLETE
77,0.45,2023-01-31 16:43:11.774487,2023-01-31 16:43:11.883281,0 days 00:00:00.108794,5,500,4.559497037292843,933,COMPLETE
78,0.45,2023-01-31 16:43:11.883526,2023-01-31 16:43:11.995189,0 days 00:00:00.111663,13,1900,8.806824678981922,1304,COMPLETE
79,0.45,2023-01-31 16:43:11.995446,2023-01-31 16:43:12.097772,0 days 00:00:00.102326,15,5200,5.298386951967833,536,COMPLETE
80,0.45,2023-01-31 16:43:12.098018,2023-01-31 16:43:12.208706,0 days 00:00:00.110688,1,1200,9.455437146931905,437,COMPLETE
81,0.45,2023-01-31 16:43:12.208933,2023-01-31 16:43:12.322925,0 days 00:00:00.113992,15,6700,8.10002021364427,1465,COMPLETE
82,0.45,2023-01-31 16:43:12.323156,2023-01-31 16:43:12.420996,0 days 00:00:00.097840,13,5700,7.47231118183412,1145,COMPLETE
83,0.45,2023-01-31 16:43:12.421196,2023-01-31 16:43:12.534026,0 days 00:00:00.112830,14,7000,8.933077985567886,1405,COMPLETE
84,0.45,2023-01-31 16:43:12.534269,2023-01-31 16:43:12.643668,0 days 00:00:00.109399,0,6100,9.8370004380943,1242,COMPLETE
85,0.45,2023-01-31 16:43:12.643925,2023-01-31 16:43:12.749191,0 days 00:00:00.105266,3,7300,8.350601573208605,640,COMPLETE
86,0.45,2023-01-31 16:43:12.749429,2023-01-31 16:43:12.862006,0 days 00:00:00.112577,8,4400,5.86499056602673,729,COMPLETE
87,0.45,2023-01-31 16:43:12.862254,2023-01-31 16:43:12.967476,0 days 00:00:00.105222,10,6600,6.8406224053061955,507,COMPLETE
88,0.45,2023-01-31 16:43:12.967751,2023-01-31 16:43:13.077351,0 days 00:00:00.109600,15,7600,8.644918613065421,1178,COMPLETE
89,0.45,2023-01-31 16:43:13.077587,2023-01-31 16:43:13.184007,0 days 00:00:00.106420,14,5600,9.189934188972678,1274,COMPLETE
90,0.45,2023-01-31 16:43:13.184229,2023-01-31 16:43:13.285857,0 days 00:00:00.101628,6,3700,7.929529400827617,1009,COMPLETE
91,0.45,2023-01-31 16:43:13.289291,2023-01-31 16:43:13.398145,0 days 00:00:00.108854,-1,4800,9.37598902194479,1077,COMPLETE
92,0.45,2023-01-31 16:43:13.398377,2023-01-31 16:43:13.501811,0 days 00:00:00.103434,1,4400,7.598150594775239,1035,COMPLETE
93,0.45,2023-01-31 16:43:13.502043,2023-01-31 16:43:13.615765,0 days 00:00:00.113722,0,8800,10.097872769154769,1103,COMPLETE
94,0.45,2023-01-31 16:43:13.615976,2023-01-31 16:43:13.729935,0 days 00:00:00.113959,7,3200,7.135226258991416,1334,COMPLETE
95,0.45,2023-01-31 16:43:13.730179,2023-01-31 16:43:13.842379,0 days 00:00:00.112200,-1,3500,8.650325907160985,900,COMPLETE
96,0.45,2023-01-31 16:43:13.842596,2023-01-31 16:43:13.956664,0 days 00:00:00.114068,2,9700,6.581600156986704,1227,COMPLETE
97,0.45,2023-01-31 16:43:13.956913,2023-01-31 16:43:14.071370,0 days 00:00:00.114457,12,3000,10.773812013859333,566,COMPLETE
98,0.45,2023-01-31 16:43:14.071624,2023-01-31 16:43:14.170748,0 days 00:00:00.099124,4,5400,9.76101255120019,1184,COMPLETE
99,0.45,2023-01-31 16:43:14.170976,2023-01-31 16:43:14.276777,0 days 00:00:00.105801,1,5900,8.173853856918258,1442,COMPLETE
