number,value,datetime_start,datetime_complete,duration,params_C,params_l1_ratio,state
0,0.75,2023-01-31 21:03:01.511276,2023-01-31 21:03:04.555239,0 days 00:00:03.043963,0.010931525679534234,0.06401705335930796,COMPLETE
1,0.4666666666666667,2023-01-31 21:03:04.555575,2023-01-31 21:03:04.579574,0 days 00:00:00.023999,0.010073680212133264,0.716073524100167,COMPLETE
2,0.75,2023-01-31 21:03:04.579773,2023-01-31 21:03:04.609335,0 days 00:00:00.029562,0.010306335147723524,0.12468798413881865,COMPLETE
3,0.7666666666666667,2023-01-31 21:03:04.609556,2023-01-31 21:03:04.692200,0 days 00:00:00.082644,0.46561750666216817,0.47133400495962496,COMPLETE
4,0.85,2023-01-31 21:03:04.692394,2023-01-31 21:03:04.981924,0 days 00:00:00.289530,0.1600591003545177,0.9169839791507457,COMPLETE
5,0.8166666666666668,2023-01-31 21:03:04.982092,2023-01-31 21:03:05.030417,0 days 00:00:00.048325,0.06889168125783995,0.35420151570933056,COMPLETE
6,0.7666666666666667,2023-01-31 21:03:05.030607,2023-01-31 21:03:05.357738,0 days 00:00:00.327131,0.8264201261565338,0.2302370674493167,COMPLETE
7,0.7833333333333333,2023-01-31 21:03:05.357945,2023-01-31 21:03:05.448812,0 days 00:00:00.090867,0.6867973140060212,0.8249522435254915,COMPLETE
8,0.7666666666666667,2023-01-31 21:03:05.448988,2023-01-31 21:03:05.527174,0 days 00:00:00.078186,0.3427212892149659,0.4379016328505587,COMPLETE
9,0.7833333333333333,2023-01-31 21:03:05.527359,2023-01-31 21:03:05.566377,0 days 00:00:00.039018,0.03009602134550326,0.30743732593819373,COMPLETE
10,0.85,2023-01-31 21:03:05.566567,2023-01-31 21:03:05.636311,0 days 00:00:00.069744,0.19147047753013272,0.9969196833303322,COMPLETE
11,0.85,2023-01-31 21:03:05.636576,2023-01-31 21:03:05.707258,0 days 00:00:00.070682,0.19061856097995677,0.9902156044463047,COMPLETE
12,0.85,2023-01-31 21:03:05.707497,2023-01-31 21:03:06.017350,0 days 00:00:00.309853,0.17982609394808793,0.9846839427246105,COMPLETE
13,0.8166666666666668,2023-01-31 21:03:06.017614,2023-01-31 21:03:06.075565,0 days 00:00:00.057951,0.1007975763208453,0.6851084809515406,COMPLETE
14,0.8166666666666668,2023-01-31 21:03:06.075749,2023-01-31 21:03:06.155449,0 days 00:00:00.079700,0.24738258504021682,0.8564086053892834,COMPLETE
15,0.8333333333333334,2023-01-31 21:03:06.155655,2023-01-31 21:03:06.215270,0 days 00:00:00.059615,0.11385653551812655,0.6166125241540472,COMPLETE
16,0.7833333333333334,2023-01-31 21:03:06.215451,2023-01-31 21:03:06.309062,0 days 00:00:00.093611,0.4197859765213332,0.869544791763694,COMPLETE
17,0.8,2023-01-31 21:03:06.309255,2023-01-31 21:03:06.359242,0 days 00:00:00.049987,0.06444278452884211,0.5667509334229451,COMPLETE
18,0.8333333333333334,2023-01-31 21:03:06.359435,2023-01-31 21:03:06.420200,0 days 00:00:00.060765,0.15235510412748238,0.9929661948960463,COMPLETE
19,0.8,2023-01-31 21:03:06.420378,2023-01-31 21:03:06.500030,0 days 00:00:00.079652,0.27460131728262854,0.762733208121222,COMPLETE
20,0.7833333333333334,2023-01-31 21:03:06.500232,2023-01-31 21:03:06.586252,0 days 00:00:00.086020,0.4944625317625803,0.9152112945552815,COMPLETE
21,0.8333333333333333,2023-01-31 21:03:06.586437,2023-01-31 21:03:06.664846,0 days 00:00:00.078409,0.2320281834032448,0.9973950343121267,COMPLETE
22,0.8333333333333334,2023-01-31 21:03:06.665044,2023-01-31 21:03:06.745900,0 days 00:00:00.080856,0.15919286445414088,0.801551938157949,COMPLETE
23,0.8333333333333333,2023-01-31 21:03:06.746079,2023-01-31 21:03:06.821160,0 days 00:00:00.075081,0.2328576263657457,0.9093998649088733,COMPLETE
24,0.8166666666666668,2023-01-31 21:03:06.821362,2023-01-31 21:03:06.879499,0 days 00:00:00.058137,0.13295301830515113,0.9273578240452602,COMPLETE
25,0.8,2023-01-31 21:03:06.879697,2023-01-31 21:03:06.958871,0 days 00:00:00.079174,0.30126326282625476,0.7597977089158419,COMPLETE
26,0.7666666666666667,2023-01-31 21:03:06.959069,2023-01-31 21:03:07.004970,0 days 00:00:00.045901,0.07541592212820708,0.8517789174383066,COMPLETE
27,0.85,2023-01-31 21:03:07.005156,2023-01-31 21:03:07.072160,0 days 00:00:00.067004,0.1828217703763315,0.9576299815957806,COMPLETE
28,0.8,2023-01-31 21:03:07.072376,2023-01-31 21:03:07.126328,0 days 00:00:00.053952,0.09898530059061827,0.8973093808565172,COMPLETE
29,0.7666666666666667,2023-01-31 21:03:07.126522,2023-01-31 21:03:07.166247,0 days 00:00:00.039725,0.05115931427582747,0.8227267002744192,COMPLETE
30,0.8333333333333333,2023-01-31 21:03:07.166439,2023-01-31 21:03:07.239015,0 days 00:00:00.072576,0.21680373918147558,0.9392717445520531,COMPLETE
31,0.85,2023-01-31 21:03:07.239234,2023-01-31 21:03:07.306605,0 days 00:00:00.067371,0.1766440287210294,0.989436238229548,COMPLETE
32,0.8333333333333334,2023-01-31 21:03:07.306789,2023-01-31 21:03:07.368394,0 days 00:00:00.061605,0.1432488497638985,0.9943359829775441,COMPLETE
33,0.85,2023-01-31 21:03:07.368588,2023-01-31 21:03:07.439639,0 days 00:00:00.071051,0.19951759255385249,0.8949034038080126,COMPLETE
34,0.8,2023-01-31 21:03:07.439834,2023-01-31 21:03:07.527568,0 days 00:00:00.087734,0.34757032817546224,0.9365250597740531,COMPLETE
35,0.8333333333333334,2023-01-31 21:03:07.527751,2023-01-31 21:03:07.589641,0 days 00:00:00.061890,0.12173100905863785,0.6980252132720431,COMPLETE
36,0.8333333333333333,2023-01-31 21:03:07.592653,2023-01-31 21:03:07.662819,0 days 00:00:00.070166,0.1898301808746484,0.7990583491018863,COMPLETE
37,0.8,2023-01-31 21:03:07.663046,2023-01-31 21:03:07.743221,0 days 00:00:00.080175,0.25972183213633215,0.8700257523429985,COMPLETE
38,0.7666666666666667,2023-01-31 21:03:07.743410,2023-01-31 21:03:07.837701,0 days 00:00:00.094291,0.5323856328959534,0.9502102582654024,COMPLETE
39,0.7833333333333334,2023-01-31 21:03:07.837919,2023-01-31 21:03:07.927367,0 days 00:00:00.089448,0.39013129826738785,0.7463746258547459,COMPLETE
40,0.8,2023-01-31 21:03:07.927567,2023-01-31 21:03:08.013189,0 days 00:00:00.085622,0.3105572640106122,0.9993971548907671,COMPLETE
41,0.85,2023-01-31 21:03:08.013382,2023-01-31 21:03:08.080824,0 days 00:00:00.067442,0.1841687152149699,0.9466818072900519,COMPLETE
42,0.85,2023-01-31 21:03:08.081030,2023-01-31 21:03:08.142392,0 days 00:00:00.061362,0.15675608815539827,0.8444500028019721,COMPLETE
43,0.85,2023-01-31 21:03:08.142587,2023-01-31 21:03:08.215509,0 days 00:00:00.072922,0.2071450995609099,0.9502677304948591,COMPLETE
44,0.8166666666666668,2023-01-31 21:03:08.215744,2023-01-31 21:03:08.274560,0 days 00:00:00.058816,0.11870829694209861,0.8860312301301493,COMPLETE
45,0.8,2023-01-31 21:03:08.274767,2023-01-31 21:03:08.359228,0 days 00:00:00.084461,0.28992751079720597,0.8076236763269325,COMPLETE
46,0.85,2023-01-31 21:03:08.359443,2023-01-31 21:03:08.428022,0 days 00:00:00.068579,0.17438193165979637,0.9606650462176046,COMPLETE
47,0.8,2023-01-31 21:03:08.428237,2023-01-31 21:03:08.480613,0 days 00:00:00.052376,0.09416412804798446,0.8773999930606631,COMPLETE
48,0.8333333333333334,2023-01-31 21:03:08.480812,2023-01-31 21:03:08.541676,0 days 00:00:00.060864,0.13501910421800103,0.9152534274848725,COMPLETE
49,0.8,2023-01-31 21:03:08.541865,2023-01-31 21:03:08.623102,0 days 00:00:00.081237,0.24370301532841102,0.6571923187398525,COMPLETE
