number,value,datetime_start,datetime_complete,duration,params_max_depth,params_min_child_samples,params_min_split_gain,params_num_leaves,state
0,0.45,2023-01-31 16:40:28.701305,2023-01-31 16:40:28.995414,0 days 00:00:00.294109,5,6500,11.321780808672056,510,COMPLETE
1,0.45,2023-01-31 16:40:28.995646,2023-01-31 16:40:29.102852,0 days 00:00:00.107206,1,8300,10.645658910270182,264,COMPLETE
2,0.45,2023-01-31 16:40:29.103060,2023-01-31 16:40:29.198569,0 days 00:00:00.095509,11,6600,12.89864439056056,753,COMPLETE
3,0.45,2023-01-31 16:40:29.198750,2023-01-31 16:40:29.283572,0 days 00:00:00.084822,5,300,14.926109346316489,51,COMPLETE
4,0.45,2023-01-31 16:40:29.283743,2023-01-31 16:40:29.375659,0 days 00:00:00.091916,14,2900,8.118436316013097,1283,COMPLETE
5,0.45,2023-01-31 16:40:29.375866,2023-01-31 16:40:29.467147,0 days 00:00:00.091281,6,3200,8.613257194995146,878,COMPLETE
6,0.45,2023-01-31 16:40:29.467356,2023-01-31 16:40:29.558304,0 days 00:00:00.090948,6,9400,11.514061509128865,907,COMPLETE
7,0.45,2023-01-31 16:40:29.558510,2023-01-31 16:40:29.673612,0 days 00:00:00.115102,13,5900,14.534711758329287,239,COMPLETE
8,0.45,2023-01-31 16:40:29.673826,2023-01-31 16:40:29.776352,0 days 00:00:00.102526,-1,2500,9.172871107460002,311,COMPLETE
9,0.45,2023-01-31 16:40:29.776571,2023-01-31 16:40:29.866640,0 days 00:00:00.090069,13,1400,12.116228937704063,569,COMPLETE
10,0.45,2023-01-31 16:40:29.866839,2023-01-31 16:40:29.959216,0 days 00:00:00.092377,9,4700,2.6181903519845466,1378,COMPLETE
11,0.45,2023-01-31 16:40:29.959457,2023-01-31 16:40:30.057870,0 days 00:00:00.098413,1,8300,5.719836697663262,462,COMPLETE
12,0.45,2023-01-31 16:40:30.058109,2023-01-31 16:40:30.162373,0 days 00:00:00.104264,3,7600,10.179646173460506,89,COMPLETE
13,0.45,2023-01-31 16:40:30.162588,2023-01-31 16:40:30.258701,0 days 00:00:00.096113,3,9300,10.883045706616613,529,COMPLETE
14,0.45,2023-01-31 16:40:30.258916,2023-01-31 16:40:30.355737,0 days 00:00:00.096821,-1,4800,6.089842966362979,317,COMPLETE
15,0.45,2023-01-31 16:40:30.355956,2023-01-31 16:40:30.455745,0 days 00:00:00.099789,3,7300,13.152614017011846,689,COMPLETE
16,0.45,2023-01-31 16:40:30.455933,2023-01-31 16:40:30.551671,0 days 00:00:00.095738,1,8300,10.31373841281503,1190,COMPLETE
17,0.45,2023-01-31 16:40:30.551883,2023-01-31 16:40:30.645925,0 days 00:00:00.094042,9,10000,6.903206593943015,1079,COMPLETE
18,0.45,2023-01-31 16:40:30.646110,2023-01-31 16:40:30.737454,0 days 00:00:00.091344,8,5900,9.903688031560115,382,COMPLETE
19,0.45,2023-01-31 16:40:30.737646,2023-01-31 16:40:30.834454,0 days 00:00:00.096808,1,4000,11.913084507894416,173,COMPLETE
20,0.45,2023-01-31 16:40:30.834649,2023-01-31 16:40:30.924543,0 days 00:00:00.089894,4,6300,13.376248164728423,608,COMPLETE
21,0.45,2023-01-31 16:40:30.924719,2023-01-31 16:40:31.022678,0 days 00:00:00.097959,11,7100,12.898750882935255,818,COMPLETE
22,0.45,2023-01-31 16:40:31.022911,2023-01-31 16:40:31.122113,0 days 00:00:00.099202,11,6500,11.582387478353874,703,COMPLETE
23,0.45,2023-01-31 16:40:31.122312,2023-01-31 16:40:31.221983,0 days 00:00:00.099671,11,8200,13.494837948076054,445,COMPLETE
24,0.45,2023-01-31 16:40:31.222177,2023-01-31 16:40:31.321615,0 days 00:00:00.099438,7,5300,9.36264620536167,925,COMPLETE
25,0.45,2023-01-31 16:40:31.321802,2023-01-31 16:40:31.410597,0 days 00:00:00.088795,15,6800,10.918994855979266,1037,COMPLETE
26,0.45,2023-01-31 16:40:31.410791,2023-01-31 16:40:31.507796,0 days 00:00:00.097005,9,7800,12.455935281368095,730,COMPLETE
27,0.45,2023-01-31 16:40:31.507987,2023-01-31 16:40:31.603205,0 days 00:00:00.095218,2,9100,14.299088540616738,180,COMPLETE
28,0.45,2023-01-31 16:40:31.603415,2023-01-31 16:40:31.708697,0 days 00:00:00.105282,0,5700,10.961782865275623,493,COMPLETE
29,0.45,2023-01-31 16:40:31.708867,2023-01-31 16:40:31.807338,0 days 00:00:00.098471,5,4200,13.778158078336386,626,COMPLETE
30,0.45,2023-01-31 16:40:31.807538,2023-01-31 16:40:31.909736,0 days 00:00:00.102198,5,8900,12.334876349929488,377,COMPLETE
31,0.45,2023-01-31 16:40:31.909914,2023-01-31 16:40:32.018121,0 days 00:00:00.108207,7,800,14.79993066663339,16,COMPLETE
32,0.45,2023-01-31 16:40:32.018323,2023-01-31 16:40:32.122580,0 days 00:00:00.104257,5,3100,14.532836239537499,29,COMPLETE
33,0.45,2023-01-31 16:40:32.122789,2023-01-31 16:40:32.230769,0 days 00:00:00.107980,6,2100,14.915382344525284,158,COMPLETE
34,0.45,2023-01-31 16:40:32.230955,2023-01-31 16:40:32.326536,0 days 00:00:00.095581,4,3900,12.85563420722956,247,COMPLETE
35,0.45,2023-01-31 16:40:32.326727,2023-01-31 16:40:32.420553,0 days 00:00:00.093826,8,600,13.764030185114644,817,COMPLETE
36,0.45,2023-01-31 16:40:32.420777,2023-01-31 16:40:32.525372,0 days 00:00:00.104595,13,6400,11.525448469855903,267,COMPLETE
37,0.45,2023-01-31 16:40:32.525573,2023-01-31 16:40:32.624995,0 days 00:00:00.099422,10,5300,8.106988969133397,148,COMPLETE
38,0.45,2023-01-31 16:40:32.625198,2023-01-31 16:40:32.726764,0 days 00:00:00.101566,2,1800,12.384591212960178,361,COMPLETE
39,0.45,2023-01-31 16:40:32.726961,2023-01-31 16:40:32.816804,0 days 00:00:00.089843,6,8700,8.810798130810092,105,COMPLETE
40,0.45,2023-01-31 16:40:32.816971,2023-01-31 16:40:32.913125,0 days 00:00:00.096154,4,7700,13.914986144272753,972,COMPLETE
41,0.45,2023-01-31 16:40:32.913347,2023-01-31 16:40:33.016406,0 days 00:00:00.103059,14,200,9.366271163777805,1479,COMPLETE
42,0.45,2023-01-31 16:40:33.016618,2023-01-31 16:40:33.119225,0 days 00:00:00.102607,12,3000,8.042136955123802,1301,COMPLETE
43,0.45,2023-01-31 16:40:33.119437,2023-01-31 16:40:33.219486,0 days 00:00:00.100049,15,2400,10.726682343169953,533,COMPLETE
44,0.45,2023-01-31 16:40:33.219678,2023-01-31 16:40:33.318093,0 days 00:00:00.098415,14,1100,11.667159510726181,793,COMPLETE
45,0.45,2023-01-31 16:40:33.318287,2023-01-31 16:40:33.422004,0 days 00:00:00.103717,-1,4500,9.919851396753536,632,COMPLETE
46,0.45,2023-01-31 16:40:33.422180,2023-01-31 16:40:33.524770,0 days 00:00:00.102590,12,1600,12.663514435263806,1252,COMPLETE
47,0.45,2023-01-31 16:40:33.524989,2023-01-31 16:40:33.627433,0 days 00:00:00.102444,7,9800,14.996563454378153,438,COMPLETE
48,0.45,2023-01-31 16:40:33.627623,2023-01-31 16:40:33.732588,0 days 00:00:00.104965,2,3600,11.946132842490696,1079,COMPLETE
49,0.45,2023-01-31 16:40:33.732807,2023-01-31 16:40:33.836959,0 days 00:00:00.104152,8,5900,13.115279229334623,299,COMPLETE
50,0.45,2023-01-31 16:40:33.837156,2023-01-31 16:40:33.932931,0 days 00:00:00.095775,10,7100,7.182868746443662,1467,COMPLETE
51,0.45,2023-01-31 16:40:33.933131,2023-01-31 16:40:34.034530,0 days 00:00:00.101399,6,4900,10.428837964641277,1154,COMPLETE
52,0.45,2023-01-31 16:40:34.034741,2023-01-31 16:40:34.137279,0 days 00:00:00.102538,3,3100,11.337511697654076,901,COMPLETE
53,0.45,2023-01-31 16:40:34.137468,2023-01-31 16:40:34.238727,0 days 00:00:00.101259,5,2700,9.827662716420274,879,COMPLETE
54,0.45,2023-01-31 16:40:34.238904,2023-01-31 16:40:34.354156,0 days 00:00:00.115252,4,6700,8.539927536998555,81,COMPLETE
55,0.45,2023-01-31 16:40:34.354332,2023-01-31 16:40:34.454524,0 days 00:00:00.100192,14,5500,5.819566181342525,1358,COMPLETE
56,0.45,2023-01-31 16:40:34.454733,2023-01-31 16:40:34.567067,0 days 00:00:00.112334,0,6100,14.22219960867311,671,COMPLETE
57,0.45,2023-01-31 16:40:34.567257,2023-01-31 16:40:34.674163,0 days 00:00:00.106906,7,3400,6.696671916291997,226,COMPLETE
58,0.45,2023-01-31 16:40:34.674356,2023-01-31 16:40:34.777337,0 days 00:00:00.102981,3,7400,13.318196519527588,568,COMPLETE
59,0.45,2023-01-31 16:40:34.777556,2023-01-31 16:40:34.877653,0 days 00:00:00.100097,8,8000,9.328914060340582,994,COMPLETE
60,0.45,2023-01-31 16:40:34.877858,2023-01-31 16:40:34.976534,0 days 00:00:00.098676,6,4400,10.484056552998897,1147,COMPLETE
61,0.45,2023-01-31 16:40:34.976728,2023-01-31 16:40:35.070785,0 days 00:00:00.094057,12,9500,11.292940241683217,769,COMPLETE
62,0.45,2023-01-31 16:40:35.070989,2023-01-31 16:40:35.159892,0 days 00:00:00.088903,5,8900,11.847709674481422,733,COMPLETE
63,0.45,2023-01-31 16:40:35.160071,2023-01-31 16:40:35.255955,0 days 00:00:00.095884,9,8500,11.119233099038915,877,COMPLETE
64,0.45,2023-01-31 16:40:35.256126,2023-01-31 16:40:35.353828,0 days 00:00:00.097702,6,9600,12.420637000249881,951,COMPLETE
65,0.45,2023-01-31 16:40:35.354006,2023-01-31 16:40:35.453237,0 days 00:00:00.099231,0,8100,9.976291683638182,1027,COMPLETE
66,0.45,2023-01-31 16:40:35.453471,2023-01-31 16:40:35.552253,0 days 00:00:00.098782,10,5100,12.079412385082886,851,COMPLETE
67,0.45,2023-01-31 16:40:35.552461,2023-01-31 16:40:35.654947,0 days 00:00:00.102486,5,6900,12.94982656592709,346,COMPLETE
68,0.45,2023-01-31 16:40:35.655133,2023-01-31 16:40:35.755020,0 days 00:00:00.099887,7,9100,10.680867767565713,457,COMPLETE
69,0.45,2023-01-31 16:40:35.755205,2023-01-31 16:40:35.865863,0 days 00:00:00.110658,13,1300,14.232882305832565,1097,COMPLETE
70,0.45,2023-01-31 16:40:35.866076,2023-01-31 16:40:35.968525,0 days 00:00:00.102449,4,7500,13.50924841781121,418,COMPLETE
71,0.45,2023-01-31 16:40:35.968736,2023-01-31 16:40:36.062738,0 days 00:00:00.094002,15,6300,14.420911930148936,294,COMPLETE
72,0.45,2023-01-31 16:40:36.062927,2023-01-31 16:40:36.176788,0 days 00:00:00.113861,14,5700,13.957014088650622,227,COMPLETE
73,0.45,2023-01-31 16:40:36.177010,2023-01-31 16:40:36.270449,0 days 00:00:00.093439,13,2100,12.759655518343187,59,COMPLETE
74,0.45,2023-01-31 16:40:36.270621,2023-01-31 16:40:36.367606,0 days 00:00:00.096985,12,7100,13.574180381535527,115,COMPLETE
75,0.45,2023-01-31 16:40:36.367809,2023-01-31 16:40:36.467436,0 days 00:00:00.099627,11,10000,14.77709617088345,194,COMPLETE
76,0.45,2023-01-31 16:40:36.467611,2023-01-31 16:40:36.577374,0 days 00:00:00.109763,1,6600,11.085843147327797,501,COMPLETE
77,0.45,2023-01-31 16:40:36.577595,2023-01-31 16:40:36.682221,0 days 00:00:00.104626,4,3900,11.703056970855897,679,COMPLETE
78,0.45,2023-01-31 16:40:36.682443,2023-01-31 16:40:36.776933,0 days 00:00:00.094490,6,6000,12.289729903588782,825,COMPLETE
79,0.45,2023-01-31 16:40:36.777139,2023-01-31 16:40:36.893416,0 days 00:00:00.116277,13,200,13.077186662528948,579,COMPLETE
80,0.45,2023-01-31 16:40:36.893644,2023-01-31 16:40:37.006181,0 days 00:00:00.112537,14,7800,13.959306370084246,409,COMPLETE
81,0.45,2023-01-31 16:40:37.006375,2023-01-31 16:40:37.125551,0 days 00:00:00.119176,-1,2500,10.33689525667425,341,COMPLETE
82,0.45,2023-01-31 16:40:37.125751,2023-01-31 16:40:37.230097,0 days 00:00:00.104346,0,800,10.86947125443762,132,COMPLETE
83,0.45,2023-01-31 16:40:37.230275,2023-01-31 16:40:37.339748,0 days 00:00:00.109473,1,2900,9.468069324428487,268,COMPLETE
84,0.45,2023-01-31 16:40:37.339948,2023-01-31 16:40:37.442996,0 days 00:00:00.103048,2,3500,7.773310670732264,387,COMPLETE
85,0.45,2023-01-31 16:40:37.443205,2023-01-31 16:40:37.550208,0 days 00:00:00.107003,-1,2100,8.51327853314211,190,COMPLETE
86,0.45,2023-01-31 16:40:37.550419,2023-01-31 16:40:37.652151,0 days 00:00:00.101732,3,4800,14.585241938551743,494,COMPLETE
87,0.45,2023-01-31 16:40:37.652332,2023-01-31 16:40:37.766577,0 days 00:00:00.114245,7,5300,9.000941190352547,1240,COMPLETE
88,0.45,2023-01-31 16:40:37.766789,2023-01-31 16:40:37.863496,0 days 00:00:00.096707,5,1700,12.0733589742083,322,COMPLETE
89,0.45,2023-01-31 16:40:37.863656,2023-01-31 16:40:37.968149,0 days 00:00:00.104493,15,4400,12.615036521457371,78,COMPLETE
90,0.45,2023-01-31 16:40:37.968370,2023-01-31 16:40:38.079275,0 days 00:00:00.110905,8,8500,11.474016723276005,542,COMPLETE
91,0.45,2023-01-31 16:40:38.079463,2023-01-31 16:40:38.193861,0 days 00:00:00.114398,13,600,13.201645098813627,648,COMPLETE
92,0.45,2023-01-31 16:40:38.194071,2023-01-31 16:40:38.300582,0 days 00:00:00.106511,14,2000,10.120031446183429,597,COMPLETE
93,0.45,2023-01-31 16:40:38.300772,2023-01-31 16:40:38.412063,0 days 00:00:00.111291,12,1200,11.572798204955507,928,COMPLETE
94,0.45,2023-01-31 16:40:38.412255,2023-01-31 16:40:38.517003,0 days 00:00:00.104748,11,2500,10.663848259920854,1439,COMPLETE
95,0.45,2023-01-31 16:40:38.517209,2023-01-31 16:40:38.620873,0 days 00:00:00.103664,6,3300,12.182094895493439,754,COMPLETE
96,0.45,2023-01-31 16:40:38.621052,2023-01-31 16:40:38.727805,0 days 00:00:00.106753,5,1400,11.132423400755716,287,COMPLETE
97,0.45,2023-01-31 16:40:38.728042,2023-01-31 16:40:38.841142,0 days 00:00:00.113100,13,700,14.94819389045616,709,COMPLETE
98,0.45,2023-01-31 16:40:38.841328,2023-01-31 16:40:38.940608,0 days 00:00:00.099280,10,2800,9.694415441110229,42,COMPLETE
99,0.45,2023-01-31 16:40:38.940828,2023-01-31 16:40:39.036562,0 days 00:00:00.095734,6,1000,13.745655654417194,228,COMPLETE
